1497878111.661783|SYSTEM: Starting Platform.
1497878111.664824|SYSTEM: Starting Computation.
1497878111.668178|SYSTEM: Waiting on Platform to finish.
1497878111.674606|PLATFORM: QoS Values ={'execution_time': 0.0, 'resource_efficiency': 0.0, 'cost': 0.0, 'power_consumption': 0.0, 'accuracy': 0.0}
1497878111.674846|PLATFORM: QoS Weight ={'execution_time': 0.0, 'resource_efficiency': 0.0, 'cost': 0.0, 'power_consumption': 0.0, 'accuracy': 0.0}
1497878111.674939|PLATFORM: QoS Factor =0.1
1497878111.675019|PLATFORM: Monitor Interval = 10
1497878111.675081|PLATFORM: Sample Interval = 10
1497878111.675144|PLATFORM: Reconfiguration Interval = 10
1497878111.675203|PLATFORM: http://200.19.177.89:33004:elastic_cluster_60bd61eb-5c70-4905-80ed-18eb598757d9:d03db481-3bbf-452e-bc9e-ab2311d23dcf
1497878113.618027|PLATFORM: Number Of Nodes = 2
1497878116.686635|COMPUTATION: Starting Computation.
1497878116.687037|COMPUTATION: Start (MatrixSize, Iteration) = |5000|0|
1497878116.687544|COMPUTATION: ['mpirun', '-n', '4', '-machinefile', '/home/ubuntu/machinefile', '/home/ubuntu/repositorios/elastichpc/beta/trials/Matrix.py', '5000', '/home/ubuntu/teste.mtr_0']
1497878124.829189|PLATFORM: State = |0.0|0.665|2|
1497878135.796311|PLATFORM: State = |0.0|0.875|2|
1497878146.749543|PLATFORM: State = |0.0|1.045|2|
1497878157.710103|PLATFORM: State = |0.0|1.19|2|
1497878168.206944|PLATFORM: State = |0.0|1.265|2|
1497878178.575578|COMPUTATION: End (MatrixSize, Iteration) = |5000|0|
1497878178.708034|PLATFORM: State = |0.0|1.19|2|
1497878180.796754|COMPUTATION: Execution = Warning: Permanently added '10.10.10.4' (ECDSA) to the list of known hosts.
|None
1497878180.797136|COMPUTATION: Progress = 0.2
1497878180.797274|COMPUTATION: Start (MatrixSize, Iteration) = |5000|1|
1497878180.797809|COMPUTATION: ['mpirun', '-n', '4', '-machinefile', '/home/ubuntu/machinefile', '/home/ubuntu/repositorios/elastichpc/beta/trials/Matrix.py', '5000', '/home/ubuntu/teste.mtr_1']
1497878189.720909|PLATFORM: State = |0.20000000298|1.405|2|
1497878200.694144|PLATFORM: State = |0.20000000298|1.5|2|
1497878211.654171|PLATFORM: State = |0.20000000298|1.58|2|
1497878222.593439|PLATFORM: State = |0.20000000298|1.64|2|
1497878233.127775|PLATFORM: State = |0.20000000298|1.675|2|
1497878241.667808|COMPUTATION: End (MatrixSize, Iteration) = |5000|1|
1497878243.659951|PLATFORM: State = |0.20000000298|1.575|2|
1497878243.984168|COMPUTATION: Execution = Warning: Permanently added '10.10.10.4' (ECDSA) to the list of known hosts.
|None
1497878243.984458|COMPUTATION: Progress = 0.4
1497878243.984565|COMPUTATION: Start (MatrixSize, Iteration) = |5000|2|
1497878243.985099|COMPUTATION: ['mpirun', '-n', '4', '-machinefile', '/home/ubuntu/machinefile', '/home/ubuntu/repositorios/elastichpc/beta/trials/Matrix.py', '5000', '/home/ubuntu/teste.mtr_2']
1497878254.704616|PLATFORM: State = |0.40000000596|1.685|2|
1497878265.713773|PLATFORM: State = |0.40000000596|1.735|2|
1497878276.704555|PLATFORM: State = |0.40000000596|1.775|2|
1497878287.701755|PLATFORM: State = |0.40000000596|1.81|2|
1497878298.267441|PLATFORM: State = |0.40000000596|1.695|2|
1497878303.608253|COMPUTATION: End (MatrixSize, Iteration) = |5000|2|
1497878306.701164|COMPUTATION: Execution = Warning: Permanently added '10.10.10.4' (ECDSA) to the list of known hosts.
|None
1497878306.701460|COMPUTATION: Progress = 0.6
1497878306.701568|COMPUTATION: Start (MatrixSize, Iteration) = |5000|3|
1497878306.702016|COMPUTATION: ['mpirun', '-n', '4', '-machinefile', '/home/ubuntu/machinefile', '/home/ubuntu/repositorios/elastichpc/beta/trials/Matrix.py', '5000', '/home/ubuntu/teste.mtr_3']
1497878309.218202|PLATFORM: State = |0.600000023842|1.675|2|
1497878320.238042|PLATFORM: State = |0.600000023842|1.73|2|
1497878331.174302|PLATFORM: State = |0.600000023842|1.77|2|
1497878342.156409|PLATFORM: State = |0.600000023842|1.805|2|
1497878353.079450|PLATFORM: State = |0.600000023842|1.835|2|
1497878363.581210|PLATFORM: State = |0.600000023842|1.715|2|
1497878366.388999|COMPUTATION: End (MatrixSize, Iteration) = |5000|3|
1497878369.246927|COMPUTATION: Execution = Warning: Permanently added '10.10.10.4' (ECDSA) to the list of known hosts.
|None
1497878369.247260|COMPUTATION: Progress = 0.8
1497878369.247368|COMPUTATION: Start (MatrixSize, Iteration) = |5000|4|
1497878369.247737|COMPUTATION: ['mpirun', '-n', '4', '-machinefile', '/home/ubuntu/machinefile', '/home/ubuntu/repositorios/elastichpc/beta/trials/Matrix.py', '5000', '/home/ubuntu/teste.mtr_4']
1497878374.566468|PLATFORM: State = |0.800000011921|1.615|2|
1497878385.630836|PLATFORM: State = |0.800000011921|1.68|2|
1497878396.588304|PLATFORM: State = |0.800000011921|1.73|2|
1497878407.583651|PLATFORM: State = |0.800000011921|1.77|2|
1497878418.088864|PLATFORM: State = |0.800000011921|1.805|2|
1497878427.821358|COMPUTATION: End (MatrixSize, Iteration) = |5000|4|
1497878428.583181|PLATFORM: State = |0.800000011921|1.625|2|
1497878429.130554|COMPUTATION: Execution = Warning: Permanently added '10.10.10.4' (ECDSA) to the list of known hosts.
|None
1497878429.130842|COMPUTATION: Progress = 1.0
1497878429.131262|COMPUTATION: Finish Computation.
1497878439.129284|PLATFORM: State = |1.0|1.41|2|
1497878439.129722|PLATFORM: Finish Platform.
1497878439.130998|PLATFORM: [(1497878124.829104, {'compute_state': 0.0, 'resource_state': 0.665, 'nodes': 2}), (1497878135.796207, {'compute_state': 0.0, 'resource_state': 0.875, 'nodes': 2}), (1497878146.749437, {'compute_state': 0.0, 'resource_state': 1.045, 'nodes': 2}), (1497878157.710007, {'compute_state': 0.0, 'resource_state': 1.19, 'nodes': 2}), (1497878168.206847, {'compute_state': 0.0, 'resource_state': 1.265, 'nodes': 2}), (1497878178.707878, {'compute_state': 0.0, 'resource_state': 1.19, 'nodes': 2}), (1497878189.720814, {'compute_state': 0.20000000298023224, 'resource_state': 1.405, 'nodes': 2}), (1497878200.693623, {'compute_state': 0.20000000298023224, 'resource_state': 1.5, 'nodes': 2}), (1497878211.65363, {'compute_state': 0.20000000298023224, 'resource_state': 1.58, 'nodes': 2}), (1497878222.592956, {'compute_state': 0.20000000298023224, 'resource_state': 1.64, 'nodes': 2}), (1497878233.127631, {'compute_state': 0.20000000298023224, 'resource_state': 1.675, 'nodes': 2}), (1497878243.659794, {'compute_state': 0.20000000298023224, 'resource_state': 1.575, 'nodes': 2}), (1497878254.704524, {'compute_state': 0.4000000059604645, 'resource_state': 1.685, 'nodes': 2}), (1497878265.71367, {'compute_state': 0.4000000059604645, 'resource_state': 1.735, 'nodes': 2}), (1497878276.704454, {'compute_state': 0.4000000059604645, 'resource_state': 1.775, 'nodes': 2}), (1497878287.701669, {'compute_state': 0.4000000059604645, 'resource_state': 1.81, 'nodes': 2}), (1497878298.267296, {'compute_state': 0.4000000059604645, 'resource_state': 1.695, 'nodes': 2}), (1497878309.21811, {'compute_state': 0.6000000238418579, 'resource_state': 1.675, 'nodes': 2}), (1497878320.237948, {'compute_state': 0.6000000238418579, 'resource_state': 1.73, 'nodes': 2}), (1497878331.174153, {'compute_state': 0.6000000238418579, 'resource_state': 1.77, 'nodes': 2}), (1497878342.156317, {'compute_state': 0.6000000238418579, 'resource_state': 1.805, 'nodes': 2}), (1497878353.079143, {'compute_state': 0.6000000238418579, 'resource_state': 1.835, 'nodes': 2}), (1497878363.581111, {'compute_state': 0.6000000238418579, 'resource_state': 1.715, 'nodes': 2}), (1497878374.566376, {'compute_state': 0.800000011920929, 'resource_state': 1.615, 'nodes': 2}), (1497878385.630735, {'compute_state': 0.800000011920929, 'resource_state': 1.68, 'nodes': 2}), (1497878396.588194, {'compute_state': 0.800000011920929, 'resource_state': 1.73, 'nodes': 2}), (1497878407.583531, {'compute_state': 0.800000011920929, 'resource_state': 1.77, 'nodes': 2}), (1497878418.088762, {'compute_state': 0.800000011920929, 'resource_state': 1.805, 'nodes': 2}), (1497878428.58302, {'compute_state': 0.800000011920929, 'resource_state': 1.625, 'nodes': 2}), (1497878439.129149, {'compute_state': 1.0, 'resource_state': 1.41, 'nodes': 2})]
1497878439.135047|SYSTEM: Waiting on Computation to finish.
1497878439.135258|SYSTEM: Good bye...
