1498500949.477329|SYSTEM: Starting Platform.
1498500949.481653|SYSTEM: Starting Computation.
1498500949.487561|SYSTEM: Waiting on Platform to finish.
1498500949.497452|PLATFORM: QoS Values ={'execution_time': 1132.0, 'efficiency': 1.75, 'cost': 2264.0, 'power_consumption': 0.0, 'accuracy': 0.0}
1498500949.497781|PLATFORM: QoS Weight ={'execution_time': 0.8, 'efficiency': 0.1, 'cost': 0.1, 'power_consumption': 0.0, 'accuracy': 0.0}
1498500949.497873|PLATFORM: QoS Factor =0.1
1498500949.497965|PLATFORM: Monitor Interval = 10
1498500949.498058|PLATFORM: Sample Interval = 10
1498500949.498148|PLATFORM: Reconfiguration Interval = 60
1498500949.499649|PLATFORM: http://200.19.177.89:33004:elasticcluster:2650f199-2a08-4b6c-a2d5-1836b3bc711b
1498500952.115134|PLATFORM: Number Of Nodes = 2
1498500954.509932|COMPUTATION: Starting Computation.
1498500954.564215|COMPUTATION: Start (MatrixSize, Iteration) = |5000|0|
1498500954.565220|COMPUTATION: ['mpirun', '-n', '4', '-machinefile', '/home/ubuntu/machinefile', '/home/ubuntu/repositorios/elastichpc/beta/trials/Matrix.py', '5000', '/home/ubuntu/teste.mtr_0']
1498500963.380589|PLATFORM: Not Enough Information for Analysis.
1498500963.380951|PLATFORM: State = |0.0|0.19|786|2|
1498500974.641814|PLATFORM: Not Enough Information for Analysis.
1498500974.642172|PLATFORM: State = |0.0|0.695|787.5|2|
1498500985.668020|PLATFORM: Not Enough Information for Analysis.
1498500985.668337|PLATFORM: State = |0.0|0.895|787|2|
1498500996.855540|PLATFORM: Not Enough Information for Analysis.
1498500996.855802|PLATFORM: State = |0.0|1.185|787|2|
1498501008.120797|PLATFORM: Not Enough Information for Analysis.
1498501008.121168|PLATFORM: State = |0.0|1.31|786.5|2|
1498501019.275211|PLATFORM: Not Enough Information for Analysis.
1498501019.275643|PLATFORM: State = |0.0|1.435|699|2|
1498501029.894605|PLATFORM: Not Enough Information for Analysis.
1498501029.894984|PLATFORM: State = |0.0|1.33|453|2|
1498501032.555198|COMPUTATION: End (MatrixSize, Iteration) = |5000|0|
1498501034.967023|COMPUTATION: Execution = Warning: Permanently added '10.10.10.4' (ECDSA) to the list of known hosts.
|None
1498501034.967767|COMPUTATION: Progress = 0.047619047619
1498501034.968163|COMPUTATION: Start (MatrixSize, Iteration) = |5000|1|
1498501034.970468|COMPUTATION: ['mpirun', '-n', '4', '-machinefile', '/home/ubuntu/machinefile', '/home/ubuntu/repositorios/elastichpc/beta/trials/Matrix.py', '5000', '/home/ubuntu/teste.mtr_1']
1498501041.085927|PLATFORM: (predicted_time, predicted_cost) = 1631.80221928|3241.22275043
1498501041.086246|PLATFORM: QoS Sample = {'execution_time': 1631.8022192753438, 'efficiency': 1.0450000000000002, 'cost': 3241.2227504327066}
1498501041.086641|PLATFORM: Contract breached = {'execution_time': 0.3532171160956493, 'efficiency': 0.04028571428571428, 'cost': 0.04316354904738104}
1498501041.086722|PLATFORM: Parameter to Reconfigure: execution_time
1498501041.086772|PLATFORM: Scale Up = execution_time|1631.80221928|1132.0
1498501041.086811|PLATFORM: N Value =1
1498501041.086850|PLATFORM: RECONFIGURATION BEFORE: 2
1498501105.832336|COMPUTATION: End (MatrixSize, Iteration) = |5000|1|
1498501106.205738|COMPUTATION: Execution = Warning: Permanently added '10.10.10.4' (ECDSA) to the list of known hosts.
|None
1498501106.206255|COMPUTATION: Progress = 0.0952380952381
1498501106.206530|COMPUTATION: Start (MatrixSize, Iteration) = |5000|2|
1498501106.207173|COMPUTATION: ['mpirun', '-n', '4', '-machinefile', '/home/ubuntu/machinefile', '/home/ubuntu/repositorios/elastichpc/beta/trials/Matrix.py', '5000', '/home/ubuntu/teste.mtr_2']
1498501115.729793|PLATFORM: RECONFIGURATION AFTER: 3|BUILDING
1498501115.729960|PLATFORM: State = |0.047619048506|1.32|786.5|3|
1498501126.997151|PLATFORM: (predicted_time, predicted_cost) = 1717.96872336|4967.75598427
1498501126.997540|PLATFORM: QoS Sample = {'execution_time': 1717.968723364757, 'efficiency': 1.0729633333333333, 'cost': 4967.755984270831}
1498501126.997633|PLATFORM: Contract breached = {'execution_time': 0.4141121719892275, 'efficiency': 0.038687809523809534, 'cost': 0.1194238508953547}
1498501126.997730|PLATFORM: Parameter to Reconfigure: execution_time
1498501126.997783|PLATFORM: Scale Up = execution_time|1717.96872336|1132.0
1498501126.997832|PLATFORM: N Value =1
1498501126.997897|PLATFORM: RECONFIGURATION INTERVAL NOT DONE.
1498501126.997966|PLATFORM: State = |0.095238097012|1.29667|543|3|
1498501138.274860|PLATFORM: Not Enough Information for Analysis.
1498501138.275167|PLATFORM: State = |0.095238097012|1.33|541|3|
1498501149.516325|PLATFORM: Not Enough Information for Analysis.
1498501149.516616|PLATFORM: State = |0.095238097012|1.36|541.333|3|
1498501160.582300|PLATFORM: Not Enough Information for Analysis.
1498501160.582553|PLATFORM: State = |0.095238097012|1.34667|541.667|3|
1498501171.195769|PLATFORM: Not Enough Information for Analysis.
1498501171.195952|PLATFORM: State = |0.095238097012|1.34667|319|3|
1498501181.785022|PLATFORM: Not Enough Information for Analysis.
1498501181.785293|PLATFORM: State = |0.095238097012|1.19667|319.667|3|
1498501185.220446|COMPUTATION: End (MatrixSize, Iteration) = |5000|2|
1498501186.278144|COMPUTATION: Execution = Warning: Permanently added '10.10.10.4' (ECDSA) to the list of known hosts.
|None
1498501186.278593|COMPUTATION: Progress = 0.142857142857
1498501186.278701|COMPUTATION: Start (MatrixSize, Iteration) = |5000|3|
1498501186.279363|COMPUTATION: ['mpirun', '-n', '6', '-machinefile', '/home/ubuntu/machinefile', '/home/ubuntu/repositorios/elastichpc/beta/trials/Matrix.py', '5000', '/home/ubuntu/teste.mtr_3']
1498501193.266484|PLATFORM: (predicted_time, predicted_cost) = 1609.19709093|4640.79935094
1498501193.266930|PLATFORM: QoS Sample = {'execution_time': 1609.1970909298766, 'efficiency': 1.1622233333333334, 'cost': 4640.799350935611}
1498501193.267093|PLATFORM: Contract breached = {'execution_time': 0.3372417603744711, 'efficiency': 0.033587238095238094, 'cost': 0.10498230348655527}
1498501193.267191|PLATFORM: Parameter to Reconfigure: execution_time
1498501193.267281|PLATFORM: Scale Up = execution_time|1609.19709093|1132.0
1498501193.267360|PLATFORM: N Value =1
1498501193.267439|PLATFORM: RECONFIGURATION BEFORE: 3
1498501254.903057|COMPUTATION: End (MatrixSize, Iteration) = |5000|3|
1498501256.037625|COMPUTATION: Execution = Warning: Permanently added '10.10.10.5' (ECDSA) to the list of known hosts.
Warning: Permanently added '10.10.10.4' (ECDSA) to the list of known hosts.
|None
1498501256.038726|COMPUTATION: Progress = 0.190476190476
1498501256.038908|COMPUTATION: Start (MatrixSize, Iteration) = |5000|4|
1498501256.039449|COMPUTATION: ['mpirun', '-n', '6', '-machinefile', '/home/ubuntu/machinefile', '/home/ubuntu/repositorios/elastichpc/beta/trials/Matrix.py', '5000', '/home/ubuntu/teste.mtr_4']
1498501274.000246|PLATFORM: RECONFIGURATION AFTER: 4|BUILDING
1498501274.000438|PLATFORM: State = |0.142857149243|1.19667|615.333|4|
1498501285.241752|PLATFORM: (predicted_time, predicted_cost) = 1689.76847523|6251.14069604
1498501285.242093|PLATFORM: QoS Sample = {'execution_time': 1689.7684752313705, 'efficiency': 1.1725531249999999, 'cost': 6251.140696036185}
1498501285.242177|PLATFORM: Contract breached = {'execution_time': 0.39418266800803575, 'efficiency': 0.032996964285714296, 'cost': 0.1761104547719163}
1498501285.242230|PLATFORM: Parameter to Reconfigure: execution_time
1498501285.242276|PLATFORM: Scale Up = execution_time|1689.76847523|1132.0
1498501285.242312|PLATFORM: N Value =1
1498501285.242380|PLATFORM: RECONFIGURATION INTERVAL NOT DONE.
1498501285.242422|PLATFORM: State = |0.190476194024|1.3275|523|4|
1498501296.489874|PLATFORM: Not Enough Information for Analysis.
1498501296.491280|PLATFORM: State = |0.190476194024|1.4125|521.5|4|
1498501307.410206|PLATFORM: Not Enough Information for Analysis.
1498501307.410698|PLATFORM: State = |0.190476194024|1.3225|251.75|4|
1498501318.385731|PLATFORM: Not Enough Information for Analysis.
1498501318.386110|PLATFORM: State = |0.190476194024|1.16|252.25|4|
1498501319.864902|COMPUTATION: End (MatrixSize, Iteration) = |5000|4|
1498501321.074094|COMPUTATION: Execution = Warning: Permanently added '10.10.10.5' (ECDSA) to the list of known hosts.
Warning: Permanently added '10.10.10.4' (ECDSA) to the list of known hosts.
|None
1498501321.074635|COMPUTATION: Progress = 0.238095238095
1498501321.074832|COMPUTATION: Start (MatrixSize, Iteration) = |5000|5|
1498501321.075597|COMPUTATION: ['mpirun', '-n', '8', '-machinefile', '/home/ubuntu/machinefile', '/home/ubuntu/repositorios/elastichpc/beta/trials/Matrix.py', '5000', '/home/ubuntu/teste.mtr_5']
1498501329.568556|PLATFORM: (predicted_time, predicted_cost) = 1537.9874113|5644.2518081
1498501329.568838|PLATFORM: QoS Sample = {'execution_time': 1537.9874113023657, 'efficiency': 1.1971675000000002, 'cost': 5644.251808095129}
1498501329.568917|PLATFORM: Contract breached = {'execution_time': 0.28691689844690155, 'efficiency': 0.03159042857142857, 'cost': 0.14930440848476717}
1498501329.570044|PLATFORM: Parameter to Reconfigure: execution_time
1498501329.570146|PLATFORM: Scale Up = execution_time|1537.9874113|1132.0
1498501329.570189|PLATFORM: N Value =1
1498501329.570229|PLATFORM: RECONFIGURATION INTERVAL NOT DONE.
1498501329.570271|PLATFORM: State = |0.238095238805|1.2875|626.25|4|
1498501340.703408|PLATFORM: Not Enough Information for Analysis.
1498501340.703659|PLATFORM: State = |0.238095238805|1.4|626.5|4|
1498501351.904223|PLATFORM: Not Enough Information for Analysis.
1498501351.904507|PLATFORM: State = |0.238095238805|1.545|626.25|4|
1498501362.857848|PLATFORM: Not Enough Information for Analysis.
1498501362.858125|PLATFORM: State = |0.238095238805|1.4025|255.5|4|
1498501368.035539|COMPUTATION: End (MatrixSize, Iteration) = |5000|5|
1498501369.892382|COMPUTATION: Execution = Warning: Permanently added '10.10.10.4' (ECDSA) to the list of known hosts.
Warning: Permanently added '10.10.10.5' (ECDSA) to the list of known hosts.
Warning: Permanently added '10.10.10.6' (ECDSA) to the list of known hosts.
|None
1498501369.892787|COMPUTATION: Progress = 0.285714285714
1498501369.892908|COMPUTATION: Start (MatrixSize, Iteration) = |5000|6|
1498501369.893504|COMPUTATION: ['mpirun', '-n', '8', '-machinefile', '/home/ubuntu/machinefile', '/home/ubuntu/repositorios/elastichpc/beta/trials/Matrix.py', '5000', '/home/ubuntu/teste.mtr_6']
1498501374.075716|PLATFORM: (predicted_time, predicted_cost) = 1437.43118298|5241.88635085
1498501374.076042|PLATFORM: QoS Sample = {'execution_time': 1437.4311829761632, 'efficiency': 1.23305625, 'cost': 5241.886350852636}
1498501374.076126|PLATFORM: Contract breached = {'execution_time': 0.2158524261315641, 'efficiency': 0.02953964285714286, 'cost': 0.13153208263483374}
1498501374.076177|PLATFORM: Parameter to Reconfigure: execution_time
1498501374.076222|PLATFORM: Scale Up = execution_time|1437.43118298|1132.0
1498501374.076258|PLATFORM: N Value =1
1498501374.076296|PLATFORM: RECONFIGURATION BEFORE: 4
1498501424.316276|COMPUTATION: End (MatrixSize, Iteration) = |5000|6|
1498501424.406182|COMPUTATION: Execution = Warning: Permanently added '10.10.10.4' (ECDSA) to the list of known hosts.
Warning: Permanently added '10.10.10.5' (ECDSA) to the list of known hosts.
Warning: Permanently added '10.10.10.6' (ECDSA) to the list of known hosts.
|None
1498501424.406417|COMPUTATION: Progress = 0.333333333333
1498501424.406481|COMPUTATION: Start (MatrixSize, Iteration) = |5000|7|
1498501424.406810|COMPUTATION: ['mpirun', '-n', '8', '-machinefile', '/home/ubuntu/machinefile', '/home/ubuntu/repositorios/elastichpc/beta/trials/Matrix.py', '5000', '/home/ubuntu/teste.mtr_7']
1498501456.533231|PLATFORM: RECONFIGURATION AFTER: 5|BUILDING
1498501456.533426|PLATFORM: State = |0.285714298487|1.3025|577.25|5|
1498501467.658167|PLATFORM: (predicted_time, predicted_cost) = 1512.83118293|6552.41194999
1498501467.659450|PLATFORM: QoS Sample = {'execution_time': 1512.8311829319243, 'efficiency': 1.2342140000000001, 'cost': 6552.411949987533}
1498501467.659562|PLATFORM: Contract breached = {'execution_time': 0.269138645181572, 'efficiency': 0.029473485714285708, 'cost': 0.18941748895704655}
1498501467.659616|PLATFORM: Parameter to Reconfigure: execution_time
1498501467.659680|PLATFORM: Scale Up = execution_time|1512.83118293|1132.0
1498501467.659719|PLATFORM: N Value =1
1498501467.659756|PLATFORM: RECONFIGURATION INTERVAL NOT DONE.
1498501467.659795|PLATFORM: State = |0.333333343267|1.262|216|5|
1498501474.144807|COMPUTATION: End (MatrixSize, Iteration) = |5000|7|
1498501474.271927|COMPUTATION: Execution = Warning: Permanently added '10.10.10.5' (ECDSA) to the list of known hosts.
Warning: Permanently added '10.10.10.4' (ECDSA) to the list of known hosts.
Warning: Permanently added '10.10.10.6' (ECDSA) to the list of known hosts.
|None
1498501474.272327|COMPUTATION: Progress = 0.380952380952
1498501474.272422|COMPUTATION: Start (MatrixSize, Iteration) = |5000|8|
1498501474.275672|COMPUTATION: ['mpirun', '-n', '10', '-machinefile', '/home/ubuntu/machinefile', '/home/ubuntu/repositorios/elastichpc/beta/trials/Matrix.py', '5000', '/home/ubuntu/teste.mtr_8']
1498501479.263995|PLATFORM: (predicted_time, predicted_cost) = 1354.19254284|5756.82157827
1498501479.264399|PLATFORM: QoS Sample = {'execution_time': 1354.1925428399343, 'efficiency': 1.235975, 'cost': 5756.821578268657}
1498501479.264547|PLATFORM: Contract breached = {'execution_time': 0.1570265320423564, 'efficiency': 0.02937285714285714, 'cost': 0.15427657147829754}
1498501479.264621|PLATFORM: Parameter to Reconfigure: execution_time
1498501479.264686|PLATFORM: Scale Up = execution_time|1354.19254284|1132.0
1498501479.264740|PLATFORM: N Value =1
1498501479.264797|PLATFORM: RECONFIGURATION INTERVAL NOT DONE.
1498501479.264870|PLATFORM: State = |0.380952388048|1.28|554|5|
1498501490.520137|PLATFORM: Not Enough Information for Analysis.
1498501490.520411|PLATFORM: State = |0.380952388048|1.468|592.2|5|
1498501501.758989|PLATFORM: Not Enough Information for Analysis.
1498501501.759260|PLATFORM: State = |0.380952388048|1.6|593.2|5|
1498501512.343377|PLATFORM: Not Enough Information for Analysis.
1498501512.343610|PLATFORM: State = |0.380952388048|1.548|219.6|5|
1498501519.968539|COMPUTATION: End (MatrixSize, Iteration) = |5000|8|
1498501521.632926|COMPUTATION: Execution = Warning: Permanently added '10.10.10.4' (ECDSA) to the list of known hosts.
Warning: Permanently added '10.10.10.7' (ECDSA) to the list of known hosts.
Warning: Permanently added '10.10.10.5' (ECDSA) to the list of known hosts.
Warning: Permanently added '10.10.10.6' (ECDSA) to the list of known hosts.
|None
1498501521.633518|COMPUTATION: Progress = 0.428571428571
1498501521.633872|COMPUTATION: Start (MatrixSize, Iteration) = |5000|9|
1498501521.634520|COMPUTATION: ['mpirun', '-n', '10', '-machinefile', '/home/ubuntu/machinefile', '/home/ubuntu/repositorios/elastichpc/beta/trials/Matrix.py', '5000', '/home/ubuntu/teste.mtr_9']
1498501523.520121|PLATFORM: (predicted_time, predicted_cost) = 1306.99110592|5522.95257442
1498501523.520405|PLATFORM: QoS Sample = {'execution_time': 1306.9911059241383, 'efficiency': 1.2703116666666672, 'cost': 5522.952574422404}
1498501523.520509|PLATFORM: Contract breached = {'execution_time': 0.1236686260947974, 'efficiency': 0.02741076190476188, 'cost': 0.14394666848155493}
1498501523.520563|PLATFORM: Parameter to Reconfigure: cost
1498501523.520609|PLATFORM: Scale Down = cost|5522.95257442|2264.0
1498501523.520647|PLATFORM: N Value =-1
1498501523.520686|PLATFORM: RECONFIGURATION BEFORE: 5
1498501523.521144|PLATFORM: Waiting to Scale Down.
1498501523.521235|PLATFORM: State = |0.428571432829|1.358|526|5|
1498501533.530661|PLATFORM: Waiting to Scale Down.
1498501533.530883|PLATFORM: State = |0.428571432829|1.358|526|5|
1498501543.544357|PLATFORM: Waiting to Scale Down.
1498501543.554501|PLATFORM: State = |0.428571432829|1.358|526|5|
1498501553.562669|PLATFORM: Waiting to Scale Down.
1498501553.562891|PLATFORM: State = |0.428571432829|1.358|526|5|
1498501563.570632|PLATFORM: Waiting to Scale Down.
1498501563.570825|PLATFORM: State = |0.428571432829|1.358|526|5|
1498501568.071452|COMPUTATION: End (MatrixSize, Iteration) = |5000|9|
1498501570.176952|COMPUTATION: Execution = Warning: Permanently added '10.10.10.4' (ECDSA) to the list of known hosts.
Warning: Permanently added '10.10.10.5' (ECDSA) to the list of known hosts.
Warning: Permanently added '10.10.10.7' (ECDSA) to the list of known hosts.
Warning: Permanently added '10.10.10.6' (ECDSA) to the list of known hosts.
|None
1498501570.177711|COMPUTATION: Progress = 0.47619047619
1498501570.178000|COMPUTATION: Start (MatrixSize, Iteration) = |5000|10|
1498501570.178577|COMPUTATION: Waiting to Scale Down.
1498501573.581432|PLATFORM: Reading to Scale Down.
1498501575.184399|COMPUTATION: Waiting to Scale Down.
1498501580.190291|COMPUTATION: Waiting to Scale Down.
1498501585.196157|COMPUTATION: Waiting to Scale Down.
1498501590.232680|COMPUTATION: Waiting to Scale Down.
1498501595.280132|COMPUTATION: Waiting to Scale Down.
1498501600.327374|COMPUTATION: Waiting to Scale Down.
1498501605.376499|COMPUTATION: Waiting to Scale Down.
1498501610.423147|COMPUTATION: Waiting to Scale Down.
1498501612.272982|PLATFORM: Scaled Down.
1498501614.752938|PLATFORM: RECONFIGURATION AFTER: 4|BUILDING
1498501614.753321|PLATFORM: State = |0.428571432829|1.358|526|4|
1498501615.471066|COMPUTATION: ['mpirun', '-n', '8', '-machinefile', '/home/ubuntu/machinefile', '/home/ubuntu/repositorios/elastichpc/beta/trials/Matrix.py', '5000', '/home/ubuntu/teste.mtr_10']
1498501625.976906|PLATFORM: (predicted_time, predicted_cost) = 1391.45122225|5216.16240578
1498501625.978094|PLATFORM: QoS Sample = {'execution_time': 1391.4512222544813, 'efficiency': 1.269565277777778, 'cost': 5216.16240578352}
1498501625.978276|PLATFORM: Contract breached = {'execution_time': 0.1833577542434497, 'efficiency': 0.02745341269841269, 'cost': 0.13039586597983743}
1498501625.978486|PLATFORM: Parameter to Reconfigure: execution_time
1498501625.978556|PLATFORM: Scale Up = execution_time|1391.45122225|1132.0
1498501625.978598|PLATFORM: N Value =1
1498501625.978638|PLATFORM: RECONFIGURATION INTERVAL NOT DONE.
1498501625.978678|PLATFORM: State = |0.47619047761|0.805|625.25|4|
1498501637.176398|PLATFORM: Not Enough Information for Analysis.
1498501637.176693|PLATFORM: State = |0.47619047761|1.0725|625.5|4|
1498501648.377995|PLATFORM: Not Enough Information for Analysis.
1498501648.378272|PLATFORM: State = |0.47619047761|1.215|625|4|
1498501659.325645|PLATFORM: Not Enough Information for Analysis.
1498501659.325925|PLATFORM: State = |0.47619047761|1.195|255|4|
1498501667.371826|COMPUTATION: End (MatrixSize, Iteration) = |5000|10|
1498501667.486628|COMPUTATION: Execution = Warning: Permanently added '10.10.10.4' (ECDSA) to the list of known hosts.
Warning: Permanently added '10.10.10.5' (ECDSA) to the list of known hosts.
Warning: Permanently added '10.10.10.6' (ECDSA) to the list of known hosts.
|None
1498501667.486874|COMPUTATION: Progress = 0.52380952381
1498501667.487130|COMPUTATION: Start (MatrixSize, Iteration) = |5000|11|
1498501667.490089|COMPUTATION: ['mpirun', '-n', '8', '-machinefile', '/home/ubuntu/machinefile', '/home/ubuntu/repositorios/elastichpc/beta/trials/Matrix.py', '5000', '/home/ubuntu/teste.mtr_11']
1498501670.486589|PLATFORM: (predicted_time, predicted_cost) = 1349.92865461|5050.32379937
1498501670.486867|PLATFORM: QoS Sample = {'execution_time': 1349.928654609558, 'efficiency': 1.2592337500000004, 'cost': 5050.323799365508}
1498501670.486954|PLATFORM: Contract breached = {'execution_time': 0.1540131834696523, 'efficiency': 0.02804378571428569, 'cost': 0.1230708391945896}
1498501670.487008|PLATFORM: Parameter to Reconfigure: execution_time
1498501670.487072|PLATFORM: Scale Up = execution_time|1349.92865461|1132.0
1498501670.487116|PLATFORM: N Value =1
1498501670.487158|PLATFORM: RECONFIGURATION INTERVAL NOT DONE.
1498501670.487201|PLATFORM: State = |0.523809552193|1.1825|575|4|
1498501681.733626|PLATFORM: Not Enough Information for Analysis.
1498501681.733810|PLATFORM: State = |0.523809552193|1.36|624.75|4|
1498501692.878406|PLATFORM: Not Enough Information for Analysis.
1498501692.878712|PLATFORM: State = |0.523809552193|1.4575|625.5|4|
1498501703.641334|PLATFORM: Not Enough Information for Analysis.
1498501703.641633|PLATFORM: State = |0.523809552193|1.4025|255.25|4|
1498501712.575314|COMPUTATION: End (MatrixSize, Iteration) = |5000|11|
1498501714.433621|PLATFORM: Not Enough Information for Analysis.
1498501714.434035|PLATFORM: State = |0.523809552193|1.225|68|4|
1498501714.811070|COMPUTATION: Execution = Warning: Permanently added '10.10.10.4' (ECDSA) to the list of known hosts.
Warning: Permanently added '10.10.10.5' (ECDSA) to the list of known hosts.
Warning: Permanently added '10.10.10.6' (ECDSA) to the list of known hosts.
|None
1498501714.811530|COMPUTATION: Progress = 0.571428571429
1498501714.811979|COMPUTATION: Start (MatrixSize, Iteration) = |5000|12|
1498501714.812799|COMPUTATION: ['mpirun', '-n', '8', '-machinefile', '/home/ubuntu/machinefile', '/home/ubuntu/repositorios/elastichpc/beta/trials/Matrix.py', '5000', '/home/ubuntu/teste.mtr_12']
1498501725.656297|PLATFORM: (predicted_time, predicted_cost) = 1333.98156145|4986.28904307
1498501725.656661|PLATFORM: QoS Sample = {'execution_time': 1333.9815614529746, 'efficiency': 1.270096666666667, 'cost': 4986.289043072183}
1498501725.656749|PLATFORM: Contract breached = {'execution_time': 0.14274315297030005, 'efficiency': 0.027423047619047597, 'cost': 0.120242448898948}
1498501725.658274|PLATFORM: Parameter to Reconfigure: execution_time
1498501725.658636|PLATFORM: Scale Up = execution_time|1333.98156145|1132.0
1498501725.658710|PLATFORM: N Value =1
1498501725.658765|PLATFORM: RECONFIGURATION BEFORE: 4
1498501767.138928|COMPUTATION: End (MatrixSize, Iteration) = |5000|12|
1498501769.469530|COMPUTATION: Execution = Warning: Permanently added '10.10.10.5' (ECDSA) to the list of known hosts.
Warning: Permanently added '10.10.10.4' (ECDSA) to the list of known hosts.
Warning: Permanently added '10.10.10.6' (ECDSA) to the list of known hosts.
|None
1498501769.473568|COMPUTATION: Progress = 0.619047619048
1498501769.474203|COMPUTATION: Start (MatrixSize, Iteration) = |5000|13|
1498501769.478493|COMPUTATION: ['mpirun', '-n', '8', '-machinefile', '/home/ubuntu/machinefile', '/home/ubuntu/repositorios/elastichpc/beta/trials/Matrix.py', '5000', '/home/ubuntu/teste.mtr_13']
1498501804.236358|PLATFORM: RECONFIGURATION AFTER: 5|BUILDING
1498501804.236780|PLATFORM: State = |0.571428596973|1.34|624.75|5|
1498501815.280806|PLATFORM: (predicted_time, predicted_cost) = 1376.14566254|5679.90434596
1498501815.281088|PLATFORM: QoS Sample = {'execution_time': 1376.145662540815, 'efficiency': 1.2683119565217396, 'cost': 5679.904345962514}
1498501815.281170|PLATFORM: Contract breached = {'execution_time': 0.17254110426912722, 'efficiency': 0.027525031055900595, 'cost': 0.15087916722449268}
1498501815.281220|PLATFORM: Parameter to Reconfigure: execution_time
1498501815.281263|PLATFORM: Scale Up = execution_time|1376.14566254|1132.0
1498501815.281299|PLATFORM: N Value =1
1498501815.281335|PLATFORM: RECONFIGURATION INTERVAL NOT DONE.
1498501815.281373|PLATFORM: State = |0.619047641754|1.188|215|5|
1498501818.935965|COMPUTATION: End (MatrixSize, Iteration) = |5000|13|
1498501821.040136|COMPUTATION: Execution = Warning: Permanently added '10.10.10.5' (ECDSA) to the list of known hosts.
Warning: Permanently added '10.10.10.4' (ECDSA) to the list of known hosts.
Warning: Permanently added '10.10.10.6' (ECDSA) to the list of known hosts.
|None
1498501821.041061|COMPUTATION: Progress = 0.666666666667
1498501821.041597|COMPUTATION: Start (MatrixSize, Iteration) = |5000|14|
1498501821.042700|COMPUTATION: ['mpirun', '-n', '10', '-machinefile', '/home/ubuntu/machinefile', '/home/ubuntu/repositorios/elastichpc/beta/trials/Matrix.py', '5000', '/home/ubuntu/teste.mtr_14']
1498501826.451555|PLATFORM: (predicted_time, predicted_cost) = 1294.60563187|5271.57363388
1498501826.451831|PLATFORM: QoS Sample = {'execution_time': 1294.6056318698636, 'efficiency': 1.2661776595744685, 'cost': 5271.573633878585}
1498501826.451928|PLATFORM: Contract breached = {'execution_time': 0.11491564089743012, 'efficiency': 0.027646990881458944, 'cost': 0.1328433583868633}
1498501826.451982|PLATFORM: Parameter to Reconfigure: cost
1498501826.452042|PLATFORM: Scale Down = cost|5271.57363388|2264.0
1498501826.452080|PLATFORM: N Value =-1
1498501826.452117|PLATFORM: RECONFIGURATION INTERVAL NOT DONE.
1498501826.452157|PLATFORM: State = |0.666666686535|1.168|553|5|
1498501837.609032|PLATFORM: Not Enough Information for Analysis.
1498501837.609293|PLATFORM: State = |0.666666686535|1.336|591.4|5|
1498501848.642650|PLATFORM: Not Enough Information for Analysis.
1498501848.642835|PLATFORM: State = |0.666666686535|1.44|591.4|5|
1498501859.382007|PLATFORM: Not Enough Information for Analysis.
1498501859.382324|PLATFORM: State = |0.666666686535|1.308|218|5|
1498501862.603076|COMPUTATION: End (MatrixSize, Iteration) = |5000|14|
1498501863.507035|COMPUTATION: Execution = Warning: Permanently added '10.10.10.4' (ECDSA) to the list of known hosts.
Warning: Permanently added '10.10.10.5' (ECDSA) to the list of known hosts.
Warning: Permanently added '10.10.10.8' (ECDSA) to the list of known hosts.
Warning: Permanently added '10.10.10.6' (ECDSA) to the list of known hosts.
|None
1498501863.507590|COMPUTATION: Progress = 0.714285714286
1498501863.507749|COMPUTATION: Start (MatrixSize, Iteration) = |5000|15|
1498501863.511635|COMPUTATION: ['mpirun', '-n', '10', '-machinefile', '/home/ubuntu/machinefile', '/home/ubuntu/repositorios/elastichpc/beta/trials/Matrix.py', '5000', '/home/ubuntu/teste.mtr_15']
1498501871.023464|PLATFORM: (predicted_time, predicted_cost) = 1270.69921358|5149.68687168
1498501871.023813|PLATFORM: QoS Sample = {'execution_time': 1270.6992135834882, 'efficiency': 1.2732617647058824, 'cost': 5149.686871683692}
1498501871.023900|PLATFORM: Contract breached = {'execution_time': 0.09802064564204116, 'efficiency': 0.02724218487394958, 'cost': 0.12745966747719487}
1498501871.023954|PLATFORM: Parameter to Reconfigure: cost
1498501871.024000|PLATFORM: Scale Down = cost|5149.68687168|2264.0
1498501871.024066|PLATFORM: N Value =-1
1498501871.024113|PLATFORM: RECONFIGURATION BEFORE: 5
1498501871.024747|PLATFORM: Waiting to Scale Down.
1498501871.024893|PLATFORM: State = |0.714285731316|1.342|591.2|5|
1498501881.035807|PLATFORM: Waiting to Scale Down.
1498501881.036101|PLATFORM: State = |0.714285731316|1.342|591.2|5|
1498501891.042760|PLATFORM: Waiting to Scale Down.
1498501891.043010|PLATFORM: State = |0.714285731316|1.342|591.2|5|
1498501901.043467|PLATFORM: Waiting to Scale Down.
1498501901.043747|PLATFORM: State = |0.714285731316|1.342|591.2|5|
1498501911.044289|PLATFORM: Waiting to Scale Down.
1498501911.044576|PLATFORM: State = |0.714285731316|1.342|591.2|5|
1498501911.781210|COMPUTATION: End (MatrixSize, Iteration) = |5000|15|
1498501913.629908|COMPUTATION: Execution = Warning: Permanently added '10.10.10.8' (ECDSA) to the list of known hosts.
Warning: Permanently added '10.10.10.5' (ECDSA) to the list of known hosts.
Warning: Permanently added '10.10.10.4' (ECDSA) to the list of known hosts.
Warning: Permanently added '10.10.10.6' (ECDSA) to the list of known hosts.
|None
1498501913.662707|COMPUTATION: Progress = 0.761904761905
1498501913.663222|COMPUTATION: Start (MatrixSize, Iteration) = |5000|16|
1498501913.663919|COMPUTATION: Waiting to Scale Down.
1498501918.669603|COMPUTATION: Waiting to Scale Down.
1498501921.055342|PLATFORM: Reading to Scale Down.
1498501923.675270|COMPUTATION: Waiting to Scale Down.
1498501928.721285|COMPUTATION: Waiting to Scale Down.
1498501933.743826|COMPUTATION: Waiting to Scale Down.
1498501938.799292|COMPUTATION: Waiting to Scale Down.
1498501943.848606|COMPUTATION: Waiting to Scale Down.
1498501948.947157|COMPUTATION: Waiting to Scale Down.
1498501953.986463|COMPUTATION: Waiting to Scale Down.
1498501959.032480|COMPUTATION: Waiting to Scale Down.
1498501963.419139|PLATFORM: Scaled Down.
1498501967.584043|PLATFORM: RECONFIGURATION AFTER: 4|BUILDING
1498501967.584262|COMPUTATION: ['mpirun', '-n', '8', '-machinefile', '/home/ubuntu/machinefile', '/home/ubuntu/repositorios/elastichpc/beta/trials/Matrix.py', '5000', '/home/ubuntu/teste.mtr_16']
1498501967.584630|PLATFORM: State = |0.714285731316|1.342|591.2|4|
1498501978.885199|PLATFORM: (predicted_time, predicted_cost) = 1332.84910779|5144.7938413
1498501978.885544|PLATFORM: QoS Sample = {'execution_time': 1332.8491077860983, 'efficiency': 1.2704184210526313, 'cost': 5144.793841298736}
1498501978.885629|PLATFORM: Contract breached = {'execution_time': 0.14194283235766667, 'efficiency': 0.02740466165413536, 'cost': 0.12724354422697598}
1498501978.885678|PLATFORM: Parameter to Reconfigure: execution_time
1498501978.885721|PLATFORM: Scale Up = execution_time|1332.84910779|1132.0
1498501978.885758|PLATFORM: N Value =1
1498501978.885825|PLATFORM: RECONFIGURATION INTERVAL NOT DONE.
1498501978.885863|PLATFORM: State = |0.761904776096|0.7675|624|4|
1498501990.381840|PLATFORM: Not Enough Information for Analysis.
1498501990.382256|PLATFORM: State = |0.761904776096|1.0375|624|4|
1498502001.547865|PLATFORM: Not Enough Information for Analysis.
1498502001.548129|PLATFORM: State = |0.761904776096|1.2225|624.75|4|
1498502012.217654|PLATFORM: Not Enough Information for Analysis.
1498502012.217902|PLATFORM: State = |0.761904776096|1.18|254.75|4|
1498502019.528072|COMPUTATION: End (MatrixSize, Iteration) = |5000|16|
1498502021.571451|COMPUTATION: Execution = Warning: Permanently added '10.10.10.5' (ECDSA) to the list of known hosts.
Warning: Permanently added '10.10.10.4' (ECDSA) to the list of known hosts.
Warning: Permanently added '10.10.10.6' (ECDSA) to the list of known hosts.
|None
1498502021.571947|COMPUTATION: Progress = 0.809523809524
1498502021.572086|COMPUTATION: Start (MatrixSize, Iteration) = |5000|17|
1498502021.572743|COMPUTATION: ['mpirun', '-n', '8', '-machinefile', '/home/ubuntu/machinefile', '/home/ubuntu/repositorios/elastichpc/beta/trials/Matrix.py', '5000', '/home/ubuntu/teste.mtr_17']
1498502023.480358|PLATFORM: (predicted_time, predicted_cost) = 1309.53432699|5051.6873785
1498502023.480740|PLATFORM: QoS Sample = {'execution_time': 1309.5343269946388, 'efficiency': 1.2611696721311472, 'cost': 5051.687378502771}
1498502023.480849|PLATFORM: Contract breached = {'execution_time': 0.125465955473243, 'efficiency': 0.02793316159250588, 'cost': 0.1231310679550694}
1498502023.480939|PLATFORM: Parameter to Reconfigure: execution_time
1498502023.481004|PLATFORM: Scale Up = execution_time|1309.53432699|1132.0
1498502023.481048|PLATFORM: N Value =1
1498502023.481092|PLATFORM: RECONFIGURATION INTERVAL NOT DONE.
1498502023.481159|PLATFORM: State = |0.809523820877|1.0775|539.5|4|
1498502034.701039|PLATFORM: Not Enough Information for Analysis.
1498502034.701335|PLATFORM: State = |0.809523820877|1.22|624.25|4|
1498502046.294485|PLATFORM: Not Enough Information for Analysis.
1498502046.294802|PLATFORM: State = |0.809523820877|1.4475|624.75|4|
1498502057.499985|PLATFORM: Not Enough Information for Analysis.
1498502057.500275|PLATFORM: State = |0.809523820877|1.5725|625|4|
1498502068.490124|PLATFORM: Not Enough Information for Analysis.
1498502068.492115|PLATFORM: State = |0.809523820877|1.5625|254.5|4|
1498502078.292766|COMPUTATION: End (MatrixSize, Iteration) = |5000|17|
1498502079.227406|PLATFORM: Not Enough Information for Analysis.
1498502079.227823|PLATFORM: State = |0.809523820877|1.36|67.75|4|
1498502080.443960|COMPUTATION: Execution = Warning: Permanently added '10.10.10.4' (ECDSA) to the list of known hosts.
Warning: Permanently added '10.10.10.5' (ECDSA) to the list of known hosts.
Warning: Permanently added '10.10.10.6' (ECDSA) to the list of known hosts.
|None
1498502080.444352|COMPUTATION: Progress = 0.857142857143
1498502080.444486|COMPUTATION: Start (MatrixSize, Iteration) = |5000|18|
1498502080.446664|COMPUTATION: ['mpirun', '-n', '8', '-machinefile', '/home/ubuntu/machinefile', '/home/ubuntu/repositorios/elastichpc/beta/trials/Matrix.py', '5000', '/home/ubuntu/teste.mtr_18']
1498502090.238987|PLATFORM: (predicted_time, predicted_cost) = 1314.66756715|5073.22516757
1498502090.239227|PLATFORM: QoS Sample = {'execution_time': 1314.66756714714, 'efficiency': 1.27699776119403, 'cost': 5073.22516756584}
1498502090.239300|PLATFORM: Contract breached = {'execution_time': 0.12909368702978097, 'efficiency': 0.02702869936034115, 'cost': 0.12408238372640637}
1498502090.239358|PLATFORM: Parameter to Reconfigure: execution_time
1498502090.239401|PLATFORM: Scale Up = execution_time|1314.66756715|1132.0
1498502090.239435|PLATFORM: N Value =1
1498502090.239471|PLATFORM: RECONFIGURATION BEFORE: 4
1498502131.755226|COMPUTATION: End (MatrixSize, Iteration) = |5000|18|
1498502131.878069|COMPUTATION: Execution = Warning: Permanently added '10.10.10.4' (ECDSA) to the list of known hosts.
Warning: Permanently added '10.10.10.5' (ECDSA) to the list of known hosts.
Warning: Permanently added '10.10.10.6' (ECDSA) to the list of known hosts.
|None
1498502131.878424|COMPUTATION: Progress = 0.904761904762
1498502131.878509|COMPUTATION: Start (MatrixSize, Iteration) = |5000|19|
1498502131.878973|COMPUTATION: ['mpirun', '-n', '8', '-machinefile', '/home/ubuntu/machinefile', '/home/ubuntu/repositorios/elastichpc/beta/trials/Matrix.py', '5000', '/home/ubuntu/teste.mtr_19']
1498502172.535624|PLATFORM: RECONFIGURATION AFTER: 5|BUILDING
1498502172.535818|PLATFORM: State = |0.857142865658|1.465|624.5|5|
1498502182.114639|COMPUTATION: End (MatrixSize, Iteration) = |5000|19|
1498502183.127611|COMPUTATION: Execution = Warning: Permanently added '10.10.10.4' (ECDSA) to the list of known hosts.
Warning: Permanently added '10.10.10.5' (ECDSA) to the list of known hosts.
Warning: Permanently added '10.10.10.6' (ECDSA) to the list of known hosts.
|None
1498502183.129955|COMPUTATION: Progress = 0.952380952381
1498502183.130573|COMPUTATION: Start (MatrixSize, Iteration) = |5000|20|
1498502183.133768|COMPUTATION: ['mpirun', '-n', '10', '-machinefile', '/home/ubuntu/machinefile', '/home/ubuntu/repositorios/elastichpc/beta/trials/Matrix.py', '5000', '/home/ubuntu/teste.mtr_20']
1498502183.552074|PLATFORM: (predicted_time, predicted_cost) = 1348.609875|5337.4138109
1498502183.552622|PLATFORM: QoS Sample = {'execution_time': 1348.609874997579, 'efficiency': 1.2746595588235294, 'cost': 5337.413810899074}
1498502183.552773|PLATFORM: Contract breached = {'execution_time': 0.1530811837438721, 'efficiency': 0.02716231092436975, 'cost': 0.13575149341427004}
1498502183.557213|PLATFORM: Parameter to Reconfigure: execution_time
1498502183.557675|PLATFORM: Scale Up = execution_time|1348.609875|1132.0
1498502183.557793|PLATFORM: N Value =1
1498502183.557915|PLATFORM: RECONFIGURATION INTERVAL NOT DONE.
1498502183.558257|PLATFORM: State = |0.904761910439|1.118|66.6|5|
1498502194.755638|PLATFORM: (predicted_time, predicted_cost) = 1292.94325473|5058.17332421
1498502194.755958|PLATFORM: QoS Sample = {'execution_time': 1292.9432547302745, 'efficiency': 1.2748528985507246, 'cost': 5058.173324213278}
1498502194.756042|PLATFORM: Contract breached = {'execution_time': 0.11374081606379823, 'efficiency': 0.027151262939958593, 'cost': 0.12341754965606351}
1498502194.756092|PLATFORM: Parameter to Reconfigure: cost
1498502194.756136|PLATFORM: Scale Down = cost|5058.17332421|2264.0
1498502194.756173|PLATFORM: N Value =-1
1498502194.756234|PLATFORM: RECONFIGURATION INTERVAL NOT DONE.
1498502194.756276|PLATFORM: State = |0.952380955219|1.288|592.6|5|
1498502206.445098|PLATFORM: Not Enough Information for Analysis.
1498502206.447074|PLATFORM: State = |0.952380955219|1.438|592.8|5|
1498502217.674965|PLATFORM: Not Enough Information for Analysis.
1498502217.675348|PLATFORM: State = |0.952380955219|1.588|593.4|5|
1498502228.664865|PLATFORM: Not Enough Information for Analysis.
1498502229.513839|PLATFORM: State = |0.952380955219|1.418|219|5|
1498502235.938681|COMPUTATION: End (MatrixSize, Iteration) = |5000|20|
1498502237.116900|COMPUTATION: Execution = Warning: Permanently added '10.10.10.9' (ECDSA) to the list of known hosts.
Warning: Permanently added '10.10.10.4' (ECDSA) to the list of known hosts.
Warning: Permanently added '10.10.10.5' (ECDSA) to the list of known hosts.
Warning: Permanently added '10.10.10.6' (ECDSA) to the list of known hosts.
|None
1498502237.121220|COMPUTATION: Progress = 1.0
1498502237.122031|COMPUTATION: Finish Computation.

