1498503659.133051|SYSTEM: Starting Platform.
1498503659.134645|SYSTEM: Starting Computation.
1498503659.136675|SYSTEM: Waiting on Platform to finish.
1498503659.139506|PLATFORM: QoS Values ={'execution_time': 0.0, 'resource_efficiency': 0.0, 'cost': 0.0, 'power_consumption': 0.0, 'accuracy': 0.0}
1498503659.139609|PLATFORM: QoS Weight ={'execution_time': 0.0, 'resource_efficiency': 0.0, 'cost': 0.0, 'power_consumption': 0.0, 'accuracy': 0.0}
1498503659.139649|PLATFORM: QoS Factor =0
1498503659.139687|PLATFORM: Monitor Interval = 10
1498503659.139717|PLATFORM: Sample Interval = 10
1498503659.139753|PLATFORM: Reconfiguration Interval = 10
1498503659.139785|PLATFORM: http://200.19.177.89:33004:elasticcluster:2650f199-2a08-4b6c-a2d5-1836b3bc711b
1498503661.569740|PLATFORM: Number Of Nodes = 2
1498503664.170908|COMPUTATION: Starting Computation.
1498503664.174613|COMPUTATION: Start (MatrixSize, Iteration) = |5000|0|
1498503664.217887|COMPUTATION: ['mpirun', '-n', '4', '-machinefile', '/home/ubuntu/machinefile', '/home/ubuntu/repositorios/elastichpc/beta/trials/Matrix.py', '5000', '/home/ubuntu/teste.mtr_0']
1498503672.498604|PLATFORM: State = |0.0|0.215|789.5|2|
1498503683.466580|PLATFORM: State = |0.0|0.595|789.5|2|
1498503694.402648|PLATFORM: State = |0.0|0.815|789.5|2|
1498503705.328504|PLATFORM: State = |0.0|0.995|671.5|2|
1498503715.915924|PLATFORM: State = |0.0|0.915|456|2|
1498503716.521997|COMPUTATION: End (MatrixSize, Iteration) = |5000|0|
1498503716.667357|COMPUTATION: Execution = Warning: Permanently added '10.10.10.4' (ECDSA) to the list of known hosts.
|None
1498503716.667618|COMPUTATION: Progress = 0.047619047619
1498503716.667743|COMPUTATION: Start (MatrixSize, Iteration) = |5000|1|
1498503716.668124|COMPUTATION: ['mpirun', '-n', '4', '-machinefile', '/home/ubuntu/machinefile', '/home/ubuntu/repositorios/elastichpc/beta/trials/Matrix.py', '5000', '/home/ubuntu/teste.mtr_1']
1498503726.896951|PLATFORM: State = |0.047619048506|1.13|790.5|2|
1498503737.857122|PLATFORM: State = |0.047619048506|1.26|790|2|
1498503748.781303|PLATFORM: State = |0.047619048506|1.44|790|2|
1498503759.442688|PLATFORM: State = |0.047619048506|1.49|450|2|
1498503769.587420|COMPUTATION: End (MatrixSize, Iteration) = |5000|1|
1498503770.019607|PLATFORM: State = |0.047619048506|1.415|90.5|2|
1498503771.967995|COMPUTATION: Execution = Warning: Permanently added '10.10.10.4' (ECDSA) to the list of known hosts.
|None
1498503771.975661|COMPUTATION: Progress = 0.0952380952381
1498503771.975874|COMPUTATION: Start (MatrixSize, Iteration) = |5000|2|
1498503771.980991|COMPUTATION: ['mpirun', '-n', '4', '-machinefile', '/home/ubuntu/machinefile', '/home/ubuntu/repositorios/elastichpc/beta/trials/Matrix.py', '5000', '/home/ubuntu/teste.mtr_2']
1498503780.990005|PLATFORM: State = |0.095238097012|1.465|790|2|
1498503791.950622|PLATFORM: State = |0.095238097012|1.605|790.5|2|
1498503802.972998|PLATFORM: State = |0.095238097012|1.67|790|2|
1498503813.958648|PLATFORM: State = |0.095238097012|1.77|790.5|2|
1498503824.516531|PLATFORM: State = |0.095238097012|1.615|456|2|
1498503825.484845|COMPUTATION: End (MatrixSize, Iteration) = |5000|2|
1498503826.058081|COMPUTATION: Execution = Warning: Permanently added '10.10.10.4' (ECDSA) to the list of known hosts.
|None
1498503826.058549|COMPUTATION: Progress = 0.142857142857
1498503826.058685|COMPUTATION: Start (MatrixSize, Iteration) = |5000|3|
1498503826.059234|COMPUTATION: ['mpirun', '-n', '4', '-machinefile', '/home/ubuntu/machinefile', '/home/ubuntu/repositorios/elastichpc/beta/trials/Matrix.py', '5000', '/home/ubuntu/teste.mtr_3']
1498503835.458356|PLATFORM: State = |0.142857149243|1.6|790|2|
1498503846.446658|PLATFORM: State = |0.142857149243|1.665|790|2|
1498503857.433911|PLATFORM: State = |0.142857149243|1.725|790|2|
1498503867.976195|PLATFORM: State = |0.142857149243|1.73|455.5|2|
1498503878.516094|PLATFORM: State = |0.142857149243|1.56|456|2|
1498503879.163759|COMPUTATION: End (MatrixSize, Iteration) = |5000|3|
1498503881.160480|COMPUTATION: Execution = Warning: Permanently added '10.10.10.4' (ECDSA) to the list of known hosts.
|None
1498503881.160876|COMPUTATION: Progress = 0.190476190476
1498503881.161006|COMPUTATION: Start (MatrixSize, Iteration) = |5000|4|
1498503881.161421|COMPUTATION: ['mpirun', '-n', '4', '-machinefile', '/home/ubuntu/machinefile', '/home/ubuntu/repositorios/elastichpc/beta/trials/Matrix.py', '5000', '/home/ubuntu/teste.mtr_4']
1498503889.451467|PLATFORM: State = |0.190476194024|1.555|789|2|
1498503900.371017|PLATFORM: State = |0.190476194024|1.62|789.5|2|
1498503911.371613|PLATFORM: State = |0.190476194024|1.685|790|2|
1498503922.100009|PLATFORM: State = |0.190476194024|1.735|726.5|2|
1498503932.655854|PLATFORM: State = |0.190476194024|1.585|456.5|2|
1498503935.259574|COMPUTATION: End (MatrixSize, Iteration) = |5000|4|
1498503936.932961|COMPUTATION: Execution = Warning: Permanently added '10.10.10.4' (ECDSA) to the list of known hosts.
|None
1498503936.933250|COMPUTATION: Progress = 0.238095238095
1498503936.933370|COMPUTATION: Start (MatrixSize, Iteration) = |6000|5|
1498503936.933669|COMPUTATION: ['mpirun', '-n', '4', '-machinefile', '/home/ubuntu/machinefile', '/home/ubuntu/repositorios/elastichpc/beta/trials/Matrix.py', '6000', '/home/ubuntu/teste.mtr_5']
1498503943.588476|PLATFORM: State = |0.238095238805|1.6|1084|2|
1498503954.531969|PLATFORM: State = |0.238095238805|1.66|1083.5|2|
1498503965.508517|PLATFORM: State = |0.238095238805|1.715|1084|2|
1498503976.484464|PLATFORM: State = |0.238095238805|1.76|1084|2|
1498503987.437191|PLATFORM: State = |0.238095238805|1.87|1083.5|2|
1498503998.399788|PLATFORM: State = |0.238095238805|1.89|1083.5|2|
1498504009.003357|PLATFORM: State = |0.238095238805|1.83|602.5|2|
1498504019.610011|PLATFORM: State = |0.238095238805|1.745|604|2|
1498504022.082026|COMPUTATION: End (MatrixSize, Iteration) = |6000|5|
1498504023.683657|COMPUTATION: Execution = Warning: Permanently added '10.10.10.4' (ECDSA) to the list of known hosts.
|None
1498504023.684006|COMPUTATION: Progress = 0.285714285714
1498504023.684167|COMPUTATION: Start (MatrixSize, Iteration) = |7000|6|
1498504023.684566|COMPUTATION: ['mpirun', '-n', '4', '-machinefile', '/home/ubuntu/machinefile', '/home/ubuntu/repositorios/elastichpc/beta/trials/Matrix.py', '7000', '/home/ubuntu/teste.mtr_6']
1498504030.589027|PLATFORM: State = |0.285714298487|1.745|1244.5|2|
1498504041.533926|PLATFORM: State = |0.285714298487|1.785|1432|2|
1498504052.454078|PLATFORM: State = |0.285714298487|1.815|1432.5|2|
1498504063.392373|PLATFORM: State = |0.285714298487|1.84|1432.5|2|
1498504074.334616|PLATFORM: State = |0.285714298487|1.92|1432.5|2|
1498504085.294630|PLATFORM: State = |0.285714298487|1.93|1432|2|
1498504096.263039|PLATFORM: State = |0.285714298487|1.94|1432.5|2|
1498504107.270718|PLATFORM: State = |0.285714298487|1.99|1432|2|
1498504118.211250|PLATFORM: State = |0.285714298487|1.99|1432|2|
1498504129.229542|PLATFORM: State = |0.285714298487|2.035|1432|2|
1498504139.771135|PLATFORM: State = |0.285714298487|1.91|777|2|
1498504150.381666|PLATFORM: State = |0.285714298487|1.735|778|2|
1498504160.007367|COMPUTATION: End (MatrixSize, Iteration) = |7000|6|
1498504160.844908|COMPUTATION: Execution = Warning: Permanently added '10.10.10.4' (ECDSA) to the list of known hosts.
|None
1498504160.845196|COMPUTATION: Progress = 0.333333333333
1498504160.845312|COMPUTATION: Start (MatrixSize, Iteration) = |8000|7|
1498504160.847299|COMPUTATION: ['mpirun', '-n', '4', '-machinefile', '/home/ubuntu/machinefile', '/home/ubuntu/repositorios/elastichpc/beta/trials/Matrix.py', '8000', '/home/ubuntu/teste.mtr_7']
1498504160.916017|PLATFORM: State = |0.285714298487|1.62|90.5|2|
1498504171.891276|PLATFORM: State = |0.333333343267|1.72|1834|2|
1498504182.846283|PLATFORM: State = |0.333333343267|1.765|1834|2|
1498504193.802272|PLATFORM: State = |0.333333343267|1.855|1834|2|
1498504204.784977|PLATFORM: State = |0.333333343267|1.88|1834|2|
1498504215.754688|PLATFORM: State = |0.333333343267|1.9|1833.5|2|
1498504226.685485|PLATFORM: State = |0.333333343267|1.915|1834.5|2|
1498504237.630036|PLATFORM: State = |0.333333343267|1.925|1834|2|
1498504248.597457|PLATFORM: State = |0.333333343267|1.935|1834|2|
1498504259.548661|PLATFORM: State = |0.333333343267|1.985|1834.5|2|
1498504270.530837|PLATFORM: State = |0.333333343267|1.985|1834|2|
1498504281.474803|PLATFORM: State = |0.333333343267|1.99|1834.5|2|
1498504292.439478|PLATFORM: State = |0.333333343267|2.07|1834|2|
1498504303.383466|PLATFORM: State = |0.333333343267|2.1|1834|2|
1498504314.277524|PLATFORM: State = |0.333333343267|2.125|1834|2|
1498504324.867898|PLATFORM: State = |0.333333343267|1.91|979|2|
1498504335.442881|PLATFORM: State = |0.333333343267|1.77|979|2|
1498504346.019869|PLATFORM: State = |0.333333343267|1.655|979|2|
1498504346.780186|COMPUTATION: End (MatrixSize, Iteration) = |8000|7|
1498504346.971469|COMPUTATION: Execution = Warning: Permanently added '10.10.10.4' (ECDSA) to the list of known hosts.
|None
1498504346.971828|COMPUTATION: Progress = 0.380952380952
1498504346.971954|COMPUTATION: Start (MatrixSize, Iteration) = |9000|8|
1498504346.972347|COMPUTATION: ['mpirun', '-n', '4', '-machinefile', '/home/ubuntu/machinefile', '/home/ubuntu/repositorios/elastichpc/beta/trials/Matrix.py', '9000', '/home/ubuntu/teste.mtr_8']
1498504356.927482|PLATFORM: State = |0.380952388048|1.71|1979|2|
1498504367.924721|PLATFORM: State = |0.380952388048|1.755|2288|2|
1498504378.881016|PLATFORM: State = |0.380952388048|1.85|2288|2|
1498504389.820169|PLATFORM: State = |0.380952388048|1.87|2288.5|2|
1498504400.773760|PLATFORM: State = |0.380952388048|1.89|2288.5|2|
1498504411.708979|PLATFORM: State = |0.380952388048|1.905|2288.5|2|
1498504422.696615|PLATFORM: State = |0.380952388048|1.92|2288.5|2|
1498504433.656080|PLATFORM: State = |0.380952388048|1.935|2288.5|2|
1498504444.607503|PLATFORM: State = |0.380952388048|1.95|2288.5|2|
1498504455.619939|PLATFORM: State = |0.380952388048|1.955|2288.5|2|
1498504466.531642|PLATFORM: State = |0.380952388048|1.965|2288.5|2|
1498504477.470360|PLATFORM: State = |0.380952388048|2.01|2288|2|
1498504488.450229|PLATFORM: State = |0.380952388048|2.01|2288|2|
1498504499.466476|PLATFORM: State = |0.380952388048|2.05|2288.5|2|
1498504510.409022|PLATFORM: State = |0.380952388048|2.04|2288.5|2|
1498504521.368656|PLATFORM: State = |0.380952388048|2.035|2288.5|2|
1498504532.310317|PLATFORM: State = |0.380952388048|2.145|2288.5|2|
1498504543.254303|PLATFORM: State = |0.380952388048|2.125|2288.5|2|
1498504554.180901|PLATFORM: State = |0.380952388048|2.185|2288|2|
1498504565.144481|PLATFORM: State = |0.380952388048|2.155|2288|2|
1498504575.715651|PLATFORM: State = |0.380952388048|2.13|1205.5|2|
1498504586.315994|PLATFORM: State = |0.380952388048|1.92|1205.5|2|
1498504596.920470|PLATFORM: State = |0.380952388048|1.735|1205.5|2|
1498504614.819381|COMPUTATION: End (MatrixSize, Iteration) = |9000|8|
1498504616.548882|COMPUTATION: Execution = Warning: Permanently added '10.10.10.4' (ECDSA) to the list of known hosts.
|None
1498504616.549235|COMPUTATION: Progress = 0.428571428571
1498504616.549371|COMPUTATION: Start (MatrixSize, Iteration) = |10000|9|
1498504616.551336|COMPUTATION: ['mpirun', '-n', '4', '-machinefile', '/home/ubuntu/machinefile', '/home/ubuntu/repositorios/elastichpc/beta/trials/Matrix.py', '10000', '/home/ubuntu/teste.mtr_9']
1498504617.477735|PLATFORM: State = |0.380952388048|1.615|107|2|
1498504628.429510|PLATFORM: State = |0.428571432829|1.675|2415|2|
1498504639.378060|PLATFORM: State = |0.428571432829|1.745|2797.5|2|
1498504650.334370|PLATFORM: State = |0.428571432829|1.785|2797|2|
1498504661.328970|PLATFORM: State = |0.428571432829|1.815|2796.5|2|
1498504672.276896|PLATFORM: State = |0.428571432829|1.885|2797|2|
1498504683.228565|PLATFORM: State = |0.428571432829|1.905|2797|2|
1498504694.180235|PLATFORM: State = |0.428571432829|1.965|2797|2|
1498504705.082280|PLATFORM: State = |0.428571432829|1.97|2796.5|2|
1498504716.074998|PLATFORM: State = |0.428571432829|1.975|2796.5|2|
1498504726.994106|PLATFORM: State = |0.428571432829|1.98|2796.5|2|
1498504737.931498|PLATFORM: State = |0.428571432829|2.06|2797|2|
1498504748.884108|PLATFORM: State = |0.428571432829|2.05|2797|2|
1498504759.811174|PLATFORM: State = |0.428571432829|2.125|2797|2|
1498504770.783010|PLATFORM: State = |0.428571432829|2.11|2797|2|
1498504781.728006|PLATFORM: State = |0.428571432829|2.09|2797|2|
1498504792.661319|PLATFORM: State = |0.428571432829|2.115|2796|2|
1498504803.575715|PLATFORM: State = |0.428571432829|2.095|2797|2|
1498504814.498161|PLATFORM: State = |0.428571432829|2.115|2796.5|2|
1498504825.433374|PLATFORM: State = |0.428571432829|2.095|2797|2|
1498504836.381791|PLATFORM: State = |0.428571432829|2.085|2797|2|
1498504847.295682|PLATFORM: State = |0.428571432829|2.105|2797|2|
1498504858.220628|PLATFORM: State = |0.428571432829|2.09|2797|2|
1498504869.166595|PLATFORM: State = |0.428571432829|2.115|2797|2|
1498504880.106485|PLATFORM: State = |0.428571432829|2.095|2797|2|
1498504891.094244|PLATFORM: State = |0.428571432829|2.08|2797|2|
1498504902.022753|PLATFORM: State = |0.428571432829|2.07|2797|2|
1498504912.998139|PLATFORM: State = |0.428571432829|2.015|2336|2|
1498504923.575646|PLATFORM: State = |0.428571432829|1.86|1460|2|
1498504935.220905|PLATFORM: State = |0.428571432829|1.59|1459.5|2|
1498504947.063684|PLATFORM: State = |0.428571432829|1.495|1459.5|2|
1498504958.161191|COMPUTATION: End (MatrixSize, Iteration) = |10000|9|
1498504958.303511|COMPUTATION: Execution = Warning: Permanently added '10.10.10.4' (ECDSA) to the list of known hosts.
|None
1498504958.303892|COMPUTATION: Progress = 0.47619047619
1498504958.304016|COMPUTATION: Start (MatrixSize, Iteration) = |10000|10|
1498504958.304384|COMPUTATION: ['mpirun', '-n', '4', '-machinefile', '/home/ubuntu/machinefile', '/home/ubuntu/repositorios/elastichpc/beta/trials/Matrix.py', '10000', '/home/ubuntu/teste.mtr_10']
1498504958.675829|PLATFORM: State = |0.428571432829|1.47|92|2|
1498504969.582194|PLATFORM: State = |0.47619047761|1.62|2414|2|
1498504980.536193|PLATFORM: State = |0.47619047761|1.68|2796.5|2|
1498504991.490311|PLATFORM: State = |0.47619047761|1.73|2796.5|2|
1498505002.429062|PLATFORM: State = |0.47619047761|1.855|2796|2|
1498505013.373014|PLATFORM: State = |0.47619047761|1.88|2796|2|
1498505024.332230|PLATFORM: State = |0.47619047761|1.945|2796|2|
1498505035.280890|PLATFORM: State = |0.47619047761|1.955|2796.5|2|
1498505046.225320|PLATFORM: State = |0.47619047761|1.965|2796|2|
1498505057.188963|PLATFORM: State = |0.47619047761|1.97|2796.5|2|
1498505068.122118|PLATFORM: State = |0.47619047761|2.055|2796.5|2|
1498505079.121275|PLATFORM: State = |0.47619047761|2.045|2796.5|2|
1498505090.040681|PLATFORM: State = |0.47619047761|2.08|2796.5|2|
1498505100.980942|PLATFORM: State = |0.47619047761|2.065|2796.5|2|
1498505111.919781|PLATFORM: State = |0.47619047761|2.06|2796.5|2|
1498505122.846972|PLATFORM: State = |0.47619047761|2.04|2796.5|2|
1498505133.801896|PLATFORM: State = |0.47619047761|2.035|2796.5|2|
1498505144.748969|PLATFORM: State = |0.47619047761|2.07|2796|2|
1498505155.693231|PLATFORM: State = |0.47619047761|2.055|2796|2|
1498505166.612798|PLATFORM: State = |0.47619047761|2.05|2796|2|
1498505177.537060|PLATFORM: State = |0.47619047761|2.08|2796|2|
1498505188.509342|PLATFORM: State = |0.47619047761|2.065|2796|2|
1498505199.481330|PLATFORM: State = |0.47619047761|2.135|2796.5|2|
1498505210.388880|PLATFORM: State = |0.47619047761|2.11|2796.5|2|
1498505221.329215|PLATFORM: State = |0.47619047761|2.095|2796.5|2|
1498505232.283995|PLATFORM: State = |0.47619047761|2.085|2796.5|2|
1498505243.185026|PLATFORM: State = |0.47619047761|2.025|2321|2|
1498505253.685126|PLATFORM: State = |0.47619047761|1.945|1842.5|2|
1498505264.243553|PLATFORM: State = |0.47619047761|1.76|1459.5|2|
1498505279.296403|PLATFORM: State = |0.47619047761|1.52|1459|2|
1498505289.851309|PLATFORM: State = |0.47619047761|1.43|1460|2|
1498505299.305578|COMPUTATION: End (MatrixSize, Iteration) = |10000|10|
1498505299.917857|COMPUTATION: Execution = Warning: Permanently added '10.10.10.4' (ECDSA) to the list of known hosts.
|None
1498505299.918134|COMPUTATION: Progress = 0.52380952381
1498505299.918257|COMPUTATION: Start (MatrixSize, Iteration) = |9000|11|
1498505299.918611|COMPUTATION: ['mpirun', '-n', '4', '-machinefile', '/home/ubuntu/machinefile', '/home/ubuntu/repositorios/elastichpc/beta/trials/Matrix.py', '9000', '/home/ubuntu/teste.mtr_11']
1498505300.587735|PLATFORM: State = |0.47619047761|1.29|91.5|2|
1498505311.523185|PLATFORM: State = |0.523809552193|1.36|1978.5|2|
1498505322.485596|PLATFORM: State = |0.523809552193|1.46|2287.5|2|
1498505333.425422|PLATFORM: State = |0.523809552193|1.715|2288|2|
1498505344.403554|PLATFORM: State = |0.523809552193|1.76|2288|2|
1498505355.376596|PLATFORM: State = |0.523809552193|1.855|2287|2|
1498505366.343963|PLATFORM: State = |0.523809552193|1.875|2287|2|
1498505377.298875|PLATFORM: State = |0.523809552193|1.895|2288|2|
1498505388.275256|PLATFORM: State = |0.523809552193|1.955|2287.5|2|
1498505399.266736|PLATFORM: State = |0.523809552193|1.96|2288|2|
1498505410.195291|PLATFORM: State = |0.523809552193|2.01|2288|2|
1498505421.167281|PLATFORM: State = |0.523809552193|2.01|2287.5|2|
1498505432.113558|PLATFORM: State = |0.523809552193|2.01|2288|2|
1498505443.057274|PLATFORM: State = |0.523809552193|2.125|2288|2|
1498505453.980749|PLATFORM: State = |0.523809552193|2.105|2287.5|2|
1498505464.924584|PLATFORM: State = |0.523809552193|2.13|2287.5|2|
1498505475.856476|PLATFORM: State = |0.523809552193|2.11|2288.5|2|
1498505486.788061|PLATFORM: State = |0.523809552193|2.09|2288|2|
1498505497.731481|PLATFORM: State = |0.523809552193|2.08|2287.5|2|
1498505508.637616|PLATFORM: State = |0.523809552193|2.06|2287.5|2|
1498505519.334564|PLATFORM: State = |0.523809552193|1.975|1963|2|
1498505529.830867|PLATFORM: State = |0.523809552193|1.75|1205.5|2|
1498505540.372486|PLATFORM: State = |0.523809552193|1.595|1205|2|
1498505559.752044|PLATFORM: State = |0.523809552193|1.58|1204|2|
1498505560.545613|COMPUTATION: End (MatrixSize, Iteration) = |9000|11|
1498505560.810167|COMPUTATION: Execution = Warning: Permanently added '10.10.10.4' (ECDSA) to the list of known hosts.
|None
1498505560.810593|COMPUTATION: Progress = 0.571428571429
1498505560.810723|COMPUTATION: Start (MatrixSize, Iteration) = |8000|12|
1498505560.811106|COMPUTATION: ['mpirun', '-n', '4', '-machinefile', '/home/ubuntu/machinefile', '/home/ubuntu/repositorios/elastichpc/beta/trials/Matrix.py', '8000', '/home/ubuntu/teste.mtr_12']
1498505570.661625|PLATFORM: State = |0.571428596973|1.68|1588.5|2|
1498505581.918205|PLATFORM: State = |0.571428596973|1.73|1833.5|2|
1498505592.890088|PLATFORM: State = |0.571428596973|1.81|1834.5|2|
1498505603.857537|PLATFORM: State = |0.571428596973|1.88|1834.5|2|
1498505614.853200|PLATFORM: State = |0.571428596973|1.95|1834|2|
1498505625.801167|PLATFORM: State = |0.571428596973|1.995|1834.5|2|
1498505636.741513|PLATFORM: State = |0.571428596973|1.995|1834|2|
1498505647.682150|PLATFORM: State = |0.571428596973|1.995|1834.5|2|
1498505658.641578|PLATFORM: State = |0.571428596973|1.995|1834|2|
1498505669.618946|PLATFORM: State = |0.571428596973|1.995|1834|2|
1498505680.572020|PLATFORM: State = |0.571428596973|2|1834.5|2|
1498505691.524775|PLATFORM: State = |0.571428596973|2|1834.5|2|
1498505702.511532|PLATFORM: State = |0.571428596973|2|1834|2|
1498505713.429758|PLATFORM: State = |0.571428596973|2.04|1834.5|2|
1498505724.397723|PLATFORM: State = |0.571428596973|2.03|1834.5|2|
1498505735.024033|PLATFORM: State = |0.571428596973|2.025|978.5|2|
1498505745.588364|PLATFORM: State = |0.571428596973|1.83|979|2|
1498505756.143992|PLATFORM: State = |0.571428596973|1.7|980|2|
1498505763.958600|COMPUTATION: End (MatrixSize, Iteration) = |8000|12|
1498505765.050809|COMPUTATION: Execution = Warning: Permanently added '10.10.10.4' (ECDSA) to the list of known hosts.
|None
1498505765.053729|COMPUTATION: Progress = 0.619047619048
1498505765.053863|COMPUTATION: Start (MatrixSize, Iteration) = |7000|13|
1498505765.054190|COMPUTATION: ['mpirun', '-n', '4', '-machinefile', '/home/ubuntu/machinefile', '/home/ubuntu/repositorios/elastichpc/beta/trials/Matrix.py', '7000', '/home/ubuntu/teste.mtr_13']
1498505767.088147|PLATFORM: State = |0.619047641754|1.595|1197.5|2|
1498505778.062114|PLATFORM: State = |0.619047641754|1.665|1432|2|
1498505788.994454|PLATFORM: State = |0.619047641754|1.715|1432|2|
1498505799.970643|PLATFORM: State = |0.619047641754|1.82|1432.5|2|
1498505810.924423|PLATFORM: State = |0.619047641754|1.845|1432|2|
1498505821.914136|PLATFORM: State = |0.619047641754|1.87|1430|2|
1498505832.902745|PLATFORM: State = |0.619047641754|1.89|1430.5|2|
1498505843.873861|PLATFORM: State = |0.619047641754|2.06|1430.5|2|
1498505854.865839|PLATFORM: State = |0.619047641754|2.05|1430.5|2|
1498505865.806814|PLATFORM: State = |0.619047641754|2.24|1430|2|
1498505876.736910|PLATFORM: State = |0.619047641754|2.2|1431|2|
1498505887.343818|PLATFORM: State = |0.619047641754|2.17|775.5|2|
1498505897.931715|PLATFORM: State = |0.619047641754|2.03|775.5|2|
1498505908.527781|PLATFORM: State = |0.619047641754|1.785|775.5|2|
1498505910.498157|COMPUTATION: End (MatrixSize, Iteration) = |7000|13|
1498505912.310369|COMPUTATION: Execution = Warning: Permanently added '10.10.10.4' (ECDSA) to the list of known hosts.
|None
1498505912.310580|COMPUTATION: Progress = 0.666666666667
1498505912.310636|COMPUTATION: Start (MatrixSize, Iteration) = |6000|14|
1498505912.310930|COMPUTATION: ['mpirun', '-n', '4', '-machinefile', '/home/ubuntu/machinefile', '/home/ubuntu/repositorios/elastichpc/beta/trials/Matrix.py', '6000', '/home/ubuntu/teste.mtr_14']
1498505919.437225|PLATFORM: State = |0.666666686535|1.74|1082|2|
1498505930.429217|PLATFORM: State = |0.666666686535|1.805|1082|2|
1498505941.361067|PLATFORM: State = |0.666666686535|1.83|1082.5|2|
1498505952.262113|PLATFORM: State = |0.666666686535|1.86|1082.5|2|
1498505963.295082|PLATFORM: State = |0.666666686535|1.92|1082|2|
1498505974.238527|PLATFORM: State = |0.666666686535|1.93|1082.5|2|
1498505985.217657|PLATFORM: State = |0.666666686535|2.03|1082.5|2|
1498505995.799856|PLATFORM: State = |0.666666686535|1.795|601|2|
1498506004.683885|COMPUTATION: End (MatrixSize, Iteration) = |6000|14|
1498506004.801570|COMPUTATION: Execution = Warning: Permanently added '10.10.10.4' (ECDSA) to the list of known hosts.
|None
1498506004.801729|COMPUTATION: Progress = 0.714285714286
1498506004.801773|COMPUTATION: Start (MatrixSize, Iteration) = |5000|15|
1498506004.801990|COMPUTATION: ['mpirun', '-n', '4', '-machinefile', '/home/ubuntu/machinefile', '/home/ubuntu/repositorios/elastichpc/beta/trials/Matrix.py', '5000', '/home/ubuntu/teste.mtr_15']
1498506006.736207|PLATFORM: State = |0.714285731316|1.67|688.5|2|
1498506017.773034|PLATFORM: State = |0.714285731316|1.725|787.5|2|
1498506028.736840|PLATFORM: State = |0.714285731316|1.815|787.5|2|
1498506039.690519|PLATFORM: State = |0.714285731316|1.84|788|2|
1498506050.259145|PLATFORM: State = |0.714285731316|1.795|453.5|2|
1498506056.696754|COMPUTATION: End (MatrixSize, Iteration) = |5000|15|
1498506058.564426|COMPUTATION: Execution = Warning: Permanently added '10.10.10.4' (ECDSA) to the list of known hosts.
|None
1498506058.564643|COMPUTATION: Progress = 0.761904761905
1498506058.564705|COMPUTATION: Start (MatrixSize, Iteration) = |5000|16|
1498506058.564980|COMPUTATION: ['mpirun', '-n', '4', '-machinefile', '/home/ubuntu/machinefile', '/home/ubuntu/repositorios/elastichpc/beta/trials/Matrix.py', '5000', '/home/ubuntu/teste.mtr_16']
1498506061.203371|PLATFORM: State = |0.761904776096|1.755|692.5|2|
1498506072.156190|PLATFORM: State = |0.761904776096|1.715|788.5|2|
1498506083.094108|PLATFORM: State = |0.761904776096|1.765|788|2|
1498506094.036754|PLATFORM: State = |0.761904776096|1.925|788.5|2|
1498506104.640249|PLATFORM: State = |0.761904776096|1.82|455|2|
1498506113.630421|COMPUTATION: End (MatrixSize, Iteration) = |5000|16|
1498506114.262784|COMPUTATION: Execution = Warning: Permanently added '10.10.10.4' (ECDSA) to the list of known hosts.
|None
1498506114.263000|COMPUTATION: Progress = 0.809523809524
1498506114.263049|COMPUTATION: Start (MatrixSize, Iteration) = |5000|17|
1498506114.263337|COMPUTATION: ['mpirun', '-n', '4', '-machinefile', '/home/ubuntu/machinefile', '/home/ubuntu/repositorios/elastichpc/beta/trials/Matrix.py', '5000', '/home/ubuntu/teste.mtr_17']
1498506115.652820|PLATFORM: State = |0.809523820877|1.795|652.5|2|
1498506126.732418|PLATFORM: State = |0.809523820877|1.825|787.5|2|
1498506137.685543|PLATFORM: State = |0.809523820877|1.85|788|2|
1498506148.668232|PLATFORM: State = |0.809523820877|2.075|787.5|2|
1498506159.259341|PLATFORM: State = |0.809523820877|2.025|453.5|2|
1498506167.557499|COMPUTATION: End (MatrixSize, Iteration) = |5000|17|
1498506169.511247|COMPUTATION: Execution = Warning: Permanently added '10.10.10.4' (ECDSA) to the list of known hosts.
|None
1498506169.511429|COMPUTATION: Progress = 0.857142857143
1498506169.511485|COMPUTATION: Start (MatrixSize, Iteration) = |5000|18|
1498506169.511735|COMPUTATION: ['mpirun', '-n', '4', '-machinefile', '/home/ubuntu/machinefile', '/home/ubuntu/repositorios/elastichpc/beta/trials/Matrix.py', '5000', '/home/ubuntu/teste.mtr_18']
1498506169.831408|PLATFORM: State = |0.809523820877|1.945|88.5|2|
1498506180.836780|PLATFORM: State = |0.857142865658|2.005|787.5|2|
1498506191.903377|PLATFORM: State = |0.857142865658|2.005|787.5|2|
1498506202.868572|PLATFORM: State = |0.857142865658|2.005|787.5|2|
1498506213.394567|PLATFORM: State = |0.857142865658|2|453.5|2|
1498506223.328213|COMPUTATION: End (MatrixSize, Iteration) = |5000|18|
1498506223.950160|PLATFORM: State = |0.857142865658|1.85|89|2|
1498506224.566399|COMPUTATION: Execution = Warning: Permanently added '10.10.10.4' (ECDSA) to the list of known hosts.
|None
1498506224.569156|COMPUTATION: Progress = 0.904761904762
1498506224.569222|COMPUTATION: Start (MatrixSize, Iteration) = |5000|19|
1498506224.570834|COMPUTATION: ['mpirun', '-n', '4', '-machinefile', '/home/ubuntu/machinefile', '/home/ubuntu/repositorios/elastichpc/beta/trials/Matrix.py', '5000', '/home/ubuntu/teste.mtr_19']
1498506234.934022|PLATFORM: State = |0.904761910439|1.87|787.5|2|
1498506245.918149|PLATFORM: State = |0.904761910439|1.94|788|2|
1498506256.869850|PLATFORM: State = |0.904761910439|1.95|787.5|2|
1498506267.387009|PLATFORM: State = |0.904761910439|1.96|453.5|2|
1498506277.372161|COMPUTATION: End (MatrixSize, Iteration) = |5000|19|
1498506277.944762|PLATFORM: State = |0.904761910439|1.73|89|2|
1498506279.189670|COMPUTATION: Execution = Warning: Permanently added '10.10.10.4' (ECDSA) to the list of known hosts.
|None
1498506279.189892|COMPUTATION: Progress = 0.952380952381
1498506279.189941|COMPUTATION: Start (MatrixSize, Iteration) = |5000|20|
1498506279.190424|COMPUTATION: ['mpirun', '-n', '4', '-machinefile', '/home/ubuntu/machinefile', '/home/ubuntu/repositorios/elastichpc/beta/trials/Matrix.py', '5000', '/home/ubuntu/teste.mtr_20']
1498506288.898108|PLATFORM: State = |0.952380955219|1.82|788.5|2|
1498506299.880752|PLATFORM: State = |0.952380955219|1.85|788.5|2|
1498506310.844525|PLATFORM: State = |0.952380955219|1.92|789|2|
1498506321.439781|PLATFORM: State = |0.952380955219|1.85|455|2|
1498506331.794859|COMPUTATION: End (MatrixSize, Iteration) = |5000|20|
1498506332.056265|PLATFORM: State = |0.952380955219|1.645|455.5|2|
1498506333.210926|COMPUTATION: Execution = Warning: Permanently added '10.10.10.4' (ECDSA) to the list of known hosts.
|None
1498506333.211176|COMPUTATION: Progress = 1.0
1498506333.211494|COMPUTATION: Finish Computation.
1498506342.620923|PLATFORM: State = |1.0|1.39|84.5|2|
1498506342.621717|PLATFORM: Finish Platform.
1498506342.624731|PLATFORM: Elapsed = 2670.1223011
1498506342.625522|PLATFORM: Execution Log = [(1498503672.498518, {'compute_state': 0.0, 'resource_state': '0.215|789.5', 'nodes': 2}), (1498503683.465938, {'compute_state': 0.0, 'resource_state': '0.595|789.5', 'nodes': 2}), (1498503694.402554, {'compute_state': 0.0, 'resource_state': '0.815|789.5', 'nodes': 2}), (1498503705.328432, {'compute_state': 0.0, 'resource_state': '0.995|671.5', 'nodes': 2}), (1498503715.915845, {'compute_state': 0.0, 'resource_state': '0.915|456', 'nodes': 2}), (1498503726.896864, {'compute_state': 0.0476190485060215, 'resource_state': '1.13|790.5', 'nodes': 2}), (1498503737.857023, {'compute_state': 0.0476190485060215, 'resource_state': '1.26|790', 'nodes': 2}), (1498503748.781209, {'compute_state': 0.0476190485060215, 'resource_state': '1.44|790', 'nodes': 2}), (1498503759.442595, {'compute_state': 0.0476190485060215, 'resource_state': '1.49|450', 'nodes': 2}), (1498503770.013856, {'compute_state': 0.0476190485060215, 'resource_state': '1.415|90.5', 'nodes': 2}), (1498503780.989917, {'compute_state': 0.095238097012043, 'resource_state': '1.465|790', 'nodes': 2}), (1498503791.950506, {'compute_state': 0.095238097012043, 'resource_state': '1.605|790.5', 'nodes': 2}), (1498503802.971528, {'compute_state': 0.095238097012043, 'resource_state': '1.67|790', 'nodes': 2}), (1498503813.958469, {'compute_state': 0.095238097012043, 'resource_state': '1.77|790.5', 'nodes': 2}), (1498503824.51551, {'compute_state': 0.095238097012043, 'resource_state': '1.615|456', 'nodes': 2}), (1498503835.458247, {'compute_state': 0.1428571492433548, 'resource_state': '1.6|790', 'nodes': 2}), (1498503846.446581, {'compute_state': 0.1428571492433548, 'resource_state': '1.665|790', 'nodes': 2}), (1498503857.433807, {'compute_state': 0.1428571492433548, 'resource_state': '1.725|790', 'nodes': 2}), (1498503867.976115, {'compute_state': 0.1428571492433548, 'resource_state': '1.73|455.5', 'nodes': 2}), (1498503878.515996, {'compute_state': 0.1428571492433548, 'resource_state': '1.56|456', 'nodes': 2}), (1498503889.451365, {'compute_state': 0.190476194024086, 'resource_state': '1.555|789', 'nodes': 2}), (1498503900.370922, {'compute_state': 0.190476194024086, 'resource_state': '1.62|789.5', 'nodes': 2}), (1498503911.370568, {'compute_state': 0.190476194024086, 'resource_state': '1.685|790', 'nodes': 2}), (1498503922.099934, {'compute_state': 0.190476194024086, 'resource_state': '1.735|726.5', 'nodes': 2}), (1498503932.65578, {'compute_state': 0.190476194024086, 'resource_state': '1.585|456.5', 'nodes': 2}), (1498503943.588395, {'compute_state': 0.2380952388048172, 'resource_state': '1.6|1084', 'nodes': 2}), (1498503954.531892, {'compute_state': 0.2380952388048172, 'resource_state': '1.66|1083.5', 'nodes': 2}), (1498503965.508441, {'compute_state': 0.2380952388048172, 'resource_state': '1.715|1084', 'nodes': 2}), (1498503976.484361, {'compute_state': 0.2380952388048172, 'resource_state': '1.76|1084', 'nodes': 2}), (1498503987.437104, {'compute_state': 0.2380952388048172, 'resource_state': '1.87|1083.5', 'nodes': 2}), (1498503998.399711, {'compute_state': 0.2380952388048172, 'resource_state': '1.89|1083.5', 'nodes': 2}), (1498504009.003278, {'compute_state': 0.2380952388048172, 'resource_state': '1.83|602.5', 'nodes': 2}), (1498504019.609941, {'compute_state': 0.2380952388048172, 'resource_state': '1.745|604', 'nodes': 2}), (1498504030.58895, {'compute_state': 0.2857142984867096, 'resource_state': '1.745|1244.5', 'nodes': 2}), (1498504041.533815, {'compute_state': 0.2857142984867096, 'resource_state': '1.785|1432', 'nodes': 2}), (1498504052.453985, {'compute_state': 0.2857142984867096, 'resource_state': '1.815|1432.5', 'nodes': 2}), (1498504063.392225, {'compute_state': 0.2857142984867096, 'resource_state': '1.84|1432.5', 'nodes': 2}), (1498504074.3345, {'compute_state': 0.2857142984867096, 'resource_state': '1.92|1432.5', 'nodes': 2}), (1498504085.294541, {'compute_state': 0.2857142984867096, 'resource_state': '1.93|1432', 'nodes': 2}), (1498504096.262932, {'compute_state': 0.2857142984867096, 'resource_state': '1.94|1432.5', 'nodes': 2}), (1498504107.27061, {'compute_state': 0.2857142984867096, 'resource_state': '1.99|1432', 'nodes': 2}), (1498504118.211166, {'compute_state': 0.2857142984867096, 'resource_state': '1.99|1432', 'nodes': 2}), (1498504129.227542, {'compute_state': 0.2857142984867096, 'resource_state': '2.035|1432', 'nodes': 2}), (1498504139.771051, {'compute_state': 0.2857142984867096, 'resource_state': '1.91|777', 'nodes': 2}), (1498504150.381567, {'compute_state': 0.2857142984867096, 'resource_state': '1.735|778', 'nodes': 2}), (1498504160.915904, {'compute_state': 0.2857142984867096, 'resource_state': '1.62|90.5', 'nodes': 2}), (1498504171.891183, {'compute_state': 0.3333333432674408, 'resource_state': '1.72|1834', 'nodes': 2}), (1498504182.846186, {'compute_state': 0.3333333432674408, 'resource_state': '1.765|1834', 'nodes': 2}), (1498504193.802193, {'compute_state': 0.3333333432674408, 'resource_state': '1.855|1834', 'nodes': 2}), (1498504204.78487, {'compute_state': 0.3333333432674408, 'resource_state': '1.88|1834', 'nodes': 2}), (1498504215.754597, {'compute_state': 0.3333333432674408, 'resource_state': '1.9|1833.5', 'nodes': 2}), (1498504226.685407, {'compute_state': 0.3333333432674408, 'resource_state': '1.915|1834.5', 'nodes': 2}), (1498504237.629912, {'compute_state': 0.3333333432674408, 'resource_state': '1.925|1834', 'nodes': 2}), (1498504248.597382, {'compute_state': 0.3333333432674408, 'resource_state': '1.935|1834', 'nodes': 2}), (1498504259.548569, {'compute_state': 0.3333333432674408, 'resource_state': '1.985|1834.5', 'nodes': 2}), (1498504270.530727, {'compute_state': 0.3333333432674408, 'resource_state': '1.985|1834', 'nodes': 2}), (1498504281.474704, {'compute_state': 0.3333333432674408, 'resource_state': '1.99|1834.5', 'nodes': 2}), (1498504292.439393, {'compute_state': 0.3333333432674408, 'resource_state': '2.07|1834', 'nodes': 2}), (1498504303.383379, {'compute_state': 0.3333333432674408, 'resource_state': '2.1|1834', 'nodes': 2}), (1498504314.277437, {'compute_state': 0.3333333432674408, 'resource_state': '2.125|1834', 'nodes': 2}), (1498504324.867805, {'compute_state': 0.3333333432674408, 'resource_state': '1.91|979', 'nodes': 2}), (1498504335.442809, {'compute_state': 0.3333333432674408, 'resource_state': '1.77|979', 'nodes': 2}), (1498504346.019773, {'compute_state': 0.3333333432674408, 'resource_state': '1.655|979', 'nodes': 2}), (1498504356.927373, {'compute_state': 0.380952388048172, 'resource_state': '1.71|1979', 'nodes': 2}), (1498504367.924606, {'compute_state': 0.380952388048172, 'resource_state': '1.755|2288', 'nodes': 2}), (1498504378.880939, {'compute_state': 0.380952388048172, 'resource_state': '1.85|2288', 'nodes': 2}), (1498504389.820093, {'compute_state': 0.380952388048172, 'resource_state': '1.87|2288.5', 'nodes': 2}), (1498504400.773661, {'compute_state': 0.380952388048172, 'resource_state': '1.89|2288.5', 'nodes': 2}), (1498504411.708905, {'compute_state': 0.380952388048172, 'resource_state': '1.905|2288.5', 'nodes': 2}), (1498504422.696541, {'compute_state': 0.380952388048172, 'resource_state': '1.92|2288.5', 'nodes': 2}), (1498504433.655989, {'compute_state': 0.380952388048172, 'resource_state': '1.935|2288.5', 'nodes': 2}), (1498504444.607427, {'compute_state': 0.380952388048172, 'resource_state': '1.95|2288.5', 'nodes': 2}), (1498504455.619852, {'compute_state': 0.380952388048172, 'resource_state': '1.955|2288.5', 'nodes': 2}), (1498504466.531558, {'compute_state': 0.380952388048172, 'resource_state': '1.965|2288.5', 'nodes': 2}), (1498504477.470262, {'compute_state': 0.380952388048172, 'resource_state': '2.01|2288', 'nodes': 2}), (1498504488.450113, {'compute_state': 0.380952388048172, 'resource_state': '2.01|2288', 'nodes': 2}), (1498504499.466355, {'compute_state': 0.380952388048172, 'resource_state': '2.05|2288.5', 'nodes': 2}), (1498504510.408946, {'compute_state': 0.380952388048172, 'resource_state': '2.04|2288.5', 'nodes': 2}), (1498504521.368565, {'compute_state': 0.380952388048172, 'resource_state': '2.035|2288.5', 'nodes': 2}), (1498504532.310224, {'compute_state': 0.380952388048172, 'resource_state': '2.145|2288.5', 'nodes': 2}), (1498504543.254217, {'compute_state': 0.380952388048172, 'resource_state': '2.125|2288.5', 'nodes': 2}), (1498504554.180811, {'compute_state': 0.380952388048172, 'resource_state': '2.185|2288', 'nodes': 2}), (1498504565.14439, {'compute_state': 0.380952388048172, 'resource_state': '2.155|2288', 'nodes': 2}), (1498504575.715553, {'compute_state': 0.380952388048172, 'resource_state': '2.13|1205.5', 'nodes': 2}), (1498504586.315883, {'compute_state': 0.380952388048172, 'resource_state': '1.92|1205.5', 'nodes': 2}), (1498504596.920354, {'compute_state': 0.380952388048172, 'resource_state': '1.735|1205.5', 'nodes': 2}), (1498504617.47765, {'compute_state': 0.380952388048172, 'resource_state': '1.615|107', 'nodes': 2}), (1498504628.429433, {'compute_state': 0.4285714328289032, 'resource_state': '1.675|2415', 'nodes': 2}), (1498504639.377981, {'compute_state': 0.4285714328289032, 'resource_state': '1.745|2797.5', 'nodes': 2}), (1498504650.334265, {'compute_state': 0.4285714328289032, 'resource_state': '1.785|2797', 'nodes': 2}), (1498504661.328864, {'compute_state': 0.4285714328289032, 'resource_state': '1.815|2796.5', 'nodes': 2}), (1498504672.276811, {'compute_state': 0.4285714328289032, 'resource_state': '1.885|2797', 'nodes': 2}), (1498504683.228488, {'compute_state': 0.4285714328289032, 'resource_state': '1.905|2797', 'nodes': 2}), (1498504694.180159, {'compute_state': 0.4285714328289032, 'resource_state': '1.965|2797', 'nodes': 2}), (1498504705.082203, {'compute_state': 0.4285714328289032, 'resource_state': '1.97|2796.5', 'nodes': 2}), (1498504716.073547, {'compute_state': 0.4285714328289032, 'resource_state': '1.975|2796.5', 'nodes': 2}), (1498504726.994015, {'compute_state': 0.4285714328289032, 'resource_state': '1.98|2796.5', 'nodes': 2}), (1498504737.931418, {'compute_state': 0.4285714328289032, 'resource_state': '2.06|2797', 'nodes': 2}), (1498504748.884029, {'compute_state': 0.4285714328289032, 'resource_state': '2.05|2797', 'nodes': 2}), (1498504759.811099, {'compute_state': 0.4285714328289032, 'resource_state': '2.125|2797', 'nodes': 2}), (1498504770.782915, {'compute_state': 0.4285714328289032, 'resource_state': '2.11|2797', 'nodes': 2}), (1498504781.727913, {'compute_state': 0.4285714328289032, 'resource_state': '2.09|2797', 'nodes': 2}), (1498504792.661244, {'compute_state': 0.4285714328289032, 'resource_state': '2.115|2796', 'nodes': 2}), (1498504803.575635, {'compute_state': 0.4285714328289032, 'resource_state': '2.095|2797', 'nodes': 2}), (1498504814.498081, {'compute_state': 0.4285714328289032, 'resource_state': '2.115|2796.5', 'nodes': 2}), (1498504825.433271, {'compute_state': 0.4285714328289032, 'resource_state': '2.095|2797', 'nodes': 2}), (1498504836.381711, {'compute_state': 0.4285714328289032, 'resource_state': '2.085|2797', 'nodes': 2}), (1498504847.295592, {'compute_state': 0.4285714328289032, 'resource_state': '2.105|2797', 'nodes': 2}), (1498504858.220553, {'compute_state': 0.4285714328289032, 'resource_state': '2.09|2797', 'nodes': 2}), (1498504869.166502, {'compute_state': 0.4285714328289032, 'resource_state': '2.115|2797', 'nodes': 2}), (1498504880.106369, {'compute_state': 0.4285714328289032, 'resource_state': '2.095|2797', 'nodes': 2}), (1498504891.094149, {'compute_state': 0.4285714328289032, 'resource_state': '2.08|2797', 'nodes': 2}), (1498504902.022663, {'compute_state': 0.4285714328289032, 'resource_state': '2.07|2797', 'nodes': 2}), (1498504912.998058, {'compute_state': 0.4285714328289032, 'resource_state': '2.015|2336', 'nodes': 2}), (1498504923.575508, {'compute_state': 0.4285714328289032, 'resource_state': '1.86|1460', 'nodes': 2}), (1498504935.220273, {'compute_state': 0.4285714328289032, 'resource_state': '1.59|1459.5', 'nodes': 2}), (1498504947.0636, {'compute_state': 0.4285714328289032, 'resource_state': '1.495|1459.5', 'nodes': 2}), (1498504958.675712, {'compute_state': 0.4285714328289032, 'resource_state': '1.47|92', 'nodes': 2}), (1498504969.582121, {'compute_state': 0.4761904776096344, 'resource_state': '1.62|2414', 'nodes': 2}), (1498504980.536105, {'compute_state': 0.4761904776096344, 'resource_state': '1.68|2796.5', 'nodes': 2}), (1498504991.490226, {'compute_state': 0.4761904776096344, 'resource_state': '1.73|2796.5', 'nodes': 2}), (1498505002.428982, {'compute_state': 0.4761904776096344, 'resource_state': '1.855|2796', 'nodes': 2}), (1498505013.372938, {'compute_state': 0.4761904776096344, 'resource_state': '1.88|2796', 'nodes': 2}), (1498505024.332147, {'compute_state': 0.4761904776096344, 'resource_state': '1.945|2796', 'nodes': 2}), (1498505035.280813, {'compute_state': 0.4761904776096344, 'resource_state': '1.955|2796.5', 'nodes': 2}), (1498505046.225215, {'compute_state': 0.4761904776096344, 'resource_state': '1.965|2796', 'nodes': 2}), (1498505057.188869, {'compute_state': 0.4761904776096344, 'resource_state': '1.97|2796.5', 'nodes': 2}), (1498505068.122038, {'compute_state': 0.4761904776096344, 'resource_state': '2.055|2796.5', 'nodes': 2}), (1498505079.121197, {'compute_state': 0.4761904776096344, 'resource_state': '2.045|2796.5', 'nodes': 2}), (1498505090.039848, {'compute_state': 0.4761904776096344, 'resource_state': '2.08|2796.5', 'nodes': 2}), (1498505100.980869, {'compute_state': 0.4761904776096344, 'resource_state': '2.065|2796.5', 'nodes': 2}), (1498505111.919212, {'compute_state': 0.4761904776096344, 'resource_state': '2.06|2796.5', 'nodes': 2}), (1498505122.846898, {'compute_state': 0.4761904776096344, 'resource_state': '2.04|2796.5', 'nodes': 2}), (1498505133.801822, {'compute_state': 0.4761904776096344, 'resource_state': '2.035|2796.5', 'nodes': 2}), (1498505144.748887, {'compute_state': 0.4761904776096344, 'resource_state': '2.07|2796', 'nodes': 2}), (1498505155.69315, {'compute_state': 0.4761904776096344, 'resource_state': '2.055|2796', 'nodes': 2}), (1498505166.612693, {'compute_state': 0.4761904776096344, 'resource_state': '2.05|2796', 'nodes': 2}), (1498505177.536985, {'compute_state': 0.4761904776096344, 'resource_state': '2.08|2796', 'nodes': 2}), (1498505188.509254, {'compute_state': 0.4761904776096344, 'resource_state': '2.065|2796', 'nodes': 2}), (1498505199.481254, {'compute_state': 0.4761904776096344, 'resource_state': '2.135|2796.5', 'nodes': 2}), (1498505210.388776, {'compute_state': 0.4761904776096344, 'resource_state': '2.11|2796.5', 'nodes': 2}), (1498505221.329109, {'compute_state': 0.4761904776096344, 'resource_state': '2.095|2796.5', 'nodes': 2}), (1498505232.283917, {'compute_state': 0.4761904776096344, 'resource_state': '2.085|2796.5', 'nodes': 2}), (1498505243.184955, {'compute_state': 0.4761904776096344, 'resource_state': '2.025|2321', 'nodes': 2}), (1498505253.685031, {'compute_state': 0.4761904776096344, 'resource_state': '1.945|1842.5', 'nodes': 2}), (1498505264.243461, {'compute_state': 0.4761904776096344, 'resource_state': '1.76|1459.5', 'nodes': 2}), (1498505279.296332, {'compute_state': 0.4761904776096344, 'resource_state': '1.52|1459', 'nodes': 2}), (1498505289.85123, {'compute_state': 0.4761904776096344, 'resource_state': '1.43|1460', 'nodes': 2}), (1498505300.587652, {'compute_state': 0.4761904776096344, 'resource_state': '1.29|91.5', 'nodes': 2}), (1498505311.522631, {'compute_state': 0.523809552192688, 'resource_state': '1.36|1978.5', 'nodes': 2}), (1498505322.485482, {'compute_state': 0.523809552192688, 'resource_state': '1.46|2287.5', 'nodes': 2}), (1498505333.425335, {'compute_state': 0.523809552192688, 'resource_state': '1.715|2288', 'nodes': 2}), (1498505344.403069, {'compute_state': 0.523809552192688, 'resource_state': '1.76|2288', 'nodes': 2}), (1498505355.376509, {'compute_state': 0.523809552192688, 'resource_state': '1.855|2287', 'nodes': 2}), (1498505366.343876, {'compute_state': 0.523809552192688, 'resource_state': '1.875|2287', 'nodes': 2}), (1498505377.298677, {'compute_state': 0.523809552192688, 'resource_state': '1.895|2288', 'nodes': 2}), (1498505388.27516, {'compute_state': 0.523809552192688, 'resource_state': '1.955|2287.5', 'nodes': 2}), (1498505399.266661, {'compute_state': 0.523809552192688, 'resource_state': '1.96|2288', 'nodes': 2}), (1498505410.195217, {'compute_state': 0.523809552192688, 'resource_state': '2.01|2288', 'nodes': 2}), (1498505421.167208, {'compute_state': 0.523809552192688, 'resource_state': '2.01|2287.5', 'nodes': 2}), (1498505432.113481, {'compute_state': 0.523809552192688, 'resource_state': '2.01|2288', 'nodes': 2}), (1498505443.057175, {'compute_state': 0.523809552192688, 'resource_state': '2.125|2288', 'nodes': 2}), (1498505453.980655, {'compute_state': 0.523809552192688, 'resource_state': '2.105|2287.5', 'nodes': 2}), (1498505464.924497, {'compute_state': 0.523809552192688, 'resource_state': '2.13|2287.5', 'nodes': 2}), (1498505475.856382, {'compute_state': 0.523809552192688, 'resource_state': '2.11|2288.5', 'nodes': 2}), (1498505486.787966, {'compute_state': 0.523809552192688, 'resource_state': '2.09|2288', 'nodes': 2}), (1498505497.731394, {'compute_state': 0.523809552192688, 'resource_state': '2.08|2287.5', 'nodes': 2}), (1498505508.637522, {'compute_state': 0.523809552192688, 'resource_state': '2.06|2287.5', 'nodes': 2}), (1498505519.334487, {'compute_state': 0.523809552192688, 'resource_state': '1.975|1963', 'nodes': 2}), (1498505529.830797, {'compute_state': 0.523809552192688, 'resource_state': '1.75|1205.5', 'nodes': 2}), (1498505540.372416, {'compute_state': 0.523809552192688, 'resource_state': '1.595|1205', 'nodes': 2}), (1498505559.751951, {'compute_state': 0.523809552192688, 'resource_state': '1.58|1204', 'nodes': 2}), (1498505570.661532, {'compute_state': 0.5714285969734192, 'resource_state': '1.68|1588.5', 'nodes': 2}), (1498505581.91811, {'compute_state': 0.5714285969734192, 'resource_state': '1.73|1833.5', 'nodes': 2}), (1498505592.889983, {'compute_state': 0.5714285969734192, 'resource_state': '1.81|1834.5', 'nodes': 2}), (1498505603.857421, {'compute_state': 0.5714285969734192, 'resource_state': '1.88|1834.5', 'nodes': 2}), (1498505614.853102, {'compute_state': 0.5714285969734192, 'resource_state': '1.95|1834', 'nodes': 2}), (1498505625.800497, {'compute_state': 0.5714285969734192, 'resource_state': '1.995|1834.5', 'nodes': 2}), (1498505636.740787, {'compute_state': 0.5714285969734192, 'resource_state': '1.995|1834', 'nodes': 2}), (1498505647.682053, {'compute_state': 0.5714285969734192, 'resource_state': '1.995|1834.5', 'nodes': 2}), (1498505658.641486, {'compute_state': 0.5714285969734192, 'resource_state': '1.995|1834', 'nodes': 2}), (1498505669.618858, {'compute_state': 0.5714285969734192, 'resource_state': '1.995|1834', 'nodes': 2}), (1498505680.571912, {'compute_state': 0.5714285969734192, 'resource_state': '2|1834.5', 'nodes': 2}), (1498505691.524689, {'compute_state': 0.5714285969734192, 'resource_state': '2|1834.5', 'nodes': 2}), (1498505702.511444, {'compute_state': 0.5714285969734192, 'resource_state': '2|1834', 'nodes': 2}), (1498505713.429669, {'compute_state': 0.5714285969734192, 'resource_state': '2.04|1834.5', 'nodes': 2}), (1498505724.397626, {'compute_state': 0.5714285969734192, 'resource_state': '2.03|1834.5', 'nodes': 2}), (1498505735.023951, {'compute_state': 0.5714285969734192, 'resource_state': '2.025|978.5', 'nodes': 2}), (1498505745.588273, {'compute_state': 0.5714285969734192, 'resource_state': '1.83|979', 'nodes': 2}), (1498505756.143917, {'compute_state': 0.5714285969734192, 'resource_state': '1.7|980', 'nodes': 2}), (1498505767.088058, {'compute_state': 0.6190476417541504, 'resource_state': '1.595|1197.5', 'nodes': 2}), (1498505778.062035, {'compute_state': 0.6190476417541504, 'resource_state': '1.665|1432', 'nodes': 2}), (1498505788.994325, {'compute_state': 0.6190476417541504, 'resource_state': '1.715|1432', 'nodes': 2}), (1498505799.970552, {'compute_state': 0.6190476417541504, 'resource_state': '1.82|1432.5', 'nodes': 2}), (1498505810.924331, {'compute_state': 0.6190476417541504, 'resource_state': '1.845|1432', 'nodes': 2}), (1498505821.914031, {'compute_state': 0.6190476417541504, 'resource_state': '1.87|1430', 'nodes': 2}), (1498505832.902647, {'compute_state': 0.6190476417541504, 'resource_state': '1.89|1430.5', 'nodes': 2}), (1498505843.873777, {'compute_state': 0.6190476417541504, 'resource_state': '2.06|1430.5', 'nodes': 2}), (1498505854.865734, {'compute_state': 0.6190476417541504, 'resource_state': '2.05|1430.5', 'nodes': 2}), (1498505865.806697, {'compute_state': 0.6190476417541504, 'resource_state': '2.24|1430', 'nodes': 2}), (1498505876.736822, {'compute_state': 0.6190476417541504, 'resource_state': '2.2|1431', 'nodes': 2}), (1498505887.343737, {'compute_state': 0.6190476417541504, 'resource_state': '2.17|775.5', 'nodes': 2}), (1498505897.931632, {'compute_state': 0.6190476417541504, 'resource_state': '2.03|775.5', 'nodes': 2}), (1498505908.527702, {'compute_state': 0.6190476417541504, 'resource_state': '1.785|775.5', 'nodes': 2}), (1498505919.437115, {'compute_state': 0.6666666865348816, 'resource_state': '1.74|1082', 'nodes': 2}), (1498505930.429133, {'compute_state': 0.6666666865348816, 'resource_state': '1.805|1082', 'nodes': 2}), (1498505941.360978, {'compute_state': 0.6666666865348816, 'resource_state': '1.83|1082.5', 'nodes': 2}), (1498505952.262032, {'compute_state': 0.6666666865348816, 'resource_state': '1.86|1082.5', 'nodes': 2}), (1498505963.294979, {'compute_state': 0.6666666865348816, 'resource_state': '1.92|1082', 'nodes': 2}), (1498505974.238435, {'compute_state': 0.6666666865348816, 'resource_state': '1.93|1082.5', 'nodes': 2}), (1498505985.217575, {'compute_state': 0.6666666865348816, 'resource_state': '2.03|1082.5', 'nodes': 2}), (1498505995.799733, {'compute_state': 0.6666666865348816, 'resource_state': '1.795|601', 'nodes': 2}), (1498506006.736111, {'compute_state': 0.7142857313156128, 'resource_state': '1.67|688.5', 'nodes': 2}), (1498506017.772935, {'compute_state': 0.7142857313156128, 'resource_state': '1.725|787.5', 'nodes': 2}), (1498506028.736764, {'compute_state': 0.7142857313156128, 'resource_state': '1.815|787.5', 'nodes': 2}), (1498506039.690443, {'compute_state': 0.7142857313156128, 'resource_state': '1.84|788', 'nodes': 2}), (1498506050.259074, {'compute_state': 0.7142857313156128, 'resource_state': '1.795|453.5', 'nodes': 2}), (1498506061.203299, {'compute_state': 0.761904776096344, 'resource_state': '1.755|692.5', 'nodes': 2}), (1498506072.156115, {'compute_state': 0.761904776096344, 'resource_state': '1.715|788.5', 'nodes': 2}), (1498506083.094031, {'compute_state': 0.761904776096344, 'resource_state': '1.765|788', 'nodes': 2}), (1498506094.036672, {'compute_state': 0.761904776096344, 'resource_state': '1.925|788.5', 'nodes': 2}), (1498506104.640134, {'compute_state': 0.761904776096344, 'resource_state': '1.82|455', 'nodes': 2}), (1498506115.65271, {'compute_state': 0.8095238208770752, 'resource_state': '1.795|652.5', 'nodes': 2}), (1498506126.732331, {'compute_state': 0.8095238208770752, 'resource_state': '1.825|787.5', 'nodes': 2}), (1498506137.685443, {'compute_state': 0.8095238208770752, 'resource_state': '1.85|788', 'nodes': 2}), (1498506148.668154, {'compute_state': 0.8095238208770752, 'resource_state': '2.075|787.5', 'nodes': 2}), (1498506159.259268, {'compute_state': 0.8095238208770752, 'resource_state': '2.025|453.5', 'nodes': 2}), (1498506169.831326, {'compute_state': 0.8095238208770752, 'resource_state': '1.945|88.5', 'nodes': 2}), (1498506180.836687, {'compute_state': 0.8571428656578064, 'resource_state': '2.005|787.5', 'nodes': 2}), (1498506191.903287, {'compute_state': 0.8571428656578064, 'resource_state': '2.005|787.5', 'nodes': 2}), (1498506202.868487, {'compute_state': 0.8571428656578064, 'resource_state': '2.005|787.5', 'nodes': 2}), (1498506213.394039, {'compute_state': 0.8571428656578064, 'resource_state': '2|453.5', 'nodes': 2}), (1498506223.949501, {'compute_state': 0.8571428656578064, 'resource_state': '1.85|89', 'nodes': 2}), (1498506234.933931, {'compute_state': 0.9047619104385376, 'resource_state': '1.87|787.5', 'nodes': 2}), (1498506245.918066, {'compute_state': 0.9047619104385376, 'resource_state': '1.94|788', 'nodes': 2}), (1498506256.869755, {'compute_state': 0.9047619104385376, 'resource_state': '1.95|787.5', 'nodes': 2}), (1498506267.386933, {'compute_state': 0.9047619104385376, 'resource_state': '1.96|453.5', 'nodes': 2}), (1498506277.944686, {'compute_state': 0.9047619104385376, 'resource_state': '1.73|89', 'nodes': 2}), (1498506288.898031, {'compute_state': 0.9523809552192688, 'resource_state': '1.82|788.5', 'nodes': 2}), (1498506299.880653, {'compute_state': 0.9523809552192688, 'resource_state': '1.85|788.5', 'nodes': 2}), (1498506310.844431, {'compute_state': 0.9523809552192688, 'resource_state': '1.92|789', 'nodes': 2}), (1498506321.439699, {'compute_state': 0.9523809552192688, 'resource_state': '1.85|455', 'nodes': 2}), (1498506332.056173, {'compute_state': 0.9523809552192688, 'resource_state': '1.645|455.5', 'nodes': 2}), (1498506342.620819, {'compute_state': 1.0, 'resource_state': '1.39|84.5', 'nodes': 2})]
1498506342.629394|SYSTEM: Waiting on Computation to finish.
1498506342.629608|SYSTEM: Good bye...
