1498478069.523520|SYSTEM: Starting Platform.
1498478069.526996|SYSTEM: Starting Computation.
1498478069.530398|SYSTEM: Waiting on Platform to finish.
1498478069.537234|PLATFORM: QoS Values ={'execution_time': 3637.0, 'resource_efficiency': 1.6, 'cost': 21822.0, 'power_consumption': 0.0, 'accuracy': 0.0}
1498478069.537476|PLATFORM: QoS Weight ={'execution_time': 0.8, 'resource_efficiency': 0.1, 'cost': 0.1, 'power_consumption': 0.0, 'accuracy': 0.0}
1498478069.537564|PLATFORM: QoS Factor =0.1
1498478069.537642|PLATFORM: Monitor Interval = 10
1498478069.537721|PLATFORM: Sample Interval = 10
1498478069.537802|PLATFORM: Reconfiguration Interval = 480
1498478069.537868|PLATFORM: http://200.19.177.89:33004:elasticnode:62f23550-2d7a-48dc-bc5d-90db3e76a956
1498478074.833514|PLATFORM: Number Of Nodes = 6
1498478079.553401|COMPUTATION: Starting Computation.
1498478079.553852|COMPUTATION: Start (MatrixSize, Iteration) = |10000|0|
1498478079.554420|COMPUTATION: ['mpirun', '-n', '12', '-machinefile', '/home/ubuntu/machinefile', '/home/ubuntu/repositorios/elastichpc/beta/trials/Matrix.py', '10000', '/home/ubuntu/teste.mtr_0']
1498478086.226657|PLATFORM: State = |0.0|0.156667|1838.33|6|
1498478097.707276|PLATFORM: State = |0.0|0.505|1879.83|6|
1498478109.155047|PLATFORM: State = |0.0|0.735|2007|6|
1498478120.635227|PLATFORM: State = |0.0|1.01|2007.33|6|
1498478132.127988|PLATFORM: State = |0.0|1.19833|2007.83|6|
1498478143.595265|PLATFORM: State = |0.0|1.325|2007.83|6|
1498478154.655836|PLATFORM: State = |0.0|1.47|2007.33|6|
1498478166.171529|PLATFORM: State = |0.0|1.6|2007.5|6|
1498478177.515654|PLATFORM: State = |0.0|1.70667|2007.83|6|
1498478188.934550|PLATFORM: State = |0.0|1.74833|2007.83|6|
1498478200.266862|PLATFORM: State = |0.0|1.81|2008|6|
1498478211.616457|PLATFORM: State = |0.0|1.81|767.333|6|
1498478222.758516|PLATFORM: State = |0.0|1.57667|767.833|6|
1498478233.838994|PLATFORM: State = |0.0|1.43833|768.167|6|
1498478244.797589|PLATFORM: State = |0.0|1.28333|768.333|6|
1498478255.959141|PLATFORM: State = |0.0|1.19|768.333|6|
1498478267.127389|PLATFORM: State = |0.0|1.055|768|6|
1498478278.056476|PLATFORM: State = |0.0|0.965|630.333|6|
1498478288.918332|PLATFORM: State = |0.0|0.896667|502.5|6|
1498478299.801785|PLATFORM: State = |0.0|0.823333|502.833|6|
1498478310.670578|PLATFORM: State = |0.0|0.741667|502.5|6|
1498478321.533429|PLATFORM: State = |0.0|0.68|503|6|
1498478332.091876|COMPUTATION: End (MatrixSize, Iteration) = |10000|0|
1498478332.302298|COMPUTATION: Execution = Warning: Permanently added '10.10.10.12' (ECDSA) to the list of known hosts.
Warning: Permanently added '10.10.10.10' (ECDSA) to the list of known hosts.
Warning: Permanently added '10.10.10.9' (ECDSA) to the list of known hosts.
Warning: Permanently added '10.10.10.20' (ECDSA) to the list of known hosts.
Warning: Permanently added '10.10.10.11' (ECDSA) to the list of known hosts.
|None
1498478332.302529|COMPUTATION: Progress = 0.05
1498478332.302599|COMPUTATION: Start (MatrixSize, Iteration) = |10000|1|
1498478332.303370|COMPUTATION: ['mpirun', '-n', '12', '-machinefile', '/home/ubuntu/machinefile', '/home/ubuntu/repositorios/elastichpc/beta/trials/Matrix.py', '10000', '/home/ubuntu/teste.mtr_1']
1498478332.452089|PLATFORM: State = |0.0|0.598333|502.167|6|
1498478343.886473|PLATFORM: State = |0.0500000007451|0.815|1879.67|6|
1498478355.083222|PLATFORM: State = |0.0500000007451|1.07167|1879.5|6|
1498478366.402846|PLATFORM: State = |0.0500000007451|1.225|2007.17|6|
1498478377.619041|PLATFORM: State = |0.0500000007451|1.43167|2007.33|6|
1498478388.900123|PLATFORM: State = |0.0500000007451|1.52167|2007.33|6|
1498478400.359606|PLATFORM: State = |0.0500000007451|1.66167|2007.5|6|
1498478411.380742|PLATFORM: State = |0.0500000007451|1.71167|2007.33|6|
1498478422.450350|PLATFORM: State = |0.0500000007451|1.79667|2007.17|6|
1498478433.686617|PLATFORM: State = |0.0500000007451|1.83167|2007.5|6|
1498478444.886193|PLATFORM: State = |0.0500000007451|1.87167|2007.33|6|
1498478456.075848|PLATFORM: State = |0.0500000007451|1.895|1731.67|6|
1498478467.290821|PLATFORM: State = |0.0500000007451|1.69833|767.167|6|
1498478478.647522|PLATFORM: State = |0.0500000007451|1.54167|767|6|
1498478489.938416|PLATFORM: State = |0.0500000007451|1.37667|767.333|6|
1498478500.953410|PLATFORM: State = |0.0500000007451|1.24833|767.167|6|
1498478511.927291|PLATFORM: State = |0.0500000007451|1.13667|767.667|6|
1498478522.814568|PLATFORM: State = |0.0500000007451|1.015|502.5|6|
1498478533.654548|PLATFORM: State = |0.0500000007451|0.898333|502.5|6|
1498478544.509725|PLATFORM: State = |0.0500000007451|0.805|502.167|6|
1498478555.398432|PLATFORM: State = |0.0500000007451|0.775|502.167|6|
1498478563.964004|COMPUTATION: End (MatrixSize, Iteration) = |10000|1|
1498478565.688590|COMPUTATION: Execution = Warning: Permanently added '10.10.10.10' (ECDSA) to the list of known hosts.
Warning: Permanently added '10.10.10.9' (ECDSA) to the list of known hosts.
Warning: Permanently added '10.10.10.12' (ECDSA) to the list of known hosts.
Warning: Permanently added '10.10.10.20' (ECDSA) to the list of known hosts.
Warning: Permanently added '10.10.10.11' (ECDSA) to the list of known hosts.
|None
1498478565.688930|COMPUTATION: Progress = 0.1
1498478565.689138|COMPUTATION: Start (MatrixSize, Iteration) = |10000|2|
1498478565.689629|COMPUTATION: ['mpirun', '-n', '12', '-machinefile', '/home/ubuntu/machinefile', '/home/ubuntu/repositorios/elastichpc/beta/trials/Matrix.py', '10000', '/home/ubuntu/teste.mtr_2']
1498478566.307216|PLATFORM: State = |0.0500000007451|0.695|66.3333|6|
1498478577.847010|PLATFORM: State = |0.10000000149|0.91|1879.5|6|
1498478588.912048|PLATFORM: State = |0.10000000149|1.09167|1879.33|6|
1498478600.128829|PLATFORM: State = |0.10000000149|1.28833|2006.83|6|
1498478611.590601|PLATFORM: State = |0.10000000149|1.40333|2007|6|
1498478622.736807|PLATFORM: State = |0.10000000149|1.575|2007.33|6|
1498478634.022338|PLATFORM: State = |0.10000000149|1.65167|2007.33|6|
1498478645.204676|PLATFORM: State = |0.10000000149|1.75167|2006.83|6|
1498478656.649946|PLATFORM: State = |0.10000000149|1.80833|2007.33|6|
1498478667.674877|PLATFORM: State = |0.10000000149|1.84667|2007|6|
1498478678.828848|PLATFORM: State = |0.10000000149|1.87|2007.17|6|
1498478690.081097|PLATFORM: State = |0.10000000149|1.90667|1594|6|
1498478701.277514|PLATFORM: State = |0.10000000149|1.755|766.5|6|
1498478712.528893|PLATFORM: State = |0.10000000149|1.51667|766.333|6|
1498478723.780801|PLATFORM: State = |0.10000000149|1.39667|766.667|6|
1498478735.109013|PLATFORM: State = |0.10000000149|1.24333|766.5|6|
1498478746.244480|PLATFORM: State = |0.10000000149|1.13833|766.833|6|
1498478757.231569|PLATFORM: State = |0.10000000149|1.02667|766.167|6|
1498478767.871232|PLATFORM: State = |0.10000000149|0.928333|501.333|6|
1498478778.706212|PLATFORM: State = |0.10000000149|0.811667|501.833|6|
1498478789.463871|PLATFORM: State = |0.10000000149|0.71|501.333|6|
1498478800.301609|PLATFORM: State = |0.10000000149|0.62|501.333|6|
1498478811.105519|PLATFORM: State = |0.10000000149|0.535|501|6|
1498478812.472880|COMPUTATION: End (MatrixSize, Iteration) = |10000|2|
1498478814.627811|COMPUTATION: Execution = Warning: Permanently added '10.10.10.12' (ECDSA) to the list of known hosts.
Warning: Permanently added '10.10.10.10' (ECDSA) to the list of known hosts.
Warning: Permanently added '10.10.10.9' (ECDSA) to the list of known hosts.
Warning: Permanently added '10.10.10.20' (ECDSA) to the list of known hosts.
Warning: Permanently added '10.10.10.11' (ECDSA) to the list of known hosts.
|None
1498478814.628112|COMPUTATION: Progress = 0.15
1498478814.628216|COMPUTATION: Start (MatrixSize, Iteration) = |10000|3|
1498478814.628678|COMPUTATION: ['mpirun', '-n', '12', '-machinefile', '/home/ubuntu/machinefile', '/home/ubuntu/repositorios/elastichpc/beta/trials/Matrix.py', '10000', '/home/ubuntu/teste.mtr_3']
1498478822.421586|PLATFORM: State = |0.15000000596|0.728333|1860|6|
1498478833.785768|PLATFORM: State = |0.15000000596|0.925|1879.33|6|
1498478844.855213|PLATFORM: State = |0.15000000596|1.12|2007.33|6|
1498478855.965284|PLATFORM: State = |0.15000000596|1.32167|2007.33|6|
1498478867.305348|PLATFORM: State = |0.15000000596|1.48167|2007.33|6|
1498478878.444145|PLATFORM: State = |0.15000000596|1.56167|2007|6|
1498478889.774040|PLATFORM: State = |0.15000000596|1.62833|2007.17|6|
1498478901.184412|PLATFORM: State = |0.15000000596|1.72167|2007.17|6|
1498478912.544467|PLATFORM: State = |0.15000000596|1.79167|2007.17|6|
1498478923.804396|PLATFORM: State = |0.15000000596|1.82333|2007|6|
1498478934.996859|PLATFORM: State = |0.15000000596|1.865|1869.83|6|
1498478946.213348|PLATFORM: State = |0.15000000596|1.83667|766.167|6|
1498478957.404931|PLATFORM: State = |0.15000000596|1.605|766.833|6|
1498478968.641479|PLATFORM: State = |0.15000000596|1.44333|766.5|6|
1498478979.874286|PLATFORM: State = |0.15000000596|1.29833|766.833|6|
1498478990.765839|PLATFORM: State = |0.15000000596|1.205|629.167|6|
1498479001.682302|PLATFORM: State = |0.15000000596|1.07167|629|6|
1498479012.614549|PLATFORM: State = |0.15000000596|0.955|629.333|6|
1498479023.210925|PLATFORM: State = |0.15000000596|0.871667|629.5|6|
1498479034.074661|PLATFORM: State = |0.15000000596|0.803333|501.5|6|
1498479044.918128|PLATFORM: State = |0.15000000596|0.701667|501.667|6|
1498479055.785675|PLATFORM: State = |0.15000000596|0.638333|501.333|6|
1498479066.681728|PLATFORM: State = |0.15000000596|0.591667|501.833|6|
1498479073.408845|COMPUTATION: End (MatrixSize, Iteration) = |10000|3|
1498479073.682563|COMPUTATION: Execution = Warning: Permanently added '10.10.10.9' (ECDSA) to the list of known hosts.
Warning: Permanently added '10.10.10.12' (ECDSA) to the list of known hosts.
Warning: Permanently added '10.10.10.10' (ECDSA) to the list of known hosts.
Warning: Permanently added '10.10.10.20' (ECDSA) to the list of known hosts.
Warning: Permanently added '10.10.10.11' (ECDSA) to the list of known hosts.
|None
1498479073.682856|COMPUTATION: Progress = 0.2
1498479073.682987|COMPUTATION: Start (MatrixSize, Iteration) = |10000|4|
1498479073.683477|COMPUTATION: ['mpirun', '-n', '12', '-machinefile', '/home/ubuntu/machinefile', '/home/ubuntu/repositorios/elastichpc/beta/trials/Matrix.py', '10000', '/home/ubuntu/teste.mtr_4']
1498479077.997754|PLATFORM: State = |0.20000000298|0.701667|1798|6|
1498479089.346697|PLATFORM: State = |0.20000000298|0.9|1879.83|6|
1498479100.444685|PLATFORM: State = |0.20000000298|1.115|2006.83|6|
1498479111.708410|PLATFORM: State = |0.20000000298|1.26|2007.33|6|
1498479123.125787|PLATFORM: State = |0.20000000298|1.44667|2007.17|6|
1498479134.550134|PLATFORM: State = |0.20000000298|1.53167|2007|6|
1498479146.098329|PLATFORM: State = |0.20000000298|1.65667|2007.5|6|
1498479157.332628|PLATFORM: State = |0.20000000298|1.74833|2007.5|6|
1498479168.786053|PLATFORM: State = |0.20000000298|1.79167|2007.5|6|
1498479180.301750|PLATFORM: State = |0.20000000298|1.83833|2007.5|6|
1498479191.337353|PLATFORM: State = |0.20000000298|1.88|2006.67|6|
1498479202.508531|PLATFORM: State = |0.20000000298|1.86167|766.333|6|
1498479213.777937|PLATFORM: State = |0.20000000298|1.62333|766.5|6|
1498479224.948694|PLATFORM: State = |0.20000000298|1.47833|766.333|6|
1498479236.494545|PLATFORM: State = |0.20000000298|1.315|766.333|6|
1498479248.010322|PLATFORM: State = |0.20000000298|1.15333|766.833|6|
1498479259.449901|PLATFORM: State = |0.20000000298|1.05333|766.667|6|
1498479270.632862|PLATFORM: State = |0.20000000298|0.973333|767.167|6|
1498479281.219086|PLATFORM: State = |0.20000000298|0.883333|501.167|6|
1498479292.061921|PLATFORM: State = |0.20000000298|0.771667|501.333|6|
1498479302.858470|PLATFORM: State = |0.20000000298|0.69|501.5|6|
1498479313.665170|PLATFORM: State = |0.20000000298|0.62|501.167|6|
1498479324.521664|PLATFORM: State = |0.20000000298|0.55|501.5|6|
1498479329.162157|COMPUTATION: End (MatrixSize, Iteration) = |10000|4|
1498479329.709138|COMPUTATION: Execution = Warning: Permanently added '10.10.10.12' (ECDSA) to the list of known hosts.
Warning: Permanently added '10.10.10.9' (ECDSA) to the list of known hosts.
Warning: Permanently added '10.10.10.10' (ECDSA) to the list of known hosts.
Warning: Permanently added '10.10.10.20' (ECDSA) to the list of known hosts.
Warning: Permanently added '10.10.10.11' (ECDSA) to the list of known hosts.
|None
1498479329.709454|COMPUTATION: Progress = 0.25
1498479329.709574|COMPUTATION: Start (MatrixSize, Iteration) = |10000|5|
1498479329.710188|COMPUTATION: ['mpirun', '-n', '12', '-machinefile', '/home/ubuntu/machinefile', '/home/ubuntu/repositorios/elastichpc/beta/trials/Matrix.py', '10000', '/home/ubuntu/teste.mtr_5']
1498479336.034787|PLATFORM: State = |0.25|0.66|1831.33|6|
1498479347.622932|PLATFORM: State = |0.25|0.896667|1879.67|6|
1498479358.777026|PLATFORM: State = |0.25|1.09833|2006.83|6|
1498479369.936696|PLATFORM: State = |0.25|1.23667|2007.17|6|
1498479381.298992|PLATFORM: State = |0.25|1.41667|2007.17|6|
1498479392.477141|PLATFORM: State = |0.25|1.53|2006.83|6|
1498479403.669490|PLATFORM: State = |0.25|1.62667|2006.67|6|
1498479414.983005|PLATFORM: State = |0.25|1.68667|2006.5|6|
1498479426.259741|PLATFORM: State = |0.25|1.76833|2007|6|
1498479437.293478|PLATFORM: State = |0.25|1.80667|2006.83|6|
1498479448.356364|PLATFORM: State = |0.25|1.85333|2006.83|6|
1498479459.607725|PLATFORM: State = |0.25|1.78333|766.5|6|
1498479471.083869|PLATFORM: State = |0.25|1.585|766.667|6|
1498479482.256616|PLATFORM: State = |0.25|1.415|766.667|6|
1498479493.688337|PLATFORM: State = |0.25|1.26|766.5|6|
1498479505.159959|PLATFORM: State = |0.25|1.14333|766.833|6|
1498479516.303832|PLATFORM: State = |0.25|1.05667|766.333|6|
1498479526.919901|PLATFORM: State = |0.25|0.968333|501|6|
1498479537.534746|PLATFORM: State = |0.25|0.881667|501.333|6|
1498479548.362681|PLATFORM: State = |0.25|0.766667|501.333|6|
1498479559.218349|PLATFORM: State = |0.25|0.688333|501.5|6|
1498479570.014124|PLATFORM: State = |0.25|0.646667|501.667|6|
1498479577.102800|COMPUTATION: End (MatrixSize, Iteration) = |10000|5|
1498479577.376484|COMPUTATION: Execution = Warning: Permanently added '10.10.10.12' (ECDSA) to the list of known hosts.
Warning: Permanently added '10.10.10.9' (ECDSA) to the list of known hosts.
Warning: Permanently added '10.10.10.10' (ECDSA) to the list of known hosts.
Warning: Permanently added '10.10.10.20' (ECDSA) to the list of known hosts.
Warning: Permanently added '10.10.10.11' (ECDSA) to the list of known hosts.
|None
1498479577.376716|COMPUTATION: Progress = 0.3
1498479577.376821|COMPUTATION: Start (MatrixSize, Iteration) = |10000|6|
1498479577.377155|COMPUTATION: ['mpirun', '-n', '12', '-machinefile', '/home/ubuntu/machinefile', '/home/ubuntu/repositorios/elastichpc/beta/trials/Matrix.py', '10000', '/home/ubuntu/teste.mtr_6']
1498479581.479199|PLATFORM: State = |0.300000011921|0.683333|1792.67|6|
1498479592.919493|PLATFORM: State = |0.300000011921|0.993333|1879.5|6|
1498479604.195985|PLATFORM: State = |0.300000011921|1.16167|2006.67|6|
1498479615.409720|PLATFORM: State = |0.300000011921|1.30333|2007|6|
1498479626.534366|PLATFORM: State = |0.300000011921|1.435|2007.33|6|
1498479637.784205|PLATFORM: State = |0.300000011921|1.585|2007|6|
1498479649.016893|PLATFORM: State = |0.300000011921|1.66167|2007|6|
1498479660.234321|PLATFORM: State = |0.300000011921|1.71333|2006.67|6|
1498479671.458531|PLATFORM: State = |0.300000011921|1.78167|2006.83|6|
1498479682.638480|PLATFORM: State = |0.300000011921|1.81667|2007.17|6|
1498479693.979787|PLATFORM: State = |0.300000011921|1.875|2007|6|
1498479705.113696|PLATFORM: State = |0.300000011921|1.855|912.5|6|
1498479716.336394|PLATFORM: State = |0.300000011921|1.64167|766.667|6|
1498479727.499653|PLATFORM: State = |0.300000011921|1.46667|766.167|6|
1498479738.626668|PLATFORM: State = |0.300000011921|1.39333|766.667|6|
1498479749.832419|PLATFORM: State = |0.300000011921|1.255|766|6|
1498479760.970879|PLATFORM: State = |0.300000011921|1.14|766.667|6|
1498479772.284384|PLATFORM: State = |0.300000011921|1.065|766.5|6|
1498479783.247184|PLATFORM: State = |0.300000011921|0.965|766.667|6|
1498479793.886445|PLATFORM: State = |0.300000011921|0.853333|500.833|6|
1498479804.474768|PLATFORM: State = |0.300000011921|0.773333|501.167|6|
1498479815.321191|PLATFORM: State = |0.300000011921|0.695|501.5|6|
1498479826.201650|PLATFORM: State = |0.300000011921|0.723333|501.167|6|
1498479831.492179|COMPUTATION: End (MatrixSize, Iteration) = |10000|6|
1498479831.848908|COMPUTATION: Execution = Warning: Permanently added '10.10.10.9' (ECDSA) to the list of known hosts.
Warning: Permanently added '10.10.10.10' (ECDSA) to the list of known hosts.
Warning: Permanently added '10.10.10.12' (ECDSA) to the list of known hosts.
Warning: Permanently added '10.10.10.20' (ECDSA) to the list of known hosts.
Warning: Permanently added '10.10.10.11' (ECDSA) to the list of known hosts.
|None
1498479831.849510|COMPUTATION: Progress = 0.35
1498479831.849814|COMPUTATION: Start (MatrixSize, Iteration) = |10000|7|
1498479831.850453|COMPUTATION: ['mpirun', '-n', '12', '-machinefile', '/home/ubuntu/machinefile', '/home/ubuntu/repositorios/elastichpc/beta/trials/Matrix.py', '10000', '/home/ubuntu/teste.mtr_7']
1498479837.644874|PLATFORM: State = |0.34999999404|0.736667|1826|6|
1498479849.160555|PLATFORM: State = |0.34999999404|1.01667|1879.33|6|
1498479860.628785|PLATFORM: State = |0.34999999404|1.22167|2006.67|6|
1498479872.197387|PLATFORM: State = |0.34999999404|1.37667|2007|6|
1498479883.243058|PLATFORM: State = |0.34999999404|1.52833|2007.17|6|
1498479894.473230|PLATFORM: State = |0.34999999404|1.625|2007.33|6|
1498479905.759950|PLATFORM: State = |0.34999999404|1.70167|2006.83|6|
1498479916.943601|PLATFORM: State = |0.34999999404|1.78833|2007.33|6|
1498479928.075697|PLATFORM: State = |0.34999999404|1.88667|2007.33|6|
1498479939.557703|PLATFORM: State = |0.34999999404|1.90333|2007.5|6|
1498479950.885183|PLATFORM: State = |0.34999999404|1.93333|2006.83|6|
1498479962.071865|PLATFORM: State = |0.34999999404|2.03667|766.167|6|
1498479973.098634|PLATFORM: State = |0.34999999404|1.81333|766.5|6|
1498479984.256450|PLATFORM: State = |0.34999999404|1.63|767|6|
1498479995.582192|PLATFORM: State = |0.34999999404|1.46833|766.667|6|
1498480006.748631|PLATFORM: State = |0.34999999404|1.33333|766.5|6|
1498480017.882987|PLATFORM: State = |0.34999999404|1.21667|766.5|6|
1498480029.000424|PLATFORM: State = |0.34999999404|1.07667|766.5|6|
1498480040.313754|PLATFORM: State = |0.34999999404|0.988333|766.667|6|
1498480050.959739|PLATFORM: State = |0.34999999404|0.878333|501.333|6|
1498480061.568106|PLATFORM: State = |0.34999999404|0.875|501.333|6|
1498480072.373413|PLATFORM: State = |0.34999999404|0.776667|501.167|6|
1498480083.670131|PLATFORM: State = |0.34999999404|0.683333|501|6|
1498480093.523107|COMPUTATION: End (MatrixSize, Iteration) = |10000|7|
1498480094.438095|PLATFORM: State = |0.34999999404|0.668333|66.3333|6|
1498480094.876317|COMPUTATION: Execution = Warning: Permanently added '10.10.10.12' (ECDSA) to the list of known hosts.
Warning: Permanently added '10.10.10.9' (ECDSA) to the list of known hosts.
Warning: Permanently added '10.10.10.10' (ECDSA) to the list of known hosts.
Warning: Permanently added '10.10.10.20' (ECDSA) to the list of known hosts.
Warning: Permanently added '10.10.10.11' (ECDSA) to the list of known hosts.
|None
1498480094.876741|COMPUTATION: Progress = 0.4
1498480094.876985|COMPUTATION: Start (MatrixSize, Iteration) = |10000|8|
1498480094.877611|COMPUTATION: ['mpirun', '-n', '12', '-machinefile', '/home/ubuntu/machinefile', '/home/ubuntu/repositorios/elastichpc/beta/trials/Matrix.py', '10000', '/home/ubuntu/teste.mtr_8']
1498480105.993924|PLATFORM: State = |0.40000000596|0.87|1879.5|6|
1498480117.505919|PLATFORM: State = |0.40000000596|1.095|1879.5|6|
1498480129.070557|PLATFORM: State = |0.40000000596|1.32833|2007|6|
1498480140.167305|PLATFORM: State = |0.40000000596|1.43333|2007|6|
1498480151.670124|PLATFORM: State = |0.40000000596|1.54667|2006.83|6|
1498480163.150458|PLATFORM: State = |0.40000000596|1.66667|2007|6|
1498480174.642793|PLATFORM: State = |0.40000000596|1.735|2007.5|6|
1498480186.142789|PLATFORM: State = |0.40000000596|1.79333|2007.67|6|
1498480197.349236|PLATFORM: State = |0.40000000596|1.85333|2007.67|6|
1498480208.806309|PLATFORM: State = |0.40000000596|1.885|2007.5|6|
1498480219.969509|PLATFORM: State = |0.40000000596|1.90333|1318|6|
1498480231.223018|PLATFORM: State = |0.40000000596|1.7|766.667|6|
1498480242.611855|PLATFORM: State = |0.40000000596|1.53167|766.333|6|
1498480253.837642|PLATFORM: State = |0.40000000596|1.32667|766.333|6|
1498480265.331400|PLATFORM: State = |0.40000000596|1.21167|767.167|6|
1498480276.803425|PLATFORM: State = |0.40000000596|1.21667|766.833|6|
1498480288.224655|PLATFORM: State = |0.40000000596|1.11833|766.667|6|
1498480299.366527|PLATFORM: State = |0.40000000596|1.00167|766.5|6|
1498480310.357471|PLATFORM: State = |0.40000000596|0.935|767|6|
1498480321.104193|PLATFORM: State = |0.40000000596|0.835|500.833|6|
1498480331.958128|PLATFORM: State = |0.40000000596|0.73|501|6|
1498480342.797359|PLATFORM: State = |0.40000000596|0.68|501.167|6|
1498480353.630051|PLATFORM: State = |0.40000000596|0.63|501.5|6|
1498480364.469297|PLATFORM: State = |0.40000000596|0.573333|501|6|
1498480364.781309|COMPUTATION: End (MatrixSize, Iteration) = |10000|8|
1498480364.953085|COMPUTATION: Execution = Warning: Permanently added '10.10.10.9' (ECDSA) to the list of known hosts.
Warning: Permanently added '10.10.10.10' (ECDSA) to the list of known hosts.
Warning: Permanently added '10.10.10.12' (ECDSA) to the list of known hosts.
Warning: Permanently added '10.10.10.20' (ECDSA) to the list of known hosts.
Warning: Permanently added '10.10.10.11' (ECDSA) to the list of known hosts.
|None
1498480364.953405|COMPUTATION: Progress = 0.45
1498480364.953534|COMPUTATION: Start (MatrixSize, Iteration) = |10000|9|
1498480364.953865|COMPUTATION: ['mpirun', '-n', '12', '-machinefile', '/home/ubuntu/machinefile', '/home/ubuntu/repositorios/elastichpc/beta/trials/Matrix.py', '10000', '/home/ubuntu/teste.mtr_9']
1498480375.927520|PLATFORM: State = |0.449999988079|0.766667|1879.5|6|
1498480387.480278|PLATFORM: State = |0.449999988079|1.01833|1879.83|6|
1498480398.928301|PLATFORM: State = |0.449999988079|1.21|2007.17|6|
1498480410.399757|PLATFORM: State = |0.449999988079|1.33333|2007|6|
1498480421.943806|PLATFORM: State = |0.449999988079|1.48|2007.33|6|
1498480433.294382|PLATFORM: State = |0.449999988079|1.56|2007.33|6|
1498480444.871543|PLATFORM: State = |0.449999988079|1.67167|2007.5|6|
1498480456.302708|PLATFORM: State = |0.449999988079|1.75|2006.83|6|
1498480467.374969|PLATFORM: State = |0.449999988079|1.82167|2007.33|6|
1498480478.391161|PLATFORM: State = |0.449999988079|1.9|2007|6|
1498480489.960851|PLATFORM: State = |0.449999988079|1.90167|1875.5|6|
1498480501.301810|PLATFORM: State = |0.449999988079|1.71333|767.5|6|
1498480512.468976|PLATFORM: State = |0.449999988079|1.57167|767.167|6|
1498480523.932676|PLATFORM: State = |0.449999988079|1.35833|767.167|6|
1498480535.324291|PLATFORM: State = |0.449999988079|1.22667|767.167|6|
1498480546.760073|PLATFORM: State = |0.449999988079|1.1|767.333|6|
1498480557.748899|PLATFORM: State = |0.449999988079|1.02667|767.333|6|
1498480568.704765|PLATFORM: State = |0.449999988079|0.925|767|6|
1498480579.866759|PLATFORM: State = |0.449999988079|0.881667|767.167|6|
1498480590.783079|PLATFORM: State = |0.449999988079|0.786667|501.833|6|
1498480601.674387|PLATFORM: State = |0.449999988079|0.72|501.833|6|
1498480612.590661|PLATFORM: State = |0.449999988079|0.698333|501.667|6|
1498480623.434231|PLATFORM: State = |0.449999988079|0.641667|502.167|6|
1498480632.578857|COMPUTATION: End (MatrixSize, Iteration) = |10000|9|
1498480632.790757|COMPUTATION: Execution = Warning: Permanently added '10.10.10.9' (ECDSA) to the list of known hosts.
Warning: Permanently added '10.10.10.10' (ECDSA) to the list of known hosts.
Warning: Permanently added '10.10.10.12' (ECDSA) to the list of known hosts.
Warning: Permanently added '10.10.10.20' (ECDSA) to the list of known hosts.
Warning: Permanently added '10.10.10.11' (ECDSA) to the list of known hosts.
|None
1498480632.791120|COMPUTATION: Progress = 0.5
1498480632.791273|COMPUTATION: Start (MatrixSize, Iteration) = |10000|10|
1498480632.791671|COMPUTATION: ['mpirun', '-n', '12', '-machinefile', '/home/ubuntu/machinefile', '/home/ubuntu/repositorios/elastichpc/beta/trials/Matrix.py', '10000', '/home/ubuntu/teste.mtr_10']
1498480634.630183|PLATFORM: State = |0.5|0.623333|70.1667|6|
1498480645.759436|PLATFORM: State = |0.5|0.823333|1879.5|6|
1498480657.231614|PLATFORM: State = |0.5|1.06333|1880.33|6|
1498480668.760844|PLATFORM: State = |0.5|1.30333|2007.5|6|
1498480679.983009|PLATFORM: State = |0.5|1.41|2007.17|6|
1498480691.506768|PLATFORM: State = |0.5|1.52333|2007|6|
1498480702.882447|PLATFORM: State = |0.5|1.61833|2007.5|6|
1498480714.130542|PLATFORM: State = |0.5|1.74667|2007.5|6|
1498480725.167895|PLATFORM: State = |0.5|1.785|2007.33|6|
1498480736.447366|PLATFORM: State = |0.5|1.835|2007.67|6|
1498480747.653707|PLATFORM: State = |0.5|1.93167|2007.67|6|
1498480758.855307|PLATFORM: State = |0.5|1.975|2007.33|6|
1498480769.997211|PLATFORM: State = |0.5|1.77333|767.333|6|
1498480781.276559|PLATFORM: State = |0.5|1.60167|767.167|6|
1498480792.550874|PLATFORM: State = |0.5|1.445|767.333|6|
1498480803.816749|PLATFORM: State = |0.5|1.34167|767.5|6|
1498480814.900025|PLATFORM: State = |0.5|1.21167|768|6|
1498480825.511839|PLATFORM: State = |0.5|1.11333|502.667|6|
1498480836.367299|PLATFORM: State = |0.5|0.985|502.5|6|
1498480847.218157|PLATFORM: State = |0.5|0.873333|502.333|6|
1498480858.134757|PLATFORM: State = |0.5|0.776667|502.167|6|
1498480868.993232|PLATFORM: State = |0.5|0.665|503|6|
1498480879.817238|PLATFORM: State = |0.5|0.613333|502.667|6|
1498480879.922049|COMPUTATION: End (MatrixSize, Iteration) = |10000|10|
1498480880.085849|COMPUTATION: Execution = Warning: Permanently added '10.10.10.10' (ECDSA) to the list of known hosts.
Warning: Permanently added '10.10.10.9' (ECDSA) to the list of known hosts.
Warning: Permanently added '10.10.10.12' (ECDSA) to the list of known hosts.
Warning: Permanently added '10.10.10.20' (ECDSA) to the list of known hosts.
Warning: Permanently added '10.10.10.11' (ECDSA) to the list of known hosts.
|None
1498480880.086180|COMPUTATION: Progress = 0.55
1498480880.086307|COMPUTATION: Start (MatrixSize, Iteration) = |10000|11|
1498480880.086656|COMPUTATION: ['mpirun', '-n', '12', '-machinefile', '/home/ubuntu/machinefile', '/home/ubuntu/repositorios/elastichpc/beta/trials/Matrix.py', '10000', '/home/ubuntu/teste.mtr_11']
1498480891.206671|PLATFORM: State = |0.550000011921|0.84|1879.67|6|
1498480902.254665|PLATFORM: State = |0.550000011921|1.07833|1880.33|6|
1498480913.500594|PLATFORM: State = |0.550000011921|1.22167|2007.5|6|
1498480924.936064|PLATFORM: State = |0.550000011921|1.38667|2007.17|6|
1498480936.375523|PLATFORM: State = |0.550000011921|1.49167|2007.83|6|
1498480947.956033|PLATFORM: State = |0.550000011921|1.61333|2007.33|6|
1498480959.435667|PLATFORM: State = |0.550000011921|1.69167|2007.83|6|
1498480970.955149|PLATFORM: State = |0.550000011921|1.74833|2007.5|6|
1498480982.025048|PLATFORM: State = |0.550000011921|1.83333|2007.67|6|
1498480993.214080|PLATFORM: State = |0.550000011921|1.86167|2007.5|6|
1498481004.373521|PLATFORM: State = |0.550000011921|1.93167|2007.67|6|
1498481015.763023|PLATFORM: State = |0.550000011921|1.82167|767.333|6|
1498481026.945410|PLATFORM: State = |0.550000011921|1.62333|767.5|6|
1498481038.093325|PLATFORM: State = |0.550000011921|1.46833|767.667|6|
1498481049.530295|PLATFORM: State = |0.550000011921|1.285|767.5|6|
1498481060.725441|PLATFORM: State = |0.550000011921|1.19|767.5|6|
1498481071.712204|PLATFORM: State = |0.550000011921|1.1|767.667|6|
1498481082.920371|PLATFORM: State = |0.550000011921|1.02833|767.667|6|
1498481094.044231|PLATFORM: State = |0.550000011921|0.958333|767.667|6|
1498481104.853900|PLATFORM: State = |0.550000011921|0.89|502|6|
1498481115.744856|PLATFORM: State = |0.550000011921|0.818333|502.333|6|
1498481126.598259|PLATFORM: State = |0.550000011921|0.716667|502|6|
1498481137.457793|PLATFORM: State = |0.550000011921|0.635|502.333|6|
1498481146.279760|COMPUTATION: End (MatrixSize, Iteration) = |10000|11|
1498481146.492067|COMPUTATION: Execution = Warning: Permanently added '10.10.10.12' (ECDSA) to the list of known hosts.
Warning: Permanently added '10.10.10.10' (ECDSA) to the list of known hosts.
Warning: Permanently added '10.10.10.9' (ECDSA) to the list of known hosts.
Warning: Permanently added '10.10.10.20' (ECDSA) to the list of known hosts.
Warning: Permanently added '10.10.10.11' (ECDSA) to the list of known hosts.
|None
1498481146.492453|COMPUTATION: Progress = 0.6
1498481146.492620|COMPUTATION: Start (MatrixSize, Iteration) = |10000|12|
1498481146.493144|COMPUTATION: ['mpirun', '-n', '12', '-machinefile', '/home/ubuntu/machinefile', '/home/ubuntu/repositorios/elastichpc/beta/trials/Matrix.py', '10000', '/home/ubuntu/teste.mtr_12']
1498481148.532106|PLATFORM: State = |0.600000023842|0.588333|1298.33|6|
1498481159.853686|PLATFORM: State = |0.600000023842|0.876667|1880.17|6|
1498481171.097256|PLATFORM: State = |0.600000023842|1.065|1880.17|6|
1498481182.452186|PLATFORM: State = |0.600000023842|1.26333|2006.83|6|
1498481193.817535|PLATFORM: State = |0.600000023842|1.38833|2007.33|6|
1498481205.253140|PLATFORM: State = |0.600000023842|1.56667|2007.33|6|
1498481216.617244|PLATFORM: State = |0.600000023842|1.635|2007.5|6|
1498481227.847637|PLATFORM: State = |0.600000023842|1.715|2007.67|6|
1498481239.011239|PLATFORM: State = |0.600000023842|1.83667|2007.5|6|
1498481250.359433|PLATFORM: State = |0.600000023842|1.86333|2007.67|6|
1498481261.728675|PLATFORM: State = |0.600000023842|1.88333|2007.5|6|
1498481273.378565|PLATFORM: State = |0.600000023842|1.935|1776|6|
1498481284.507485|PLATFORM: State = |0.600000023842|1.65667|767.5|6|
1498481295.743785|PLATFORM: State = |0.600000023842|1.48|767.667|6|
1498481306.907124|PLATFORM: State = |0.600000023842|1.32667|767.5|6|
1498481317.934036|PLATFORM: State = |0.600000023842|1.25667|767.5|6|
1498481328.897590|PLATFORM: State = |0.600000023842|1.14|767.5|6|
1498481340.014946|PLATFORM: State = |0.600000023842|1.01833|767.333|6|
1498481350.857879|PLATFORM: State = |0.600000023842|0.91|501.5|6|
1498481361.713629|PLATFORM: State = |0.600000023842|0.806667|502.167|6|
1498481372.579112|PLATFORM: State = |0.600000023842|0.733333|502.333|6|
1498481383.465798|PLATFORM: State = |0.600000023842|0.641667|502|6|
1498481394.322830|PLATFORM: State = |0.600000023842|0.581667|501.667|6|
1498481397.159834|COMPUTATION: End (MatrixSize, Iteration) = |10000|12|
1498481397.362543|COMPUTATION: Execution = Warning: Permanently added '10.10.10.9' (ECDSA) to the list of known hosts.
Warning: Permanently added '10.10.10.10' (ECDSA) to the list of known hosts.
Warning: Permanently added '10.10.10.12' (ECDSA) to the list of known hosts.
Warning: Permanently added '10.10.10.20' (ECDSA) to the list of known hosts.
Warning: Permanently added '10.10.10.11' (ECDSA) to the list of known hosts.
|None
1498481397.393832|COMPUTATION: Progress = 0.65
1498481397.394005|COMPUTATION: Start (MatrixSize, Iteration) = |10000|13|
1498481397.394609|COMPUTATION: ['mpirun', '-n', '12', '-machinefile', '/home/ubuntu/machinefile', '/home/ubuntu/repositorios/elastichpc/beta/trials/Matrix.py', '10000', '/home/ubuntu/teste.mtr_13']
1498481405.442496|PLATFORM: State = |0.649999976158|0.741667|1872.5|6|
1498481416.823810|PLATFORM: State = |0.649999976158|0.933333|1879.83|6|
1498481428.084029|PLATFORM: State = |0.649999976158|1.18|2007.5|6|
1498481439.262458|PLATFORM: State = |0.649999976158|1.38|2007.33|6|
1498481450.598531|PLATFORM: State = |0.649999976158|1.47667|2007.5|6|
1498481462.215761|PLATFORM: State = |0.649999976158|1.60333|2007.5|6|
1498481473.620969|PLATFORM: State = |0.649999976158|1.69833|2007.33|6|
1498481484.889302|PLATFORM: State = |0.649999976158|1.79833|2007.17|6|
1498481496.078169|PLATFORM: State = |0.649999976158|1.82833|2007.17|6|
1498481507.432358|PLATFORM: State = |0.649999976158|1.86|2007.33|6|
1498481518.670179|PLATFORM: State = |0.649999976158|1.89333|2007.5|6|
1498481529.981584|PLATFORM: State = |0.649999976158|1.81167|766.667|6|
1498481541.390936|PLATFORM: State = |0.649999976158|1.61|766.667|6|
1498481552.604144|PLATFORM: State = |0.649999976158|1.43833|766.833|6|
1498481563.874572|PLATFORM: State = |0.649999976158|1.32167|767|6|
1498481574.860922|PLATFORM: State = |0.649999976158|1.185|766.667|6|
1498481586.050025|PLATFORM: State = |0.649999976158|1.08|767|6|
1498481597.270122|PLATFORM: State = |0.649999976158|0.98|766.333|6|
1498481608.099346|PLATFORM: State = |0.649999976158|0.9|501.167|6|
1498481618.911241|PLATFORM: State = |0.649999976158|0.801667|501.167|6|
1498481629.725974|PLATFORM: State = |0.649999976158|0.765|501.5|6|
1498481640.586540|PLATFORM: State = |0.649999976158|0.67|501.167|6|
1498481651.434515|PLATFORM: State = |0.649999976158|0.606667|501|6|
1498481654.495431|COMPUTATION: End (MatrixSize, Iteration) = |10000|13|
1498481655.404858|COMPUTATION: Execution = Warning: Permanently added '10.10.10.9' (ECDSA) to the list of known hosts.
Warning: Permanently added '10.10.10.12' (ECDSA) to the list of known hosts.
Warning: Permanently added '10.10.10.10' (ECDSA) to the list of known hosts.
Warning: Permanently added '10.10.10.20' (ECDSA) to the list of known hosts.
Warning: Permanently added '10.10.10.11' (ECDSA) to the list of known hosts.
|None
1498481655.405160|COMPUTATION: Progress = 0.7
1498481655.405270|COMPUTATION: Start (MatrixSize, Iteration) = |10000|14|
1498481655.405879|COMPUTATION: ['mpirun', '-n', '12', '-machinefile', '/home/ubuntu/machinefile', '/home/ubuntu/repositorios/elastichpc/beta/trials/Matrix.py', '10000', '/home/ubuntu/teste.mtr_14']
1498481662.722665|PLATFORM: State = |0.699999988079|0.783333|1858|6|
1498481674.067132|PLATFORM: State = |0.699999988079|0.971667|1879.83|6|
1498481685.485912|PLATFORM: State = |0.699999988079|1.17167|2007.33|6|
1498481696.739078|PLATFORM: State = |0.699999988079|1.3|2007.5|6|
1498481708.025956|PLATFORM: State = |0.699999988079|1.44|2007.83|6|
1498481719.491601|PLATFORM: State = |0.699999988079|1.57|2007.67|6|
1498481730.898583|PLATFORM: State = |0.699999988079|1.66667|2007.83|6|
1498481742.001879|PLATFORM: State = |0.699999988079|1.735|2007.5|6|
1498481753.045378|PLATFORM: State = |0.699999988079|1.795|2007.67|6|
1498481764.326805|PLATFORM: State = |0.699999988079|1.84167|2007.33|6|
1498481775.529763|PLATFORM: State = |0.699999988079|1.895|2007.5|6|
1498481787.831189|PLATFORM: State = |0.699999988079|1.93|1899.33|6|
1498481799.017548|PLATFORM: State = |0.699999988079|1.70833|768.167|6|
1498481810.155570|PLATFORM: State = |0.699999988079|1.54833|767.667|6|
1498481821.403252|PLATFORM: State = |0.699999988079|1.39833|767.833|6|
1498481832.456520|PLATFORM: State = |0.699999988079|1.245|767.667|6|
1498481843.432888|PLATFORM: State = |0.699999988079|1.15167|767.667|6|
1498481854.719591|PLATFORM: State = |0.699999988079|1.05833|768|6|
1498481865.550109|PLATFORM: State = |0.699999988079|0.985|502.167|6|
1498481876.400927|PLATFORM: State = |0.699999988079|0.858333|502.167|6|
1498481887.232984|PLATFORM: State = |0.699999988079|0.783333|502.333|6|
1498481898.070136|PLATFORM: State = |0.699999988079|0.696667|502|6|
1498481908.930505|PLATFORM: State = |0.699999988079|0.638333|502.167|6|
1498481914.092414|COMPUTATION: End (MatrixSize, Iteration) = |10000|14|
1498481914.404248|COMPUTATION: Execution = Warning: Permanently added '10.10.10.10' (ECDSA) to the list of known hosts.
Warning: Permanently added '10.10.10.9' (ECDSA) to the list of known hosts.
Warning: Permanently added '10.10.10.12' (ECDSA) to the list of known hosts.
Warning: Permanently added '10.10.10.11' (ECDSA) to the list of known hosts.
Warning: Permanently added '10.10.10.20' (ECDSA) to the list of known hosts.
|None
1498481914.404468|COMPUTATION: Progress = 0.75
1498481914.404744|COMPUTATION: Start (MatrixSize, Iteration) = |10000|15|
1498481914.405174|COMPUTATION: ['mpirun', '-n', '12', '-machinefile', '/home/ubuntu/machinefile', '/home/ubuntu/repositorios/elastichpc/beta/trials/Matrix.py', '10000', '/home/ubuntu/teste.mtr_15']
1498481919.971330|PLATFORM: State = |0.75|0.711667|1828.33|6|
1498481931.206016|PLATFORM: State = |0.75|0.921667|1879.67|6|
1498481942.551421|PLATFORM: State = |0.75|1.115|2006.67|6|
1498481953.949606|PLATFORM: State = |0.75|1.28|2007.17|6|
1498481965.121478|PLATFORM: State = |0.75|1.44833|2007.33|6|
1498481976.249071|PLATFORM: State = |0.75|1.535|2007.33|6|
1498481987.625395|PLATFORM: State = |0.75|1.61333|2007.33|6|
1498481998.800572|PLATFORM: State = |0.75|1.70333|2007.17|6|
1498482009.847483|PLATFORM: State = |0.75|1.775|2007.5|6|
1498482021.197582|PLATFORM: State = |0.75|1.825|2007.17|6|
1498482032.645348|PLATFORM: State = |0.75|1.86667|2007.67|6|
1498482044.134635|PLATFORM: State = |0.75|1.90333|2006.67|6|
1498482055.626223|PLATFORM: State = |0.75|1.77833|766.833|6|
1498482066.945553|PLATFORM: State = |0.75|1.595|766.833|6|
1498482078.263153|PLATFORM: State = |0.75|1.425|767.167|6|
1498482089.683507|PLATFORM: State = |0.75|1.29833|767|6|
1498482100.858420|PLATFORM: State = |0.75|1.17667|766.833|6|
1498482111.723360|PLATFORM: State = |0.75|1.07333|501.5|6|
1498482122.540159|PLATFORM: State = |0.75|0.938333|501.5|6|
1498482133.415799|PLATFORM: State = |0.75|0.836667|501.667|6|
1498482144.263548|PLATFORM: State = |0.75|0.766667|501.5|6|
1498482155.190592|PLATFORM: State = |0.75|0.708333|501.333|6|
1498482164.813274|COMPUTATION: End (MatrixSize, Iteration) = |10000|15|
1498482164.956654|COMPUTATION: Execution = Warning: Permanently added '10.10.10.10' (ECDSA) to the list of known hosts.
Warning: Permanently added '10.10.10.9' (ECDSA) to the list of known hosts.
Warning: Permanently added '10.10.10.12' (ECDSA) to the list of known hosts.
Warning: Permanently added '10.10.10.20' (ECDSA) to the list of known hosts.
Warning: Permanently added '10.10.10.11' (ECDSA) to the list of known hosts.
|None
1498482164.956894|COMPUTATION: Progress = 0.8
1498482164.956944|COMPUTATION: Start (MatrixSize, Iteration) = |10000|16|
1498482164.957380|COMPUTATION: ['mpirun', '-n', '12', '-machinefile', '/home/ubuntu/machinefile', '/home/ubuntu/repositorios/elastichpc/beta/trials/Matrix.py', '10000', '/home/ubuntu/teste.mtr_16']
1498482166.072537|PLATFORM: State = |0.800000011921|0.65|68.1667|6|
1498482177.341088|PLATFORM: State = |0.800000011921|0.858333|1879.67|6|
1498482188.758510|PLATFORM: State = |0.800000011921|1.09333|1879.67|6|
1498482199.933179|PLATFORM: State = |0.800000011921|1.31|2007.17|6|
1498482211.306803|PLATFORM: State = |0.800000011921|1.43|2007.5|6|
1498482222.840543|PLATFORM: State = |0.800000011921|1.54|2007.67|6|
1498482234.451206|PLATFORM: State = |0.800000011921|1.62833|2007.5|6|
1498482245.881898|PLATFORM: State = |0.800000011921|1.75833|2007.67|6|
1498482256.967838|PLATFORM: State = |0.800000011921|1.79333|2007.5|6|
1498482268.165155|PLATFORM: State = |0.800000011921|1.86|2007.33|6|
1498482279.348973|PLATFORM: State = |0.800000011921|1.88|2007.67|6|
1498482290.513109|PLATFORM: State = |0.800000011921|1.94667|2007.5|6|
1498482301.668677|PLATFORM: State = |0.800000011921|1.93833|767.167|6|
1498482312.841563|PLATFORM: State = |0.800000011921|1.725|767.5|6|
1498482324.069948|PLATFORM: State = |0.800000011921|1.56333|767.333|6|
1498482335.222203|PLATFORM: State = |0.800000011921|1.37667|767.333|6|
1498482346.312890|PLATFORM: State = |0.800000011921|1.255|767.5|6|
1498482357.391172|PLATFORM: State = |0.800000011921|1.17833|767.5|6|
1498482368.802496|PLATFORM: State = |0.800000011921|1.05667|767.333|6|
1498482379.679463|PLATFORM: State = |0.800000011921|0.945|502.667|6|
1498482390.545308|PLATFORM: State = |0.800000011921|0.865|501.833|6|
1498482401.370958|PLATFORM: State = |0.800000011921|0.771667|502.5|6|
1498482412.250018|PLATFORM: State = |0.800000011921|0.688333|502.167|6|
1498482423.089155|PLATFORM: State = |0.800000011921|0.628333|502|6|
1498482424.756961|COMPUTATION: End (MatrixSize, Iteration) = |10000|16|
1498482425.061932|COMPUTATION: Execution = Warning: Permanently added '10.10.10.9' (ECDSA) to the list of known hosts.
Warning: Permanently added '10.10.10.12' (ECDSA) to the list of known hosts.
Warning: Permanently added '10.10.10.10' (ECDSA) to the list of known hosts.
Warning: Permanently added '10.10.10.20' (ECDSA) to the list of known hosts.
Warning: Permanently added '10.10.10.11' (ECDSA) to the list of known hosts.
|None
1498482425.062209|COMPUTATION: Progress = 0.85
1498482425.062324|COMPUTATION: Start (MatrixSize, Iteration) = |10000|17|
1498482425.062847|COMPUTATION: ['mpirun', '-n', '12', '-machinefile', '/home/ubuntu/machinefile', '/home/ubuntu/repositorios/elastichpc/beta/trials/Matrix.py', '10000', '/home/ubuntu/teste.mtr_17']
1498482434.318900|PLATFORM: State = |0.850000023842|0.945|1880|6|
1498482445.547078|PLATFORM: State = |0.850000023842|1.18667|1880.33|6|
1498482456.875183|PLATFORM: State = |0.850000023842|1.33667|2007.83|6|
1498482468.043013|PLATFORM: State = |0.850000023842|1.46833|2007.83|6|
1498482479.226856|PLATFORM: State = |0.850000023842|1.56833|2007.83|6|
1498482490.528078|PLATFORM: State = |0.850000023842|1.65333|2008|6|
1498482501.662781|PLATFORM: State = |0.850000023842|1.71833|2007.5|6|
1498482512.685983|PLATFORM: State = |0.850000023842|1.79167|2007.67|6|
1498482523.834375|PLATFORM: State = |0.850000023842|1.88167|2007.83|6|
1498482535.065170|PLATFORM: State = |0.850000023842|1.92833|2007.33|6|
1498482546.175184|PLATFORM: State = |0.850000023842|1.95333|2007.67|6|
1498482557.352305|PLATFORM: State = |0.850000023842|1.86667|767.667|6|
1498482568.484059|PLATFORM: State = |0.850000023842|1.65|767.333|6|
1498482579.867641|PLATFORM: State = |0.850000023842|1.48667|767.667|6|
1498482591.225584|PLATFORM: State = |0.850000023842|1.34333|767.333|6|
1498482602.272257|PLATFORM: State = |0.850000023842|1.22333|767.5|6|
1498482612.890689|PLATFORM: State = |0.850000023842|1.11667|501.833|6|
1498482623.714041|PLATFORM: State = |0.850000023842|1.05833|502.333|6|
1498482634.483244|PLATFORM: State = |0.850000023842|0.973333|502.333|6|
1498482645.336771|PLATFORM: State = |0.850000023842|0.878333|501.833|6|
1498482656.205847|PLATFORM: State = |0.850000023842|0.795|502|6|
1498482665.664690|COMPUTATION: End (MatrixSize, Iteration) = |10000|17|
1498482666.765186|COMPUTATION: Execution = Warning: Permanently added '10.10.10.9' (ECDSA) to the list of known hosts.
Warning: Permanently added '10.10.10.10' (ECDSA) to the list of known hosts.
Warning: Permanently added '10.10.10.12' (ECDSA) to the list of known hosts.
Warning: Permanently added '10.10.10.20' (ECDSA) to the list of known hosts.
Warning: Permanently added '10.10.10.11' (ECDSA) to the list of known hosts.
|None
1498482666.765568|COMPUTATION: Progress = 0.9
1498482666.765779|COMPUTATION: Start (MatrixSize, Iteration) = |10000|18|
1498482666.766213|COMPUTATION: ['mpirun', '-n', '12', '-machinefile', '/home/ubuntu/machinefile', '/home/ubuntu/repositorios/elastichpc/beta/trials/Matrix.py', '10000', '/home/ubuntu/teste.mtr_18']
1498482667.049856|PLATFORM: State = |0.850000023842|0.696667|66.1667|6|
1498482678.534745|PLATFORM: State = |0.899999976158|0.921667|1879.83|6|
1498482689.719632|PLATFORM: State = |0.899999976158|1.08833|1880.17|6|
1498482700.934639|PLATFORM: State = |0.899999976158|1.335|2007.33|6|
1498482712.149015|PLATFORM: State = |0.899999976158|1.46167|2007.83|6|
1498482723.522894|PLATFORM: State = |0.899999976158|1.585|2007.5|6|
1498482734.737028|PLATFORM: State = |0.899999976158|1.66167|2007.83|6|
1498482746.050476|PLATFORM: State = |0.899999976158|1.77167|2008|6|
1498482757.349092|PLATFORM: State = |0.899999976158|1.805|2007.83|6|
1498482768.441819|PLATFORM: State = |0.899999976158|1.86667|2007.83|6|
1498482779.528548|PLATFORM: State = |0.899999976158|1.90167|2008|6|
1498482790.931053|PLATFORM: State = |0.899999976158|1.93333|2007.67|6|
1498482802.178110|PLATFORM: State = |0.899999976158|1.82667|767|6|
1498482813.512413|PLATFORM: State = |0.899999976158|1.60333|767.5|6|
1498482824.761450|PLATFORM: State = |0.899999976158|1.45|767.667|6|
1498482835.914604|PLATFORM: State = |0.899999976158|1.285|767.333|6|
1498482847.295816|PLATFORM: State = |0.899999976158|1.17667|767.667|6|
1498482858.330394|PLATFORM: State = |0.899999976158|1.09167|767.167|6|
1498482868.988113|PLATFORM: State = |0.899999976158|0.966667|502.333|6|
1498482879.846948|PLATFORM: State = |0.899999976158|0.87|502|6|
1498482890.621183|PLATFORM: State = |0.899999976158|0.793333|502.5|6|
1498482901.430114|PLATFORM: State = |0.899999976158|0.736667|502.333|6|
1498482912.277756|PLATFORM: State = |0.899999976158|0.701667|502|6|
1498482913.686743|COMPUTATION: End (MatrixSize, Iteration) = |10000|18|
1498482913.850871|COMPUTATION: Execution = Warning: Permanently added '10.10.10.9' (ECDSA) to the list of known hosts.
Warning: Permanently added '10.10.10.10' (ECDSA) to the list of known hosts.
Warning: Permanently added '10.10.10.12' (ECDSA) to the list of known hosts.
Warning: Permanently added '10.10.10.20' (ECDSA) to the list of known hosts.
Warning: Permanently added '10.10.10.11' (ECDSA) to the list of known hosts.
|None
1498482913.851196|COMPUTATION: Progress = 0.95
1498482913.851341|COMPUTATION: Start (MatrixSize, Iteration) = |10000|19|
1498482913.851690|COMPUTATION: ['mpirun', '-n', '12', '-machinefile', '/home/ubuntu/machinefile', '/home/ubuntu/repositorios/elastichpc/beta/trials/Matrix.py', '10000', '/home/ubuntu/teste.mtr_19']
1498482923.743339|PLATFORM: State = |0.949999988079|0.976667|1879.33|6|
1498482935.319555|PLATFORM: State = |0.949999988079|1.135|1879.67|6|
1498482946.539946|PLATFORM: State = |0.949999988079|1.30833|2006.83|6|
1498482957.730504|PLATFORM: State = |0.949999988079|1.42833|2007|6|
1498482969.135791|PLATFORM: State = |0.949999988079|1.555|2007.17|6|
1498482980.366489|PLATFORM: State = |0.949999988079|1.64333|2007.33|6|
1498482991.863423|PLATFORM: State = |0.949999988079|1.73333|2007.67|6|
1498483003.219839|PLATFORM: State = |0.949999988079|1.79167|2007.5|6|
1498483014.414514|PLATFORM: State = |0.949999988079|1.84|2007.67|6|
1498483025.477641|PLATFORM: State = |0.949999988079|1.91333|2007.33|6|
1498483036.630862|PLATFORM: State = |0.949999988079|1.92667|2007.17|6|
1498483047.738534|PLATFORM: State = |0.949999988079|1.81833|767.167|6|
1498483059.032146|PLATFORM: State = |0.949999988079|1.625|767|6|
1498483070.308893|PLATFORM: State = |0.949999988079|1.475|767.333|6|
1498483081.524820|PLATFORM: State = |0.949999988079|1.295|767.167|6|
1498483092.699749|PLATFORM: State = |0.949999988079|1.17333|767.667|6|
1498483103.460107|PLATFORM: State = |0.949999988079|1.08333|501.5|6|
1498483114.087757|PLATFORM: State = |0.949999988079|0.963333|502.5|6|
1498483124.915098|PLATFORM: State = |0.949999988079|0.865|502|6|
1498483135.777705|PLATFORM: State = |0.949999988079|0.778333|502.167|6|
1498483146.582209|PLATFORM: State = |0.949999988079|0.698333|502.5|6|
1498483150.648478|COMPUTATION: End (MatrixSize, Iteration) = |10000|19|
1498483151.370267|COMPUTATION: Execution = Warning: Permanently added '10.10.10.10' (ECDSA) to the list of known hosts.
Warning: Permanently added '10.10.10.12' (ECDSA) to the list of known hosts.
Warning: Permanently added '10.10.10.9' (ECDSA) to the list of known hosts.
Warning: Permanently added '10.10.10.11' (ECDSA) to the list of known hosts.
Warning: Permanently added '10.10.10.20' (ECDSA) to the list of known hosts.
|None
1498483151.370656|COMPUTATION: Progress = 1.0
1498483151.371021|COMPUTATION: Finish Computation.
1498483157.495662|PLATFORM: State = |1.0|0.616667|64.8333|6|
1498483157.496044|PLATFORM: Finish Platform.
1498483157.503288|PLATFORM: Elapsed = 5071.26894283
1498483157.506279|PLATFORM: Execution Log = [(1498478086.226551, {'compute_state': 0.0, 'resource_state': '0.156667|1838.33', 'nodes': 6}), (1498478097.707172, {'compute_state': 0.0, 'resource_state': '0.505|1879.83', 'nodes': 6}), (1498478109.154963, {'compute_state': 0.0, 'resource_state': '0.735|2007', 'nodes': 6}), (1498478120.635131, {'compute_state': 0.0, 'resource_state': '1.01|2007.33', 'nodes': 6}), (1498478132.127906, {'compute_state': 0.0, 'resource_state': '1.19833|2007.83', 'nodes': 6}), (1498478143.594211, {'compute_state': 0.0, 'resource_state': '1.325|2007.83', 'nodes': 6}), (1498478154.655731, {'compute_state': 0.0, 'resource_state': '1.47|2007.33', 'nodes': 6}), (1498478166.171435, {'compute_state': 0.0, 'resource_state': '1.6|2007.5', 'nodes': 6}), (1498478177.515563, {'compute_state': 0.0, 'resource_state': '1.70667|2007.83', 'nodes': 6}), (1498478188.934447, {'compute_state': 0.0, 'resource_state': '1.74833|2007.83', 'nodes': 6}), (1498478200.266767, {'compute_state': 0.0, 'resource_state': '1.81|2008', 'nodes': 6}), (1498478211.616352, {'compute_state': 0.0, 'resource_state': '1.81|767.333', 'nodes': 6}), (1498478222.758414, {'compute_state': 0.0, 'resource_state': '1.57667|767.833', 'nodes': 6}), (1498478233.838855, {'compute_state': 0.0, 'resource_state': '1.43833|768.167', 'nodes': 6}), (1498478244.797498, {'compute_state': 0.0, 'resource_state': '1.28333|768.333', 'nodes': 6}), (1498478255.958992, {'compute_state': 0.0, 'resource_state': '1.19|768.333', 'nodes': 6}), (1498478267.127243, {'compute_state': 0.0, 'resource_state': '1.055|768', 'nodes': 6}), (1498478278.056314, {'compute_state': 0.0, 'resource_state': '0.965|630.333', 'nodes': 6}), (1498478288.918217, {'compute_state': 0.0, 'resource_state': '0.896667|502.5', 'nodes': 6}), (1498478299.801635, {'compute_state': 0.0, 'resource_state': '0.823333|502.833', 'nodes': 6}), (1498478310.670484, {'compute_state': 0.0, 'resource_state': '0.741667|502.5', 'nodes': 6}), (1498478321.533326, {'compute_state': 0.0, 'resource_state': '0.68|503', 'nodes': 6}), (1498478332.451949, {'compute_state': 0.0, 'resource_state': '0.598333|502.167', 'nodes': 6}), (1498478343.886371, {'compute_state': 0.05000000074505806, 'resource_state': '0.815|1879.67', 'nodes': 6}), (1498478355.083128, {'compute_state': 0.05000000074505806, 'resource_state': '1.07167|1879.5', 'nodes': 6}), (1498478366.402753, {'compute_state': 0.05000000074505806, 'resource_state': '1.225|2007.17', 'nodes': 6}), (1498478377.618963, {'compute_state': 0.05000000074505806, 'resource_state': '1.43167|2007.33', 'nodes': 6}), (1498478388.900038, {'compute_state': 0.05000000074505806, 'resource_state': '1.52167|2007.33', 'nodes': 6}), (1498478400.359488, {'compute_state': 0.05000000074505806, 'resource_state': '1.66167|2007.5', 'nodes': 6}), (1498478411.380651, {'compute_state': 0.05000000074505806, 'resource_state': '1.71167|2007.33', 'nodes': 6}), (1498478422.450268, {'compute_state': 0.05000000074505806, 'resource_state': '1.79667|2007.17', 'nodes': 6}), (1498478433.686515, {'compute_state': 0.05000000074505806, 'resource_state': '1.83167|2007.5', 'nodes': 6}), (1498478444.886085, {'compute_state': 0.05000000074505806, 'resource_state': '1.87167|2007.33', 'nodes': 6}), (1498478456.075728, {'compute_state': 0.05000000074505806, 'resource_state': '1.895|1731.67', 'nodes': 6}), (1498478467.290678, {'compute_state': 0.05000000074505806, 'resource_state': '1.69833|767.167', 'nodes': 6}), (1498478478.647366, {'compute_state': 0.05000000074505806, 'resource_state': '1.54167|767', 'nodes': 6}), (1498478489.938268, {'compute_state': 0.05000000074505806, 'resource_state': '1.37667|767.333', 'nodes': 6}), (1498478500.953316, {'compute_state': 0.05000000074505806, 'resource_state': '1.24833|767.167', 'nodes': 6}), (1498478511.927158, {'compute_state': 0.05000000074505806, 'resource_state': '1.13667|767.667', 'nodes': 6}), (1498478522.81444, {'compute_state': 0.05000000074505806, 'resource_state': '1.015|502.5', 'nodes': 6}), (1498478533.654406, {'compute_state': 0.05000000074505806, 'resource_state': '0.898333|502.5', 'nodes': 6}), (1498478544.509637, {'compute_state': 0.05000000074505806, 'resource_state': '0.805|502.167', 'nodes': 6}), (1498478555.398345, {'compute_state': 0.05000000074505806, 'resource_state': '0.775|502.167', 'nodes': 6}), (1498478566.30704, {'compute_state': 0.05000000074505806, 'resource_state': '0.695|66.3333', 'nodes': 6}), (1498478577.84692, {'compute_state': 0.10000000149011612, 'resource_state': '0.91|1879.5', 'nodes': 6}), (1498478588.911964, {'compute_state': 0.10000000149011612, 'resource_state': '1.09167|1879.33', 'nodes': 6}), (1498478600.128745, {'compute_state': 0.10000000149011612, 'resource_state': '1.28833|2006.83', 'nodes': 6}), (1498478611.590501, {'compute_state': 0.10000000149011612, 'resource_state': '1.40333|2007', 'nodes': 6}), (1498478622.736709, {'compute_state': 0.10000000149011612, 'resource_state': '1.575|2007.33', 'nodes': 6}), (1498478634.022254, {'compute_state': 0.10000000149011612, 'resource_state': '1.65167|2007.33', 'nodes': 6}), (1498478645.204588, {'compute_state': 0.10000000149011612, 'resource_state': '1.75167|2006.83', 'nodes': 6}), (1498478656.649847, {'compute_state': 0.10000000149011612, 'resource_state': '1.80833|2007.33', 'nodes': 6}), (1498478667.67479, {'compute_state': 0.10000000149011612, 'resource_state': '1.84667|2007', 'nodes': 6}), (1498478678.828739, {'compute_state': 0.10000000149011612, 'resource_state': '1.87|2007.17', 'nodes': 6}), (1498478690.080919, {'compute_state': 0.10000000149011612, 'resource_state': '1.90667|1594', 'nodes': 6}), (1498478701.27736, {'compute_state': 0.10000000149011612, 'resource_state': '1.755|766.5', 'nodes': 6}), (1498478712.528759, {'compute_state': 0.10000000149011612, 'resource_state': '1.51667|766.333', 'nodes': 6}), (1498478723.780685, {'compute_state': 0.10000000149011612, 'resource_state': '1.39667|766.667', 'nodes': 6}), (1498478735.10886, {'compute_state': 0.10000000149011612, 'resource_state': '1.24333|766.5', 'nodes': 6}), (1498478746.244349, {'compute_state': 0.10000000149011612, 'resource_state': '1.13833|766.833', 'nodes': 6}), (1498478757.231433, {'compute_state': 0.10000000149011612, 'resource_state': '1.02667|766.167', 'nodes': 6}), (1498478767.871148, {'compute_state': 0.10000000149011612, 'resource_state': '0.928333|501.333', 'nodes': 6}), (1498478778.70609, {'compute_state': 0.10000000149011612, 'resource_state': '0.811667|501.833', 'nodes': 6}), (1498478789.463778, {'compute_state': 0.10000000149011612, 'resource_state': '0.71|501.333', 'nodes': 6}), (1498478800.301491, {'compute_state': 0.10000000149011612, 'resource_state': '0.62|501.333', 'nodes': 6}), (1498478811.105412, {'compute_state': 0.10000000149011612, 'resource_state': '0.535|501', 'nodes': 6}), (1498478822.421479, {'compute_state': 0.15000000596046448, 'resource_state': '0.728333|1860', 'nodes': 6}), (1498478833.785682, {'compute_state': 0.15000000596046448, 'resource_state': '0.925|1879.33', 'nodes': 6}), (1498478844.855126, {'compute_state': 0.15000000596046448, 'resource_state': '1.12|2007.33', 'nodes': 6}), (1498478855.965167, {'compute_state': 0.15000000596046448, 'resource_state': '1.32167|2007.33', 'nodes': 6}), (1498478867.305241, {'compute_state': 0.15000000596046448, 'resource_state': '1.48167|2007.33', 'nodes': 6}), (1498478878.444058, {'compute_state': 0.15000000596046448, 'resource_state': '1.56167|2007', 'nodes': 6}), (1498478889.773931, {'compute_state': 0.15000000596046448, 'resource_state': '1.62833|2007.17', 'nodes': 6}), (1498478901.184321, {'compute_state': 0.15000000596046448, 'resource_state': '1.72167|2007.17', 'nodes': 6}), (1498478912.544381, {'compute_state': 0.15000000596046448, 'resource_state': '1.79167|2007.17', 'nodes': 6}), (1498478923.804277, {'compute_state': 0.15000000596046448, 'resource_state': '1.82333|2007', 'nodes': 6}), (1498478934.996733, {'compute_state': 0.15000000596046448, 'resource_state': '1.865|1869.83', 'nodes': 6}), (1498478946.213202, {'compute_state': 0.15000000596046448, 'resource_state': '1.83667|766.167', 'nodes': 6}), (1498478957.404782, {'compute_state': 0.15000000596046448, 'resource_state': '1.605|766.833', 'nodes': 6}), (1498478968.641385, {'compute_state': 0.15000000596046448, 'resource_state': '1.44333|766.5', 'nodes': 6}), (1498478979.874132, {'compute_state': 0.15000000596046448, 'resource_state': '1.29833|766.833', 'nodes': 6}), (1498478990.765749, {'compute_state': 0.15000000596046448, 'resource_state': '1.205|629.167', 'nodes': 6}), (1498479001.68219, {'compute_state': 0.15000000596046448, 'resource_state': '1.07167|629', 'nodes': 6}), (1498479012.61441, {'compute_state': 0.15000000596046448, 'resource_state': '0.955|629.333', 'nodes': 6}), (1498479023.210834, {'compute_state': 0.15000000596046448, 'resource_state': '0.871667|629.5', 'nodes': 6}), (1498479034.074513, {'compute_state': 0.15000000596046448, 'resource_state': '0.803333|501.5', 'nodes': 6}), (1498479044.918003, {'compute_state': 0.15000000596046448, 'resource_state': '0.701667|501.667', 'nodes': 6}), (1498479055.785577, {'compute_state': 0.15000000596046448, 'resource_state': '0.638333|501.333', 'nodes': 6}), (1498479066.681641, {'compute_state': 0.15000000596046448, 'resource_state': '0.591667|501.833', 'nodes': 6}), (1498479077.997659, {'compute_state': 0.20000000298023224, 'resource_state': '0.701667|1798', 'nodes': 6}), (1498479089.346598, {'compute_state': 0.20000000298023224, 'resource_state': '0.9|1879.83', 'nodes': 6}), (1498479100.444583, {'compute_state': 0.20000000298023224, 'resource_state': '1.115|2006.83', 'nodes': 6}), (1498479111.708293, {'compute_state': 0.20000000298023224, 'resource_state': '1.26|2007.33', 'nodes': 6}), (1498479123.125701, {'compute_state': 0.20000000298023224, 'resource_state': '1.44667|2007.17', 'nodes': 6}), (1498479134.550014, {'compute_state': 0.20000000298023224, 'resource_state': '1.53167|2007', 'nodes': 6}), (1498479146.098245, {'compute_state': 0.20000000298023224, 'resource_state': '1.65667|2007.5', 'nodes': 6}), (1498479157.332509, {'compute_state': 0.20000000298023224, 'resource_state': '1.74833|2007.5', 'nodes': 6}), (1498479168.785948, {'compute_state': 0.20000000298023224, 'resource_state': '1.79167|2007.5', 'nodes': 6}), (1498479180.301647, {'compute_state': 0.20000000298023224, 'resource_state': '1.83833|2007.5', 'nodes': 6}), (1498479191.337239, {'compute_state': 0.20000000298023224, 'resource_state': '1.88|2006.67', 'nodes': 6}), (1498479202.508406, {'compute_state': 0.20000000298023224, 'resource_state': '1.86167|766.333', 'nodes': 6}), (1498479213.777773, {'compute_state': 0.20000000298023224, 'resource_state': '1.62333|766.5', 'nodes': 6}), (1498479224.94858, {'compute_state': 0.20000000298023224, 'resource_state': '1.47833|766.333', 'nodes': 6}), (1498479236.494403, {'compute_state': 0.20000000298023224, 'resource_state': '1.315|766.333', 'nodes': 6}), (1498479248.010221, {'compute_state': 0.20000000298023224, 'resource_state': '1.15333|766.833', 'nodes': 6}), (1498479259.449798, {'compute_state': 0.20000000298023224, 'resource_state': '1.05333|766.667', 'nodes': 6}), (1498479270.632705, {'compute_state': 0.20000000298023224, 'resource_state': '0.973333|767.167', 'nodes': 6}), (1498479281.218977, {'compute_state': 0.20000000298023224, 'resource_state': '0.883333|501.167', 'nodes': 6}), (1498479292.061798, {'compute_state': 0.20000000298023224, 'resource_state': '0.771667|501.333', 'nodes': 6}), (1498479302.858328, {'compute_state': 0.20000000298023224, 'resource_state': '0.69|501.5', 'nodes': 6}), (1498479313.665073, {'compute_state': 0.20000000298023224, 'resource_state': '0.62|501.167', 'nodes': 6}), (1498479324.52155, {'compute_state': 0.20000000298023224, 'resource_state': '0.55|501.5', 'nodes': 6}), (1498479336.034691, {'compute_state': 0.25, 'resource_state': '0.66|1831.33', 'nodes': 6}), (1498479347.622832, {'compute_state': 0.25, 'resource_state': '0.896667|1879.67', 'nodes': 6}), (1498479358.776903, {'compute_state': 0.25, 'resource_state': '1.09833|2006.83', 'nodes': 6}), (1498479369.936603, {'compute_state': 0.25, 'resource_state': '1.23667|2007.17', 'nodes': 6}), (1498479381.298872, {'compute_state': 0.25, 'resource_state': '1.41667|2007.17', 'nodes': 6}), (1498479392.477017, {'compute_state': 0.25, 'resource_state': '1.53|2006.83', 'nodes': 6}), (1498479403.669388, {'compute_state': 0.25, 'resource_state': '1.62667|2006.67', 'nodes': 6}), (1498479414.982923, {'compute_state': 0.25, 'resource_state': '1.68667|2006.5', 'nodes': 6}), (1498479426.259597, {'compute_state': 0.25, 'resource_state': '1.76833|2007', 'nodes': 6}), (1498479437.293376, {'compute_state': 0.25, 'resource_state': '1.80667|2006.83', 'nodes': 6}), (1498479448.356253, {'compute_state': 0.25, 'resource_state': '1.85333|2006.83', 'nodes': 6}), (1498479459.607583, {'compute_state': 0.25, 'resource_state': '1.78333|766.5', 'nodes': 6}), (1498479471.083737, {'compute_state': 0.25, 'resource_state': '1.585|766.667', 'nodes': 6}), (1498479482.256481, {'compute_state': 0.25, 'resource_state': '1.415|766.667', 'nodes': 6}), (1498479493.688184, {'compute_state': 0.25, 'resource_state': '1.26|766.5', 'nodes': 6}), (1498479505.159844, {'compute_state': 0.25, 'resource_state': '1.14333|766.833', 'nodes': 6}), (1498479516.303707, {'compute_state': 0.25, 'resource_state': '1.05667|766.333', 'nodes': 6}), (1498479526.919743, {'compute_state': 0.25, 'resource_state': '0.968333|501', 'nodes': 6}), (1498479537.534647, {'compute_state': 0.25, 'resource_state': '0.881667|501.333', 'nodes': 6}), (1498479548.362589, {'compute_state': 0.25, 'resource_state': '0.766667|501.333', 'nodes': 6}), (1498479559.218207, {'compute_state': 0.25, 'resource_state': '0.688333|501.5', 'nodes': 6}), (1498479570.013992, {'compute_state': 0.25, 'resource_state': '0.646667|501.667', 'nodes': 6}), (1498479581.479113, {'compute_state': 0.30000001192092896, 'resource_state': '0.683333|1792.67', 'nodes': 6}), (1498479592.919398, {'compute_state': 0.30000001192092896, 'resource_state': '0.993333|1879.5', 'nodes': 6}), (1498479604.195883, {'compute_state': 0.30000001192092896, 'resource_state': '1.16167|2006.67', 'nodes': 6}), (1498479615.409625, {'compute_state': 0.30000001192092896, 'resource_state': '1.30333|2007', 'nodes': 6}), (1498479626.534284, {'compute_state': 0.30000001192092896, 'resource_state': '1.435|2007.33', 'nodes': 6}), (1498479637.784121, {'compute_state': 0.30000001192092896, 'resource_state': '1.585|2007', 'nodes': 6}), (1498479649.016796, {'compute_state': 0.30000001192092896, 'resource_state': '1.66167|2007', 'nodes': 6}), (1498479660.234236, {'compute_state': 0.30000001192092896, 'resource_state': '1.71333|2006.67', 'nodes': 6}), (1498479671.458428, {'compute_state': 0.30000001192092896, 'resource_state': '1.78167|2006.83', 'nodes': 6}), (1498479682.638398, {'compute_state': 0.30000001192092896, 'resource_state': '1.81667|2007.17', 'nodes': 6}), (1498479693.979702, {'compute_state': 0.30000001192092896, 'resource_state': '1.875|2007', 'nodes': 6}), (1498479705.113572, {'compute_state': 0.30000001192092896, 'resource_state': '1.855|912.5', 'nodes': 6}), (1498479716.336261, {'compute_state': 0.30000001192092896, 'resource_state': '1.64167|766.667', 'nodes': 6}), (1498479727.499545, {'compute_state': 0.30000001192092896, 'resource_state': '1.46667|766.167', 'nodes': 6}), (1498479738.626553, {'compute_state': 0.30000001192092896, 'resource_state': '1.39333|766.667', 'nodes': 6}), (1498479749.832321, {'compute_state': 0.30000001192092896, 'resource_state': '1.255|766', 'nodes': 6}), (1498479760.970768, {'compute_state': 0.30000001192092896, 'resource_state': '1.14|766.667', 'nodes': 6}), (1498479772.284241, {'compute_state': 0.30000001192092896, 'resource_state': '1.065|766.5', 'nodes': 6}), (1498479783.24704, {'compute_state': 0.30000001192092896, 'resource_state': '0.965|766.667', 'nodes': 6}), (1498479793.886359, {'compute_state': 0.30000001192092896, 'resource_state': '0.853333|500.833', 'nodes': 6}), (1498479804.474686, {'compute_state': 0.30000001192092896, 'resource_state': '0.773333|501.167', 'nodes': 6}), (1498479815.321048, {'compute_state': 0.30000001192092896, 'resource_state': '0.695|501.5', 'nodes': 6}), (1498479826.201564, {'compute_state': 0.30000001192092896, 'resource_state': '0.723333|501.167', 'nodes': 6}), (1498479837.644773, {'compute_state': 0.3499999940395355, 'resource_state': '0.736667|1826', 'nodes': 6}), (1498479849.16045, {'compute_state': 0.3499999940395355, 'resource_state': '1.01667|1879.33', 'nodes': 6}), (1498479860.628669, {'compute_state': 0.3499999940395355, 'resource_state': '1.22167|2006.67', 'nodes': 6}), (1498479872.19728, {'compute_state': 0.3499999940395355, 'resource_state': '1.37667|2007', 'nodes': 6}), (1498479883.24294, {'compute_state': 0.3499999940395355, 'resource_state': '1.52833|2007.17', 'nodes': 6}), (1498479894.473117, {'compute_state': 0.3499999940395355, 'resource_state': '1.625|2007.33', 'nodes': 6}), (1498479905.759813, {'compute_state': 0.3499999940395355, 'resource_state': '1.70167|2006.83', 'nodes': 6}), (1498479916.943501, {'compute_state': 0.3499999940395355, 'resource_state': '1.78833|2007.33', 'nodes': 6}), (1498479928.075586, {'compute_state': 0.3499999940395355, 'resource_state': '1.88667|2007.33', 'nodes': 6}), (1498479939.557593, {'compute_state': 0.3499999940395355, 'resource_state': '1.90333|2007.5', 'nodes': 6}), (1498479950.885078, {'compute_state': 0.3499999940395355, 'resource_state': '1.93333|2006.83', 'nodes': 6}), (1498479962.071711, {'compute_state': 0.3499999940395355, 'resource_state': '2.03667|766.167', 'nodes': 6}), (1498479973.098543, {'compute_state': 0.3499999940395355, 'resource_state': '1.81333|766.5', 'nodes': 6}), (1498479984.256309, {'compute_state': 0.3499999940395355, 'resource_state': '1.63|767', 'nodes': 6}), (1498479995.582046, {'compute_state': 0.3499999940395355, 'resource_state': '1.46833|766.667', 'nodes': 6}), (1498480006.748488, {'compute_state': 0.3499999940395355, 'resource_state': '1.33333|766.5', 'nodes': 6}), (1498480017.882823, {'compute_state': 0.3499999940395355, 'resource_state': '1.21667|766.5', 'nodes': 6}), (1498480029.000285, {'compute_state': 0.3499999940395355, 'resource_state': '1.07667|766.5', 'nodes': 6}), (1498480040.313601, {'compute_state': 0.3499999940395355, 'resource_state': '0.988333|766.667', 'nodes': 6}), (1498480050.959623, {'compute_state': 0.3499999940395355, 'resource_state': '0.878333|501.333', 'nodes': 6}), (1498480061.567933, {'compute_state': 0.3499999940395355, 'resource_state': '0.875|501.333', 'nodes': 6}), (1498480072.373325, {'compute_state': 0.3499999940395355, 'resource_state': '0.776667|501.167', 'nodes': 6}), (1498480083.669999, {'compute_state': 0.3499999940395355, 'resource_state': '0.683333|501', 'nodes': 6}), (1498480094.437933, {'compute_state': 0.3499999940395355, 'resource_state': '0.668333|66.3333', 'nodes': 6}), (1498480105.993824, {'compute_state': 0.4000000059604645, 'resource_state': '0.87|1879.5', 'nodes': 6}), (1498480117.505813, {'compute_state': 0.4000000059604645, 'resource_state': '1.095|1879.5', 'nodes': 6}), (1498480129.070453, {'compute_state': 0.4000000059604645, 'resource_state': '1.32833|2007', 'nodes': 6}), (1498480140.167209, {'compute_state': 0.4000000059604645, 'resource_state': '1.43333|2007', 'nodes': 6}), (1498480151.670015, {'compute_state': 0.4000000059604645, 'resource_state': '1.54667|2006.83', 'nodes': 6}), (1498480163.150351, {'compute_state': 0.4000000059604645, 'resource_state': '1.66667|2007', 'nodes': 6}), (1498480174.642683, {'compute_state': 0.4000000059604645, 'resource_state': '1.735|2007.5', 'nodes': 6}), (1498480186.142682, {'compute_state': 0.4000000059604645, 'resource_state': '1.79333|2007.67', 'nodes': 6}), (1498480197.349128, {'compute_state': 0.4000000059604645, 'resource_state': '1.85333|2007.67', 'nodes': 6}), (1498480208.806189, {'compute_state': 0.4000000059604645, 'resource_state': '1.885|2007.5', 'nodes': 6}), (1498480219.969376, {'compute_state': 0.4000000059604645, 'resource_state': '1.90333|1318', 'nodes': 6}), (1498480231.222891, {'compute_state': 0.4000000059604645, 'resource_state': '1.7|766.667', 'nodes': 6}), (1498480242.611692, {'compute_state': 0.4000000059604645, 'resource_state': '1.53167|766.333', 'nodes': 6}), (1498480253.837541, {'compute_state': 0.4000000059604645, 'resource_state': '1.32667|766.333', 'nodes': 6}), (1498480265.33127, {'compute_state': 0.4000000059604645, 'resource_state': '1.21167|767.167', 'nodes': 6}), (1498480276.803269, {'compute_state': 0.4000000059604645, 'resource_state': '1.21667|766.833', 'nodes': 6}), (1498480288.224489, {'compute_state': 0.4000000059604645, 'resource_state': '1.11833|766.667', 'nodes': 6}), (1498480299.366385, {'compute_state': 0.4000000059604645, 'resource_state': '1.00167|766.5', 'nodes': 6}), (1498480310.357286, {'compute_state': 0.4000000059604645, 'resource_state': '0.935|767', 'nodes': 6}), (1498480321.104106, {'compute_state': 0.4000000059604645, 'resource_state': '0.835|500.833', 'nodes': 6}), (1498480331.958007, {'compute_state': 0.4000000059604645, 'resource_state': '0.73|501', 'nodes': 6}), (1498480342.797272, {'compute_state': 0.4000000059604645, 'resource_state': '0.68|501.167', 'nodes': 6}), (1498480353.629952, {'compute_state': 0.4000000059604645, 'resource_state': '0.63|501.5', 'nodes': 6}), (1498480364.469146, {'compute_state': 0.4000000059604645, 'resource_state': '0.573333|501', 'nodes': 6}), (1498480375.927431, {'compute_state': 0.44999998807907104, 'resource_state': '0.766667|1879.5', 'nodes': 6}), (1498480387.480175, {'compute_state': 0.44999998807907104, 'resource_state': '1.01833|1879.83', 'nodes': 6}), (1498480398.928193, {'compute_state': 0.44999998807907104, 'resource_state': '1.21|2007.17', 'nodes': 6}), (1498480410.39967, {'compute_state': 0.44999998807907104, 'resource_state': '1.33333|2007', 'nodes': 6}), (1498480421.943702, {'compute_state': 0.44999998807907104, 'resource_state': '1.48|2007.33', 'nodes': 6}), (1498480433.294274, {'compute_state': 0.44999998807907104, 'resource_state': '1.56|2007.33', 'nodes': 6}), (1498480444.871437, {'compute_state': 0.44999998807907104, 'resource_state': '1.67167|2007.5', 'nodes': 6}), (1498480456.302615, {'compute_state': 0.44999998807907104, 'resource_state': '1.75|2006.83', 'nodes': 6}), (1498480467.374864, {'compute_state': 0.44999998807907104, 'resource_state': '1.82167|2007.33', 'nodes': 6}), (1498480478.391072, {'compute_state': 0.44999998807907104, 'resource_state': '1.9|2007', 'nodes': 6}), (1498480489.960703, {'compute_state': 0.44999998807907104, 'resource_state': '1.90167|1875.5', 'nodes': 6}), (1498480501.301655, {'compute_state': 0.44999998807907104, 'resource_state': '1.71333|767.5', 'nodes': 6}), (1498480512.468829, {'compute_state': 0.44999998807907104, 'resource_state': '1.57167|767.167', 'nodes': 6}), (1498480523.932569, {'compute_state': 0.44999998807907104, 'resource_state': '1.35833|767.167', 'nodes': 6}), (1498480535.3242, {'compute_state': 0.44999998807907104, 'resource_state': '1.22667|767.167', 'nodes': 6}), (1498480546.759962, {'compute_state': 0.44999998807907104, 'resource_state': '1.1|767.333', 'nodes': 6}), (1498480557.748785, {'compute_state': 0.44999998807907104, 'resource_state': '1.02667|767.333', 'nodes': 6}), (1498480568.70463, {'compute_state': 0.44999998807907104, 'resource_state': '0.925|767', 'nodes': 6}), (1498480579.86665, {'compute_state': 0.44999998807907104, 'resource_state': '0.881667|767.167', 'nodes': 6}), (1498480590.782949, {'compute_state': 0.44999998807907104, 'resource_state': '0.786667|501.833', 'nodes': 6}), (1498480601.674276, {'compute_state': 0.44999998807907104, 'resource_state': '0.72|501.833', 'nodes': 6}), (1498480612.59054, {'compute_state': 0.44999998807907104, 'resource_state': '0.698333|501.667', 'nodes': 6}), (1498480623.43411, {'compute_state': 0.44999998807907104, 'resource_state': '0.641667|502.167', 'nodes': 6}), (1498480634.630088, {'compute_state': 0.5, 'resource_state': '0.623333|70.1667', 'nodes': 6}), (1498480645.759347, {'compute_state': 0.5, 'resource_state': '0.823333|1879.5', 'nodes': 6}), (1498480657.231521, {'compute_state': 0.5, 'resource_state': '1.06333|1880.33', 'nodes': 6}), (1498480668.760745, {'compute_state': 0.5, 'resource_state': '1.30333|2007.5', 'nodes': 6}), (1498480679.982899, {'compute_state': 0.5, 'resource_state': '1.41|2007.17', 'nodes': 6}), (1498480691.506672, {'compute_state': 0.5, 'resource_state': '1.52333|2007', 'nodes': 6}), (1498480702.882358, {'compute_state': 0.5, 'resource_state': '1.61833|2007.5', 'nodes': 6}), (1498480714.130457, {'compute_state': 0.5, 'resource_state': '1.74667|2007.5', 'nodes': 6}), (1498480725.167791, {'compute_state': 0.5, 'resource_state': '1.785|2007.33', 'nodes': 6}), (1498480736.447279, {'compute_state': 0.5, 'resource_state': '1.835|2007.67', 'nodes': 6}), (1498480747.653613, {'compute_state': 0.5, 'resource_state': '1.93167|2007.67', 'nodes': 6}), (1498480758.855152, {'compute_state': 0.5, 'resource_state': '1.975|2007.33', 'nodes': 6}), (1498480769.997103, {'compute_state': 0.5, 'resource_state': '1.77333|767.333', 'nodes': 6}), (1498480781.276445, {'compute_state': 0.5, 'resource_state': '1.60167|767.167', 'nodes': 6}), (1498480792.550741, {'compute_state': 0.5, 'resource_state': '1.445|767.333', 'nodes': 6}), (1498480803.81661, {'compute_state': 0.5, 'resource_state': '1.34167|767.5', 'nodes': 6}), (1498480814.899925, {'compute_state': 0.5, 'resource_state': '1.21167|768', 'nodes': 6}), (1498480825.511709, {'compute_state': 0.5, 'resource_state': '1.11333|502.667', 'nodes': 6}), (1498480836.367131, {'compute_state': 0.5, 'resource_state': '0.985|502.5', 'nodes': 6}), (1498480847.218015, {'compute_state': 0.5, 'resource_state': '0.873333|502.333', 'nodes': 6}), (1498480858.134646, {'compute_state': 0.5, 'resource_state': '0.776667|502.167', 'nodes': 6}), (1498480868.993142, {'compute_state': 0.5, 'resource_state': '0.665|503', 'nodes': 6}), (1498480879.817137, {'compute_state': 0.5, 'resource_state': '0.613333|502.667', 'nodes': 6}), (1498480891.206582, {'compute_state': 0.550000011920929, 'resource_state': '0.84|1879.67', 'nodes': 6}), (1498480902.254575, {'compute_state': 0.550000011920929, 'resource_state': '1.07833|1880.33', 'nodes': 6}), (1498480913.500497, {'compute_state': 0.550000011920929, 'resource_state': '1.22167|2007.5', 'nodes': 6}), (1498480924.935968, {'compute_state': 0.550000011920929, 'resource_state': '1.38667|2007.17', 'nodes': 6}), (1498480936.375429, {'compute_state': 0.550000011920929, 'resource_state': '1.49167|2007.83', 'nodes': 6}), (1498480947.955933, {'compute_state': 0.550000011920929, 'resource_state': '1.61333|2007.33', 'nodes': 6}), (1498480959.435553, {'compute_state': 0.550000011920929, 'resource_state': '1.69167|2007.83', 'nodes': 6}), (1498480970.955036, {'compute_state': 0.550000011920929, 'resource_state': '1.74833|2007.5', 'nodes': 6}), (1498480982.024951, {'compute_state': 0.550000011920929, 'resource_state': '1.83333|2007.67', 'nodes': 6}), (1498480993.213983, {'compute_state': 0.550000011920929, 'resource_state': '1.86167|2007.5', 'nodes': 6}), (1498481004.373414, {'compute_state': 0.550000011920929, 'resource_state': '1.93167|2007.67', 'nodes': 6}), (1498481015.76293, {'compute_state': 0.550000011920929, 'resource_state': '1.82167|767.333', 'nodes': 6}), (1498481026.945286, {'compute_state': 0.550000011920929, 'resource_state': '1.62333|767.5', 'nodes': 6}), (1498481038.093212, {'compute_state': 0.550000011920929, 'resource_state': '1.46833|767.667', 'nodes': 6}), (1498481049.53012, {'compute_state': 0.550000011920929, 'resource_state': '1.285|767.5', 'nodes': 6}), (1498481060.7253, {'compute_state': 0.550000011920929, 'resource_state': '1.19|767.5', 'nodes': 6}), (1498481071.712061, {'compute_state': 0.550000011920929, 'resource_state': '1.1|767.667', 'nodes': 6}), (1498481082.92027, {'compute_state': 0.550000011920929, 'resource_state': '1.02833|767.667', 'nodes': 6}), (1498481094.044143, {'compute_state': 0.550000011920929, 'resource_state': '0.958333|767.667', 'nodes': 6}), (1498481104.853782, {'compute_state': 0.550000011920929, 'resource_state': '0.89|502', 'nodes': 6}), (1498481115.744767, {'compute_state': 0.550000011920929, 'resource_state': '0.818333|502.333', 'nodes': 6}), (1498481126.598128, {'compute_state': 0.550000011920929, 'resource_state': '0.716667|502', 'nodes': 6}), (1498481137.457666, {'compute_state': 0.550000011920929, 'resource_state': '0.635|502.333', 'nodes': 6}), (1498481148.531994, {'compute_state': 0.6000000238418579, 'resource_state': '0.588333|1298.33', 'nodes': 6}), (1498481159.853601, {'compute_state': 0.6000000238418579, 'resource_state': '0.876667|1880.17', 'nodes': 6}), (1498481171.09716, {'compute_state': 0.6000000238418579, 'resource_state': '1.065|1880.17', 'nodes': 6}), (1498481182.452077, {'compute_state': 0.6000000238418579, 'resource_state': '1.26333|2006.83', 'nodes': 6}), (1498481193.817414, {'compute_state': 0.6000000238418579, 'resource_state': '1.38833|2007.33', 'nodes': 6}), (1498481205.253005, {'compute_state': 0.6000000238418579, 'resource_state': '1.56667|2007.33', 'nodes': 6}), (1498481216.617159, {'compute_state': 0.6000000238418579, 'resource_state': '1.635|2007.5', 'nodes': 6}), (1498481227.847517, {'compute_state': 0.6000000238418579, 'resource_state': '1.715|2007.67', 'nodes': 6}), (1498481239.011139, {'compute_state': 0.6000000238418579, 'resource_state': '1.83667|2007.5', 'nodes': 6}), (1498481250.359341, {'compute_state': 0.6000000238418579, 'resource_state': '1.86333|2007.67', 'nodes': 6}), (1498481261.728567, {'compute_state': 0.6000000238418579, 'resource_state': '1.88333|2007.5', 'nodes': 6}), (1498481273.378438, {'compute_state': 0.6000000238418579, 'resource_state': '1.935|1776', 'nodes': 6}), (1498481284.507351, {'compute_state': 0.6000000238418579, 'resource_state': '1.65667|767.5', 'nodes': 6}), (1498481295.743643, {'compute_state': 0.6000000238418579, 'resource_state': '1.48|767.667', 'nodes': 6}), (1498481306.906973, {'compute_state': 0.6000000238418579, 'resource_state': '1.32667|767.5', 'nodes': 6}), (1498481317.933928, {'compute_state': 0.6000000238418579, 'resource_state': '1.25667|767.5', 'nodes': 6}), (1498481328.897495, {'compute_state': 0.6000000238418579, 'resource_state': '1.14|767.5', 'nodes': 6}), (1498481340.014836, {'compute_state': 0.6000000238418579, 'resource_state': '1.01833|767.333', 'nodes': 6}), (1498481350.85779, {'compute_state': 0.6000000238418579, 'resource_state': '0.91|501.5', 'nodes': 6}), (1498481361.713542, {'compute_state': 0.6000000238418579, 'resource_state': '0.806667|502.167', 'nodes': 6}), (1498481372.579023, {'compute_state': 0.6000000238418579, 'resource_state': '0.733333|502.333', 'nodes': 6}), (1498481383.465677, {'compute_state': 0.6000000238418579, 'resource_state': '0.641667|502', 'nodes': 6}), (1498481394.322691, {'compute_state': 0.6000000238418579, 'resource_state': '0.581667|501.667', 'nodes': 6}), (1498481405.442387, {'compute_state': 0.6499999761581421, 'resource_state': '0.741667|1872.5', 'nodes': 6}), (1498481416.823723, {'compute_state': 0.6499999761581421, 'resource_state': '0.933333|1879.83', 'nodes': 6}), (1498481428.083923, {'compute_state': 0.6499999761581421, 'resource_state': '1.18|2007.5', 'nodes': 6}), (1498481439.262352, {'compute_state': 0.6499999761581421, 'resource_state': '1.38|2007.33', 'nodes': 6}), (1498481450.598445, {'compute_state': 0.6499999761581421, 'resource_state': '1.47667|2007.5', 'nodes': 6}), (1498481462.215671, {'compute_state': 0.6499999761581421, 'resource_state': '1.60333|2007.5', 'nodes': 6}), (1498481473.62086, {'compute_state': 0.6499999761581421, 'resource_state': '1.69833|2007.33', 'nodes': 6}), (1498481484.889212, {'compute_state': 0.6499999761581421, 'resource_state': '1.79833|2007.17', 'nodes': 6}), (1498481496.078045, {'compute_state': 0.6499999761581421, 'resource_state': '1.82833|2007.17', 'nodes': 6}), (1498481507.432249, {'compute_state': 0.6499999761581421, 'resource_state': '1.86|2007.33', 'nodes': 6}), (1498481518.670083, {'compute_state': 0.6499999761581421, 'resource_state': '1.89333|2007.5', 'nodes': 6}), (1498481529.9815, {'compute_state': 0.6499999761581421, 'resource_state': '1.81167|766.667', 'nodes': 6}), (1498481541.390846, {'compute_state': 0.6499999761581421, 'resource_state': '1.61|766.667', 'nodes': 6}), (1498481552.604002, {'compute_state': 0.6499999761581421, 'resource_state': '1.43833|766.833', 'nodes': 6}), (1498481563.87443, {'compute_state': 0.6499999761581421, 'resource_state': '1.32167|767', 'nodes': 6}), (1498481574.860813, {'compute_state': 0.6499999761581421, 'resource_state': '1.185|766.667', 'nodes': 6}), (1498481586.049906, {'compute_state': 0.6499999761581421, 'resource_state': '1.08|767', 'nodes': 6}), (1498481597.269997, {'compute_state': 0.6499999761581421, 'resource_state': '0.98|766.333', 'nodes': 6}), (1498481608.099196, {'compute_state': 0.6499999761581421, 'resource_state': '0.9|501.167', 'nodes': 6}), (1498481618.911058, {'compute_state': 0.6499999761581421, 'resource_state': '0.801667|501.167', 'nodes': 6}), (1498481629.725862, {'compute_state': 0.6499999761581421, 'resource_state': '0.765|501.5', 'nodes': 6}), (1498481640.586364, {'compute_state': 0.6499999761581421, 'resource_state': '0.67|501.167', 'nodes': 6}), (1498481651.434329, {'compute_state': 0.6499999761581421, 'resource_state': '0.606667|501', 'nodes': 6}), (1498481662.722516, {'compute_state': 0.699999988079071, 'resource_state': '0.783333|1858', 'nodes': 6}), (1498481674.067038, {'compute_state': 0.699999988079071, 'resource_state': '0.971667|1879.83', 'nodes': 6}), (1498481685.485798, {'compute_state': 0.699999988079071, 'resource_state': '1.17167|2007.33', 'nodes': 6}), (1498481696.738965, {'compute_state': 0.699999988079071, 'resource_state': '1.3|2007.5', 'nodes': 6}), (1498481708.025865, {'compute_state': 0.699999988079071, 'resource_state': '1.44|2007.83', 'nodes': 6}), (1498481719.491489, {'compute_state': 0.699999988079071, 'resource_state': '1.57|2007.67', 'nodes': 6}), (1498481730.89846, {'compute_state': 0.699999988079071, 'resource_state': '1.66667|2007.83', 'nodes': 6}), (1498481742.001794, {'compute_state': 0.699999988079071, 'resource_state': '1.735|2007.5', 'nodes': 6}), (1498481753.045283, {'compute_state': 0.699999988079071, 'resource_state': '1.795|2007.67', 'nodes': 6}), (1498481764.326704, {'compute_state': 0.699999988079071, 'resource_state': '1.84167|2007.33', 'nodes': 6}), (1498481775.529653, {'compute_state': 0.699999988079071, 'resource_state': '1.895|2007.5', 'nodes': 6}), (1498481787.831028, {'compute_state': 0.699999988079071, 'resource_state': '1.93|1899.33', 'nodes': 6}), (1498481799.017434, {'compute_state': 0.699999988079071, 'resource_state': '1.70833|768.167', 'nodes': 6}), (1498481810.155428, {'compute_state': 0.699999988079071, 'resource_state': '1.54833|767.667', 'nodes': 6}), (1498481821.403083, {'compute_state': 0.699999988079071, 'resource_state': '1.39833|767.833', 'nodes': 6}), (1498481832.456414, {'compute_state': 0.699999988079071, 'resource_state': '1.245|767.667', 'nodes': 6}), (1498481843.432729, {'compute_state': 0.699999988079071, 'resource_state': '1.15167|767.667', 'nodes': 6}), (1498481854.719447, {'compute_state': 0.699999988079071, 'resource_state': '1.05833|768', 'nodes': 6}), (1498481865.549941, {'compute_state': 0.699999988079071, 'resource_state': '0.985|502.167', 'nodes': 6}), (1498481876.400838, {'compute_state': 0.699999988079071, 'resource_state': '0.858333|502.167', 'nodes': 6}), (1498481887.232881, {'compute_state': 0.699999988079071, 'resource_state': '0.783333|502.333', 'nodes': 6}), (1498481898.069936, {'compute_state': 0.699999988079071, 'resource_state': '0.696667|502', 'nodes': 6}), (1498481908.930341, {'compute_state': 0.699999988079071, 'resource_state': '0.638333|502.167', 'nodes': 6}), (1498481919.97125, {'compute_state': 0.75, 'resource_state': '0.711667|1828.33', 'nodes': 6}), (1498481931.205839, {'compute_state': 0.75, 'resource_state': '0.921667|1879.67', 'nodes': 6}), (1498481942.551341, {'compute_state': 0.75, 'resource_state': '1.115|2006.67', 'nodes': 6}), (1498481953.949497, {'compute_state': 0.75, 'resource_state': '1.28|2007.17', 'nodes': 6}), (1498481965.121332, {'compute_state': 0.75, 'resource_state': '1.44833|2007.33', 'nodes': 6}), (1498481976.248976, {'compute_state': 0.75, 'resource_state': '1.535|2007.33', 'nodes': 6}), (1498481987.625302, {'compute_state': 0.75, 'resource_state': '1.61333|2007.33', 'nodes': 6}), (1498481998.800469, {'compute_state': 0.75, 'resource_state': '1.70333|2007.17', 'nodes': 6}), (1498482009.847396, {'compute_state': 0.75, 'resource_state': '1.775|2007.5', 'nodes': 6}), (1498482021.19747, {'compute_state': 0.75, 'resource_state': '1.825|2007.17', 'nodes': 6}), (1498482032.645256, {'compute_state': 0.75, 'resource_state': '1.86667|2007.67', 'nodes': 6}), (1498482044.134543, {'compute_state': 0.75, 'resource_state': '1.90333|2006.67', 'nodes': 6}), (1498482055.626111, {'compute_state': 0.75, 'resource_state': '1.77833|766.833', 'nodes': 6}), (1498482066.945446, {'compute_state': 0.75, 'resource_state': '1.595|766.833', 'nodes': 6}), (1498482078.263031, {'compute_state': 0.75, 'resource_state': '1.425|767.167', 'nodes': 6}), (1498482089.683354, {'compute_state': 0.75, 'resource_state': '1.29833|767', 'nodes': 6}), (1498482100.858255, {'compute_state': 0.75, 'resource_state': '1.17667|766.833', 'nodes': 6}), (1498482111.723202, {'compute_state': 0.75, 'resource_state': '1.07333|501.5', 'nodes': 6}), (1498482122.540063, {'compute_state': 0.75, 'resource_state': '0.938333|501.5', 'nodes': 6}), (1498482133.415637, {'compute_state': 0.75, 'resource_state': '0.836667|501.667', 'nodes': 6}), (1498482144.263369, {'compute_state': 0.75, 'resource_state': '0.766667|501.5', 'nodes': 6}), (1498482155.190434, {'compute_state': 0.75, 'resource_state': '0.708333|501.333', 'nodes': 6}), (1498482166.072381, {'compute_state': 0.800000011920929, 'resource_state': '0.65|68.1667', 'nodes': 6}), (1498482177.340978, {'compute_state': 0.800000011920929, 'resource_state': '0.858333|1879.67', 'nodes': 6}), (1498482188.758429, {'compute_state': 0.800000011920929, 'resource_state': '1.09333|1879.67', 'nodes': 6}), (1498482199.933047, {'compute_state': 0.800000011920929, 'resource_state': '1.31|2007.17', 'nodes': 6}), (1498482211.306709, {'compute_state': 0.800000011920929, 'resource_state': '1.43|2007.5', 'nodes': 6}), (1498482222.840426, {'compute_state': 0.800000011920929, 'resource_state': '1.54|2007.67', 'nodes': 6}), (1498482234.45111, {'compute_state': 0.800000011920929, 'resource_state': '1.62833|2007.5', 'nodes': 6}), (1498482245.881805, {'compute_state': 0.800000011920929, 'resource_state': '1.75833|2007.67', 'nodes': 6}), (1498482256.967726, {'compute_state': 0.800000011920929, 'resource_state': '1.79333|2007.5', 'nodes': 6}), (1498482268.165044, {'compute_state': 0.800000011920929, 'resource_state': '1.86|2007.33', 'nodes': 6}), (1498482279.348882, {'compute_state': 0.800000011920929, 'resource_state': '1.88|2007.67', 'nodes': 6}), (1498482290.512979, {'compute_state': 0.800000011920929, 'resource_state': '1.94667|2007.5', 'nodes': 6}), (1498482301.668584, {'compute_state': 0.800000011920929, 'resource_state': '1.93833|767.167', 'nodes': 6}), (1498482312.841392, {'compute_state': 0.800000011920929, 'resource_state': '1.725|767.5', 'nodes': 6}), (1498482324.069763, {'compute_state': 0.800000011920929, 'resource_state': '1.56333|767.333', 'nodes': 6}), (1498482335.222035, {'compute_state': 0.800000011920929, 'resource_state': '1.37667|767.333', 'nodes': 6}), (1498482346.312794, {'compute_state': 0.800000011920929, 'resource_state': '1.255|767.5', 'nodes': 6}), (1498482357.391071, {'compute_state': 0.800000011920929, 'resource_state': '1.17833|767.5', 'nodes': 6}), (1498482368.802345, {'compute_state': 0.800000011920929, 'resource_state': '1.05667|767.333', 'nodes': 6}), (1498482379.679365, {'compute_state': 0.800000011920929, 'resource_state': '0.945|502.667', 'nodes': 6}), (1498482390.545199, {'compute_state': 0.800000011920929, 'resource_state': '0.865|501.833', 'nodes': 6}), (1498482401.370784, {'compute_state': 0.800000011920929, 'resource_state': '0.771667|502.5', 'nodes': 6}), (1498482412.24993, {'compute_state': 0.800000011920929, 'resource_state': '0.688333|502.167', 'nodes': 6}), (1498482423.089043, {'compute_state': 0.800000011920929, 'resource_state': '0.628333|502', 'nodes': 6}), (1498482434.318812, {'compute_state': 0.8500000238418579, 'resource_state': '0.945|1880', 'nodes': 6}), (1498482445.546983, {'compute_state': 0.8500000238418579, 'resource_state': '1.18667|1880.33', 'nodes': 6}), (1498482456.875097, {'compute_state': 0.8500000238418579, 'resource_state': '1.33667|2007.83', 'nodes': 6}), (1498482468.042899, {'compute_state': 0.8500000238418579, 'resource_state': '1.46833|2007.83', 'nodes': 6}), (1498482479.226767, {'compute_state': 0.8500000238418579, 'resource_state': '1.56833|2007.83', 'nodes': 6}), (1498482490.527972, {'compute_state': 0.8500000238418579, 'resource_state': '1.65333|2008', 'nodes': 6}), (1498482501.662696, {'compute_state': 0.8500000238418579, 'resource_state': '1.71833|2007.5', 'nodes': 6}), (1498482512.685893, {'compute_state': 0.8500000238418579, 'resource_state': '1.79167|2007.67', 'nodes': 6}), (1498482523.834285, {'compute_state': 0.8500000238418579, 'resource_state': '1.88167|2007.83', 'nodes': 6}), (1498482535.06504, {'compute_state': 0.8500000238418579, 'resource_state': '1.92833|2007.33', 'nodes': 6}), (1498482546.175095, {'compute_state': 0.8500000238418579, 'resource_state': '1.95333|2007.67', 'nodes': 6}), (1498482557.352213, {'compute_state': 0.8500000238418579, 'resource_state': '1.86667|767.667', 'nodes': 6}), (1498482568.483927, {'compute_state': 0.8500000238418579, 'resource_state': '1.65|767.333', 'nodes': 6}), (1498482579.86754, {'compute_state': 0.8500000238418579, 'resource_state': '1.48667|767.667', 'nodes': 6}), (1498482591.225498, {'compute_state': 0.8500000238418579, 'resource_state': '1.34333|767.333', 'nodes': 6}), (1498482602.27211, {'compute_state': 0.8500000238418579, 'resource_state': '1.22333|767.5', 'nodes': 6}), (1498482612.890602, {'compute_state': 0.8500000238418579, 'resource_state': '1.11667|501.833', 'nodes': 6}), (1498482623.713927, {'compute_state': 0.8500000238418579, 'resource_state': '1.05833|502.333', 'nodes': 6}), (1498482634.483137, {'compute_state': 0.8500000238418579, 'resource_state': '0.973333|502.333', 'nodes': 6}), (1498482645.336686, {'compute_state': 0.8500000238418579, 'resource_state': '0.878333|501.833', 'nodes': 6}), (1498482656.205724, {'compute_state': 0.8500000238418579, 'resource_state': '0.795|502', 'nodes': 6}), (1498482667.049722, {'compute_state': 0.8500000238418579, 'resource_state': '0.696667|66.1667', 'nodes': 6}), (1498482678.534642, {'compute_state': 0.8999999761581421, 'resource_state': '0.921667|1879.83', 'nodes': 6}), (1498482689.719536, {'compute_state': 0.8999999761581421, 'resource_state': '1.08833|1880.17', 'nodes': 6}), (1498482700.934522, {'compute_state': 0.8999999761581421, 'resource_state': '1.335|2007.33', 'nodes': 6}), (1498482712.148928, {'compute_state': 0.8999999761581421, 'resource_state': '1.46167|2007.83', 'nodes': 6}), (1498482723.522785, {'compute_state': 0.8999999761581421, 'resource_state': '1.585|2007.5', 'nodes': 6}), (1498482734.736937, {'compute_state': 0.8999999761581421, 'resource_state': '1.66167|2007.83', 'nodes': 6}), (1498482746.050362, {'compute_state': 0.8999999761581421, 'resource_state': '1.77167|2008', 'nodes': 6}), (1498482757.348995, {'compute_state': 0.8999999761581421, 'resource_state': '1.805|2007.83', 'nodes': 6}), (1498482768.441711, {'compute_state': 0.8999999761581421, 'resource_state': '1.86667|2007.83', 'nodes': 6}), (1498482779.528456, {'compute_state': 0.8999999761581421, 'resource_state': '1.90167|2008', 'nodes': 6}), (1498482790.930955, {'compute_state': 0.8999999761581421, 'resource_state': '1.93333|2007.67', 'nodes': 6}), (1498482802.177982, {'compute_state': 0.8999999761581421, 'resource_state': '1.82667|767', 'nodes': 6}), (1498482813.512251, {'compute_state': 0.8999999761581421, 'resource_state': '1.60333|767.5', 'nodes': 6}), (1498482824.761349, {'compute_state': 0.8999999761581421, 'resource_state': '1.45|767.667', 'nodes': 6}), (1498482835.914466, {'compute_state': 0.8999999761581421, 'resource_state': '1.285|767.333', 'nodes': 6}), (1498482847.295664, {'compute_state': 0.8999999761581421, 'resource_state': '1.17667|767.667', 'nodes': 6}), (1498482858.330182, {'compute_state': 0.8999999761581421, 'resource_state': '1.09167|767.167', 'nodes': 6}), (1498482868.988028, {'compute_state': 0.8999999761581421, 'resource_state': '0.966667|502.333', 'nodes': 6}), (1498482879.846831, {'compute_state': 0.8999999761581421, 'resource_state': '0.87|502', 'nodes': 6}), (1498482890.621093, {'compute_state': 0.8999999761581421, 'resource_state': '0.793333|502.5', 'nodes': 6}), (1498482901.429976, {'compute_state': 0.8999999761581421, 'resource_state': '0.736667|502.333', 'nodes': 6}), (1498482912.277644, {'compute_state': 0.8999999761581421, 'resource_state': '0.701667|502', 'nodes': 6}), (1498482923.743223, {'compute_state': 0.949999988079071, 'resource_state': '0.976667|1879.33', 'nodes': 6}), (1498482935.319456, {'compute_state': 0.949999988079071, 'resource_state': '1.135|1879.67', 'nodes': 6}), (1498482946.539865, {'compute_state': 0.949999988079071, 'resource_state': '1.30833|2006.83', 'nodes': 6}), (1498482957.73039, {'compute_state': 0.949999988079071, 'resource_state': '1.42833|2007', 'nodes': 6}), (1498482969.135704, {'compute_state': 0.949999988079071, 'resource_state': '1.555|2007.17', 'nodes': 6}), (1498482980.366386, {'compute_state': 0.949999988079071, 'resource_state': '1.64333|2007.33', 'nodes': 6}), (1498482991.863335, {'compute_state': 0.949999988079071, 'resource_state': '1.73333|2007.67', 'nodes': 6}), (1498483003.21973, {'compute_state': 0.949999988079071, 'resource_state': '1.79167|2007.5', 'nodes': 6}), (1498483014.414404, {'compute_state': 0.949999988079071, 'resource_state': '1.84|2007.67', 'nodes': 6}), (1498483025.477552, {'compute_state': 0.949999988079071, 'resource_state': '1.91333|2007.33', 'nodes': 6}), (1498483036.630758, {'compute_state': 0.949999988079071, 'resource_state': '1.92667|2007.17', 'nodes': 6}), (1498483047.738427, {'compute_state': 0.949999988079071, 'resource_state': '1.81833|767.167', 'nodes': 6}), (1498483059.031988, {'compute_state': 0.949999988079071, 'resource_state': '1.625|767', 'nodes': 6}), (1498483070.308731, {'compute_state': 0.949999988079071, 'resource_state': '1.475|767.333', 'nodes': 6}), (1498483081.524671, {'compute_state': 0.949999988079071, 'resource_state': '1.295|767.167', 'nodes': 6}), (1498483092.699598, {'compute_state': 0.949999988079071, 'resource_state': '1.17333|767.667', 'nodes': 6}), (1498483103.46001, {'compute_state': 0.949999988079071, 'resource_state': '1.08333|501.5', 'nodes': 6}), (1498483114.087645, {'compute_state': 0.949999988079071, 'resource_state': '0.963333|502.5', 'nodes': 6}), (1498483124.913167, {'compute_state': 0.949999988079071, 'resource_state': '0.865|502', 'nodes': 6}), (1498483135.777595, {'compute_state': 0.949999988079071, 'resource_state': '0.778333|502.167', 'nodes': 6}), (1498483146.582063, {'compute_state': 0.949999988079071, 'resource_state': '0.698333|502.5', 'nodes': 6}), (1498483157.495494, {'compute_state': 1.0, 'resource_state': '0.616667|64.8333', 'nodes': 6})]
1498483157.511797|SYSTEM: Waiting on Computation to finish.
1498483157.512049|SYSTEM: Good bye...
