1500323287.117213|SYSTEM: Starting Platform.
1500323287.120352|SYSTEM: Starting Computation.
1500323287.124604|SYSTEM: Waiting on Platform to finish.
1500323287.132573|PLATFORM: QoS Values ={'execution_time': 1132.0, 'efficiency': 1.75, 'cost': 2264.0, 'power_consumption': 0.0, 'accuracy': 0.0}
1500323287.132823|PLATFORM: QoS Weight ={'execution_time': 0.3, 'efficiency': 0.1, 'cost': 0.6, 'power_consumption': 0.0, 'accuracy': 0.0}
1500323287.132917|PLATFORM: QoS Factor =0.1
1500323287.133002|PLATFORM: Monitor Interval = 10
1500323287.133078|PLATFORM: Sample Interval = 10
1500323287.133163|PLATFORM: Reconfiguration Interval = 120
1500323287.134240|PLATFORM: http://200.19.177.89:33004:elasticcluster:4bdb859b-6c56-4b4e-9f4b-70e467cda1f7
1500323289.586241|PLATFORM: Number Of Nodes = 2
1500323292.147330|COMPUTATION: Starting Computation.
1500323292.147804|COMPUTATION: Start (MatrixSize, Iteration) = |5000|0|
1500323292.148713|COMPUTATION: ['mpirun', '-n', '4', '-machinefile', '/home/ubuntu/machinefile', '/home/ubuntu/repositorios/elastichpc/beta/trials/Matrix.py', '5000', '/home/ubuntu/teste.mtr_0']
1500323300.578619|PLATFORM: State = Elapsed Time : 10.9907610416; Progress : 0.0; Efficiency : 0.49|794.5; Nodes : 2
1500323300.578817|PLATFORM: Not Enough Information for Analysis.
1500323311.559179|PLATFORM: State = Elapsed Time : 21.971321106; Progress : 0.0; Efficiency : 0.88|794.5; Nodes : 2
1500323311.559354|PLATFORM: Not Enough Information for Analysis.
1500323322.587578|PLATFORM: State = Elapsed Time : 32.9997270107; Progress : 0.0; Efficiency : 1.055|795; Nodes : 2
1500323322.587736|PLATFORM: Not Enough Information for Analysis.
1500323333.115926|PLATFORM: State = Elapsed Time : 43.5280749798; Progress : 0.0; Efficiency : 1.2|460.5; Nodes : 2
1500323333.116097|PLATFORM: Not Enough Information for Analysis.
1500323343.362382|COMPUTATION: End (MatrixSize, Iteration) = |5000|0|
1500323343.652500|PLATFORM: State = Elapsed Time : 54.0645689964; Progress : 0.0; Efficiency : 1.1|95.5; Nodes : 2
1500323343.652806|PLATFORM: Not Enough Information for Analysis.
1500323343.727252|COMPUTATION: Execution = Warning: Permanently added '10.10.10.7' (ECDSA) to the list of known hosts.
|None
1500323343.727583|COMPUTATION: Progress = 0.05
1500323343.727722|COMPUTATION: Start (MatrixSize, Iteration) = |5000|1|
1500323343.728486|COMPUTATION: ['mpirun', '-n', '4', '-machinefile', '/home/ubuntu/machinefile', '/home/ubuntu/repositorios/elastichpc/beta/trials/Matrix.py', '5000', '/home/ubuntu/teste.mtr_1']
1500323354.637617|PLATFORM: State = Elapsed Time : 65.0497450829; Progress : 0.0500000007451; Efficiency : 1.235|795.5; Nodes : 2
1500323354.637812|PLATFORM: (predicted_time, predicted_cost) = 1081.17858229|2140.38736888
1500323354.637890|PLATFORM: QoS Sample = {'execution_time': 1081.1785822931142, 'efficiency': 0.9933333333333333, 'cost': 2140.3873688823405}
1500323354.637979|PLATFORM: Contract breached = {'efficiency': 0.04323809523809524}
1500323354.638022|PLATFORM: Parameter to Reconfigure: efficiency
1500323354.638064|PLATFORM: Scale Down = efficiency|0.993333333333|1.75
1500323354.638100|PLATFORM: N Value =-1
1500323354.638438|PLATFORM: RECONFIGURATION INTERVAL NOT DONE.
1500323354.638499|PLATFORM: State = Elapsed Time : 65.0507211685; Progress : 0.0500000007451; Efficiency : 1.235|795.5; Nodes : 2
1500323365.630263|PLATFORM: State = Elapsed Time : 76.0423941612; Progress : 0.0500000007451; Efficiency : 1.35|795.5; Nodes : 2
1500323365.630441|PLATFORM: Not Enough Information for Analysis.
1500323376.640152|PLATFORM: State = Elapsed Time : 87.0522930622; Progress : 0.0500000007451; Efficiency : 1.51|795; Nodes : 2
1500323376.640334|PLATFORM: Not Enough Information for Analysis.
1500323387.212856|PLATFORM: State = Elapsed Time : 97.624931097; Progress : 0.0500000007451; Efficiency : 1.545|461; Nodes : 2
1500323387.213171|PLATFORM: Not Enough Information for Analysis.
1500323397.764638|PLATFORM: State = Elapsed Time : 108.176733017; Progress : 0.0500000007451; Efficiency : 1.54|461.5; Nodes : 2
1500323397.764941|PLATFORM: Not Enough Information for Analysis.
1500323398.155986|COMPUTATION: End (MatrixSize, Iteration) = |5000|1|
1500323399.841296|COMPUTATION: Execution = Warning: Permanently added '10.10.10.7' (ECDSA) to the list of known hosts.
|None
1500323399.876192|COMPUTATION: Progress = 0.1
1500323399.876384|COMPUTATION: Start (MatrixSize, Iteration) = |5000|2|
1500323399.877185|COMPUTATION: ['mpirun', '-n', '4', '-machinefile', '/home/ubuntu/machinefile', '/home/ubuntu/repositorios/elastichpc/beta/trials/Matrix.py', '5000', '/home/ubuntu/teste.mtr_2']
1500323408.817632|PLATFORM: State = Elapsed Time : 119.229773045; Progress : 0.10000000149; Efficiency : 1.575|796; Nodes : 2
1500323408.817829|PLATFORM: (predicted_time, predicted_cost) = 1082.38942441|2142.67329853
1500323408.817912|PLATFORM: QoS Sample = {'execution_time': 1082.3894244076398, 'efficiency': 1.2254545454545456, 'cost': 2142.6732985261256}
1500323408.817972|PLATFORM: Contract breached = {'efficiency': 0.029974025974025972}
1500323408.818012|PLATFORM: Parameter to Reconfigure: efficiency
1500323408.818052|PLATFORM: Scale Down = efficiency|1.22545454545|1.75
1500323408.818089|PLATFORM: N Value =-1
1500323408.818255|PLATFORM: RECONFIGURATION INTERVAL NOT DONE.
1500323408.818308|PLATFORM: State = Elapsed Time : 119.230530977; Progress : 0.10000000149; Efficiency : 1.575|796; Nodes : 2
1500323419.835988|PLATFORM: State = Elapsed Time : 130.248129129; Progress : 0.10000000149; Efficiency : 1.635|796; Nodes : 2
1500323419.836246|PLATFORM: Not Enough Information for Analysis.
1500323430.855718|PLATFORM: State = Elapsed Time : 141.267846107; Progress : 0.10000000149; Efficiency : 1.735|796.5; Nodes : 2
1500323430.857455|PLATFORM: Not Enough Information for Analysis.
1500323441.398915|PLATFORM: State = Elapsed Time : 151.811066151; Progress : 0.10000000149; Efficiency : 1.735|462.5; Nodes : 2
1500323441.399075|PLATFORM: Not Enough Information for Analysis.
1500323451.931886|PLATFORM: State = Elapsed Time : 162.343942165; Progress : 0.10000000149; Efficiency : 1.665|463.5; Nodes : 2
1500323451.932175|PLATFORM: Not Enough Information for Analysis.
1500323453.496900|COMPUTATION: End (MatrixSize, Iteration) = |5000|2|
1500323455.881230|COMPUTATION: Execution = Warning: Permanently added '10.10.10.7' (ECDSA) to the list of known hosts.
|None
1500323455.881559|COMPUTATION: Progress = 0.15
1500323455.881653|COMPUTATION: Start (MatrixSize, Iteration) = |5000|3|
1500323455.882153|COMPUTATION: ['mpirun', '-n', '4', '-machinefile', '/home/ubuntu/machinefile', '/home/ubuntu/repositorios/elastichpc/beta/trials/Matrix.py', '5000', '/home/ubuntu/teste.mtr_3']
1500323462.937090|PLATFORM: State = Elapsed Time : 173.349236965; Progress : 0.15000000596; Efficiency : 1.605|795; Nodes : 2
1500323462.937281|PLATFORM: (predicted_time, predicted_cost) = 1082.38925765|2142.76850507
1500323462.938380|PLATFORM: QoS Sample = {'execution_time': 1082.389257653981, 'efficiency': 1.3659375, 'cost': 2142.7685050655}
1500323462.938489|PLATFORM: Contract breached = {'efficiency': 0.02194642857142857}
1500323462.938540|PLATFORM: Parameter to Reconfigure: efficiency
1500323462.938586|PLATFORM: Scale Down = efficiency|1.3659375|1.75
1500323462.938625|PLATFORM: N Value =-1
1500323462.940062|PLATFORM: RECONFIGURATION BEFORE: 2
1500323462.940191|PLATFORM: Contract down limit reached. Skipping Scale Down.
1500323473.933990|PLATFORM: State = Elapsed Time : 184.346124172; Progress : 0.15000000596; Efficiency : 1.69|794.5; Nodes : 2
1500323473.934190|PLATFORM: Not Enough Information for Analysis.
1500323484.934309|PLATFORM: State = Elapsed Time : 195.346439123; Progress : 0.15000000596; Efficiency : 1.74|794.5; Nodes : 2
1500323484.935712|PLATFORM: Not Enough Information for Analysis.
1500323495.889564|PLATFORM: State = Elapsed Time : 206.301697016; Progress : 0.15000000596; Efficiency : 1.86|795; Nodes : 2
1500323495.889760|PLATFORM: Not Enough Information for Analysis.
1500323506.398845|PLATFORM: State = Elapsed Time : 216.810986996; Progress : 0.15000000596; Efficiency : 1.725|461.5; Nodes : 2
1500323506.399056|PLATFORM: Not Enough Information for Analysis.
1500323514.020322|COMPUTATION: End (MatrixSize, Iteration) = |5000|3|
1500323515.511566|COMPUTATION: Execution = Warning: Permanently added '10.10.10.7' (ECDSA) to the list of known hosts.
|None
1500323515.511931|COMPUTATION: Progress = 0.2
1500323515.512075|COMPUTATION: Start (MatrixSize, Iteration) = |5000|4|
1500323515.512710|COMPUTATION: ['mpirun', '-n', '4', '-machinefile', '/home/ubuntu/machinefile', '/home/ubuntu/repositorios/elastichpc/beta/trials/Matrix.py', '5000', '/home/ubuntu/teste.mtr_4']
1500323517.426365|PLATFORM: State = Elapsed Time : 227.838469028; Progress : 0.20000000298; Efficiency : 1.605|795.5; Nodes : 2
1500323517.426642|PLATFORM: (predicted_time, predicted_cost) = 1084.23871332|2146.42242491
1500323517.426754|PLATFORM: QoS Sample = {'execution_time': 1084.238713320513, 'efficiency': 1.4435, 'cost': 2146.4224249053386}
1500323517.426827|PLATFORM: Contract breached = {'efficiency': 0.017514285714285715}
1500323517.426876|PLATFORM: Parameter to Reconfigure: efficiency
1500323517.426923|PLATFORM: Scale Down = efficiency|1.4435|1.75
1500323517.426966|PLATFORM: N Value =-1
1500323517.427221|PLATFORM: RECONFIGURATION BEFORE: 2
1500323517.427317|PLATFORM: Contract down limit reached. Skipping Scale Down.
1500323528.449276|PLATFORM: State = Elapsed Time : 238.861423016; Progress : 0.20000000298; Efficiency : 1.665|795; Nodes : 2
1500323528.449477|PLATFORM: Not Enough Information for Analysis.
1500323539.451812|PLATFORM: State = Elapsed Time : 249.863914013; Progress : 0.20000000298; Efficiency : 1.77|796; Nodes : 2
1500323539.452049|PLATFORM: Not Enough Information for Analysis.
1500323550.453896|PLATFORM: State = Elapsed Time : 260.866043091; Progress : 0.20000000298; Efficiency : 1.81|795.5; Nodes : 2
1500323550.454079|PLATFORM: Not Enough Information for Analysis.
1500323561.013510|PLATFORM: State = Elapsed Time : 271.425647974; Progress : 0.20000000298; Efficiency : 1.88|460.5; Nodes : 2
1500323561.013689|PLATFORM: Not Enough Information for Analysis.
1500323571.361296|COMPUTATION: End (MatrixSize, Iteration) = |5000|4|
1500323571.572278|PLATFORM: State = Elapsed Time : 281.984344006; Progress : 0.20000000298; Efficiency : 1.71|462; Nodes : 2
1500323571.572638|PLATFORM: Not Enough Information for Analysis.
1500323572.902802|COMPUTATION: Execution = Warning: Permanently added '10.10.10.7' (ECDSA) to the list of known hosts.
|None
1500323572.903156|COMPUTATION: Progress = 0.25
1500323572.903297|COMPUTATION: Start (MatrixSize, Iteration) = |6000|5|
1500323572.903901|COMPUTATION: ['mpirun', '-n', '4', '-machinefile', '/home/ubuntu/machinefile', '/home/ubuntu/repositorios/elastichpc/beta/trials/Matrix.py', '6000', '/home/ubuntu/teste.mtr_5']
1500323582.584975|PLATFORM: State = Elapsed Time : 292.997092962; Progress : 0.25; Efficiency : 1.755|1089.5; Nodes : 2
1500323582.585239|PLATFORM: (predicted_time, predicted_cost) = 1128.02535248|2234.02576685
1500323582.585339|PLATFORM: QoS Sample = {'execution_time': 1128.0253524780273, 'efficiency': 1.5141999999999995, 'cost': 2234.025766849518}
1500323582.585425|PLATFORM: Contract breached = {'efficiency': 0.013474285714285742}
1500323582.585472|PLATFORM: Parameter to Reconfigure: efficiency
1500323582.585517|PLATFORM: Scale Down = efficiency|1.5142|1.75
1500323582.585558|PLATFORM: N Value =-1
1500323582.586367|PLATFORM: RECONFIGURATION BEFORE: 2
1500323582.586438|PLATFORM: Contract down limit reached. Skipping Scale Down.
1500323593.635148|PLATFORM: State = Elapsed Time : 304.047278166; Progress : 0.25; Efficiency : 1.85|1090; Nodes : 2
1500323593.635351|PLATFORM: Not Enough Information for Analysis.
1500323604.617495|PLATFORM: State = Elapsed Time : 315.029639959; Progress : 0.25; Efficiency : 1.945|1090; Nodes : 2
1500323604.617671|PLATFORM: Not Enough Information for Analysis.
1500323615.701552|PLATFORM: State = Elapsed Time : 326.113684177; Progress : 0.25; Efficiency : 1.95|1089.5; Nodes : 2
1500323615.701767|PLATFORM: Not Enough Information for Analysis.
1500323626.676014|PLATFORM: State = Elapsed Time : 337.088147163; Progress : 0.25; Efficiency : 1.995|1090; Nodes : 2
1500323626.676217|PLATFORM: Not Enough Information for Analysis.
1500323637.648856|PLATFORM: State = Elapsed Time : 348.060996056; Progress : 0.25; Efficiency : 2|1090; Nodes : 2
1500323637.649039|PLATFORM: Not Enough Information for Analysis.
1500323648.207359|PLATFORM: State = Elapsed Time : 358.6194911; Progress : 0.25; Efficiency : 1.88|608; Nodes : 2
1500323648.207578|PLATFORM: Not Enough Information for Analysis.
1500323658.742399|PLATFORM: State = Elapsed Time : 369.154551029; Progress : 0.25; Efficiency : 1.645|609; Nodes : 2
1500323658.742548|PLATFORM: Not Enough Information for Analysis.
1500323661.320076|COMPUTATION: End (MatrixSize, Iteration) = |6000|5|
1500323662.660488|COMPUTATION: Execution = Warning: Permanently added '10.10.10.7' (ECDSA) to the list of known hosts.
|None
1500323662.660841|COMPUTATION: Progress = 0.3
1500323662.660999|COMPUTATION: Start (MatrixSize, Iteration) = |7000|6|
1500323662.661740|COMPUTATION: ['mpirun', '-n', '4', '-machinefile', '/home/ubuntu/machinefile', '/home/ubuntu/repositorios/elastichpc/beta/trials/Matrix.py', '7000', '/home/ubuntu/teste.mtr_6']
1500323669.773869|PLATFORM: State = Elapsed Time : 380.186006069; Progress : 0.300000011921; Efficiency : 1.7|1437; Nodes : 2
1500323669.774073|PLATFORM: (predicted_time, predicted_cost) = 1230.65054772|2439.23821539
1500323669.774188|PLATFORM: QoS Sample = {'execution_time': 1230.6505477169933, 'efficiency': 1.5957812500000004, 'cost': 2439.2382153947715}
1500323669.774236|PLATFORM: Contract not breached ={}
1500323669.774288|PLATFORM: State = Elapsed Time : 380.186511993; Progress : 0.300000011921; Efficiency : 1.7|1437; Nodes : 2
1500323680.757462|PLATFORM: State = Elapsed Time : 391.169559002; Progress : 0.300000011921; Efficiency : 1.75|1437; Nodes : 2
1500323680.757650|PLATFORM: Not Enough Information for Analysis.
1500323691.721218|PLATFORM: State = Elapsed Time : 402.133365154; Progress : 0.300000011921; Efficiency : 1.825|1436.5; Nodes : 2
1500323691.721411|PLATFORM: Not Enough Information for Analysis.
1500323702.750158|PLATFORM: State = Elapsed Time : 413.162295103; Progress : 0.300000011921; Efficiency : 1.85|1437; Nodes : 2
1500323702.750332|PLATFORM: Not Enough Information for Analysis.
1500323713.741465|PLATFORM: State = Elapsed Time : 424.153572083; Progress : 0.300000011921; Efficiency : 1.93|1437; Nodes : 2
1500323713.741668|PLATFORM: Not Enough Information for Analysis.
1500323724.740956|PLATFORM: State = Elapsed Time : 435.153098106; Progress : 0.300000011921; Efficiency : 1.94|1437; Nodes : 2
1500323724.741134|PLATFORM: Not Enough Information for Analysis.
1500323735.710413|PLATFORM: State = Elapsed Time : 446.122552156; Progress : 0.300000011921; Efficiency : 1.95|1437.5; Nodes : 2
1500323735.710583|PLATFORM: Not Enough Information for Analysis.
1500323746.709073|PLATFORM: State = Elapsed Time : 457.121207952; Progress : 0.300000011921; Efficiency : 1.995|1437; Nodes : 2
1500323746.709255|PLATFORM: Not Enough Information for Analysis.
1500323757.688756|PLATFORM: State = Elapsed Time : 468.100903988; Progress : 0.300000011921; Efficiency : 1.995|1437; Nodes : 2
1500323757.688916|PLATFORM: Not Enough Information for Analysis.
1500323768.672876|PLATFORM: State = Elapsed Time : 479.085016966; Progress : 0.300000011921; Efficiency : 1.995|1437; Nodes : 2
1500323768.673064|PLATFORM: Not Enough Information for Analysis.
1500323779.221194|PLATFORM: State = Elapsed Time : 489.63333416; Progress : 0.300000011921; Efficiency : 1.88|782.5; Nodes : 2
1500323779.222566|PLATFORM: Not Enough Information for Analysis.
1500323789.804224|PLATFORM: State = Elapsed Time : 500.216317177; Progress : 0.300000011921; Efficiency : 1.79|782; Nodes : 2
1500323789.804492|PLATFORM: Not Enough Information for Analysis.
1500323800.400054|PLATFORM: State = Elapsed Time : 510.812159061; Progress : 0.300000011921; Efficiency : 1.705|783; Nodes : 2
1500323800.400293|PLATFORM: Not Enough Information for Analysis.
1500323802.420143|COMPUTATION: End (MatrixSize, Iteration) = |7000|6|
1500323805.180000|COMPUTATION: Execution = Warning: Permanently added '10.10.10.7' (ECDSA) to the list of known hosts.
|None
1500323805.180639|COMPUTATION: Progress = 0.35
1500323805.181056|COMPUTATION: Start (MatrixSize, Iteration) = |8000|7|
1500323805.182075|COMPUTATION: ['mpirun', '-n', '4', '-machinefile', '/home/ubuntu/machinefile', '/home/ubuntu/repositorios/elastichpc/beta/trials/Matrix.py', '8000', '/home/ubuntu/teste.mtr_7']
1500323811.387693|PLATFORM: State = Elapsed Time : 521.799818039; Progress : 0.34999999404; Efficiency : 1.725|1838; Nodes : 2
1500323811.387894|PLATFORM: (predicted_time, predicted_cost) = 1459.45430176|2896.93361982
1500323811.387982|PLATFORM: QoS Sample = {'execution_time': 1459.4543017566937, 'efficiency': 1.6754444444444447, 'cost': 2896.933619821218}
1500323811.388039|PLATFORM: Contract breached = {'execution_time': 0.08678117537721564, 'cost': 0.16773859182541118}
1500323811.388077|PLATFORM: Parameter to Reconfigure: cost
1500323811.388126|PLATFORM: Scale Down = cost|2896.93361982|2264.0
1500323811.388160|PLATFORM: N Value =-1
1500323811.388453|PLATFORM: RECONFIGURATION BEFORE: 2
1500323811.388504|PLATFORM: Contract down limit reached. Skipping Scale Down.
1500323822.403818|PLATFORM: State = Elapsed Time : 532.815963984; Progress : 0.34999999404; Efficiency : 1.765|1838; Nodes : 2
1500323822.403996|PLATFORM: Not Enough Information for Analysis.
1500323833.429245|PLATFORM: State = Elapsed Time : 543.841356039; Progress : 0.34999999404; Efficiency : 1.8|1838; Nodes : 2
1500323833.430446|PLATFORM: Not Enough Information for Analysis.
1500323844.429274|PLATFORM: State = Elapsed Time : 554.841353178; Progress : 0.34999999404; Efficiency : 1.885|1838.5; Nodes : 2
1500323844.429547|PLATFORM: Not Enough Information for Analysis.
1500323855.451310|PLATFORM: State = Elapsed Time : 565.863445997; Progress : 0.34999999404; Efficiency : 1.94|1839; Nodes : 2
1500323855.451480|PLATFORM: Not Enough Information for Analysis.
1500323866.459583|PLATFORM: State = Elapsed Time : 576.871716976; Progress : 0.34999999404; Efficiency : 2.105|1838.5; Nodes : 2
1500323866.459771|PLATFORM: Not Enough Information for Analysis.
1500323877.449307|PLATFORM: State = Elapsed Time : 587.861442089; Progress : 0.34999999404; Efficiency : 2.09|1838.5; Nodes : 2
1500323877.449509|PLATFORM: Not Enough Information for Analysis.
1500323888.439647|PLATFORM: State = Elapsed Time : 598.851775169; Progress : 0.34999999404; Efficiency : 2.08|1839; Nodes : 2
1500323888.439817|PLATFORM: Not Enough Information for Analysis.
1500323899.439278|PLATFORM: State = Elapsed Time : 609.851425171; Progress : 0.34999999404; Efficiency : 2.105|1838.5; Nodes : 2
1500323899.439457|PLATFORM: Not Enough Information for Analysis.
1500323910.429380|PLATFORM: State = Elapsed Time : 620.841504097; Progress : 0.34999999404; Efficiency : 2.125|1839; Nodes : 2
1500323910.429570|PLATFORM: Not Enough Information for Analysis.
1500323921.412340|PLATFORM: State = Elapsed Time : 631.82448411; Progress : 0.34999999404; Efficiency : 2.18|1838.5; Nodes : 2
1500323921.412506|PLATFORM: Not Enough Information for Analysis.
1500323932.405052|PLATFORM: State = Elapsed Time : 642.817195177; Progress : 0.34999999404; Efficiency : 2.15|1838.5; Nodes : 2
1500323932.405238|PLATFORM: Not Enough Information for Analysis.
1500323943.387925|PLATFORM: State = Elapsed Time : 653.800070047; Progress : 0.34999999404; Efficiency : 2.125|1839; Nodes : 2
1500323943.388087|PLATFORM: Not Enough Information for Analysis.
1500323954.368435|PLATFORM: State = Elapsed Time : 664.780580997; Progress : 0.34999999404; Efficiency : 2.14|1838.5; Nodes : 2
1500323954.368605|PLATFORM: Not Enough Information for Analysis.
1500323965.382947|PLATFORM: State = Elapsed Time : 675.795094967; Progress : 0.34999999404; Efficiency : 2.16|1838; Nodes : 2
1500323965.383145|PLATFORM: Not Enough Information for Analysis.
1500323975.925983|PLATFORM: State = Elapsed Time : 686.33803606; Progress : 0.34999999404; Efficiency : 1.905|984; Nodes : 2
1500323976.688294|PLATFORM: Not Enough Information for Analysis.
1500323987.220025|PLATFORM: State = Elapsed Time : 697.632117987; Progress : 0.34999999404; Efficiency : 1.94|984; Nodes : 2
1500323987.220293|PLATFORM: Not Enough Information for Analysis.
1500323997.784408|PLATFORM: State = Elapsed Time : 708.196493149; Progress : 0.34999999404; Efficiency : 1.72|983.5; Nodes : 2
1500323997.784680|PLATFORM: Not Enough Information for Analysis.
1500324004.010912|COMPUTATION: End (MatrixSize, Iteration) = |8000|7|
1500324006.422575|COMPUTATION: Execution = Warning: Permanently added '10.10.10.7' (ECDSA) to the list of known hosts.
|None
1500324006.422913|COMPUTATION: Progress = 0.4
1500324006.423014|COMPUTATION: Start (MatrixSize, Iteration) = |9000|8|
1500324006.423574|COMPUTATION: ['mpirun', '-n', '4', '-machinefile', '/home/ubuntu/machinefile', '/home/ubuntu/repositorios/elastichpc/beta/trials/Matrix.py', '9000', '/home/ubuntu/teste.mtr_8']
1500324008.762968|PLATFORM: State = Elapsed Time : 719.175089121; Progress : 0.40000000596; Efficiency : 1.53|1983; Nodes : 2
1500324008.763254|PLATFORM: (predicted_time, predicted_cost) = 1770.46081885|3518.96475332
1500324008.763380|PLATFORM: QoS Sample = {'execution_time': 1770.460818850088, 'efficiency': 1.7647580645161292, 'cost': 3518.9647533160205}
1500324008.763450|PLATFORM: Contract breached = {'execution_time': 0.16920339722175473, 'cost': 0.33258783215088883}
1500324008.763497|PLATFORM: Parameter to Reconfigure: cost
1500324008.763544|PLATFORM: Scale Down = cost|3518.96475332|2264.0
1500324008.763584|PLATFORM: N Value =-1
1500324008.763968|PLATFORM: RECONFIGURATION BEFORE: 2
1500324008.764028|PLATFORM: Contract down limit reached. Skipping Scale Down.
1500324019.767309|PLATFORM: State = Elapsed Time : 730.179449081; Progress : 0.40000000596; Efficiency : 1.555|2293; Nodes : 2
1500324019.767491|PLATFORM: Not Enough Information for Analysis.
1500324030.805895|PLATFORM: State = Elapsed Time : 741.218024015; Progress : 0.40000000596; Efficiency : 1.625|2292.5; Nodes : 2
1500324030.806066|PLATFORM: Not Enough Information for Analysis.
1500324041.791231|PLATFORM: State = Elapsed Time : 752.203376055; Progress : 0.40000000596; Efficiency : 1.73|2293.5; Nodes : 2
1500324041.791411|PLATFORM: Not Enough Information for Analysis.
1500324052.872785|PLATFORM: State = Elapsed Time : 763.284931183; Progress : 0.40000000596; Efficiency : 1.775|2294; Nodes : 2
1500324052.872951|PLATFORM: Not Enough Information for Analysis.
1500324063.879141|PLATFORM: State = Elapsed Time : 774.291288137; Progress : 0.40000000596; Efficiency : 1.81|2294; Nodes : 2
1500324063.879332|PLATFORM: Not Enough Information for Analysis.
1500324074.871393|PLATFORM: State = Elapsed Time : 785.283526182; Progress : 0.40000000596; Efficiency : 1.85|2294; Nodes : 2
1500324074.871582|PLATFORM: Not Enough Information for Analysis.
1500324085.903339|PLATFORM: State = Elapsed Time : 796.315464973; Progress : 0.40000000596; Efficiency : 1.875|2294; Nodes : 2
1500324085.903530|PLATFORM: Not Enough Information for Analysis.
1500324096.901133|PLATFORM: State = Elapsed Time : 807.313256025; Progress : 0.40000000596; Efficiency : 1.975|2293; Nodes : 2
1500324096.901314|PLATFORM: Not Enough Information for Analysis.
1500324107.880442|PLATFORM: State = Elapsed Time : 818.292581081; Progress : 0.40000000596; Efficiency : 1.975|2293; Nodes : 2
1500324107.880625|PLATFORM: Not Enough Information for Analysis.
1500324118.867068|PLATFORM: State = Elapsed Time : 829.279178143; Progress : 0.40000000596; Efficiency : 1.98|2293.5; Nodes : 2
1500324118.867285|PLATFORM: Not Enough Information for Analysis.
1500324129.868882|PLATFORM: State = Elapsed Time : 840.281023026; Progress : 0.40000000596; Efficiency : 1.985|2293.5; Nodes : 2
1500324129.869071|PLATFORM: Not Enough Information for Analysis.
1500324140.867393|PLATFORM: State = Elapsed Time : 851.279536963; Progress : 0.40000000596; Efficiency : 1.985|2293.5; Nodes : 2
1500324140.867581|PLATFORM: Not Enough Information for Analysis.
1500324151.884979|PLATFORM: State = Elapsed Time : 862.297125101; Progress : 0.40000000596; Efficiency : 2.07|2293; Nodes : 2
1500324151.885174|PLATFORM: Not Enough Information for Analysis.
1500324162.902473|PLATFORM: State = Elapsed Time : 873.314618111; Progress : 0.40000000596; Efficiency : 2.06|2293; Nodes : 2
1500324162.902643|PLATFORM: Not Enough Information for Analysis.
1500324173.885246|PLATFORM: State = Elapsed Time : 884.29737401; Progress : 0.40000000596; Efficiency : 2.09|2293.5; Nodes : 2
1500324173.885473|PLATFORM: Not Enough Information for Analysis.
1500324184.908756|PLATFORM: State = Elapsed Time : 895.320906162; Progress : 0.40000000596; Efficiency : 2.115|2293.5; Nodes : 2
1500324184.908943|PLATFORM: Not Enough Information for Analysis.
1500324195.961431|PLATFORM: State = Elapsed Time : 906.373509169; Progress : 0.40000000596; Efficiency : 2.095|2293; Nodes : 2
1500324195.961637|PLATFORM: Not Enough Information for Analysis.
1500324206.961434|PLATFORM: State = Elapsed Time : 917.373558044; Progress : 0.40000000596; Efficiency : 2.115|2293; Nodes : 2
1500324206.961596|PLATFORM: Not Enough Information for Analysis.
1500324217.955814|PLATFORM: State = Elapsed Time : 928.367962122; Progress : 0.40000000596; Efficiency : 2.1|2293; Nodes : 2
1500324217.955996|PLATFORM: Not Enough Information for Analysis.
1500324228.919003|PLATFORM: State = Elapsed Time : 939.331115961; Progress : 0.40000000596; Efficiency : 2.085|2293; Nodes : 2
1500324228.921536|PLATFORM: Not Enough Information for Analysis.
1500324239.405970|PLATFORM: State = Elapsed Time : 949.818119049; Progress : 0.40000000596; Efficiency : 1.985|1210; Nodes : 2
1500324239.406146|PLATFORM: Not Enough Information for Analysis.
1500324249.984551|PLATFORM: State = Elapsed Time : 960.396620989; Progress : 0.40000000596; Efficiency : 1.795|1210; Nodes : 2
1500324249.984860|PLATFORM: Not Enough Information for Analysis.
1500324260.579204|PLATFORM: State = Elapsed Time : 970.99131012; Progress : 0.40000000596; Efficiency : 1.675|1210.5; Nodes : 2
1500324260.579418|PLATFORM: Not Enough Information for Analysis.
1500324275.213961|PLATFORM: State = Elapsed Time : 985.626100063; Progress : 0.40000000596; Efficiency : 1.52|1210; Nodes : 2
1500324275.214148|PLATFORM: Not Enough Information for Analysis.
1500324281.541570|COMPUTATION: End (MatrixSize, Iteration) = |9000|8|
1500324281.762580|COMPUTATION: Execution = Warning: Permanently added '10.10.10.7' (ECDSA) to the list of known hosts.
|None
1500324281.763031|COMPUTATION: Progress = 0.45
1500324281.763168|COMPUTATION: Start (MatrixSize, Iteration) = |10000|9|
1500324281.763655|COMPUTATION: ['mpirun', '-n', '4', '-machinefile', '/home/ubuntu/machinefile', '/home/ubuntu/repositorios/elastichpc/beta/trials/Matrix.py', '10000', '/home/ubuntu/teste.mtr_9']
1500324286.193420|PLATFORM: State = Elapsed Time : 996.605515957; Progress : 0.449999988079; Efficiency : 1.445|2800.5; Nodes : 2
1500324286.194553|PLATFORM: (predicted_time, predicted_cost) = 2190.25698477|4358.55340731
1500324286.194739|PLATFORM: QoS Sample = {'execution_time': 2190.256984770483, 'efficiency': 1.8041279069767446, 'cost': 4358.55340731181}
1500324286.194828|PLATFORM: Contract breached = {'execution_time': 0.2804567980840503, 'cost': 0.555093659181575}
1500324286.194909|PLATFORM: Parameter to Reconfigure: cost
1500324286.194953|PLATFORM: Scale Down = cost|4358.55340731|2264.0
1500324286.195477|PLATFORM: N Value =-1
1500324286.196916|PLATFORM: RECONFIGURATION BEFORE: 2
1500324286.196983|PLATFORM: Contract down limit reached. Skipping Scale Down.
1500324297.192744|PLATFORM: State = Elapsed Time : 1007.60489106; Progress : 0.449999988079; Efficiency : 1.58|2801.5; Nodes : 2
1500324297.192906|PLATFORM: Not Enough Information for Analysis.
1500324308.123872|PLATFORM: State = Elapsed Time : 1018.53600812; Progress : 0.449999988079; Efficiency : 1.645|2802.5; Nodes : 2
1500324308.124035|PLATFORM: Not Enough Information for Analysis.
1500324319.115848|PLATFORM: State = Elapsed Time : 1029.52799416; Progress : 0.449999988079; Efficiency : 1.7|2802.5; Nodes : 2
1500324319.116013|PLATFORM: Not Enough Information for Analysis.
1500324330.139122|PLATFORM: State = Elapsed Time : 1040.55126905; Progress : 0.449999988079; Efficiency : 1.765|2802.5; Nodes : 2
1500324330.139305|PLATFORM: Not Enough Information for Analysis.
1500324341.151767|PLATFORM: State = Elapsed Time : 1051.56266117; Progress : 0.449999988079; Efficiency : 1.8|2802; Nodes : 2
1500324341.151952|PLATFORM: Not Enough Information for Analysis.
1500324352.167096|PLATFORM: State = Elapsed Time : 1062.57923508; Progress : 0.449999988079; Efficiency : 1.875|2802; Nodes : 2
1500324352.167271|PLATFORM: Not Enough Information for Analysis.
1500324363.161879|PLATFORM: State = Elapsed Time : 1073.57402301; Progress : 0.449999988079; Efficiency : 1.89|2802.5; Nodes : 2
1500324363.162064|PLATFORM: Not Enough Information for Analysis.
1500324374.149086|PLATFORM: State = Elapsed Time : 1084.56122899; Progress : 0.449999988079; Efficiency : 1.91|2802; Nodes : 2
1500324374.149264|PLATFORM: Not Enough Information for Analysis.
1500324385.157079|PLATFORM: State = Elapsed Time : 1095.56921411; Progress : 0.449999988079; Efficiency : 1.93|2801.5; Nodes : 2
1500324385.157242|PLATFORM: Not Enough Information for Analysis.
1500324396.176161|PLATFORM: State = Elapsed Time : 1106.58829904; Progress : 0.449999988079; Efficiency : 1.94|2801.5; Nodes : 2
1500324396.176336|PLATFORM: Not Enough Information for Analysis.
1500324407.157764|PLATFORM: State = Elapsed Time : 1117.56991005; Progress : 0.449999988079; Efficiency : 1.99|2802; Nodes : 2
1500324407.157936|PLATFORM: Not Enough Information for Analysis.
1500324418.147908|PLATFORM: State = Elapsed Time : 1128.56005406; Progress : 0.449999988079; Efficiency : 2.03|2802; Nodes : 2
1500324418.148073|PLATFORM: Not Enough Information for Analysis.
1500324429.126313|PLATFORM: State = Elapsed Time : 1139.53845716; Progress : 0.449999988079; Efficiency : 2.02|2801.5; Nodes : 2
1500324429.126494|PLATFORM: Not Enough Information for Analysis.
1500324440.145842|PLATFORM: State = Elapsed Time : 1150.55798101; Progress : 0.449999988079; Efficiency : 2.02|2802; Nodes : 2
1500324440.146022|PLATFORM: Not Enough Information for Analysis.
1500324451.150013|PLATFORM: State = Elapsed Time : 1161.56215215; Progress : 0.449999988079; Efficiency : 2.015|2802; Nodes : 2
1500324451.150201|PLATFORM: Not Enough Information for Analysis.
1500324462.153015|PLATFORM: State = Elapsed Time : 1172.565166; Progress : 0.449999988079; Efficiency : 2.05|2801.5; Nodes : 2
1500324462.153184|PLATFORM: Not Enough Information for Analysis.
1500324473.105795|PLATFORM: State = Elapsed Time : 1183.51794195; Progress : 0.449999988079; Efficiency : 2.045|2802.5; Nodes : 2
1500324473.105984|PLATFORM: Not Enough Information for Analysis.
1500324484.097326|PLATFORM: State = Elapsed Time : 1194.50946403; Progress : 0.449999988079; Efficiency : 2.04|2801.5; Nodes : 2
1500324484.097613|PLATFORM: Not Enough Information for Analysis.
1500324495.120909|PLATFORM: State = Elapsed Time : 1205.53304911; Progress : 0.449999988079; Efficiency : 2.035|2802; Nodes : 2
1500324495.121945|PLATFORM: Not Enough Information for Analysis.
1500324506.126307|PLATFORM: State = Elapsed Time : 1216.53844595; Progress : 0.449999988079; Efficiency : 2.03|2802; Nodes : 2
1500324506.126484|PLATFORM: Not Enough Information for Analysis.
1500324517.096854|PLATFORM: State = Elapsed Time : 1227.50900507; Progress : 0.449999988079; Efficiency : 2.06|2802; Nodes : 2
1500324517.097011|PLATFORM: Not Enough Information for Analysis.
1500324528.118789|PLATFORM: State = Elapsed Time : 1238.53092909; Progress : 0.449999988079; Efficiency : 2.09|2802; Nodes : 2
1500324528.118965|PLATFORM: Not Enough Information for Analysis.
1500324539.111846|PLATFORM: State = Elapsed Time : 1249.5239861; Progress : 0.449999988079; Efficiency : 2.075|2802; Nodes : 2
1500324539.112040|PLATFORM: Not Enough Information for Analysis.
1500324550.102827|PLATFORM: State = Elapsed Time : 1260.51497507; Progress : 0.449999988079; Efficiency : 2.145|2801.5; Nodes : 2
1500324550.102994|PLATFORM: Not Enough Information for Analysis.
1500324561.114877|PLATFORM: State = Elapsed Time : 1271.52702403; Progress : 0.449999988079; Efficiency : 2.12|2801.5; Nodes : 2
1500324561.115070|PLATFORM: Not Enough Information for Analysis.
1500324572.104307|PLATFORM: State = Elapsed Time : 1282.51645517; Progress : 0.449999988079; Efficiency : 2.215|2802; Nodes : 2
1500324572.104470|PLATFORM: Not Enough Information for Analysis.
1500324583.072375|PLATFORM: State = Elapsed Time : 1293.48452711; Progress : 0.449999988079; Efficiency : 2.225|2802.5; Nodes : 2
1500324583.072737|PLATFORM: Not Enough Information for Analysis.
1500324593.617889|PLATFORM: State = Elapsed Time : 1304.03002715; Progress : 0.449999988079; Efficiency : 2.07|1464.5; Nodes : 2
1500324593.618078|PLATFORM: Not Enough Information for Analysis.
1500324605.160903|PLATFORM: State = Elapsed Time : 1315.57304811; Progress : 0.449999988079; Efficiency : 1.875|1464.5; Nodes : 2
1500324605.161056|PLATFORM: Not Enough Information for Analysis.
1500324615.686205|PLATFORM: State = Elapsed Time : 1326.09835505; Progress : 0.449999988079; Efficiency : 1.775|1464.5; Nodes : 2
1500324615.686372|PLATFORM: Not Enough Information for Analysis.
1500324627.083966|PLATFORM: State = Elapsed Time : 1337.49606705; Progress : 0.449999988079; Efficiency : 1.62|1464.5; Nodes : 2
1500324627.084223|PLATFORM: Not Enough Information for Analysis.
1500324636.501947|COMPUTATION: End (MatrixSize, Iteration) = |10000|9|
1500324636.676804|COMPUTATION: Execution = Warning: Permanently added '10.10.10.7' (ECDSA) to the list of known hosts.
|None
1500324636.677254|COMPUTATION: Progress = 0.5
1500324636.677431|COMPUTATION: Start (MatrixSize, Iteration) = |10000|10|
1500324636.677974|COMPUTATION: ['mpirun', '-n', '4', '-machinefile', '/home/ubuntu/machinefile', '/home/ubuntu/repositorios/elastichpc/beta/trials/Matrix.py', '10000', '/home/ubuntu/teste.mtr_10']
1500324637.800040|PLATFORM: State = Elapsed Time : 1348.21215701; Progress : 0.5; Efficiency : 1.56|99; Nodes : 2
1500324637.800360|PLATFORM: (predicted_time, predicted_cost) = 2674.44281387|5327.45368385
1500324637.800540|PLATFORM: QoS Sample = {'execution_time': 2674.442813873291, 'efficiency': 1.8448717948717948, 'cost': 5327.453683853149}
1500324637.800622|PLATFORM: Contract breached = {'execution_time': 0.40877459731624316, 'cost': 0.8118693508444742}
1500324637.800673|PLATFORM: Parameter to Reconfigure: cost
1500324637.800723|PLATFORM: Scale Down = cost|5327.45368385|2264.0
1500324637.800767|PLATFORM: N Value =-1
1500324637.801111|PLATFORM: RECONFIGURATION BEFORE: 2
1500324637.801174|PLATFORM: Contract down limit reached. Skipping Scale Down.
1500324648.816496|PLATFORM: State = Elapsed Time : 1359.22861409; Progress : 0.5; Efficiency : 1.66|2802.5; Nodes : 2
1500324648.816702|PLATFORM: Not Enough Information for Analysis.
1500324659.801838|PLATFORM: State = Elapsed Time : 1370.21397901; Progress : 0.5; Efficiency : 1.74|2802.5; Nodes : 2
1500324659.802025|PLATFORM: Not Enough Information for Analysis.
1500324670.760789|PLATFORM: State = Elapsed Time : 1381.1729331; Progress : 0.5; Efficiency : 1.785|2802.5; Nodes : 2
1500324670.760960|PLATFORM: Not Enough Information for Analysis.
1500324681.740482|PLATFORM: State = Elapsed Time : 1392.15262818; Progress : 0.5; Efficiency : 1.815|2802.5; Nodes : 2
1500324681.740648|PLATFORM: Not Enough Information for Analysis.
1500324692.704781|PLATFORM: State = Elapsed Time : 1403.11691213; Progress : 0.5; Efficiency : 1.88|2802; Nodes : 2
1500324692.704979|PLATFORM: Not Enough Information for Analysis.
1500324703.692208|PLATFORM: State = Elapsed Time : 1414.10435009; Progress : 0.5; Efficiency : 1.895|2803; Nodes : 2
1500324703.692383|PLATFORM: Not Enough Information for Analysis.
1500324714.715400|PLATFORM: State = Elapsed Time : 1425.12753701; Progress : 0.5; Efficiency : 1.965|2802; Nodes : 2
1500324714.715599|PLATFORM: Not Enough Information for Analysis.
1500324725.741446|PLATFORM: State = Elapsed Time : 1436.15353608; Progress : 0.5; Efficiency : 1.97|2802; Nodes : 2
1500324725.741641|PLATFORM: Not Enough Information for Analysis.
1500324736.726077|PLATFORM: State = Elapsed Time : 1447.13822508; Progress : 0.5; Efficiency : 1.975|2802.5; Nodes : 2
1500324736.726236|PLATFORM: Not Enough Information for Analysis.
1500324747.742548|PLATFORM: State = Elapsed Time : 1458.15469408; Progress : 0.5; Efficiency : 2.015|2802; Nodes : 2
1500324747.742722|PLATFORM: Not Enough Information for Analysis.
1500324758.719383|PLATFORM: State = Elapsed Time : 1469.13152409; Progress : 0.5; Efficiency : 2.05|2802.5; Nodes : 2
1500324758.719550|PLATFORM: Not Enough Information for Analysis.
1500324769.715694|PLATFORM: State = Elapsed Time : 1480.12781501; Progress : 0.5; Efficiency : 2.085|2803.5; Nodes : 2
1500324769.715856|PLATFORM: Not Enough Information for Analysis.
1500324780.681865|PLATFORM: State = Elapsed Time : 1491.09401107; Progress : 0.5; Efficiency : 2.075|2803; Nodes : 2
1500324780.682027|PLATFORM: Not Enough Information for Analysis.
1500324791.694690|PLATFORM: State = Elapsed Time : 1502.10683203; Progress : 0.5; Efficiency : 2.06|2802.5; Nodes : 2
1500324791.694888|PLATFORM: Not Enough Information for Analysis.
1500324802.696553|PLATFORM: State = Elapsed Time : 1513.10868812; Progress : 0.5; Efficiency : 2.045|2803; Nodes : 2
1500324802.696715|PLATFORM: Not Enough Information for Analysis.
1500324813.694687|PLATFORM: State = Elapsed Time : 1524.10682106; Progress : 0.5; Efficiency : 2.04|2802.5; Nodes : 2
1500324813.694878|PLATFORM: Not Enough Information for Analysis.
1500324824.668910|PLATFORM: State = Elapsed Time : 1535.08104396; Progress : 0.5; Efficiency : 2.07|2803; Nodes : 2
1500324824.670060|PLATFORM: Not Enough Information for Analysis.
1500324835.677186|PLATFORM: State = Elapsed Time : 1546.08931804; Progress : 0.5; Efficiency : 2.06|2803; Nodes : 2
1500324835.679443|PLATFORM: Not Enough Information for Analysis.
1500324846.692412|PLATFORM: State = Elapsed Time : 1557.10454106; Progress : 0.5; Efficiency : 2.05|2803; Nodes : 2
1500324846.692605|PLATFORM: Not Enough Information for Analysis.
1500324857.724895|PLATFORM: State = Elapsed Time : 1568.13703203; Progress : 0.5; Efficiency : 2.16|2803; Nodes : 2
1500324857.725066|PLATFORM: Not Enough Information for Analysis.
1500324868.769563|PLATFORM: State = Elapsed Time : 1579.18169904; Progress : 0.5; Efficiency : 2.135|2802.5; Nodes : 2
1500324868.769800|PLATFORM: Not Enough Information for Analysis.
1500324879.802085|PLATFORM: State = Elapsed Time : 1590.21421409; Progress : 0.5; Efficiency : 2.15|2802.5; Nodes : 2
1500324879.802271|PLATFORM: Not Enough Information for Analysis.
1500324890.808962|PLATFORM: State = Elapsed Time : 1601.22110295; Progress : 0.5; Efficiency : 2.125|2802.5; Nodes : 2
1500324890.809132|PLATFORM: Not Enough Information for Analysis.
1500324901.833015|PLATFORM: State = Elapsed Time : 1612.24514318; Progress : 0.5; Efficiency : 2.11|2802.5; Nodes : 2
1500324901.833200|PLATFORM: Not Enough Information for Analysis.
1500324912.809491|PLATFORM: State = Elapsed Time : 1623.22163105; Progress : 0.5; Efficiency : 2.21|2802.5; Nodes : 2
1500324912.809841|PLATFORM: Not Enough Information for Analysis.
1500324923.836308|PLATFORM: State = Elapsed Time : 1634.24844408; Progress : 0.5; Efficiency : 2.175|2802.5; Nodes : 2
1500324923.836497|PLATFORM: Not Enough Information for Analysis.
1500324934.837846|PLATFORM: State = Elapsed Time : 1645.2499671; Progress : 0.5; Efficiency : 2.185|2802.5; Nodes : 2
1500324934.838098|PLATFORM: Not Enough Information for Analysis.
1500324945.821531|PLATFORM: State = Elapsed Time : 1656.23365903; Progress : 0.5; Efficiency : 2.155|2803; Nodes : 2
1500324945.821711|PLATFORM: Not Enough Information for Analysis.
1500324956.650909|PLATFORM: State = Elapsed Time : 1667.06305909; Progress : 0.5; Efficiency : 2.135|2481.5; Nodes : 2
1500324956.651068|PLATFORM: Not Enough Information for Analysis.
1500324967.243194|PLATFORM: State = Elapsed Time : 1677.65531111; Progress : 0.5; Efficiency : 1.92|1466; Nodes : 2
1500324967.243424|PLATFORM: Not Enough Information for Analysis.
1500324981.820345|PLATFORM: State = Elapsed Time : 1692.23243713; Progress : 0.5; Efficiency : 1.71|1466; Nodes : 2
1500324981.820743|PLATFORM: Not Enough Information for Analysis.
1500324993.050677|PLATFORM: State = Elapsed Time : 1703.46280003; Progress : 0.5; Efficiency : 1.6|1466; Nodes : 2
1500324993.050910|PLATFORM: Not Enough Information for Analysis.
1500325005.011606|PLATFORM: State = Elapsed Time : 1715.42372298; Progress : 0.5; Efficiency : 1.39|1466; Nodes : 2
1500325005.011830|PLATFORM: Not Enough Information for Analysis.
1500325008.857527|COMPUTATION: End (MatrixSize, Iteration) = |10000|10|
1500325009.754596|COMPUTATION: Execution = Warning: Permanently added '10.10.10.7' (ECDSA) to the list of known hosts.
|None
1500325009.754920|COMPUTATION: Progress = 0.55
1500325009.755035|COMPUTATION: Start (MatrixSize, Iteration) = |9000|11|
1500325009.755701|COMPUTATION: ['mpirun', '-n', '4', '-machinefile', '/home/ubuntu/machinefile', '/home/ubuntu/repositorios/elastichpc/beta/trials/Matrix.py', '9000', '/home/ubuntu/teste.mtr_11']
1500325016.041848|PLATFORM: State = Elapsed Time : 1726.45398402; Progress : 0.550000011921; Efficiency : 1.37|2292.5; Nodes : 2
1500325016.042168|PLATFORM: (predicted_time, predicted_cost) = 3119.02392346|6215.98748458
1500325016.042315|PLATFORM: QoS Sample = {'execution_time': 3119.0239234615688, 'efficiency': 1.8737000000000001, 'cost': 6215.987484584118}
1500325016.042373|PLATFORM: Contract breached = {'execution_time': 0.5265964461470588, 'cost': 1.0473465065152254}
1500325016.042411|PLATFORM: Parameter to Reconfigure: cost
1500325016.042461|PLATFORM: Scale Down = cost|6215.98748458|2264.0
1500325016.042495|PLATFORM: N Value =-1
1500325016.042859|PLATFORM: RECONFIGURATION BEFORE: 2
1500325016.042916|PLATFORM: Contract down limit reached. Skipping Scale Down.
1500325027.005388|PLATFORM: State = Elapsed Time : 1737.41750598; Progress : 0.550000011921; Efficiency : 1.47|2294; Nodes : 2
1500325027.005577|PLATFORM: Not Enough Information for Analysis.
1500325038.002980|PLATFORM: State = Elapsed Time : 1748.41512203; Progress : 0.550000011921; Efficiency : 1.555|2294; Nodes : 2
1500325038.003164|PLATFORM: Not Enough Information for Analysis.
1500325048.999747|PLATFORM: State = Elapsed Time : 1759.41178012; Progress : 0.550000011921; Efficiency : 1.625|2294; Nodes : 2
1500325048.999943|PLATFORM: Not Enough Information for Analysis.
1500325059.985601|PLATFORM: State = Elapsed Time : 1770.39774418; Progress : 0.550000011921; Efficiency : 1.75|2293.5; Nodes : 2
1500325059.985773|PLATFORM: Not Enough Information for Analysis.
1500325070.951503|PLATFORM: State = Elapsed Time : 1781.36364913; Progress : 0.550000011921; Efficiency : 1.82|2294; Nodes : 2
1500325070.951694|PLATFORM: Not Enough Information for Analysis.
1500325081.952266|PLATFORM: State = Elapsed Time : 1792.36440706; Progress : 0.550000011921; Efficiency : 1.85|2294; Nodes : 2
1500325081.952446|PLATFORM: Not Enough Information for Analysis.
1500325092.949839|PLATFORM: State = Elapsed Time : 1803.36197209; Progress : 0.550000011921; Efficiency : 1.92|2293.5; Nodes : 2
1500325092.950021|PLATFORM: Not Enough Information for Analysis.
1500325103.969228|PLATFORM: State = Elapsed Time : 1814.38132215; Progress : 0.550000011921; Efficiency : 1.93|2294; Nodes : 2
1500325103.969486|PLATFORM: Not Enough Information for Analysis.
1500325114.962059|PLATFORM: State = Elapsed Time : 1825.37419796; Progress : 0.550000011921; Efficiency : 1.985|2294; Nodes : 2
1500325114.962248|PLATFORM: Not Enough Information for Analysis.
1500325125.985724|PLATFORM: State = Elapsed Time : 1836.3978641; Progress : 0.550000011921; Efficiency : 2.025|2293; Nodes : 2
1500325125.985899|PLATFORM: Not Enough Information for Analysis.
1500325136.984020|PLATFORM: State = Elapsed Time : 1847.39615917; Progress : 0.550000011921; Efficiency : 2.02|2294; Nodes : 2
1500325136.984201|PLATFORM: Not Enough Information for Analysis.
1500325147.956094|PLATFORM: State = Elapsed Time : 1858.36824512; Progress : 0.550000011921; Efficiency : 2.055|2293.5; Nodes : 2
1500325147.956254|PLATFORM: Not Enough Information for Analysis.
1500325158.960828|PLATFORM: State = Elapsed Time : 1869.3729701; Progress : 0.550000011921; Efficiency : 2.05|2293.5; Nodes : 2
1500325158.961000|PLATFORM: Not Enough Information for Analysis.
1500325170.015774|PLATFORM: State = Elapsed Time : 1880.4279151; Progress : 0.550000011921; Efficiency : 2.08|2293.5; Nodes : 2
1500325170.015961|PLATFORM: Not Enough Information for Analysis.
1500325181.005333|PLATFORM: State = Elapsed Time : 1891.41747403; Progress : 0.550000011921; Efficiency : 2.07|2294; Nodes : 2
1500325181.005551|PLATFORM: Not Enough Information for Analysis.
1500325191.984757|PLATFORM: State = Elapsed Time : 1902.39689612; Progress : 0.550000011921; Efficiency : 2.06|2293.5; Nodes : 2
1500325191.984909|PLATFORM: Not Enough Information for Analysis.
1500325202.984985|PLATFORM: State = Elapsed Time : 1913.39710999; Progress : 0.550000011921; Efficiency : 2.17|2293.5; Nodes : 2
1500325202.985181|PLATFORM: Not Enough Information for Analysis.
1500325213.992804|PLATFORM: State = Elapsed Time : 1924.40494704; Progress : 0.550000011921; Efficiency : 2.14|2293.5; Nodes : 2
1500325213.992977|PLATFORM: Not Enough Information for Analysis.
1500325224.998164|PLATFORM: State = Elapsed Time : 1935.41026616; Progress : 0.550000011921; Efficiency : 2.16|2293.5; Nodes : 2
1500325224.998423|PLATFORM: Not Enough Information for Analysis.
1500325235.955333|PLATFORM: State = Elapsed Time : 1946.36747909; Progress : 0.550000011921; Efficiency : 2.17|2293; Nodes : 2
1500325235.955498|PLATFORM: Not Enough Information for Analysis.
1500325246.461028|PLATFORM: State = Elapsed Time : 1956.87316608; Progress : 0.550000011921; Efficiency : 2.02|1211; Nodes : 2
1500325246.461195|PLATFORM: Not Enough Information for Analysis.
1500325257.033976|PLATFORM: State = Elapsed Time : 1967.44610906; Progress : 0.550000011921; Efficiency : 1.865|1211.5; Nodes : 2
1500325257.034174|PLATFORM: Not Enough Information for Analysis.
1500325267.604789|PLATFORM: State = Elapsed Time : 1978.01685905; Progress : 0.550000011921; Efficiency : 1.88|1212; Nodes : 2
1500325267.605100|PLATFORM: Not Enough Information for Analysis.
1500325279.332630|PLATFORM: State = Elapsed Time : 1989.74476409; Progress : 0.550000011921; Efficiency : 1.785|1211; Nodes : 2
1500325279.332815|PLATFORM: Not Enough Information for Analysis.
1500325285.558080|COMPUTATION: End (MatrixSize, Iteration) = |9000|11|
1500325288.321425|COMPUTATION: Execution = Warning: Permanently added '10.10.10.7' (ECDSA) to the list of known hosts.
|None
1500325288.321796|COMPUTATION: Progress = 0.6
1500325288.321902|COMPUTATION: Start (MatrixSize, Iteration) = |8000|12|
1500325288.322505|COMPUTATION: ['mpirun', '-n', '4', '-machinefile', '/home/ubuntu/machinefile', '/home/ubuntu/repositorios/elastichpc/beta/trials/Matrix.py', '8000', '/home/ubuntu/teste.mtr_12']
1500325290.320300|PLATFORM: State = Elapsed Time : 2000.73243618; Progress : 0.600000023842; Efficiency : 1.82|1472.5; Nodes : 2
1500325290.320626|PLATFORM: (predicted_time, predicted_cost) = 3316.23598153|6610.49661317
1500325290.320847|PLATFORM: QoS Sample = {'execution_time': 3316.2359815344817, 'efficiency': 1.884827586206897, 'cost': 6610.496613165857}
1500325290.320913|PLATFORM: Contract breached = {'execution_time': 0.5788611258483608, 'cost': 1.151898395715333}
1500325290.320957|PLATFORM: Parameter to Reconfigure: cost
1500325290.320999|PLATFORM: Scale Down = cost|6610.49661317|2264.0
1500325290.321035|PLATFORM: N Value =-1
1500325290.321395|PLATFORM: RECONFIGURATION BEFORE: 2
1500325290.321446|PLATFORM: Contract down limit reached. Skipping Scale Down.
1500325301.285885|PLATFORM: State = Elapsed Time : 2011.69799209; Progress : 0.600000023842; Efficiency : 1.85|1838; Nodes : 2
1500325301.286090|PLATFORM: Not Enough Information for Analysis.
1500325312.288983|PLATFORM: State = Elapsed Time : 2022.70111704; Progress : 0.600000023842; Efficiency : 1.895|1838; Nodes : 2
1500325312.289161|PLATFORM: Not Enough Information for Analysis.
1500325323.285658|PLATFORM: State = Elapsed Time : 2033.69780016; Progress : 0.600000023842; Efficiency : 1.915|1838.5; Nodes : 2
1500325323.285834|PLATFORM: Not Enough Information for Analysis.
1500325334.314148|PLATFORM: State = Elapsed Time : 2044.72628808; Progress : 0.600000023842; Efficiency : 1.93|1838.5; Nodes : 2
1500325334.314345|PLATFORM: Not Enough Information for Analysis.
1500325345.317990|PLATFORM: State = Elapsed Time : 2055.730124; Progress : 0.600000023842; Efficiency : 1.95|1838; Nodes : 2
1500325345.318160|PLATFORM: Not Enough Information for Analysis.
1500325356.356899|PLATFORM: State = Elapsed Time : 2066.76904202; Progress : 0.600000023842; Efficiency : 1.96|1838.5; Nodes : 2
1500325356.357062|PLATFORM: Not Enough Information for Analysis.
1500325367.346610|PLATFORM: State = Elapsed Time : 2077.75875497; Progress : 0.600000023842; Efficiency : 2|1838; Nodes : 2
1500325367.346787|PLATFORM: Not Enough Information for Analysis.
1500325378.339171|PLATFORM: State = Elapsed Time : 2088.75129795; Progress : 0.600000023842; Efficiency : 2|1838.5; Nodes : 2
1500325378.339335|PLATFORM: Not Enough Information for Analysis.
1500325389.317410|PLATFORM: State = Elapsed Time : 2099.72953916; Progress : 0.600000023842; Efficiency : 2|1838; Nodes : 2
1500325389.317577|PLATFORM: Not Enough Information for Analysis.
1500325400.334297|PLATFORM: State = Elapsed Time : 2110.74641609; Progress : 0.600000023842; Efficiency : 2.125|1838.5; Nodes : 2
1500325400.334470|PLATFORM: Not Enough Information for Analysis.
1500325411.326195|PLATFORM: State = Elapsed Time : 2121.73833704; Progress : 0.600000023842; Efficiency : 2.105|1839; Nodes : 2
1500325411.326407|PLATFORM: Not Enough Information for Analysis.
1500325422.283308|PLATFORM: State = Elapsed Time : 2132.69545197; Progress : 0.600000023842; Efficiency : 2.13|1839; Nodes : 2
1500325422.283524|PLATFORM: Not Enough Information for Analysis.
1500325433.300910|PLATFORM: State = Elapsed Time : 2143.71305418; Progress : 0.600000023842; Efficiency : 2.145|1839; Nodes : 2
1500325433.301094|PLATFORM: Not Enough Information for Analysis.
1500325444.309665|PLATFORM: State = Elapsed Time : 2154.721807; Progress : 0.600000023842; Efficiency : 2.125|1839; Nodes : 2
1500325444.309835|PLATFORM: Not Enough Information for Analysis.
1500325454.858199|PLATFORM: State = Elapsed Time : 2165.27033305; Progress : 0.600000023842; Efficiency : 2.065|982.5; Nodes : 2
1500325454.858414|PLATFORM: Not Enough Information for Analysis.
1500325465.374010|PLATFORM: State = Elapsed Time : 2175.78614497; Progress : 0.600000023842; Efficiency : 2.025|984; Nodes : 2
1500325465.374184|PLATFORM: Not Enough Information for Analysis.
1500325475.930628|PLATFORM: State = Elapsed Time : 2186.34153008; Progress : 0.600000023842; Efficiency : 1.865|984; Nodes : 2
1500325475.930832|PLATFORM: Not Enough Information for Analysis.
1500325486.472131|PLATFORM: State = Elapsed Time : 2196.88422203; Progress : 0.600000023842; Efficiency : 1.81|983.5; Nodes : 2
1500325486.472406|PLATFORM: Not Enough Information for Analysis.
1500325495.509123|COMPUTATION: End (MatrixSize, Iteration) = |8000|12|
1500325495.764580|COMPUTATION: Execution = Warning: Permanently added '10.10.10.7' (ECDSA) to the list of known hosts.
|None
1500325495.764917|COMPUTATION: Progress = 0.65
1500325495.765069|COMPUTATION: Start (MatrixSize, Iteration) = |7000|13|
1500325495.765574|COMPUTATION: ['mpirun', '-n', '4', '-machinefile', '/home/ubuntu/machinefile', '/home/ubuntu/repositorios/elastichpc/beta/trials/Matrix.py', '7000', '/home/ubuntu/teste.mtr_13']
1500325497.503185|PLATFORM: State = Elapsed Time : 2207.91533113; Progress : 0.649999976158; Efficiency : 1.715|1248.5; Nodes : 2
1500325497.503548|PLATFORM: (predicted_time, predicted_cost) = 3379.88405924|6737.70629655
1500325497.503739|PLATFORM: QoS Sample = {'execution_time': 3379.884059241517, 'efficiency': 1.8945312500000007, 'cost': 6737.706296545473}
1500325497.503803|PLATFORM: Contract breached = {'execution_time': 0.5957289909650664, 'cost': 1.1856112093318392}
1500325497.503853|PLATFORM: Parameter to Reconfigure: cost
1500325497.503915|PLATFORM: Scale Down = cost|6737.70629655|2264.0
1500325497.503952|PLATFORM: N Value =-1
1500325497.504280|PLATFORM: RECONFIGURATION BEFORE: 2
1500325497.504334|PLATFORM: Contract down limit reached. Skipping Scale Down.
1500325508.539508|PLATFORM: State = Elapsed Time : 2218.951648; Progress : 0.649999976158; Efficiency : 1.76|1436.5; Nodes : 2
1500325508.539687|PLATFORM: Not Enough Information for Analysis.
1500325519.582202|PLATFORM: State = Elapsed Time : 2229.99434018; Progress : 0.649999976158; Efficiency : 1.795|1436.5; Nodes : 2
1500325519.582367|PLATFORM: Not Enough Information for Analysis.
1500325530.623019|PLATFORM: State = Elapsed Time : 2241.03515911; Progress : 0.649999976158; Efficiency : 1.85|1437.5; Nodes : 2
1500325530.623206|PLATFORM: Not Enough Information for Analysis.
1500325541.630107|PLATFORM: State = Elapsed Time : 2252.04225206; Progress : 0.649999976158; Efficiency : 1.87|1437; Nodes : 2
1500325541.630272|PLATFORM: Not Enough Information for Analysis.
1500325552.685881|PLATFORM: State = Elapsed Time : 2263.09801602; Progress : 0.649999976158; Efficiency : 1.925|1437; Nodes : 2
1500325552.686058|PLATFORM: Not Enough Information for Analysis.
1500325563.671494|PLATFORM: State = Elapsed Time : 2274.08363795; Progress : 0.649999976158; Efficiency : 1.94|1437; Nodes : 2
1500325563.671706|PLATFORM: Not Enough Information for Analysis.
1500325574.680770|PLATFORM: State = Elapsed Time : 2285.09291196; Progress : 0.649999976158; Efficiency : 1.945|1437; Nodes : 2
1500325574.680946|PLATFORM: Not Enough Information for Analysis.
1500325585.695586|PLATFORM: State = Elapsed Time : 2296.10772705; Progress : 0.649999976158; Efficiency : 2.005|1437; Nodes : 2
1500325585.695762|PLATFORM: Not Enough Information for Analysis.
1500325596.727171|PLATFORM: State = Elapsed Time : 2307.13929605; Progress : 0.649999976158; Efficiency : 2.005|1437; Nodes : 2
1500325596.727370|PLATFORM: Not Enough Information for Analysis.
1500325607.280053|PLATFORM: State = Elapsed Time : 2317.69216299; Progress : 0.649999976158; Efficiency : 2|781.5; Nodes : 2
1500325607.280436|PLATFORM: Not Enough Information for Analysis.
1500325617.872960|PLATFORM: State = Elapsed Time : 2328.28503418; Progress : 0.649999976158; Efficiency : 1.895|783; Nodes : 2
1500325617.873296|PLATFORM: Not Enough Information for Analysis.
1500325628.423398|PLATFORM: State = Elapsed Time : 2338.83551908; Progress : 0.649999976158; Efficiency : 1.755|783; Nodes : 2
1500325628.423621|PLATFORM: Not Enough Information for Analysis.
1500325635.986617|COMPUTATION: End (MatrixSize, Iteration) = |7000|13|
1500325638.811473|COMPUTATION: Execution = Warning: Permanently added '10.10.10.7' (ECDSA) to the list of known hosts.
|None
1500325638.811877|COMPUTATION: Progress = 0.7
1500325638.812052|COMPUTATION: Start (MatrixSize, Iteration) = |6000|14|
1500325638.812653|COMPUTATION: ['mpirun', '-n', '4', '-machinefile', '/home/ubuntu/machinefile', '/home/ubuntu/repositorios/elastichpc/beta/trials/Matrix.py', '6000', '/home/ubuntu/teste.mtr_14']
1500325639.071948|PLATFORM: State = Elapsed Time : 2349.48400307; Progress : 0.649999976158; Efficiency : 1.595|95; Nodes : 2
1500325639.072283|PLATFORM: Not Enough Information for Analysis.
1500325650.045484|PLATFORM: State = Elapsed Time : 2360.45763516; Progress : 0.699999988079; Efficiency : 1.655|1088; Nodes : 2
1500325650.045792|PLATFORM: (predicted_time, predicted_cost) = 3356.38122859|6690.81586533
1500325650.045965|PLATFORM: QoS Sample = {'execution_time': 3356.381228589692, 'efficiency': 1.892829268292684, 'cost': 6690.8158653252885}
1500325650.046024|PLATFORM: Contract breached = {'execution_time': 0.5895003255979749, 'cost': 1.1731844166056418}
1500325650.046079|PLATFORM: Parameter to Reconfigure: cost
1500325650.046121|PLATFORM: Scale Down = cost|6690.81586533|2264.0
1500325650.046155|PLATFORM: N Value =-1
1500325650.046468|PLATFORM: RECONFIGURATION BEFORE: 2
1500325650.046517|PLATFORM: Contract down limit reached. Skipping Scale Down.
1500325661.013189|PLATFORM: State = Elapsed Time : 2371.42531896; Progress : 0.699999988079; Efficiency : 1.775|1089; Nodes : 2
1500325661.013547|PLATFORM: Not Enough Information for Analysis.
1500325672.019347|PLATFORM: State = Elapsed Time : 2382.43148804; Progress : 0.699999988079; Efficiency : 1.81|1089.5; Nodes : 2
1500325672.019560|PLATFORM: Not Enough Information for Analysis.
1500325683.077885|PLATFORM: State = Elapsed Time : 2393.49002218; Progress : 0.699999988079; Efficiency : 1.835|1089; Nodes : 2
1500325683.078062|PLATFORM: Not Enough Information for Analysis.
1500325694.062144|PLATFORM: State = Elapsed Time : 2404.47428799; Progress : 0.699999988079; Efficiency : 1.86|1089.5; Nodes : 2
1500325694.062349|PLATFORM: Not Enough Information for Analysis.
1500325705.063707|PLATFORM: State = Elapsed Time : 2415.475842; Progress : 0.699999988079; Efficiency : 1.885|1089.5; Nodes : 2
1500325705.063935|PLATFORM: Not Enough Information for Analysis.
1500325715.565257|PLATFORM: State = Elapsed Time : 2425.97739816; Progress : 0.699999988079; Efficiency : 1.87|608; Nodes : 2
1500325715.565927|PLATFORM: Not Enough Information for Analysis.
1500325726.091627|PLATFORM: State = Elapsed Time : 2436.50374913; Progress : 0.699999988079; Efficiency : 1.7|608; Nodes : 2
1500325726.091861|PLATFORM: Not Enough Information for Analysis.
1500325731.756221|COMPUTATION: End (MatrixSize, Iteration) = |6000|14|
1500325731.866770|COMPUTATION: Execution = Warning: Permanently added '10.10.10.7' (ECDSA) to the list of known hosts.
|None
1500325731.866928|COMPUTATION: Progress = 0.75
1500325731.866971|COMPUTATION: Start (MatrixSize, Iteration) = |5000|15|
1500325731.867252|COMPUTATION: ['mpirun', '-n', '4', '-machinefile', '/home/ubuntu/machinefile', '/home/ubuntu/repositorios/elastichpc/beta/trials/Matrix.py', '5000', '/home/ubuntu/teste.mtr_15']
1500325737.054149|PLATFORM: State = Elapsed Time : 2447.46624207; Progress : 0.75; Efficiency : 1.75|794; Nodes : 2
1500325737.054824|PLATFORM: (predicted_time, predicted_cost) = 3248.63425859|6475.34321944
1500325737.055208|PLATFORM: QoS Sample = {'execution_time': 3248.6342585881553, 'efficiency': 1.8908490566037746, 'cost': 6475.343219439189}
1500325737.055324|PLATFORM: Contract breached = {'execution_time': 0.5609454748908538, 'cost': 1.116080358508619}
1500325737.055402|PLATFORM: Parameter to Reconfigure: cost
1500325737.055482|PLATFORM: Scale Down = cost|6475.34321944|2264.0
1500325737.055550|PLATFORM: N Value =-1
1500325737.056044|PLATFORM: RECONFIGURATION BEFORE: 2
1500325737.056154|PLATFORM: Contract down limit reached. Skipping Scale Down.
1500325748.049416|PLATFORM: State = Elapsed Time : 2458.46153116; Progress : 0.75; Efficiency : 1.825|794.5; Nodes : 2
1500325748.049593|PLATFORM: Not Enough Information for Analysis.
1500325759.039349|PLATFORM: State = Elapsed Time : 2469.45149016; Progress : 0.75; Efficiency : 1.89|794; Nodes : 2
1500325759.039523|PLATFORM: Not Enough Information for Analysis.
1500325770.033075|PLATFORM: State = Elapsed Time : 2480.44521499; Progress : 0.75; Efficiency : 1.905|794; Nodes : 2
1500325770.033252|PLATFORM: Not Enough Information for Analysis.
1500325780.572401|PLATFORM: State = Elapsed Time : 2490.98446918; Progress : 0.75; Efficiency : 1.785|461; Nodes : 2
1500325780.572719|PLATFORM: Not Enough Information for Analysis.
1500325787.590921|COMPUTATION: End (MatrixSize, Iteration) = |5000|15|
1500325788.008579|COMPUTATION: Execution = Warning: Permanently added '10.10.10.7' (ECDSA) to the list of known hosts.
|None
1500325788.009179|COMPUTATION: Progress = 0.8
1500325788.009563|COMPUTATION: Start (MatrixSize, Iteration) = |5000|16|
1500325788.010313|COMPUTATION: ['mpirun', '-n', '4', '-machinefile', '/home/ubuntu/machinefile', '/home/ubuntu/repositorios/elastichpc/beta/trials/Matrix.py', '5000', '/home/ubuntu/teste.mtr_16']
1500325791.742318|PLATFORM: State = Elapsed Time : 2502.15443206; Progress : 0.800000011921; Efficiency : 1.7|794; Nodes : 2
1500325791.742709|PLATFORM: (predicted_time, predicted_cost) = 3113.95459482|6205.56964582
1500325791.742919|PLATFORM: QoS Sample = {'execution_time': 3113.9545948214145, 'efficiency': 1.88988425925926, 'cost': 6205.5696458234015}
1500325791.742985|PLATFORM: Contract breached = {'execution_time': 0.5252529844933077, 'cost': 1.0445855951828802}
1500325791.743040|PLATFORM: Parameter to Reconfigure: cost
1500325791.743082|PLATFORM: Scale Down = cost|6205.56964582|2264.0
1500325791.743130|PLATFORM: N Value =-1
1500325791.743364|PLATFORM: RECONFIGURATION BEFORE: 2
1500325791.743419|PLATFORM: Contract down limit reached. Skipping Scale Down.
1500325802.717713|PLATFORM: State = Elapsed Time : 2513.12985301; Progress : 0.800000011921; Efficiency : 1.79|795.5; Nodes : 2
1500325802.717908|PLATFORM: Not Enough Information for Analysis.
1500325813.725535|PLATFORM: State = Elapsed Time : 2524.13767505; Progress : 0.800000011921; Efficiency : 1.865|795.5; Nodes : 2
1500325813.725712|PLATFORM: Not Enough Information for Analysis.
1500325824.797111|PLATFORM: State = Elapsed Time : 2535.20926118; Progress : 0.800000011921; Efficiency : 1.92|796; Nodes : 2
1500325824.797273|PLATFORM: Not Enough Information for Analysis.
1500325835.308161|PLATFORM: State = Elapsed Time : 2545.72025895; Progress : 0.800000011921; Efficiency : 1.85|461.5; Nodes : 2
1500325835.308424|PLATFORM: Not Enough Information for Analysis.
1500325842.340948|COMPUTATION: End (MatrixSize, Iteration) = |5000|16|
1500325843.475641|COMPUTATION: Execution = Warning: Permanently added '10.10.10.7' (ECDSA) to the list of known hosts.
|None
1500325843.476189|COMPUTATION: Progress = 0.85
1500325843.476571|COMPUTATION: Start (MatrixSize, Iteration) = |5000|17|
1500325843.477432|COMPUTATION: ['mpirun', '-n', '4', '-machinefile', '/home/ubuntu/machinefile', '/home/ubuntu/repositorios/elastichpc/beta/trials/Matrix.py', '5000', '/home/ubuntu/teste.mtr_17']
1500325846.340475|PLATFORM: State = Elapsed Time : 2556.75261807; Progress : 0.850000023842; Efficiency : 1.775|793.5; Nodes : 2
1500325846.340830|PLATFORM: (predicted_time, predicted_cost) = 2995.01384188|5967.96328595
1500325846.341056|PLATFORM: QoS Sample = {'execution_time': 2995.0138418810834, 'efficiency': 1.889613636363637, 'cost': 5967.963285950277}
1500325846.341123|PLATFORM: Contract breached = {'execution_time': 0.49373158353738955, 'cost': 0.9816157118242783}
1500325846.341166|PLATFORM: Parameter to Reconfigure: cost
1500325846.341209|PLATFORM: Scale Down = cost|5967.96328595|2264.0
1500325846.341276|PLATFORM: N Value =-1
1500325846.341649|PLATFORM: RECONFIGURATION BEFORE: 2
1500325846.341704|PLATFORM: Contract down limit reached. Skipping Scale Down.
1500325857.336151|PLATFORM: State = Elapsed Time : 2567.74829912; Progress : 0.850000023842; Efficiency : 1.775|795.5; Nodes : 2
1500325857.336335|PLATFORM: Not Enough Information for Analysis.
1500325868.367080|PLATFORM: State = Elapsed Time : 2578.77920818; Progress : 0.850000023842; Efficiency : 1.85|795.5; Nodes : 2
1500325868.367274|PLATFORM: Not Enough Information for Analysis.
1500325879.335586|PLATFORM: State = Elapsed Time : 2589.74773502; Progress : 0.850000023842; Efficiency : 1.95|795; Nodes : 2
1500325879.335748|PLATFORM: Not Enough Information for Analysis.
1500325889.845274|PLATFORM: State = Elapsed Time : 2600.2574091; Progress : 0.850000023842; Efficiency : 1.915|461.5; Nodes : 2
1500325889.848604|PLATFORM: Not Enough Information for Analysis.
1500325899.645470|COMPUTATION: End (MatrixSize, Iteration) = |5000|17|
1500325900.488880|PLATFORM: State = Elapsed Time : 2610.90095401; Progress : 0.850000023842; Efficiency : 1.8|95; Nodes : 2
1500325900.489199|PLATFORM: Not Enough Information for Analysis.
1500325901.219538|COMPUTATION: Execution = Warning: Permanently added '10.10.10.7' (ECDSA) to the list of known hosts.
|None
1500325901.219841|COMPUTATION: Progress = 0.9
1500325901.220001|COMPUTATION: Start (MatrixSize, Iteration) = |5000|18|
1500325901.220693|COMPUTATION: ['mpirun', '-n', '4', '-machinefile', '/home/ubuntu/machinefile', '/home/ubuntu/repositorios/elastichpc/beta/trials/Matrix.py', '5000', '/home/ubuntu/teste.mtr_18']
1500325911.501619|PLATFORM: State = Elapsed Time : 2621.913764; Progress : 0.899999976158; Efficiency : 1.83|794; Nodes : 2
1500325911.501985|PLATFORM: (predicted_time, predicted_cost) = 2901.02560364|5780.02611086
1500325911.502282|PLATFORM: QoS Sample = {'execution_time': 2901.025603639433, 'efficiency': 1.8891555555555564, 'cost': 5780.026110862393}
1500325911.502568|PLATFORM: Contract breached = {'execution_time': 0.468823039833772, 'cost': 0.9318090399811993}
1500325911.502623|PLATFORM: Parameter to Reconfigure: cost
1500325911.502668|PLATFORM: Scale Down = cost|5780.02611086|2264.0
1500325911.502704|PLATFORM: N Value =-1
1500325911.502931|PLATFORM: RECONFIGURATION BEFORE: 2
1500325911.503041|PLATFORM: Contract down limit reached. Skipping Scale Down.
1500325922.514541|PLATFORM: State = Elapsed Time : 2632.926682; Progress : 0.899999976158; Efficiency : 1.86|794.5; Nodes : 2
1500325922.514745|PLATFORM: Not Enough Information for Analysis.
1500325933.483749|PLATFORM: State = Elapsed Time : 2643.89588809; Progress : 0.899999976158; Efficiency : 1.92|794.5; Nodes : 2
1500325933.483942|PLATFORM: Not Enough Information for Analysis.
1500325943.982163|PLATFORM: State = Elapsed Time : 2654.39431095; Progress : 0.899999976158; Efficiency : 1.89|460; Nodes : 2
1500325943.982351|PLATFORM: Not Enough Information for Analysis.
1500325954.482904|PLATFORM: State = Elapsed Time : 2664.89504695; Progress : 0.899999976158; Efficiency : 1.795|461; Nodes : 2
1500325954.483079|PLATFORM: Not Enough Information for Analysis.
1500325956.180756|COMPUTATION: End (MatrixSize, Iteration) = |5000|18|
1500325958.185851|COMPUTATION: Execution = Warning: Permanently added '10.10.10.7' (ECDSA) to the list of known hosts.
|None
1500325958.186395|COMPUTATION: Progress = 0.95
1500325958.186541|COMPUTATION: Start (MatrixSize, Iteration) = |5000|19|
1500325958.187231|COMPUTATION: ['mpirun', '-n', '4', '-machinefile', '/home/ubuntu/machinefile', '/home/ubuntu/repositorios/elastichpc/beta/trials/Matrix.py', '5000', '/home/ubuntu/teste.mtr_19']
1500325965.441417|PLATFORM: State = Elapsed Time : 2675.85355401; Progress : 0.949999988079; Efficiency : 1.67|795; Nodes : 2
1500325965.441787|PLATFORM: (predicted_time, predicted_cost) = 2805.1187669|5588.32046961
1500325965.442003|PLATFORM: QoS Sample = {'execution_time': 2805.1187668990933, 'efficiency': 1.888056768558953, 'cost': 5588.320469608276}
1500325965.442075|PLATFORM: Contract breached = {'execution_time': 0.44340603363050174, 'cost': 0.8810036580233946}
1500325965.442119|PLATFORM: Parameter to Reconfigure: cost
1500325965.442160|PLATFORM: Scale Down = cost|5588.32046961|2264.0
1500325965.442196|PLATFORM: N Value =-1
1500325965.442374|PLATFORM: RECONFIGURATION BEFORE: 2
1500325965.442423|PLATFORM: Contract down limit reached. Skipping Scale Down.
1500325976.471482|PLATFORM: State = Elapsed Time : 2686.88362598; Progress : 0.949999988079; Efficiency : 1.74|795; Nodes : 2
1500325976.471656|PLATFORM: Not Enough Information for Analysis.
1500325987.453030|PLATFORM: State = Elapsed Time : 2697.86515999; Progress : 0.949999988079; Efficiency : 1.78|794.5; Nodes : 2
1500325987.453207|PLATFORM: Not Enough Information for Analysis.
1500325998.464798|PLATFORM: State = Elapsed Time : 2708.8769331; Progress : 0.949999988079; Efficiency : 1.86|794.5; Nodes : 2
1500325998.464965|PLATFORM: Not Enough Information for Analysis.
1500326008.953012|PLATFORM: State = Elapsed Time : 2719.36515999; Progress : 0.949999988079; Efficiency : 1.84|460.5; Nodes : 2
1500326008.953185|PLATFORM: Not Enough Information for Analysis.
1500326018.736032|COMPUTATION: End (MatrixSize, Iteration) = |5000|19|
1500326019.540387|PLATFORM: State = Elapsed Time : 2729.95247507; Progress : 0.949999988079; Efficiency : 1.71|95.5; Nodes : 2
1500326019.540636|PLATFORM: Not Enough Information for Analysis.
1500326019.986577|COMPUTATION: Execution = Warning: Permanently added '10.10.10.7' (ECDSA) to the list of known hosts.
|None
1500326019.986835|COMPUTATION: Progress = 1.0
1500326019.987411|COMPUTATION: Finish Computation.
1500326030.165543|PLATFORM: State = Elapsed Time : 2740.57761717; Progress : 1.0; Efficiency : 1.445|90; Nodes : 2
1500326030.166230|PLATFORM: (predicted_time, predicted_cost) = 2729.58708096|5437.92368221
1500326030.166735|PLATFORM: QoS Sample = {'execution_time': 2729.5870809555054, 'efficiency': 1.8849145299145305, 'cost': 5437.92368221283}
1500326030.166884|PLATFORM: Contract breached = {'execution_time': 0.4233888023733671, 'cost': 0.8411458521765449}
1500326030.166989|PLATFORM: Parameter to Reconfigure: cost
1500326030.167082|PLATFORM: Scale Down = cost|5437.92368221|2264.0
1500326030.167159|PLATFORM: N Value =-1
1500326030.167539|PLATFORM: Computation is over. Forget Scaling.
1500326030.167696|PLATFORM: Finish Platform.
1500326030.170044|PLATFORM: Elapsed = 2718.96184111
1500326030.171702|PLATFORM: Execution Log = [(1500323300.578861, {'compute_state': 0.0, 'resource_state': '0.49|794.5', 'nodes': 2}), (1500323311.559406, {'compute_state': 0.0, 'resource_state': '0.88|794.5', 'nodes': 2}), (1500323322.587798, {'compute_state': 0.0, 'resource_state': '1.055|795', 'nodes': 2}), (1500323333.116137, {'compute_state': 0.0, 'resource_state': '1.2|460.5', 'nodes': 2}), (1500323343.652893, {'compute_state': 0.0, 'resource_state': '1.1|95.5', 'nodes': 2}), (1500323354.638485, {'compute_state': 0.05000000074505806, 'resource_state': '1.235|795.5', 'nodes': 2}), (1500323365.630483, {'compute_state': 0.05000000074505806, 'resource_state': '1.35|795.5', 'nodes': 2}), (1500323376.640378, {'compute_state': 0.05000000074505806, 'resource_state': '1.51|795', 'nodes': 2}), (1500323387.213256, {'compute_state': 0.05000000074505806, 'resource_state': '1.545|461', 'nodes': 2}), (1500323397.76503, {'compute_state': 0.05000000074505806, 'resource_state': '1.54|461.5', 'nodes': 2}), (1500323408.818296, {'compute_state': 0.10000000149011612, 'resource_state': '1.575|796', 'nodes': 2}), (1500323419.836334, {'compute_state': 0.10000000149011612, 'resource_state': '1.635|796', 'nodes': 2}), (1500323430.857533, {'compute_state': 0.10000000149011612, 'resource_state': '1.735|796.5', 'nodes': 2}), (1500323441.399114, {'compute_state': 0.10000000149011612, 'resource_state': '1.735|462.5', 'nodes': 2}), (1500323451.932251, {'compute_state': 0.10000000149011612, 'resource_state': '1.665|463.5', 'nodes': 2}), (1500323473.934228, {'compute_state': 0.15000000596046448, 'resource_state': '1.69|794.5', 'nodes': 2}), (1500323484.936228, {'compute_state': 0.15000000596046448, 'resource_state': '1.74|794.5', 'nodes': 2}), (1500323495.8898, {'compute_state': 0.15000000596046448, 'resource_state': '1.86|795', 'nodes': 2}), (1500323506.399106, {'compute_state': 0.15000000596046448, 'resource_state': '1.725|461.5', 'nodes': 2}), (1500323528.449519, {'compute_state': 0.20000000298023224, 'resource_state': '1.665|795', 'nodes': 2}), (1500323539.452093, {'compute_state': 0.20000000298023224, 'resource_state': '1.77|796', 'nodes': 2}), (1500323550.454121, {'compute_state': 0.20000000298023224, 'resource_state': '1.81|795.5', 'nodes': 2}), (1500323561.013735, {'compute_state': 0.20000000298023224, 'resource_state': '1.88|460.5', 'nodes': 2}), (1500323571.57273, {'compute_state': 0.20000000298023224, 'resource_state': '1.71|462', 'nodes': 2}), (1500323593.6354, {'compute_state': 0.25, 'resource_state': '1.85|1090', 'nodes': 2}), (1500323604.617726, {'compute_state': 0.25, 'resource_state': '1.945|1090', 'nodes': 2}), (1500323615.70182, {'compute_state': 0.25, 'resource_state': '1.95|1089.5', 'nodes': 2}), (1500323626.677955, {'compute_state': 0.25, 'resource_state': '1.995|1090', 'nodes': 2}), (1500323637.649083, {'compute_state': 0.25, 'resource_state': '2|1090', 'nodes': 2}), (1500323648.207643, {'compute_state': 0.25, 'resource_state': '1.88|608', 'nodes': 2}), (1500323658.7426, {'compute_state': 0.25, 'resource_state': '1.645|609', 'nodes': 2}), (1500323669.774278, {'compute_state': 0.30000001192092896, 'resource_state': '1.7|1437', 'nodes': 2}), (1500323680.757688, {'compute_state': 0.30000001192092896, 'resource_state': '1.75|1437', 'nodes': 2}), (1500323691.721459, {'compute_state': 0.30000001192092896, 'resource_state': '1.825|1436.5', 'nodes': 2}), (1500323702.750373, {'compute_state': 0.30000001192092896, 'resource_state': '1.85|1437', 'nodes': 2}), (1500323713.741709, {'compute_state': 0.30000001192092896, 'resource_state': '1.93|1437', 'nodes': 2}), (1500323724.741175, {'compute_state': 0.30000001192092896, 'resource_state': '1.94|1437', 'nodes': 2}), (1500323735.710623, {'compute_state': 0.30000001192092896, 'resource_state': '1.95|1437.5', 'nodes': 2}), (1500323746.709291, {'compute_state': 0.30000001192092896, 'resource_state': '1.995|1437', 'nodes': 2}), (1500323757.688967, {'compute_state': 0.30000001192092896, 'resource_state': '1.995|1437', 'nodes': 2}), (1500323768.673106, {'compute_state': 0.30000001192092896, 'resource_state': '1.995|1437', 'nodes': 2}), (1500323779.222642, {'compute_state': 0.30000001192092896, 'resource_state': '1.88|782.5', 'nodes': 2}), (1500323789.804573, {'compute_state': 0.30000001192092896, 'resource_state': '1.79|782', 'nodes': 2}), (1500323800.400366, {'compute_state': 0.30000001192092896, 'resource_state': '1.705|783', 'nodes': 2}), (1500323822.404037, {'compute_state': 0.3499999940395355, 'resource_state': '1.765|1838', 'nodes': 2}), (1500323833.430499, {'compute_state': 0.3499999940395355, 'resource_state': '1.8|1838', 'nodes': 2}), (1500323844.429599, {'compute_state': 0.3499999940395355, 'resource_state': '1.885|1838.5', 'nodes': 2}), (1500323855.451519, {'compute_state': 0.3499999940395355, 'resource_state': '1.94|1839', 'nodes': 2}), (1500323866.459813, {'compute_state': 0.3499999940395355, 'resource_state': '2.105|1838.5', 'nodes': 2}), (1500323877.449553, {'compute_state': 0.3499999940395355, 'resource_state': '2.09|1838.5', 'nodes': 2}), (1500323888.439855, {'compute_state': 0.3499999940395355, 'resource_state': '2.08|1839', 'nodes': 2}), (1500323899.439498, {'compute_state': 0.3499999940395355, 'resource_state': '2.105|1838.5', 'nodes': 2}), (1500323910.429609, {'compute_state': 0.3499999940395355, 'resource_state': '2.125|1839', 'nodes': 2}), (1500323921.412545, {'compute_state': 0.3499999940395355, 'resource_state': '2.18|1838.5', 'nodes': 2}), (1500323932.40528, {'compute_state': 0.3499999940395355, 'resource_state': '2.15|1838.5', 'nodes': 2}), (1500323943.388128, {'compute_state': 0.3499999940395355, 'resource_state': '2.125|1839', 'nodes': 2}), (1500323954.368645, {'compute_state': 0.3499999940395355, 'resource_state': '2.14|1838.5', 'nodes': 2}), (1500323965.383188, {'compute_state': 0.3499999940395355, 'resource_state': '2.16|1838', 'nodes': 2}), (1500323976.688446, {'compute_state': 0.3499999940395355, 'resource_state': '1.905|984', 'nodes': 2}), (1500323987.220354, {'compute_state': 0.3499999940395355, 'resource_state': '1.94|984', 'nodes': 2}), (1500323997.784757, {'compute_state': 0.3499999940395355, 'resource_state': '1.72|983.5', 'nodes': 2}), (1500324019.767535, {'compute_state': 0.4000000059604645, 'resource_state': '1.555|2293', 'nodes': 2}), (1500324030.806117, {'compute_state': 0.4000000059604645, 'resource_state': '1.625|2292.5', 'nodes': 2}), (1500324041.791466, {'compute_state': 0.4000000059604645, 'resource_state': '1.73|2293.5', 'nodes': 2}), (1500324052.873004, {'compute_state': 0.4000000059604645, 'resource_state': '1.775|2294', 'nodes': 2}), (1500324063.879373, {'compute_state': 0.4000000059604645, 'resource_state': '1.81|2294', 'nodes': 2}), (1500324074.871622, {'compute_state': 0.4000000059604645, 'resource_state': '1.85|2294', 'nodes': 2}), (1500324085.903571, {'compute_state': 0.4000000059604645, 'resource_state': '1.875|2294', 'nodes': 2}), (1500324096.9047, {'compute_state': 0.4000000059604645, 'resource_state': '1.975|2293', 'nodes': 2}), (1500324107.880666, {'compute_state': 0.4000000059604645, 'resource_state': '1.975|2293', 'nodes': 2}), (1500324118.869709, {'compute_state': 0.4000000059604645, 'resource_state': '1.98|2293.5', 'nodes': 2}), (1500324129.869112, {'compute_state': 0.4000000059604645, 'resource_state': '1.985|2293.5', 'nodes': 2}), (1500324140.867634, {'compute_state': 0.4000000059604645, 'resource_state': '1.985|2293.5', 'nodes': 2}), (1500324151.885226, {'compute_state': 0.4000000059604645, 'resource_state': '2.07|2293', 'nodes': 2}), (1500324162.902692, {'compute_state': 0.4000000059604645, 'resource_state': '2.06|2293', 'nodes': 2}), (1500324173.885513, {'compute_state': 0.4000000059604645, 'resource_state': '2.09|2293.5', 'nodes': 2}), (1500324184.908985, {'compute_state': 0.4000000059604645, 'resource_state': '2.115|2293.5', 'nodes': 2}), (1500324195.961688, {'compute_state': 0.4000000059604645, 'resource_state': '2.095|2293', 'nodes': 2}), (1500324206.961635, {'compute_state': 0.4000000059604645, 'resource_state': '2.115|2293', 'nodes': 2}), (1500324217.956037, {'compute_state': 0.4000000059604645, 'resource_state': '2.1|2293', 'nodes': 2}), (1500324228.921598, {'compute_state': 0.4000000059604645, 'resource_state': '2.085|2293', 'nodes': 2}), (1500324239.406192, {'compute_state': 0.4000000059604645, 'resource_state': '1.985|1210', 'nodes': 2}), (1500324249.984934, {'compute_state': 0.4000000059604645, 'resource_state': '1.795|1210', 'nodes': 2}), (1500324260.579458, {'compute_state': 0.4000000059604645, 'resource_state': '1.675|1210.5', 'nodes': 2}), (1500324275.214197, {'compute_state': 0.4000000059604645, 'resource_state': '1.52|1210', 'nodes': 2}), (1500324297.192947, {'compute_state': 0.44999998807907104, 'resource_state': '1.58|2801.5', 'nodes': 2}), (1500324308.124075, {'compute_state': 0.44999998807907104, 'resource_state': '1.645|2802.5', 'nodes': 2}), (1500324319.116051, {'compute_state': 0.44999998807907104, 'resource_state': '1.7|2802.5', 'nodes': 2}), (1500324330.139348, {'compute_state': 0.44999998807907104, 'resource_state': '1.765|2802.5', 'nodes': 2}), (1500324341.151999, {'compute_state': 0.44999998807907104, 'resource_state': '1.8|2802', 'nodes': 2}), (1500324352.167311, {'compute_state': 0.44999998807907104, 'resource_state': '1.875|2802', 'nodes': 2}), (1500324363.162104, {'compute_state': 0.44999998807907104, 'resource_state': '1.89|2802.5', 'nodes': 2}), (1500324374.149303, {'compute_state': 0.44999998807907104, 'resource_state': '1.91|2802', 'nodes': 2}), (1500324385.157281, {'compute_state': 0.44999998807907104, 'resource_state': '1.93|2801.5', 'nodes': 2}), (1500324396.176377, {'compute_state': 0.44999998807907104, 'resource_state': '1.94|2801.5', 'nodes': 2}), (1500324407.157975, {'compute_state': 0.44999998807907104, 'resource_state': '1.99|2802', 'nodes': 2}), (1500324418.148114, {'compute_state': 0.44999998807907104, 'resource_state': '2.03|2802', 'nodes': 2}), (1500324429.126534, {'compute_state': 0.44999998807907104, 'resource_state': '2.02|2801.5', 'nodes': 2}), (1500324440.146063, {'compute_state': 0.44999998807907104, 'resource_state': '2.02|2802', 'nodes': 2}), (1500324451.150244, {'compute_state': 0.44999998807907104, 'resource_state': '2.015|2802', 'nodes': 2}), (1500324462.153223, {'compute_state': 0.44999998807907104, 'resource_state': '2.05|2801.5', 'nodes': 2}), (1500324473.106026, {'compute_state': 0.44999998807907104, 'resource_state': '2.045|2802.5', 'nodes': 2}), (1500324484.097656, {'compute_state': 0.44999998807907104, 'resource_state': '2.04|2801.5', 'nodes': 2}), (1500324495.122007, {'compute_state': 0.44999998807907104, 'resource_state': '2.035|2802', 'nodes': 2}), (1500324506.126525, {'compute_state': 0.44999998807907104, 'resource_state': '2.03|2802', 'nodes': 2}), (1500324517.098009, {'compute_state': 0.44999998807907104, 'resource_state': '2.06|2802', 'nodes': 2}), (1500324528.119005, {'compute_state': 0.44999998807907104, 'resource_state': '2.09|2802', 'nodes': 2}), (1500324539.11208, {'compute_state': 0.44999998807907104, 'resource_state': '2.075|2802', 'nodes': 2}), (1500324550.103034, {'compute_state': 0.44999998807907104, 'resource_state': '2.145|2801.5', 'nodes': 2}), (1500324561.115113, {'compute_state': 0.44999998807907104, 'resource_state': '2.12|2801.5', 'nodes': 2}), (1500324572.104508, {'compute_state': 0.44999998807907104, 'resource_state': '2.215|2802', 'nodes': 2}), (1500324583.073028, {'compute_state': 0.44999998807907104, 'resource_state': '2.225|2802.5', 'nodes': 2}), (1500324593.618123, {'compute_state': 0.44999998807907104, 'resource_state': '2.07|1464.5', 'nodes': 2}), (1500324605.161097, {'compute_state': 0.44999998807907104, 'resource_state': '1.875|1464.5', 'nodes': 2}), (1500324615.686413, {'compute_state': 0.44999998807907104, 'resource_state': '1.775|1464.5', 'nodes': 2}), (1500324627.084296, {'compute_state': 0.44999998807907104, 'resource_state': '1.62|1464.5', 'nodes': 2}), (1500324648.816744, {'compute_state': 0.5, 'resource_state': '1.66|2802.5', 'nodes': 2}), (1500324659.802064, {'compute_state': 0.5, 'resource_state': '1.74|2802.5', 'nodes': 2}), (1500324670.760999, {'compute_state': 0.5, 'resource_state': '1.785|2802.5', 'nodes': 2}), (1500324681.740686, {'compute_state': 0.5, 'resource_state': '1.815|2802.5', 'nodes': 2}), (1500324692.705017, {'compute_state': 0.5, 'resource_state': '1.88|2802', 'nodes': 2}), (1500324703.692422, {'compute_state': 0.5, 'resource_state': '1.895|2803', 'nodes': 2}), (1500324714.71564, {'compute_state': 0.5, 'resource_state': '1.965|2802', 'nodes': 2}), (1500324725.741681, {'compute_state': 0.5, 'resource_state': '1.97|2802', 'nodes': 2}), (1500324736.726285, {'compute_state': 0.5, 'resource_state': '1.975|2802.5', 'nodes': 2}), (1500324747.742763, {'compute_state': 0.5, 'resource_state': '2.015|2802', 'nodes': 2}), (1500324758.719593, {'compute_state': 0.5, 'resource_state': '2.05|2802.5', 'nodes': 2}), (1500324769.715896, {'compute_state': 0.5, 'resource_state': '2.085|2803.5', 'nodes': 2}), (1500324780.682066, {'compute_state': 0.5, 'resource_state': '2.075|2803', 'nodes': 2}), (1500324791.694929, {'compute_state': 0.5, 'resource_state': '2.06|2802.5', 'nodes': 2}), (1500324802.696765, {'compute_state': 0.5, 'resource_state': '2.045|2803', 'nodes': 2}), (1500324813.694939, {'compute_state': 0.5, 'resource_state': '2.04|2802.5', 'nodes': 2}), (1500324824.670115, {'compute_state': 0.5, 'resource_state': '2.07|2803', 'nodes': 2}), (1500324835.680374, {'compute_state': 0.5, 'resource_state': '2.06|2803', 'nodes': 2}), (1500324846.692645, {'compute_state': 0.5, 'resource_state': '2.05|2803', 'nodes': 2}), (1500324857.725107, {'compute_state': 0.5, 'resource_state': '2.16|2803', 'nodes': 2}), (1500324868.769915, {'compute_state': 0.5, 'resource_state': '2.135|2802.5', 'nodes': 2}), (1500324879.802313, {'compute_state': 0.5, 'resource_state': '2.15|2802.5', 'nodes': 2}), (1500324890.809172, {'compute_state': 0.5, 'resource_state': '2.125|2802.5', 'nodes': 2}), (1500324901.833241, {'compute_state': 0.5, 'resource_state': '2.11|2802.5', 'nodes': 2}), (1500324912.809902, {'compute_state': 0.5, 'resource_state': '2.21|2802.5', 'nodes': 2}), (1500324923.836536, {'compute_state': 0.5, 'resource_state': '2.175|2802.5', 'nodes': 2}), (1500324934.838183, {'compute_state': 0.5, 'resource_state': '2.185|2802.5', 'nodes': 2}), (1500324945.821752, {'compute_state': 0.5, 'resource_state': '2.155|2803', 'nodes': 2}), (1500324956.651108, {'compute_state': 0.5, 'resource_state': '2.135|2481.5', 'nodes': 2}), (1500324967.24347, {'compute_state': 0.5, 'resource_state': '1.92|1466', 'nodes': 2}), (1500324981.820841, {'compute_state': 0.5, 'resource_state': '1.71|1466', 'nodes': 2}), (1500324993.050971, {'compute_state': 0.5, 'resource_state': '1.6|1466', 'nodes': 2}), (1500325005.011875, {'compute_state': 0.5, 'resource_state': '1.39|1466', 'nodes': 2}), (1500325027.005614, {'compute_state': 0.550000011920929, 'resource_state': '1.47|2294', 'nodes': 2}), (1500325038.003204, {'compute_state': 0.550000011920929, 'resource_state': '1.555|2294', 'nodes': 2}), (1500325048.999988, {'compute_state': 0.550000011920929, 'resource_state': '1.625|2294', 'nodes': 2}), (1500325059.985826, {'compute_state': 0.550000011920929, 'resource_state': '1.75|2293.5', 'nodes': 2}), (1500325070.951734, {'compute_state': 0.550000011920929, 'resource_state': '1.82|2294', 'nodes': 2}), (1500325081.952486, {'compute_state': 0.550000011920929, 'resource_state': '1.85|2294', 'nodes': 2}), (1500325092.950064, {'compute_state': 0.550000011920929, 'resource_state': '1.92|2293.5', 'nodes': 2}), (1500325103.969535, {'compute_state': 0.550000011920929, 'resource_state': '1.93|2294', 'nodes': 2}), (1500325114.96229, {'compute_state': 0.550000011920929, 'resource_state': '1.985|2294', 'nodes': 2}), (1500325125.985937, {'compute_state': 0.550000011920929, 'resource_state': '2.025|2293', 'nodes': 2}), (1500325136.98424, {'compute_state': 0.550000011920929, 'resource_state': '2.02|2294', 'nodes': 2}), (1500325147.956302, {'compute_state': 0.550000011920929, 'resource_state': '2.055|2293.5', 'nodes': 2}), (1500325158.961058, {'compute_state': 0.550000011920929, 'resource_state': '2.05|2293.5', 'nodes': 2}), (1500325170.015999, {'compute_state': 0.550000011920929, 'resource_state': '2.08|2293.5', 'nodes': 2}), (1500325181.005591, {'compute_state': 0.550000011920929, 'resource_state': '2.07|2294', 'nodes': 2}), (1500325191.984959, {'compute_state': 0.550000011920929, 'resource_state': '2.06|2293.5', 'nodes': 2}), (1500325202.985222, {'compute_state': 0.550000011920929, 'resource_state': '2.17|2293.5', 'nodes': 2}), (1500325213.993016, {'compute_state': 0.550000011920929, 'resource_state': '2.14|2293.5', 'nodes': 2}), (1500325224.998479, {'compute_state': 0.550000011920929, 'resource_state': '2.16|2293.5', 'nodes': 2}), (1500325235.955539, {'compute_state': 0.550000011920929, 'resource_state': '2.17|2293', 'nodes': 2}), (1500325246.461245, {'compute_state': 0.550000011920929, 'resource_state': '2.02|1211', 'nodes': 2}), (1500325257.034226, {'compute_state': 0.550000011920929, 'resource_state': '1.865|1211.5', 'nodes': 2}), (1500325267.605186, {'compute_state': 0.550000011920929, 'resource_state': '1.88|1212', 'nodes': 2}), (1500325279.332854, {'compute_state': 0.550000011920929, 'resource_state': '1.785|1211', 'nodes': 2}), (1500325301.286129, {'compute_state': 0.6000000238418579, 'resource_state': '1.85|1838', 'nodes': 2}), (1500325312.289199, {'compute_state': 0.6000000238418579, 'resource_state': '1.895|1838', 'nodes': 2}), (1500325323.285874, {'compute_state': 0.6000000238418579, 'resource_state': '1.915|1838.5', 'nodes': 2}), (1500325334.314388, {'compute_state': 0.6000000238418579, 'resource_state': '1.93|1838.5', 'nodes': 2}), (1500325345.318199, {'compute_state': 0.6000000238418579, 'resource_state': '1.95|1838', 'nodes': 2}), (1500325356.3571, {'compute_state': 0.6000000238418579, 'resource_state': '1.96|1838.5', 'nodes': 2}), (1500325367.346824, {'compute_state': 0.6000000238418579, 'resource_state': '2|1838', 'nodes': 2}), (1500325378.339375, {'compute_state': 0.6000000238418579, 'resource_state': '2|1838.5', 'nodes': 2}), (1500325389.317617, {'compute_state': 0.6000000238418579, 'resource_state': '2|1838', 'nodes': 2}), (1500325400.334511, {'compute_state': 0.6000000238418579, 'resource_state': '2.125|1838.5', 'nodes': 2}), (1500325411.32645, {'compute_state': 0.6000000238418579, 'resource_state': '2.105|1839', 'nodes': 2}), (1500325422.283567, {'compute_state': 0.6000000238418579, 'resource_state': '2.13|1839', 'nodes': 2}), (1500325433.301136, {'compute_state': 0.6000000238418579, 'resource_state': '2.145|1839', 'nodes': 2}), (1500325444.309875, {'compute_state': 0.6000000238418579, 'resource_state': '2.125|1839', 'nodes': 2}), (1500325454.858463, {'compute_state': 0.6000000238418579, 'resource_state': '2.065|982.5', 'nodes': 2}), (1500325465.374229, {'compute_state': 0.6000000238418579, 'resource_state': '2.025|984', 'nodes': 2}), (1500325475.93088, {'compute_state': 0.6000000238418579, 'resource_state': '1.865|984', 'nodes': 2}), (1500325486.472508, {'compute_state': 0.6000000238418579, 'resource_state': '1.81|983.5', 'nodes': 2}), (1500325508.539728, {'compute_state': 0.6499999761581421, 'resource_state': '1.76|1436.5', 'nodes': 2}), (1500325519.582406, {'compute_state': 0.6499999761581421, 'resource_state': '1.795|1436.5', 'nodes': 2}), (1500325530.623245, {'compute_state': 0.6499999761581421, 'resource_state': '1.85|1437.5', 'nodes': 2}), (1500325541.630311, {'compute_state': 0.6499999761581421, 'resource_state': '1.87|1437', 'nodes': 2}), (1500325552.68611, {'compute_state': 0.6499999761581421, 'resource_state': '1.925|1437', 'nodes': 2}), (1500325563.67175, {'compute_state': 0.6499999761581421, 'resource_state': '1.94|1437', 'nodes': 2}), (1500325574.680996, {'compute_state': 0.6499999761581421, 'resource_state': '1.945|1437', 'nodes': 2}), (1500325585.695802, {'compute_state': 0.6499999761581421, 'resource_state': '2.005|1437', 'nodes': 2}), (1500325596.727415, {'compute_state': 0.6499999761581421, 'resource_state': '2.005|1437', 'nodes': 2}), (1500325607.280602, {'compute_state': 0.6499999761581421, 'resource_state': '2|781.5', 'nodes': 2}), (1500325617.87355, {'compute_state': 0.6499999761581421, 'resource_state': '1.895|783', 'nodes': 2}), (1500325628.423672, {'compute_state': 0.6499999761581421, 'resource_state': '1.755|783', 'nodes': 2}), (1500325639.072385, {'compute_state': 0.6499999761581421, 'resource_state': '1.595|95', 'nodes': 2}), (1500325661.0136, {'compute_state': 0.699999988079071, 'resource_state': '1.775|1089', 'nodes': 2}), (1500325672.0196, {'compute_state': 0.699999988079071, 'resource_state': '1.81|1089.5', 'nodes': 2}), (1500325683.078107, {'compute_state': 0.699999988079071, 'resource_state': '1.835|1089', 'nodes': 2}), (1500325694.062389, {'compute_state': 0.699999988079071, 'resource_state': '1.86|1089.5', 'nodes': 2}), (1500325705.064284, {'compute_state': 0.699999988079071, 'resource_state': '1.885|1089.5', 'nodes': 2}), (1500325715.565989, {'compute_state': 0.699999988079071, 'resource_state': '1.87|608', 'nodes': 2}), (1500325726.091906, {'compute_state': 0.699999988079071, 'resource_state': '1.7|608', 'nodes': 2}), (1500325748.049636, {'compute_state': 0.75, 'resource_state': '1.825|794.5', 'nodes': 2}), (1500325759.039563, {'compute_state': 0.75, 'resource_state': '1.89|794', 'nodes': 2}), (1500325770.033295, {'compute_state': 0.75, 'resource_state': '1.905|794', 'nodes': 2}), (1500325780.572802, {'compute_state': 0.75, 'resource_state': '1.785|461', 'nodes': 2}), (1500325802.717948, {'compute_state': 0.800000011920929, 'resource_state': '1.79|795.5', 'nodes': 2}), (1500325813.725752, {'compute_state': 0.800000011920929, 'resource_state': '1.865|795.5', 'nodes': 2}), (1500325824.797312, {'compute_state': 0.800000011920929, 'resource_state': '1.92|796', 'nodes': 2}), (1500325835.308499, {'compute_state': 0.800000011920929, 'resource_state': '1.85|461.5', 'nodes': 2}), (1500325857.336375, {'compute_state': 0.8500000238418579, 'resource_state': '1.775|795.5', 'nodes': 2}), (1500325868.367316, {'compute_state': 0.8500000238418579, 'resource_state': '1.85|795.5', 'nodes': 2}), (1500325879.335787, {'compute_state': 0.8500000238418579, 'resource_state': '1.95|795', 'nodes': 2}), (1500325889.849424, {'compute_state': 0.8500000238418579, 'resource_state': '1.915|461.5', 'nodes': 2}), (1500325900.489287, {'compute_state': 0.8500000238418579, 'resource_state': '1.8|95', 'nodes': 2}), (1500325922.51479, {'compute_state': 0.8999999761581421, 'resource_state': '1.86|794.5', 'nodes': 2}), (1500325933.483981, {'compute_state': 0.8999999761581421, 'resource_state': '1.92|794.5', 'nodes': 2}), (1500325943.982392, {'compute_state': 0.8999999761581421, 'resource_state': '1.89|460', 'nodes': 2}), (1500325954.483124, {'compute_state': 0.8999999761581421, 'resource_state': '1.795|461', 'nodes': 2}), (1500325976.471696, {'compute_state': 0.949999988079071, 'resource_state': '1.74|795', 'nodes': 2}), (1500325987.453256, {'compute_state': 0.949999988079071, 'resource_state': '1.78|794.5', 'nodes': 2}), (1500325998.465005, {'compute_state': 0.949999988079071, 'resource_state': '1.86|794.5', 'nodes': 2}), (1500326008.953236, {'compute_state': 0.949999988079071, 'resource_state': '1.84|460.5', 'nodes': 2}), (1500326019.540702, {'compute_state': 0.949999988079071, 'resource_state': '1.71|95.5', 'nodes': 2})]
1500326030.177121|SYSTEM: Waiting on Computation to finish.
1500326030.177550|SYSTEM: Good bye...
