1500307374.267322|SYSTEM: Starting Platform.
1500307374.270032|SYSTEM: Starting Computation.
1500307374.272952|SYSTEM: Waiting on Platform to finish.
1500307374.280523|PLATFORM: QoS Values ={'execution_time': 1132.0, 'efficiency': 1.35, 'cost': 2264.0, 'power_consumption': 0.0, 'accuracy': 0.0}
1500307374.280750|PLATFORM: QoS Weight ={'execution_time': 0.1, 'efficiency': 0.1, 'cost': 0.8, 'power_consumption': 0.0, 'accuracy': 0.0}
1500307374.280841|PLATFORM: QoS Factor =0.1
1500307374.280928|PLATFORM: Monitor Interval = 60
1500307374.281046|PLATFORM: Sample Interval = 10
1500307374.281137|PLATFORM: Reconfiguration Interval = 120
1500307374.282181|PLATFORM: http://200.19.177.89:33004:elasticcluster:bb5799c8-434d-439b-848e-67e08604e16b
1500307377.005043|PLATFORM: Number Of Nodes = 2
1500307379.295099|COMPUTATION: Starting Computation.
1500307379.297609|COMPUTATION: Start (MatrixSize, Iteration) = |5000|0|
1500307379.347919|COMPUTATION: ['mpirun', '-n', '4', '-machinefile', '/home/ubuntu/machinefile', '/home/ubuntu/repositorios/elastichpc/beta/trials/Matrix.py', '5000', '/home/ubuntu/teste.mtr_0']
1500307427.439398|COMPUTATION: End (MatrixSize, Iteration) = |5000|0|
1500307428.897152|COMPUTATION: Execution = Warning: Permanently added '10.10.10.10' (ECDSA) to the list of known hosts.
|None
1500307428.897723|COMPUTATION: Progress = 0.05
1500307428.897825|COMPUTATION: Start (MatrixSize, Iteration) = |5000|1|
1500307428.898788|COMPUTATION: ['mpirun', '-n', '4', '-machinefile', '/home/ubuntu/machinefile', '/home/ubuntu/repositorios/elastichpc/beta/trials/Matrix.py', '5000', '/home/ubuntu/teste.mtr_1']
1500307438.032637|PLATFORM: State = Elapsed Time : 61.0257539749; Progress : 0.0500000007451; Efficiency : 1.09|790; Nodes : 2
1500307438.032814|PLATFORM: Not Enough Information for Analysis.
1500307482.217483|COMPUTATION: End (MatrixSize, Iteration) = |5000|1|
1500307483.969440|COMPUTATION: Execution = Warning: Permanently added '10.10.10.10' (ECDSA) to the list of known hosts.
|None
1500307483.969722|COMPUTATION: Progress = 0.1
1500307483.969828|COMPUTATION: Start (MatrixSize, Iteration) = |5000|2|
1500307483.970398|COMPUTATION: ['mpirun', '-n', '4', '-machinefile', '/home/ubuntu/machinefile', '/home/ubuntu/repositorios/elastichpc/beta/trials/Matrix.py', '5000', '/home/ubuntu/teste.mtr_2']
1500307499.043473|PLATFORM: State = Elapsed Time : 122.036600113; Progress : 0.10000000149; Efficiency : 1.48|790.5; Nodes : 2
1500307499.043658|PLATFORM: (predicted_time, predicted_cost) = 610.107851474|1098.19413083
1500307499.043737|PLATFORM: QoS Sample = {'execution_time': 610.1078514738701, 'efficiency': 1.2850000000000001, 'cost': 1098.1941308347032}
1500307499.043796|PLATFORM: Contract breached = {'execution_time': 0.046103546689587445, 'cost': 0.41194553680752544}
1500307499.043836|PLATFORM: Parameter to Reconfigure: cost
1500307499.043873|PLATFORM: Scale Up = cost|1098.19413083|2264.0
1500307499.043905|PLATFORM: N Value =1
1500307499.046859|PLATFORM: RECONFIGURATION BEFORE: 2
1500307533.142871|COMPUTATION: End (MatrixSize, Iteration) = |5000|2|
1500307535.450525|COMPUTATION: Execution = Warning: Permanently added '10.10.10.10' (ECDSA) to the list of known hosts.
|None
1500307535.450791|COMPUTATION: Progress = 0.15
1500307535.450891|COMPUTATION: Start (MatrixSize, Iteration) = |5000|3|
1500307535.451493|COMPUTATION: ['mpirun', '-n', '4', '-machinefile', '/home/ubuntu/machinefile', '/home/ubuntu/repositorios/elastichpc/beta/trials/Matrix.py', '5000', '/home/ubuntu/teste.mtr_3']
1500307585.423831|COMPUTATION: End (MatrixSize, Iteration) = |5000|3|
1500307587.380875|COMPUTATION: Execution = Warning: Permanently added '10.10.10.10' (ECDSA) to the list of known hosts.
|None
1500307587.390957|COMPUTATION: Progress = 0.2
1500307587.391076|COMPUTATION: Start (MatrixSize, Iteration) = |5000|4|
1500307587.391652|COMPUTATION: ['mpirun', '-n', '4', '-machinefile', '/home/ubuntu/machinefile', '/home/ubuntu/repositorios/elastichpc/beta/trials/Matrix.py', '5000', '/home/ubuntu/teste.mtr_4']
1500307599.966750|PLATFORM: RECONFIGURATION AFTER: 3|BUILDING
1500307599.966882|PLATFORM: State = Elapsed Time : 222.9600811; Progress : 0.10000000149; Efficiency : 1.48|790.5; Nodes : 3
1500307635.365077|COMPUTATION: End (MatrixSize, Iteration) = |5000|4|
1500307637.966811|COMPUTATION: Execution = Warning: Permanently added '10.10.10.10' (ECDSA) to the list of known hosts.
|None
1500307637.967120|COMPUTATION: Progress = 0.25
1500307637.967257|COMPUTATION: Start (MatrixSize, Iteration) = |5000|5|
1500307637.967845|COMPUTATION: ['mpirun', '-n', '6', '-machinefile', '/home/ubuntu/machinefile', '/home/ubuntu/repositorios/elastichpc/beta/trials/Matrix.py', '5000', '/home/ubuntu/teste.mtr_5']
1500307661.039012|PLATFORM: State = Elapsed Time : 284.03214097; Progress : 0.25; Efficiency : 1.46|682; Nodes : 3
1500307661.039219|PLATFORM: (predicted_time, predicted_cost) = 892.025380135|2330.92512965
1500307661.039295|PLATFORM: QoS Sample = {'execution_time': 892.0253801345825, 'efficiency': 1.343333333333333, 'cost': 2330.9251296520233}
1500307661.039364|PLATFORM: Contract breached = {'execution_time': 0.02119917136620296}
1500307661.039416|PLATFORM: Parameter to Reconfigure: execution_time
1500307661.039468|PLATFORM: Scale Down = execution_time|892.025380135|1132.0
1500307661.039524|PLATFORM: N Value =-1
1500307661.039718|PLATFORM: RECONFIGURATION INTERVAL NOT DONE.
1500307661.039777|PLATFORM: State = Elapsed Time : 284.032981157; Progress : 0.25; Efficiency : 1.46|682; Nodes : 3
1500307682.489730|COMPUTATION: End (MatrixSize, Iteration) = |5000|5|
1500307684.228347|COMPUTATION: Execution = Warning: Permanently added '10.10.10.10' (ECDSA) to the list of known hosts.
Warning: Permanently added '10.10.10.19' (ECDSA) to the list of known hosts.
|None
1500307684.230130|COMPUTATION: Progress = 0.3
1500307684.230488|COMPUTATION: Start (MatrixSize, Iteration) = |5000|6|
1500307684.232392|COMPUTATION: ['mpirun', '-n', '6', '-machinefile', '/home/ubuntu/machinefile', '/home/ubuntu/repositorios/elastichpc/beta/trials/Matrix.py', '5000', '/home/ubuntu/teste.mtr_6']
1500307721.702788|PLATFORM: State = Elapsed Time : 344.695857048; Progress : 0.300000011921; Efficiency : 1.38667|321.333; Nodes : 3
1500307721.703090|PLATFORM: (predicted_time, predicted_cost) = 945.567312814|2492.7780469
1500307721.703198|PLATFORM: QoS Sample = {'execution_time': 945.5673128141041, 'efficiency': 1.3541675, 'cost': 2492.77804689797}
1500307721.703325|PLATFORM: Contract breached = {'execution_time': 0.016469318655997874, 'cost': 0.0808402992572332}
1500307721.703404|PLATFORM: Parameter to Reconfigure: cost
1500307721.703477|PLATFORM: Scale Down = cost|2492.7780469|2264.0
1500307721.703544|PLATFORM: N Value =-1
1500307721.705166|PLATFORM: RECONFIGURATION BEFORE: 3
1500307721.705488|PLATFORM: Waiting to Scale Down.
1500307721.705579|PLATFORM: State = Elapsed Time : 344.698777199; Progress : 0.300000011921; Efficiency : 1.38667|321.333; Nodes : 3
1500307727.362993|COMPUTATION: End (MatrixSize, Iteration) = |5000|6|
1500307727.477905|COMPUTATION: Execution = Warning: Permanently added '10.10.10.19' (ECDSA) to the list of known hosts.
Warning: Permanently added '10.10.10.10' (ECDSA) to the list of known hosts.
|None
1500307727.478178|COMPUTATION: Progress = 0.35
1500307727.478328|COMPUTATION: Start (MatrixSize, Iteration) = |5000|7|
1500307727.478692|COMPUTATION: Waiting to Scale Down.
1500307732.486821|COMPUTATION: Waiting to Scale Down.
1500307737.493500|COMPUTATION: Waiting to Scale Down.
1500307742.499581|COMPUTATION: Waiting to Scale Down.
1500307747.536205|COMPUTATION: Waiting to Scale Down.
1500307752.568622|COMPUTATION: Waiting to Scale Down.
1500307757.575425|COMPUTATION: Waiting to Scale Down.
1500307762.582512|COMPUTATION: Waiting to Scale Down.
1500307767.661530|COMPUTATION: Waiting to Scale Down.
1500307772.740166|COMPUTATION: Waiting to Scale Down.
1500307777.789308|COMPUTATION: Waiting to Scale Down.
1500307781.766485|PLATFORM: Ready to Scale Down.
1500307782.837067|COMPUTATION: Waiting to Scale Down.
1500307787.884619|COMPUTATION: Waiting to Scale Down.
1500307792.892216|COMPUTATION: Waiting to Scale Down.
1500307797.896660|COMPUTATION: Waiting to Scale Down.
1500307802.902465|COMPUTATION: Waiting to Scale Down.
1500307807.908524|COMPUTATION: Waiting to Scale Down.
1500307812.914335|COMPUTATION: Waiting to Scale Down.
1500307817.920120|COMPUTATION: Waiting to Scale Down.
1500307821.817162|PLATFORM: Scaled Down.
1500307824.059767|COMPUTATION: ['mpirun', '-n', '4', '-machinefile', '/home/ubuntu/machinefile', '/home/ubuntu/repositorios/elastichpc/beta/trials/Matrix.py', '5000', '/home/ubuntu/teste.mtr_7']
1500307824.060200|PLATFORM: RECONFIGURATION AFTER: 2|BUILDING
1500307824.064373|PLATFORM: State = Elapsed Time : 447.057542086; Progress : 0.300000011921; Efficiency : 1.38667|321.333; Nodes : 2
1500307869.315224|COMPUTATION: End (MatrixSize, Iteration) = |5000|7|
1500307870.938960|COMPUTATION: Execution = Warning: Permanently added '10.10.10.10' (ECDSA) to the list of known hosts.
|None
1500307870.939473|COMPUTATION: Progress = 0.4
1500307870.939750|COMPUTATION: Start (MatrixSize, Iteration) = |5000|8|
1500307870.940531|COMPUTATION: ['mpirun', '-n', '4', '-machinefile', '/home/ubuntu/machinefile', '/home/ubuntu/repositorios/elastichpc/beta/trials/Matrix.py', '5000', '/home/ubuntu/teste.mtr_8']
1500307885.080550|PLATFORM: State = Elapsed Time : 508.07367897; Progress : 0.40000000596; Efficiency : 1.26|792; Nodes : 2
1500307885.080728|PLATFORM: (predicted_time, predicted_cost) = 1117.61962119|2337.30393298
1500307885.080797|PLATFORM: QoS Sample = {'execution_time': 1117.6196211931167, 'efficiency': 1.34389, 'cost': 2337.303932976138}
1500307885.080843|PLATFORM: Contract not breached ={}
1500307885.080883|PLATFORM: State = Elapsed Time : 508.07408905; Progress : 0.40000000596; Efficiency : 1.26|792; Nodes : 2
1500307917.290216|COMPUTATION: End (MatrixSize, Iteration) = |5000|8|
1500307918.700161|COMPUTATION: Execution = Warning: Permanently added '10.10.10.10' (ECDSA) to the list of known hosts.
|None
1500307918.700787|COMPUTATION: Progress = 0.45
1500307918.701113|COMPUTATION: Start (MatrixSize, Iteration) = |5000|9|
1500307918.701955|COMPUTATION: ['mpirun', '-n', '4', '-machinefile', '/home/ubuntu/machinefile', '/home/ubuntu/repositorios/elastichpc/beta/trials/Matrix.py', '5000', '/home/ubuntu/teste.mtr_9']
1500307946.079805|PLATFORM: State = Elapsed Time : 569.072926044; Progress : 0.449999988079; Efficiency : 1.56|791; Nodes : 2
1500307946.079982|PLATFORM: (predicted_time, predicted_cost) = 1128.99360363|2360.08648999
1500307946.080053|PLATFORM: QoS Sample = {'execution_time': 1128.9936036267175, 'efficiency': 1.3747628571428572, 'cost': 2360.0864899949815}
1500307946.080100|PLATFORM: Contract not breached ={}
1500307946.080139|PLATFORM: State = Elapsed Time : 569.073345184; Progress : 0.449999988079; Efficiency : 1.56|791; Nodes : 2
1500307967.976399|COMPUTATION: End (MatrixSize, Iteration) = |5000|9|
1500307969.343243|COMPUTATION: Execution = Warning: Permanently added '10.10.10.10' (ECDSA) to the list of known hosts.
|None
1500307969.343837|COMPUTATION: Progress = 0.5
1500307969.344157|COMPUTATION: Start (MatrixSize, Iteration) = |5000|10|
1500307969.344997|COMPUTATION: ['mpirun', '-n', '4', '-machinefile', '/home/ubuntu/machinefile', '/home/ubuntu/repositorios/elastichpc/beta/trials/Matrix.py', '5000', '/home/ubuntu/teste.mtr_10']
1500308007.041694|PLATFORM: State = Elapsed Time : 630.034824133; Progress : 0.5; Efficiency : 1.805|792; Nodes : 2
1500308007.041896|PLATFORM: (predicted_time, predicted_cost) = 1138.01804209|2378.21005535
1500308007.041976|PLATFORM: QoS Sample = {'execution_time': 1138.018042087555, 'efficiency': 1.4285425, 'cost': 2378.2100553512573}
1500308007.042032|PLATFORM: Contract not breached ={}
1500308007.042073|PLATFORM: State = Elapsed Time : 630.035277128; Progress : 0.5; Efficiency : 1.805|792; Nodes : 2
1500308019.607052|COMPUTATION: End (MatrixSize, Iteration) = |5000|10|
1500308020.825765|COMPUTATION: Execution = Warning: Permanently added '10.10.10.10' (ECDSA) to the list of known hosts.
|None
1500308020.826063|COMPUTATION: Progress = 0.55
1500308020.826163|COMPUTATION: Start (MatrixSize, Iteration) = |5000|11|
1500308020.826786|COMPUTATION: ['mpirun', '-n', '4', '-machinefile', '/home/ubuntu/machinefile', '/home/ubuntu/repositorios/elastichpc/beta/trials/Matrix.py', '5000', '/home/ubuntu/teste.mtr_11']
1500308067.623107|PLATFORM: State = Elapsed Time : 690.616185188; Progress : 0.550000011921; Efficiency : 1.61|457; Nodes : 2
1500308067.623444|PLATFORM: (predicted_time, predicted_cost) = 1144.71002092|2392.35486868
1500308067.623607|PLATFORM: QoS Sample = {'execution_time': 1144.710020916895, 'efficiency': 1.4487044444444444, 'cost': 2392.354868684681}
1500308067.623708|PLATFORM: Contract not breached ={}
1500308067.623791|PLATFORM: State = Elapsed Time : 690.616986036; Progress : 0.550000011921; Efficiency : 1.61|457; Nodes : 2
1500308071.731154|COMPUTATION: End (MatrixSize, Iteration) = |5000|11|
1500308072.305217|COMPUTATION: Execution = Warning: Permanently added '10.10.10.10' (ECDSA) to the list of known hosts.
|None
1500308072.305534|COMPUTATION: Progress = 0.6
1500308072.305673|COMPUTATION: Start (MatrixSize, Iteration) = |5000|12|
1500308072.306466|COMPUTATION: ['mpirun', '-n', '4', '-machinefile', '/home/ubuntu/machinefile', '/home/ubuntu/repositorios/elastichpc/beta/trials/Matrix.py', '5000', '/home/ubuntu/teste.mtr_12']
1500308118.382434|COMPUTATION: End (MatrixSize, Iteration) = |5000|12|
1500308120.359775|COMPUTATION: Execution = Warning: Permanently added '10.10.10.10' (ECDSA) to the list of known hosts.
|None
1500308120.360309|COMPUTATION: Progress = 0.65
1500308120.360628|COMPUTATION: Start (MatrixSize, Iteration) = |5000|13|
1500308120.361340|COMPUTATION: ['mpirun', '-n', '4', '-machinefile', '/home/ubuntu/machinefile', '/home/ubuntu/repositorios/elastichpc/beta/trials/Matrix.py', '5000', '/home/ubuntu/teste.mtr_13']
1500308128.623313|PLATFORM: State = Elapsed Time : 751.616430044; Progress : 0.649999976158; Efficiency : 1.44|791; Nodes : 2
1500308128.623993|PLATFORM: (predicted_time, predicted_cost) = 1062.44791297|2226.9928828
1500308128.624065|PLATFORM: QoS Sample = {'execution_time': 1062.4479129662116, 'efficiency': 1.447834, 'cost': 2226.9928827981153}
1500308128.624112|PLATFORM: Contract not breached ={}
1500308128.624152|PLATFORM: State = Elapsed Time : 751.617357969; Progress : 0.649999976158; Efficiency : 1.44|791; Nodes : 2
1500308169.545443|COMPUTATION: End (MatrixSize, Iteration) = |5000|13|
1500308171.445793|COMPUTATION: Execution = Warning: Permanently added '10.10.10.10' (ECDSA) to the list of known hosts.
|None
1500308171.446297|COMPUTATION: Progress = 0.7
1500308171.446551|COMPUTATION: Start (MatrixSize, Iteration) = |5000|14|
1500308171.447295|COMPUTATION: ['mpirun', '-n', '4', '-machinefile', '/home/ubuntu/machinefile', '/home/ubuntu/repositorios/elastichpc/beta/trials/Matrix.py', '5000', '/home/ubuntu/teste.mtr_14']
1500308189.659926|PLATFORM: State = Elapsed Time : 812.653055191; Progress : 0.699999988079; Efficiency : 1.665|791; Nodes : 2
1500308189.660106|PLATFORM: (predicted_time, predicted_cost) = 1073.75320288|2249.53198616
1500308189.660183|PLATFORM: QoS Sample = {'execution_time': 1073.753202876929, 'efficiency': 1.4675763636363635, 'cost': 2249.531986160047}
1500308189.660274|PLATFORM: Contract not breached ={}
1500308189.660317|PLATFORM: State = Elapsed Time : 812.653522968; Progress : 0.699999988079; Efficiency : 1.665|791; Nodes : 2
1500308218.011790|COMPUTATION: End (MatrixSize, Iteration) = |5000|14|
1500308220.413808|COMPUTATION: Execution = Warning: Permanently added '10.10.10.10' (ECDSA) to the list of known hosts.
|None
1500308220.414199|COMPUTATION: Progress = 0.75
1500308220.414346|COMPUTATION: Start (MatrixSize, Iteration) = |5000|15|
1500308220.415016|COMPUTATION: ['mpirun', '-n', '4', '-machinefile', '/home/ubuntu/machinefile', '/home/ubuntu/repositorios/elastichpc/beta/trials/Matrix.py', '5000', '/home/ubuntu/teste.mtr_15']
1500308250.691708|PLATFORM: State = Elapsed Time : 873.684818029; Progress : 0.75; Efficiency : 1.685|792; Nodes : 2
1500308250.691910|PLATFORM: (predicted_time, predicted_cost) = 1083.54537614|2269.125055
1500308250.691985|PLATFORM: QoS Sample = {'execution_time': 1083.545376141866, 'efficiency': 1.4856949999999998, 'cost': 2269.1250549952188}
1500308250.692048|PLATFORM: Contract breached = {'efficiency': 0.010051481481481458}
1500308250.692098|PLATFORM: Parameter to Reconfigure: efficiency
1500308250.692137|PLATFORM: Scale Up = efficiency|1.485695|1.35
1500308250.692169|PLATFORM: N Value =1
1500308250.693127|PLATFORM: RECONFIGURATION BEFORE: 2
1500308269.145514|COMPUTATION: End (MatrixSize, Iteration) = |5000|15|
1500308270.927237|COMPUTATION: Execution = Warning: Permanently added '10.10.10.10' (ECDSA) to the list of known hosts.
|None
1500308270.927744|COMPUTATION: Progress = 0.8
1500308270.927972|COMPUTATION: Start (MatrixSize, Iteration) = |5000|16|
1500308270.928783|COMPUTATION: ['mpirun', '-n', '4', '-machinefile', '/home/ubuntu/machinefile', '/home/ubuntu/repositorios/elastichpc/beta/trials/Matrix.py', '5000', '/home/ubuntu/teste.mtr_16']
1500308321.276444|COMPUTATION: End (MatrixSize, Iteration) = |5000|16|
1500308323.197823|COMPUTATION: Execution = Warning: Permanently added '10.10.10.10' (ECDSA) to the list of known hosts.
|None
1500308323.200376|COMPUTATION: Progress = 0.85
1500308323.200705|COMPUTATION: Start (MatrixSize, Iteration) = |5000|17|
1500308323.203273|COMPUTATION: ['mpirun', '-n', '4', '-machinefile', '/home/ubuntu/machinefile', '/home/ubuntu/repositorios/elastichpc/beta/trials/Matrix.py', '5000', '/home/ubuntu/teste.mtr_17']
1500308346.190918|PLATFORM: RECONFIGURATION AFTER: 3|BUILDING
1500308346.191068|PLATFORM: State = Elapsed Time : 969.18425703; Progress : 0.75; Efficiency : 1.685|792; Nodes : 3
1500308373.362729|COMPUTATION: End (MatrixSize, Iteration) = |5000|17|
1500308375.796718|COMPUTATION: Execution = Warning: Permanently added '10.10.10.10' (ECDSA) to the list of known hosts.
|None
1500308375.805822|COMPUTATION: Progress = 0.9
1500308375.806213|COMPUTATION: Start (MatrixSize, Iteration) = |5000|18|
1500308375.807969|COMPUTATION: ['mpirun', '-n', '6', '-machinefile', '/home/ubuntu/machinefile', '/home/ubuntu/repositorios/elastichpc/beta/trials/Matrix.py', '5000', '/home/ubuntu/teste.mtr_18']
1500308407.283173|PLATFORM: State = Elapsed Time : 1030.2763021; Progress : 0.899999976158; Efficiency : 1.54333|683.667; Nodes : 3
1500308407.283381|PLATFORM: (predicted_time, predicted_cost) = 1076.94503193|2363.49742166
1500308407.283473|PLATFORM: QoS Sample = {'execution_time': 1076.9450319328582, 'efficiency': 1.4901284615384616, 'cost': 2363.4974216576447}
1500308407.283576|PLATFORM: Contract breached = {'efficiency': 0.010379886039886037}
1500308407.283617|PLATFORM: Parameter to Reconfigure: efficiency
1500308407.283655|PLATFORM: Scale Up = efficiency|1.49012846154|1.35
1500308407.283688|PLATFORM: N Value =1
1500308407.283982|PLATFORM: RECONFIGURATION INTERVAL NOT DONE.
1500308407.284047|PLATFORM: State = Elapsed Time : 1030.27725101; Progress : 0.899999976158; Efficiency : 1.54333|683.667; Nodes : 3
1500308420.877851|COMPUTATION: End (MatrixSize, Iteration) = |5000|18|
1500308422.851049|COMPUTATION: Execution = Warning: Permanently added '10.10.10.10' (ECDSA) to the list of known hosts.
Warning: Permanently added '10.10.10.20' (ECDSA) to the list of known hosts.
|None
1500308422.851578|COMPUTATION: Progress = 0.95
1500308422.851835|COMPUTATION: Start (MatrixSize, Iteration) = |5000|19|
1500308422.852644|COMPUTATION: ['mpirun', '-n', '6', '-machinefile', '/home/ubuntu/machinefile', '/home/ubuntu/repositorios/elastichpc/beta/trials/Matrix.py', '5000', '/home/ubuntu/teste.mtr_19']
1500308460.136474|COMPUTATION: End (MatrixSize, Iteration) = |5000|19|
1500308462.173988|COMPUTATION: Execution = Warning: Permanently added '10.10.10.20' (ECDSA) to the list of known hosts.
Warning: Permanently added '10.10.10.10' (ECDSA) to the list of known hosts.
|None
1500308462.174416|COMPUTATION: Progress = 1.0
1500308462.175766|COMPUTATION: Finish Computation.
1500308467.919240|PLATFORM: State = Elapsed Time : 1090.91229105; Progress : 1.0; Efficiency : 1.27667|76; Nodes : 3
1500308467.919592|PLATFORM: (predicted_time, predicted_cost) = 1029.88669014|2223.69281983
1500308467.919801|PLATFORM: QoS Sample = {'execution_time': 1029.8866901397705, 'efficiency': 1.4748814285714285, 'cost': 2223.6928198337555}
1500308467.922400|PLATFORM: Contract not breached ={}
1500308467.922538|PLATFORM: State = Elapsed Time : 1090.91572714; Progress : 1.0; Efficiency : 1.27667|76; Nodes : 3
1500308467.922651|PLATFORM: Finish Platform.
1500308467.924206|PLATFORM: Elapsed = 1029.88965702
1500308467.924497|PLATFORM: Execution Log = [(1500307438.032853, {'compute_state': 0.05000000074505806, 'resource_state': '1.09|790', 'nodes': 2}), (1500307599.966865, {'compute_state': 0.10000000149011612, 'resource_state': '1.48|790.5', 'nodes': 3}), (1500307661.039765, {'compute_state': 0.25, 'resource_state': '1.46|682', 'nodes': 3}), (1500307721.70556, {'compute_state': 0.30000001192092896, 'resource_state': '1.38667|321.333', 'nodes': 3}), (1500307824.064324, {'compute_state': 0.30000001192092896, 'resource_state': '1.38667|321.333', 'nodes': 2}), (1500307885.080873, {'compute_state': 0.4000000059604645, 'resource_state': '1.26|792', 'nodes': 2}), (1500307946.08013, {'compute_state': 0.44999998807907104, 'resource_state': '1.56|791', 'nodes': 2}), (1500308007.042062, {'compute_state': 0.5, 'resource_state': '1.805|792', 'nodes': 2}), (1500308067.62377, {'compute_state': 0.550000011920929, 'resource_state': '1.61|457', 'nodes': 2}), (1500308128.624143, {'compute_state': 0.6499999761581421, 'resource_state': '1.44|791', 'nodes': 2}), (1500308189.660307, {'compute_state': 0.699999988079071, 'resource_state': '1.665|791', 'nodes': 2}), (1500308346.191041, {'compute_state': 0.75, 'resource_state': '1.685|792', 'nodes': 3}), (1500308407.284036, {'compute_state': 0.8999999761581421, 'resource_state': '1.54333|683.667', 'nodes': 3}), (1500308467.92251, {'compute_state': 1.0, 'resource_state': '1.27667|76', 'nodes': 3})]
1500308467.929168|SYSTEM: Waiting on Computation to finish.
1500308467.929394|SYSTEM: Good bye...
