1500335792.875030|SYSTEM: Starting Platform.
1500335792.877979|SYSTEM: Starting Computation.
1500335792.882607|SYSTEM: Waiting on Platform to finish.
1500335792.889908|PLATFORM: QoS Values ={'execution_time': 1132.0, 'efficiency': 1.75, 'cost': 2264.0, 'power_consumption': 0.0, 'accuracy': 0.0}
1500335792.890151|PLATFORM: QoS Weight ={'execution_time': 0.7, 'efficiency': 0.1, 'cost': 0.2, 'power_consumption': 0.0, 'accuracy': 0.0}
1500335792.890242|PLATFORM: QoS Factor =0.1
1500335792.890328|PLATFORM: Monitor Interval = 10
1500335792.890404|PLATFORM: Sample Interval = 10
1500335792.890484|PLATFORM: Reconfiguration Interval = 120
1500335792.891491|PLATFORM: http://200.19.177.89:33004:elasticcluster:71aa7d85-5416-4700-9a54-f79ece899f83
1500335795.966569|PLATFORM: Number Of Nodes = 2
1500335797.901225|COMPUTATION: Starting Computation.
1500335797.901704|COMPUTATION: Start (MatrixSize, Iteration) = |5000|0|
1500335797.946408|COMPUTATION: ['mpirun', '-n', '4', '-machinefile', '/home/ubuntu/machinefile', '/home/ubuntu/repositorios/elastichpc/beta/trials/Matrix.py', '5000', '/home/ubuntu/teste.mtr_0']
1500335807.114805|PLATFORM: State = Elapsed Time : 11.1465849876; Progress : 0.0; Efficiency : 0.35|788.5; Nodes : 2
1500335807.114995|PLATFORM: Not Enough Information for Analysis.
1500335818.121029|PLATFORM: State = Elapsed Time : 22.152794838; Progress : 0.0; Efficiency : 0.605|788.5; Nodes : 2
1500335818.121215|PLATFORM: Not Enough Information for Analysis.
1500335829.084759|PLATFORM: State = Elapsed Time : 33.1165349483; Progress : 0.0; Efficiency : 0.91|789; Nodes : 2
1500335829.084924|PLATFORM: Not Enough Information for Analysis.
1500335839.885846|PLATFORM: State = Elapsed Time : 43.9176309109; Progress : 0.0; Efficiency : 1.075|718.5; Nodes : 2
1500335839.885998|PLATFORM: Not Enough Information for Analysis.
1500335850.528649|PLATFORM: State = Elapsed Time : 54.5603530407; Progress : 0.0; Efficiency : 0.985|455; Nodes : 2
1500335850.625603|PLATFORM: Not Enough Information for Analysis.
1500335851.530186|COMPUTATION: End (MatrixSize, Iteration) = |5000|0|
1500335853.549479|COMPUTATION: Execution = Warning: Permanently added '10.10.10.4' (ECDSA) to the list of known hosts.
|None
1500335853.549917|COMPUTATION: Progress = 0.05
1500335853.550090|COMPUTATION: Start (MatrixSize, Iteration) = |5000|1|
1500335853.550705|COMPUTATION: ['mpirun', '-n', '4', '-machinefile', '/home/ubuntu/machinefile', '/home/ubuntu/repositorios/elastichpc/beta/trials/Matrix.py', '5000', '/home/ubuntu/teste.mtr_1']
1500335861.568656|PLATFORM: State = Elapsed Time : 65.6004209518; Progress : 0.0500000007451; Efficiency : 1.03|789; Nodes : 2
1500335861.568837|PLATFORM: (predicted_time, predicted_cost) = 1089.07558726|2156.2649984
1500335861.568919|PLATFORM: QoS Sample = {'execution_time': 1089.0755872566165, 'efficiency': 0.8258333333333333, 'cost': 2156.264998403919}
1500335861.568978|PLATFORM: Contract breached = {'efficiency': 0.052809523809523806}
1500335861.569043|PLATFORM: Parameter to Reconfigure: efficiency
1500335861.569089|PLATFORM: Scale Down = efficiency|0.825833333333|1.75
1500335861.569129|PLATFORM: N Value =-1
1500335861.569837|PLATFORM: RECONFIGURATION INTERVAL NOT DONE.
1500335861.569907|PLATFORM: State = Elapsed Time : 65.6017639637; Progress : 0.0500000007451; Efficiency : 1.03|789; Nodes : 2
1500335872.592474|PLATFORM: State = Elapsed Time : 76.6242568493; Progress : 0.0500000007451; Efficiency : 1.245|790; Nodes : 2
1500335872.592662|PLATFORM: Not Enough Information for Analysis.
1500335883.570799|PLATFORM: State = Elapsed Time : 87.6025769711; Progress : 0.0500000007451; Efficiency : 1.36|790; Nodes : 2
1500335883.570962|PLATFORM: Not Enough Information for Analysis.
1500335894.465916|PLATFORM: State = Elapsed Time : 98.4975919724; Progress : 0.0500000007451; Efficiency : 1.485|710.5; Nodes : 2
1500335894.466180|PLATFORM: Not Enough Information for Analysis.
1500335905.031216|PLATFORM: State = Elapsed Time : 109.062988997; Progress : 0.0500000007451; Efficiency : 1.375|456.5; Nodes : 2
1500335905.031420|PLATFORM: Not Enough Information for Analysis.
1500335905.361533|COMPUTATION: End (MatrixSize, Iteration) = |5000|1|
1500335907.427493|COMPUTATION: Execution = Warning: Permanently added '10.10.10.4' (ECDSA) to the list of known hosts.
|None
1500335907.427870|COMPUTATION: Progress = 0.1
1500335907.428039|COMPUTATION: Start (MatrixSize, Iteration) = |5000|2|
1500335907.428661|COMPUTATION: ['mpirun', '-n', '4', '-machinefile', '/home/ubuntu/machinefile', '/home/ubuntu/repositorios/elastichpc/beta/trials/Matrix.py', '5000', '/home/ubuntu/teste.mtr_2']
1500335916.000693|PLATFORM: State = Elapsed Time : 120.032475948; Progress : 0.10000000149; Efficiency : 1.435|790; Nodes : 2
1500335916.000878|PLATFORM: (predicted_time, predicted_cost) = 1088.85817574|2155.7775912
1500335916.000952|PLATFORM: QoS Sample = {'execution_time': 1088.8581757417594, 'efficiency': 1.0777272727272726, 'cost': 2155.7775912029097}
1500335916.001003|PLATFORM: Contract breached = {'efficiency': 0.038415584415584424}
1500335916.001038|PLATFORM: Parameter to Reconfigure: efficiency
1500335916.001074|PLATFORM: Scale Down = efficiency|1.07772727273|1.75
1500335916.001105|PLATFORM: N Value =-1
1500335916.001338|PLATFORM: RECONFIGURATION BEFORE: 2
1500335916.001403|PLATFORM: Contract down limit reached. Skipping Scale Down.
1500335927.004355|PLATFORM: State = Elapsed Time : 131.036137819; Progress : 0.10000000149; Efficiency : 1.52|790.5; Nodes : 2
1500335927.004545|PLATFORM: Not Enough Information for Analysis.
1500335938.000339|PLATFORM: State = Elapsed Time : 142.032121897; Progress : 0.10000000149; Efficiency : 1.68|790.5; Nodes : 2
1500335938.000529|PLATFORM: Not Enough Information for Analysis.
1500335948.523040|PLATFORM: State = Elapsed Time : 152.554828882; Progress : 0.10000000149; Efficiency : 1.725|456.5; Nodes : 2
1500335948.523188|PLATFORM: Not Enough Information for Analysis.
1500335959.107907|PLATFORM: State = Elapsed Time : 163.139618874; Progress : 0.10000000149; Efficiency : 1.52|457; Nodes : 2
1500335959.244942|PLATFORM: Not Enough Information for Analysis.
1500335959.797275|COMPUTATION: End (MatrixSize, Iteration) = |5000|2|
1500335962.215803|COMPUTATION: Execution = Warning: Permanently added '10.10.10.4' (ECDSA) to the list of known hosts.
|None
1500335962.216121|COMPUTATION: Progress = 0.15
1500335962.216232|COMPUTATION: Start (MatrixSize, Iteration) = |5000|3|
1500335962.216927|COMPUTATION: ['mpirun', '-n', '4', '-machinefile', '/home/ubuntu/machinefile', '/home/ubuntu/repositorios/elastichpc/beta/trials/Matrix.py', '5000', '/home/ubuntu/teste.mtr_3']
1500335970.207261|PLATFORM: State = Elapsed Time : 174.239042997; Progress : 0.15000000596; Efficiency : 1.52|790.5; Nodes : 2
1500335970.207447|PLATFORM: (predicted_time, predicted_cost) = 1087.28253018|2152.64037869
1500335970.207537|PLATFORM: QoS Sample = {'execution_time': 1087.2825301773337, 'efficiency': 1.2256666666666665, 'cost': 2152.640378691154}
1500335970.207773|PLATFORM: Contract breached = {'efficiency': 0.029961904761904773}
1500335970.207820|PLATFORM: Parameter to Reconfigure: efficiency
1500335970.207863|PLATFORM: Scale Down = efficiency|1.22566666667|1.75
1500335970.207899|PLATFORM: N Value =-1
1500335970.208094|PLATFORM: RECONFIGURATION BEFORE: 2
1500335970.208162|PLATFORM: Contract down limit reached. Skipping Scale Down.
1500335981.148120|PLATFORM: State = Elapsed Time : 185.179906845; Progress : 0.15000000596; Efficiency : 1.59|791; Nodes : 2
1500335981.148272|PLATFORM: Not Enough Information for Analysis.
1500335992.112018|PLATFORM: State = Elapsed Time : 196.143798828; Progress : 0.15000000596; Efficiency : 1.705|790.5; Nodes : 2
1500335992.112185|PLATFORM: Not Enough Information for Analysis.
1500336003.088109|PLATFORM: State = Elapsed Time : 207.119869947; Progress : 0.15000000596; Efficiency : 1.75|700; Nodes : 2
1500336003.088302|PLATFORM: Not Enough Information for Analysis.
1500336013.603332|PLATFORM: State = Elapsed Time : 217.635082006; Progress : 0.15000000596; Efficiency : 1.6|457; Nodes : 2
1500336013.753095|PLATFORM: Not Enough Information for Analysis.
1500336016.001683|COMPUTATION: End (MatrixSize, Iteration) = |5000|3|
1500336017.205552|COMPUTATION: Execution = Warning: Permanently added '10.10.10.4' (ECDSA) to the list of known hosts.
|None
1500336017.213208|COMPUTATION: Progress = 0.2
1500336017.213382|COMPUTATION: Start (MatrixSize, Iteration) = |5000|4|
1500336017.214272|COMPUTATION: ['mpirun', '-n', '4', '-machinefile', '/home/ubuntu/machinefile', '/home/ubuntu/repositorios/elastichpc/beta/trials/Matrix.py', '5000', '/home/ubuntu/teste.mtr_4']
1500336024.730167|PLATFORM: State = Elapsed Time : 228.761901855; Progress : 0.20000000298; Efficiency : 1.61|790; Nodes : 2
1500336024.730389|PLATFORM: (predicted_time, predicted_cost) = 1088.07660866|2154.19898176
1500336024.730473|PLATFORM: QoS Sample = {'execution_time': 1088.0766086566953, 'efficiency': 1.3221052631578947, 'cost': 2154.198981759649}
1500336024.730528|PLATFORM: Contract breached = {'efficiency': 0.024451127819548876}
1500336024.730563|PLATFORM: Parameter to Reconfigure: efficiency
1500336024.730599|PLATFORM: Scale Down = efficiency|1.32210526316|1.75
1500336024.730631|PLATFORM: N Value =-1
1500336024.732255|PLATFORM: RECONFIGURATION BEFORE: 2
1500336024.732371|PLATFORM: Contract down limit reached. Skipping Scale Down.
1500336035.755337|PLATFORM: State = Elapsed Time : 239.784623861; Progress : 0.20000000298; Efficiency : 1.675|789.5; Nodes : 2
1500336035.756091|PLATFORM: Not Enough Information for Analysis.
1500336046.825607|PLATFORM: State = Elapsed Time : 250.857377052; Progress : 0.20000000298; Efficiency : 1.72|789.5; Nodes : 2
1500336046.825774|PLATFORM: Not Enough Information for Analysis.
1500336057.854133|PLATFORM: State = Elapsed Time : 261.885900974; Progress : 0.20000000298; Efficiency : 1.855|789.5; Nodes : 2
1500336057.854326|PLATFORM: Not Enough Information for Analysis.
1500336068.444709|PLATFORM: State = Elapsed Time : 272.476405859; Progress : 0.20000000298; Efficiency : 1.8|456; Nodes : 2
1500336068.708942|PLATFORM: Not Enough Information for Analysis.
1500336073.531532|COMPUTATION: End (MatrixSize, Iteration) = |5000|4|
1500336073.791076|COMPUTATION: Execution = Warning: Permanently added '10.10.10.4' (ECDSA) to the list of known hosts.
|None
1500336073.791464|COMPUTATION: Progress = 0.25
1500336073.791638|COMPUTATION: Start (MatrixSize, Iteration) = |6000|5|
1500336073.792349|COMPUTATION: ['mpirun', '-n', '4', '-machinefile', '/home/ubuntu/machinefile', '/home/ubuntu/repositorios/elastichpc/beta/trials/Matrix.py', '6000', '/home/ubuntu/teste.mtr_5']
1500336079.657532|PLATFORM: State = Elapsed Time : 283.68928504; Progress : 0.25; Efficiency : 1.78|1083; Nodes : 2
1500336079.657729|PLATFORM: (predicted_time, predicted_cost) = 1090.17065239|2158.44407082
1500336079.657823|PLATFORM: QoS Sample = {'execution_time': 1090.1706523895264, 'efficiency': 1.4060869565217393, 'cost': 2158.44407081604}
1500336079.657905|PLATFORM: Contract breached = {'efficiency': 0.01965217391304347}
1500336079.657957|PLATFORM: Parameter to Reconfigure: efficiency
1500336079.657997|PLATFORM: Scale Down = efficiency|1.40608695652|1.75
1500336079.658031|PLATFORM: N Value =-1
1500336079.658292|PLATFORM: RECONFIGURATION BEFORE: 2
1500336079.658366|PLATFORM: Contract down limit reached. Skipping Scale Down.
1500336090.646976|PLATFORM: State = Elapsed Time : 294.678719997; Progress : 0.25; Efficiency : 1.81|1084; Nodes : 2
1500336090.647187|PLATFORM: Not Enough Information for Analysis.
1500336101.567608|PLATFORM: State = Elapsed Time : 305.599375963; Progress : 0.25; Efficiency : 1.84|1084; Nodes : 2
1500336101.567755|PLATFORM: Not Enough Information for Analysis.
1500336112.521712|PLATFORM: State = Elapsed Time : 316.553480864; Progress : 0.25; Efficiency : 2.02|1084.5; Nodes : 2
1500336112.521877|PLATFORM: Not Enough Information for Analysis.
1500336123.519810|PLATFORM: State = Elapsed Time : 327.551590919; Progress : 0.25; Efficiency : 2.055|1084.5; Nodes : 2
1500336123.519988|PLATFORM: Not Enough Information for Analysis.
1500336134.467513|PLATFORM: State = Elapsed Time : 338.499274015; Progress : 0.25; Efficiency : 2.095|1084.5; Nodes : 2
1500336134.467693|PLATFORM: Not Enough Information for Analysis.
1500336145.011377|PLATFORM: State = Elapsed Time : 349.043154001; Progress : 0.25; Efficiency : 2|603.5; Nodes : 2
1500336145.011554|PLATFORM: Not Enough Information for Analysis.
1500336155.605358|PLATFORM: State = Elapsed Time : 359.637132883; Progress : 0.25; Efficiency : 1.77|603.5; Nodes : 2
1500336155.606719|PLATFORM: Not Enough Information for Analysis.
1500336161.067371|COMPUTATION: End (MatrixSize, Iteration) = |6000|5|
1500336161.220795|COMPUTATION: Execution = Warning: Permanently added '10.10.10.4' (ECDSA) to the list of known hosts.
|None
1500336161.221031|COMPUTATION: Progress = 0.3
1500336161.221136|COMPUTATION: Start (MatrixSize, Iteration) = |7000|6|
1500336161.221568|COMPUTATION: ['mpirun', '-n', '4', '-machinefile', '/home/ubuntu/machinefile', '/home/ubuntu/repositorios/elastichpc/beta/trials/Matrix.py', '7000', '/home/ubuntu/teste.mtr_6']
1500336166.562930|PLATFORM: State = Elapsed Time : 370.59470892; Progress : 0.300000011921; Efficiency : 1.73|1245; Nodes : 2
1500336166.563145|PLATFORM: (predicted_time, predicted_cost) = 1198.16019622|2374.40771849
1500336166.563253|PLATFORM: QoS Sample = {'execution_time': 1198.1601962184827, 'efficiency': 1.5293333333333337, 'cost': 2374.40771848677}
1500336166.563314|PLATFORM: Contract breached = {'efficiency': 0.012609523809523791}
1500336166.563356|PLATFORM: Parameter to Reconfigure: efficiency
1500336166.563397|PLATFORM: Scale Down = efficiency|1.52933333333|1.75
1500336166.563434|PLATFORM: N Value =-1
1500336166.563685|PLATFORM: RECONFIGURATION BEFORE: 2
1500336166.563737|PLATFORM: Contract down limit reached. Skipping Scale Down.
1500336177.483453|PLATFORM: State = Elapsed Time : 381.51523304; Progress : 0.300000011921; Efficiency : 1.895|1433; Nodes : 2
1500336177.483616|PLATFORM: Not Enough Information for Analysis.
1500336188.456638|PLATFORM: State = Elapsed Time : 392.488385916; Progress : 0.300000011921; Efficiency : 1.905|1433; Nodes : 2
1500336188.456822|PLATFORM: Not Enough Information for Analysis.
1500336199.421222|PLATFORM: State = Elapsed Time : 403.453004837; Progress : 0.300000011921; Efficiency : 1.975|1432.5; Nodes : 2
1500336199.421401|PLATFORM: Not Enough Information for Analysis.
1500336210.387159|PLATFORM: State = Elapsed Time : 414.418930054; Progress : 0.300000011921; Efficiency : 1.98|1433; Nodes : 2
1500336210.387316|PLATFORM: Not Enough Information for Analysis.
1500336221.375369|PLATFORM: State = Elapsed Time : 425.407135963; Progress : 0.300000011921; Efficiency : 1.985|1433; Nodes : 2
1500336221.375535|PLATFORM: Not Enough Information for Analysis.
1500336232.343384|PLATFORM: State = Elapsed Time : 436.37516284; Progress : 0.300000011921; Efficiency : 2.02|1432.5; Nodes : 2
1500336232.343558|PLATFORM: Not Enough Information for Analysis.
1500336243.367524|PLATFORM: State = Elapsed Time : 447.399303913; Progress : 0.300000011921; Efficiency : 2.02|1433; Nodes : 2
1500336243.367691|PLATFORM: Not Enough Information for Analysis.
1500336254.311184|PLATFORM: State = Elapsed Time : 458.342926025; Progress : 0.300000011921; Efficiency : 2.02|1433.5; Nodes : 2
1500336254.311345|PLATFORM: Not Enough Information for Analysis.
1500336265.259166|PLATFORM: State = Elapsed Time : 469.290943861; Progress : 0.300000011921; Efficiency : 2.015|1433.5; Nodes : 2
1500336265.259347|PLATFORM: Not Enough Information for Analysis.
1500336275.877051|PLATFORM: State = Elapsed Time : 479.908766031; Progress : 0.300000011921; Efficiency : 1.86|778.5; Nodes : 2
1500336275.935457|PLATFORM: Not Enough Information for Analysis.
1500336286.576659|PLATFORM: State = Elapsed Time : 490.608379841; Progress : 0.300000011921; Efficiency : 1.73|779; Nodes : 2
1500336287.091539|PLATFORM: Not Enough Information for Analysis.
1500336295.409031|COMPUTATION: End (MatrixSize, Iteration) = |7000|6|
1500336297.058633|COMPUTATION: Execution = Warning: Permanently added '10.10.10.4' (ECDSA) to the list of known hosts.
|None
1500336297.058931|COMPUTATION: Progress = 0.35
1500336297.059086|COMPUTATION: Start (MatrixSize, Iteration) = |8000|7|
1500336297.059829|COMPUTATION: ['mpirun', '-n', '4', '-machinefile', '/home/ubuntu/machinefile', '/home/ubuntu/repositorios/elastichpc/beta/trials/Matrix.py', '8000', '/home/ubuntu/teste.mtr_7']
1500336297.891422|PLATFORM: State = Elapsed Time : 501.923185825; Progress : 0.34999999404; Efficiency : 1.575|93; Nodes : 2
1500336297.891666|PLATFORM: (predicted_time, predicted_cost) = 1402.21883573|2782.83779554
1500336297.891779|PLATFORM: QoS Sample = {'execution_time': 1402.218835732236, 'efficiency': 1.637317073170732, 'cost': 2782.8377955375004}
1500336297.891851|PLATFORM: Contract breached = {'execution_time': 0.16709645319131194, 'cost': 0.045833727520980604}
1500336297.891900|PLATFORM: Parameter to Reconfigure: execution_time
1500336297.891957|PLATFORM: Scale Up = execution_time|1402.21883573|1132.0
1500336297.892005|PLATFORM: N Value =1
1500336297.892343|PLATFORM: RECONFIGURATION BEFORE: 2
1500336398.165554|PLATFORM: RECONFIGURATION AFTER: 3|BUILDING
1500336398.165699|PLATFORM: State = Elapsed Time : 602.197551966; Progress : 0.34999999404; Efficiency : 1.575|93; Nodes : 3
1500336409.240874|PLATFORM: State = Elapsed Time : 613.272652864; Progress : 0.34999999404; Efficiency : 1.39333|1238.33; Nodes : 3
1500336409.241044|PLATFORM: Not Enough Information for Analysis.
1500336420.221546|PLATFORM: State = Elapsed Time : 624.253285885; Progress : 0.34999999404; Efficiency : 1.41|1238.67; Nodes : 3
1500336420.221703|PLATFORM: Not Enough Information for Analysis.
1500336431.203780|PLATFORM: State = Elapsed Time : 635.235561848; Progress : 0.34999999404; Efficiency : 1.4|1237.67; Nodes : 3
1500336431.203939|PLATFORM: Not Enough Information for Analysis.
1500336442.243529|PLATFORM: State = Elapsed Time : 646.275279045; Progress : 0.34999999404; Efficiency : 1.38667|1238.33; Nodes : 3
1500336442.243718|PLATFORM: Not Enough Information for Analysis.
1500336453.235370|PLATFORM: State = Elapsed Time : 657.267140865; Progress : 0.34999999404; Efficiency : 1.47667|1238.33; Nodes : 3
1500336453.235565|PLATFORM: Not Enough Information for Analysis.
1500336463.798405|PLATFORM: State = Elapsed Time : 667.830171824; Progress : 0.34999999404; Efficiency : 1.40333|667.667; Nodes : 3
1500336464.194598|PLATFORM: Not Enough Information for Analysis.
1500336474.792920|PLATFORM: State = Elapsed Time : 678.824656963; Progress : 0.34999999404; Efficiency : 1.24333|668; Nodes : 3
1500336474.793168|PLATFORM: Not Enough Information for Analysis.
1500336485.362664|PLATFORM: State = Elapsed Time : 689.394438982; Progress : 0.34999999404; Efficiency : 1.28|668.333; Nodes : 3
1500336485.362839|PLATFORM: Not Enough Information for Analysis.
1500336493.292218|COMPUTATION: End (MatrixSize, Iteration) = |8000|7|
1500336494.606044|COMPUTATION: Execution = Warning: Permanently added '10.10.10.4' (ECDSA) to the list of known hosts.
|None
1500336494.606321|COMPUTATION: Progress = 0.4
1500336494.606440|COMPUTATION: Start (MatrixSize, Iteration) = |9000|8|
1500336494.606988|COMPUTATION: ['mpirun', '-n', '6', '-machinefile', '/home/ubuntu/machinefile', '/home/ubuntu/repositorios/elastichpc/beta/trials/Matrix.py', '9000', '/home/ubuntu/teste.mtr_8']
1500336496.151461|PLATFORM: State = Elapsed Time : 700.18321085; Progress : 0.40000000596; Efficiency : 1.21667|97.3333; Nodes : 3
1500336496.151719|PLATFORM: (predicted_time, predicted_cost) = 1722.59154197|4544.35763896
1500336496.151846|PLATFORM: QoS Sample = {'execution_time': 1722.591541966922, 'efficiency': 1.5868, 'cost': 4544.357638958475}
1500336496.151919|PLATFORM: Contract breached = {'execution_time': 0.3652067839018069, 'cost': 0.20144502110940593}
1500336496.151970|PLATFORM: Parameter to Reconfigure: execution_time
1500336496.152019|PLATFORM: Scale Up = execution_time|1722.59154197|1132.0
1500336496.152062|PLATFORM: N Value =1
1500336496.152300|PLATFORM: RECONFIGURATION INTERVAL NOT DONE.
1500336496.152380|PLATFORM: State = Elapsed Time : 700.184234858; Progress : 0.40000000596; Efficiency : 1.21667|97.3333; Nodes : 3
1500336507.114791|PLATFORM: State = Elapsed Time : 711.146569967; Progress : 0.40000000596; Efficiency : 1.31|1759; Nodes : 3
1500336507.114970|PLATFORM: Not Enough Information for Analysis.
1500336518.100551|PLATFORM: State = Elapsed Time : 722.132324934; Progress : 0.40000000596; Efficiency : 1.5|1965.67; Nodes : 3
1500336518.100739|PLATFORM: Not Enough Information for Analysis.
1500336529.105536|PLATFORM: State = Elapsed Time : 733.137291908; Progress : 0.40000000596; Efficiency : 1.59667|1965.33; Nodes : 3
1500336529.105709|PLATFORM: Not Enough Information for Analysis.
1500336540.093029|PLATFORM: State = Elapsed Time : 744.124806881; Progress : 0.40000000596; Efficiency : 1.67333|1965.33; Nodes : 3
1500336540.093199|PLATFORM: Not Enough Information for Analysis.
1500336551.108985|PLATFORM: State = Elapsed Time : 755.140759945; Progress : 0.40000000596; Efficiency : 1.72667|1965; Nodes : 3
1500336551.109154|PLATFORM: Not Enough Information for Analysis.
1500336562.105548|PLATFORM: State = Elapsed Time : 766.137287855; Progress : 0.40000000596; Efficiency : 1.79|1965; Nodes : 3
1500336562.105722|PLATFORM: Not Enough Information for Analysis.
1500336573.136757|PLATFORM: State = Elapsed Time : 777.168504; Progress : 0.40000000596; Efficiency : 1.86333|1965; Nodes : 3
1500336573.136997|PLATFORM: Not Enough Information for Analysis.
1500336584.155343|PLATFORM: State = Elapsed Time : 788.187111855; Progress : 0.40000000596; Efficiency : 1.91333|1965.33; Nodes : 3
1500336584.155537|PLATFORM: Not Enough Information for Analysis.
1500336595.179498|PLATFORM: State = Elapsed Time : 799.211272001; Progress : 0.40000000596; Efficiency : 1.92333|1965; Nodes : 3
1500336595.179695|PLATFORM: Not Enough Information for Analysis.
1500336606.216542|PLATFORM: State = Elapsed Time : 810.248319864; Progress : 0.40000000596; Efficiency : 1.93667|1965.33; Nodes : 3
1500336606.216716|PLATFORM: Not Enough Information for Analysis.
1500336617.236801|PLATFORM: State = Elapsed Time : 821.26857996; Progress : 0.40000000596; Efficiency : 1.94667|1965.67; Nodes : 3
1500336617.236973|PLATFORM: Not Enough Information for Analysis.
1500336628.263516|PLATFORM: State = Elapsed Time : 832.295272827; Progress : 0.40000000596; Efficiency : 2.01|1966.67; Nodes : 3
1500336628.263689|PLATFORM: Not Enough Information for Analysis.
1500336639.273382|PLATFORM: State = Elapsed Time : 843.305140972; Progress : 0.40000000596; Efficiency : 2.04|1966; Nodes : 3
1500336639.273613|PLATFORM: Not Enough Information for Analysis.
1500336650.263685|PLATFORM: State = Elapsed Time : 854.295459986; Progress : 0.40000000596; Efficiency : 2.03|1966.67; Nodes : 3
1500336650.263859|PLATFORM: Not Enough Information for Analysis.
1500336661.303590|PLATFORM: State = Elapsed Time : 865.33535099; Progress : 0.40000000596; Efficiency : 2.02333|2036.33; Nodes : 3
1500336661.303787|PLATFORM: Not Enough Information for Analysis.
1500336671.885202|PLATFORM: State = Elapsed Time : 875.916970968; Progress : 0.40000000596; Efficiency : 1.76667|797; Nodes : 3
1500336671.885401|PLATFORM: Not Enough Information for Analysis.
1500336682.446004|PLATFORM: State = Elapsed Time : 886.477774858; Progress : 0.40000000596; Efficiency : 1.59667|797.667; Nodes : 3
1500336682.446182|PLATFORM: Not Enough Information for Analysis.
1500336704.104847|COMPUTATION: End (MatrixSize, Iteration) = |9000|8|
1500336704.775795|COMPUTATION: Execution = Warning: Permanently added '10.10.10.8' (ECDSA) to the list of known hosts.
Warning: Permanently added '10.10.10.4' (ECDSA) to the list of known hosts.
|None
1500336704.776391|COMPUTATION: Progress = 0.45
1500336704.776725|COMPUTATION: Start (MatrixSize, Iteration) = |10000|9|
1500336704.777578|COMPUTATION: ['mpirun', '-n', '6', '-machinefile', '/home/ubuntu/machinefile', '/home/ubuntu/repositorios/elastichpc/beta/trials/Matrix.py', '10000', '/home/ubuntu/teste.mtr_9']
1500336705.328901|PLATFORM: State = Elapsed Time : 909.360585928; Progress : 0.40000000596; Efficiency : 1.40333|97.6667; Nodes : 3
1500336705.329260|PLATFORM: Not Enough Information for Analysis.
1500336716.319133|PLATFORM: State = Elapsed Time : 920.350896835; Progress : 0.449999988079; Efficiency : 1.44333|2145; Nodes : 3
1500336716.319424|PLATFORM: (predicted_time, predicted_cost) = 2020.45410687|5437.34172149
1500336716.319562|PLATFORM: QoS Sample = {'execution_time': 2020.4541068727203, 'efficiency': 1.635265652173913, 'cost': 5437.341721491345}
1500336716.319645|PLATFORM: Contract breached = {'execution_time': 0.5493974159106928, 'cost': 0.2803305407677867}
1500336716.319704|PLATFORM: Parameter to Reconfigure: execution_time
1500336716.319753|PLATFORM: Scale Up = execution_time|2020.45410687|1132.0
1500336716.319793|PLATFORM: N Value =1
1500336716.320654|PLATFORM: RECONFIGURATION BEFORE: 3
1500336807.645786|PLATFORM: RECONFIGURATION AFTER: 4|BUILDING
1500336807.645944|PLATFORM: State = Elapsed Time : 1011.67779684; Progress : 0.449999988079; Efficiency : 1.44333|2145; Nodes : 4
1500336818.749081|PLATFORM: State = Elapsed Time : 1022.78084493; Progress : 0.449999988079; Efficiency : 1.6525|1811.5; Nodes : 4
1500336818.749282|PLATFORM: Not Enough Information for Analysis.
1500336829.781500|PLATFORM: State = Elapsed Time : 1033.81324983; Progress : 0.449999988079; Efficiency : 1.6525|1811.5; Nodes : 4
1500336829.781682|PLATFORM: Not Enough Information for Analysis.
1500336840.861477|PLATFORM: State = Elapsed Time : 1044.89322591; Progress : 0.449999988079; Efficiency : 1.63|1812; Nodes : 4
1500336840.861667|PLATFORM: Not Enough Information for Analysis.
1500336851.891819|PLATFORM: State = Elapsed Time : 1055.92358494; Progress : 0.449999988079; Efficiency : 1.61|1812.25; Nodes : 4
1500336851.892005|PLATFORM: Not Enough Information for Analysis.
1500336862.915815|PLATFORM: State = Elapsed Time : 1066.94756889; Progress : 0.449999988079; Efficiency : 1.61|1811.5; Nodes : 4
1500336862.915995|PLATFORM: Not Enough Information for Analysis.
1500336873.972966|PLATFORM: State = Elapsed Time : 1078.00474191; Progress : 0.449999988079; Efficiency : 1.59|1812.25; Nodes : 4
1500336873.973148|PLATFORM: Not Enough Information for Analysis.
1500336885.021108|PLATFORM: State = Elapsed Time : 1089.05286098; Progress : 0.449999988079; Efficiency : 1.5925|1811.75; Nodes : 4
1500336885.021285|PLATFORM: Not Enough Information for Analysis.
1500336896.046881|PLATFORM: State = Elapsed Time : 1100.078655; Progress : 0.449999988079; Efficiency : 1.58|1812.25; Nodes : 4
1500336896.047062|PLATFORM: Not Enough Information for Analysis.
1500336907.097374|PLATFORM: State = Elapsed Time : 1111.12912393; Progress : 0.449999988079; Efficiency : 1.5675|1811.75; Nodes : 4
1500336907.097637|PLATFORM: Not Enough Information for Analysis.
1500336918.131322|PLATFORM: State = Elapsed Time : 1122.16307998; Progress : 0.449999988079; Efficiency : 1.6325|1811.5; Nodes : 4
1500336918.131503|PLATFORM: Not Enough Information for Analysis.
1500336929.133373|PLATFORM: State = Elapsed Time : 1133.16479397; Progress : 0.449999988079; Efficiency : 1.61|1811.75; Nodes : 4
1500336929.133561|PLATFORM: Not Enough Information for Analysis.
1500336939.820266|PLATFORM: State = Elapsed Time : 1143.85201883; Progress : 0.449999988079; Efficiency : 1.4775|729.75; Nodes : 4
1500336939.820482|PLATFORM: Not Enough Information for Analysis.
1500336950.419661|PLATFORM: State = Elapsed Time : 1154.4514029; Progress : 0.449999988079; Efficiency : 1.305|730.5; Nodes : 4
1500336950.419925|PLATFORM: Not Enough Information for Analysis.
1500336964.459364|PLATFORM: State = Elapsed Time : 1168.49113798; Progress : 0.449999988079; Efficiency : 1.1325|730.25; Nodes : 4
1500336964.459544|PLATFORM: Not Enough Information for Analysis.
1500336975.267828|PLATFORM: State = Elapsed Time : 1179.29956198; Progress : 0.449999988079; Efficiency : 0.995|730.5; Nodes : 4
1500336975.268080|PLATFORM: Not Enough Information for Analysis.
1500336987.251819|COMPUTATION: End (MatrixSize, Iteration) = |10000|9|
1500336988.373702|COMPUTATION: Execution = Warning: Permanently added '10.10.10.8' (ECDSA) to the list of known hosts.
Warning: Permanently added '10.10.10.4' (ECDSA) to the list of known hosts.
|None
1500336988.374059|COMPUTATION: Progress = 0.5
1500336988.374251|COMPUTATION: Start (MatrixSize, Iteration) = |10000|10|
1500336988.374930|COMPUTATION: ['mpirun', '-n', '8', '-machinefile', '/home/ubuntu/machinefile', '/home/ubuntu/repositorios/elastichpc/beta/trials/Matrix.py', '10000', '/home/ubuntu/teste.mtr_10']
1500336989.220968|PLATFORM: State = Elapsed Time : 1193.2526989; Progress : 0.449999988079; Efficiency : 0.87|70.25; Nodes : 4
1500336989.221246|PLATFORM: Not Enough Information for Analysis.
1500337000.232400|PLATFORM: State = Elapsed Time : 1204.26417589; Progress : 0.5; Efficiency : 1.045|2011.75; Nodes : 4
1500337000.232635|PLATFORM: (predicted_time, predicted_cost) = 2386.23507023|7909.31371999
1500337000.232761|PLATFORM: QoS Sample = {'execution_time': 2386.2350702285767, 'efficiency': 1.5975096511627906, 'cost': 7909.313719987869}
1500337000.232821|PLATFORM: Contract breached = {'execution_time': 0.7755870575618407, 'cost': 0.4987026254406245}
1500337000.232862|PLATFORM: Parameter to Reconfigure: execution_time
1500337000.232902|PLATFORM: Scale Up = execution_time|2386.23507023|1132.0
1500337000.232938|PLATFORM: N Value =1
1500337000.233143|PLATFORM: RECONFIGURATION BEFORE: 4
1500337093.319497|PLATFORM: RECONFIGURATION AFTER: 5|BUILDING
1500337093.321836|PLATFORM: State = Elapsed Time : 1297.35366082; Progress : 0.5; Efficiency : 1.045|2011.75; Nodes : 5
1500337104.498504|PLATFORM: State = Elapsed Time : 1308.53025794; Progress : 0.5; Efficiency : 1.608|1773; Nodes : 5
1500337104.498709|PLATFORM: Not Enough Information for Analysis.
1500337115.576104|PLATFORM: State = Elapsed Time : 1319.60786104; Progress : 0.5; Efficiency : 1.6|1772.8; Nodes : 5
1500337115.576768|PLATFORM: Not Enough Information for Analysis.
1500337126.696421|PLATFORM: State = Elapsed Time : 1330.72819686; Progress : 0.5; Efficiency : 1.602|1772.6; Nodes : 5
1500337126.696606|PLATFORM: Not Enough Information for Analysis.
1500337137.768833|PLATFORM: State = Elapsed Time : 1341.80061293; Progress : 0.5; Efficiency : 1.6|1772.8; Nodes : 5
1500337137.769011|PLATFORM: Not Enough Information for Analysis.
1500337148.848135|PLATFORM: State = Elapsed Time : 1352.87991405; Progress : 0.5; Efficiency : 1.668|1773.2; Nodes : 5
1500337148.848307|PLATFORM: Not Enough Information for Analysis.
1500337159.872569|PLATFORM: State = Elapsed Time : 1363.9043529; Progress : 0.5; Efficiency : 1.702|1773.2; Nodes : 5
1500337159.872727|PLATFORM: Not Enough Information for Analysis.
1500337170.490403|PLATFORM: State = Elapsed Time : 1374.52218699; Progress : 0.5; Efficiency : 1.604|779.4; Nodes : 5
1500337170.490580|PLATFORM: Not Enough Information for Analysis.
1500337181.083658|PLATFORM: State = Elapsed Time : 1385.11539793; Progress : 0.5; Efficiency : 1.42|589.4; Nodes : 5
1500337181.083904|PLATFORM: Not Enough Information for Analysis.
1500337191.751690|PLATFORM: State = Elapsed Time : 1395.78342986; Progress : 0.5; Efficiency : 1.244|589.2; Nodes : 5
1500337191.751932|PLATFORM: Not Enough Information for Analysis.
1500337209.692218|PLATFORM: State = Elapsed Time : 1413.72397685; Progress : 0.5; Efficiency : 1.12|589; Nodes : 5
1500337209.692408|PLATFORM: Not Enough Information for Analysis.
1500337221.432449|PLATFORM: State = Elapsed Time : 1425.46383691; Progress : 0.5; Efficiency : 1.024|588.4; Nodes : 5
1500337221.432618|PLATFORM: Not Enough Information for Analysis.
1500337225.039493|COMPUTATION: End (MatrixSize, Iteration) = |10000|10|
1500337225.246358|COMPUTATION: Execution = Warning: Permanently added '10.10.10.4' (ECDSA) to the list of known hosts.
Warning: Permanently added '10.10.10.8' (ECDSA) to the list of known hosts.
Warning: Permanently added '10.10.10.9' (ECDSA) to the list of known hosts.
|None
1500337225.344871|COMPUTATION: Progress = 0.55
1500337225.345064|COMPUTATION: Start (MatrixSize, Iteration) = |9000|11|
1500337225.345785|COMPUTATION: ['mpirun', '-n', '10', '-machinefile', '/home/ubuntu/machinefile', '/home/ubuntu/repositorios/elastichpc/beta/trials/Matrix.py', '9000', '/home/ubuntu/teste.mtr_11']
1500337232.505293|PLATFORM: State = Elapsed Time : 1436.53706694; Progress : 0.550000011921; Efficiency : 1.056|1583.2; Nodes : 5
1500337232.505570|PLATFORM: (predicted_time, predicted_cost) = 2591.61897114|10024.9423508
1500337232.505715|PLATFORM: QoS Sample = {'execution_time': 2591.618971139323, 'efficiency': 1.577896224489796, 'cost': 10024.942350775656}
1500337232.505784|PLATFORM: Contract breached = {'execution_time': 0.9025912365702528, 'cost': 0.6855956140261181}
1500337232.505832|PLATFORM: Parameter to Reconfigure: execution_time
1500337232.505879|PLATFORM: Scale Up = execution_time|2591.61897114|1132.0
1500337232.505928|PLATFORM: N Value =1
1500337232.506083|PLATFORM: RECONFIGURATION BEFORE: 5
1500337331.732988|PLATFORM: RECONFIGURATION AFTER: 6|BUILDING
1500337331.733121|PLATFORM: State = Elapsed Time : 1535.76497388; Progress : 0.550000011921; Efficiency : 1.056|1583.2; Nodes : 6
1500337344.494610|PLATFORM: State = Elapsed Time : 1548.5263989; Progress : 0.550000011921; Efficiency : 1.38|419.5; Nodes : 6
1500337344.494770|PLATFORM: Not Enough Information for Analysis.
1500337355.101051|PLATFORM: State = Elapsed Time : 1559.13283587; Progress : 0.550000011921; Efficiency : 1.24|419.5; Nodes : 6
1500337355.101216|PLATFORM: Not Enough Information for Analysis.
1500337365.743947|PLATFORM: State = Elapsed Time : 1569.77567983; Progress : 0.550000011921; Efficiency : 1.12167|419.667; Nodes : 6
1500337365.744198|PLATFORM: Not Enough Information for Analysis.
1500337382.116796|PLATFORM: State = Elapsed Time : 1586.14854002; Progress : 0.550000011921; Efficiency : 0.985|419.167; Nodes : 6
1500337382.117007|PLATFORM: Not Enough Information for Analysis.
1500337383.858109|COMPUTATION: End (MatrixSize, Iteration) = |9000|11|
1500337385.135864|COMPUTATION: Execution = Warning: Permanently added '10.10.10.4' (ECDSA) to the list of known hosts.
Warning: Permanently added '10.10.10.8' (ECDSA) to the list of known hosts.
Warning: Permanently added '10.10.10.10' (ECDSA) to the list of known hosts.
Warning: Permanently added '10.10.10.9' (ECDSA) to the list of known hosts.
|None
1500337385.136439|COMPUTATION: Progress = 0.6
1500337385.136733|COMPUTATION: Start (MatrixSize, Iteration) = |8000|12|
1500337385.138385|COMPUTATION: ['mpirun', '-n', '12', '-machinefile', '/home/ubuntu/machinefile', '/home/ubuntu/repositorios/elastichpc/beta/trials/Matrix.py', '8000', '/home/ubuntu/teste.mtr_12']
1500337393.152207|PLATFORM: State = Elapsed Time : 1597.18399286; Progress : 0.600000023842; Efficiency : 1.00667|1233.5; Nodes : 6
1500337393.152455|PLATFORM: (predicted_time, predicted_cost) = 2643.39547501|11391.7546014
1500337393.152593|PLATFORM: QoS Sample = {'execution_time': 2643.3954750142307, 'efficiency': 1.5569628155339807, 'cost': 11391.754601384288}
1500337393.152655|PLATFORM: Contract breached = {'execution_time': 0.9346085092844182, 'efficiency': 0.011030696255201101, 'cost': 0.8063387457053258}
1500337393.152699|PLATFORM: Parameter to Reconfigure: execution_time
1500337393.152739|PLATFORM: Scale Up = execution_time|2643.39547501|1132.0
1500337393.152789|PLATFORM: N Value =1
1500337393.153027|PLATFORM: RECONFIGURATION INTERVAL NOT DONE.
1500337393.153095|PLATFORM: State = Elapsed Time : 1597.18495202; Progress : 0.600000023842; Efficiency : 1.00667|1233.5; Nodes : 6
1500337404.234556|PLATFORM: State = Elapsed Time : 1608.26633; Progress : 0.600000023842; Efficiency : 1.21|1315; Nodes : 6
1500337404.234732|PLATFORM: Not Enough Information for Analysis.
1500337415.303793|PLATFORM: State = Elapsed Time : 1619.33555889; Progress : 0.600000023842; Efficiency : 1.405|1315.17; Nodes : 6
1500337415.303977|PLATFORM: Not Enough Information for Analysis.
1500337426.384224|PLATFORM: State = Elapsed Time : 1630.41600084; Progress : 0.600000023842; Efficiency : 1.55|1315; Nodes : 6
1500337426.384398|PLATFORM: Not Enough Information for Analysis.
1500337437.456193|PLATFORM: State = Elapsed Time : 1641.48796201; Progress : 0.600000023842; Efficiency : 1.62167|1315.33; Nodes : 6
1500337437.456396|PLATFORM: Not Enough Information for Analysis.
1500337448.533822|PLATFORM: State = Elapsed Time : 1652.56560397; Progress : 0.600000023842; Efficiency : 1.72833|1230.33; Nodes : 6
1500337448.533997|PLATFORM: Not Enough Information for Analysis.
1500337459.171354|PLATFORM: State = Elapsed Time : 1663.20310998; Progress : 0.600000023842; Efficiency : 1.54833|352.5; Nodes : 6
1500337459.171526|PLATFORM: Not Enough Information for Analysis.
1500337469.799112|PLATFORM: State = Elapsed Time : 1673.83083797; Progress : 0.600000023842; Efficiency : 1.40167|353; Nodes : 6
1500337469.799390|PLATFORM: Not Enough Information for Analysis.
1500337480.414595|PLATFORM: State = Elapsed Time : 1684.44636989; Progress : 0.600000023842; Efficiency : 1.205|353.333; Nodes : 6
1500337480.414780|PLATFORM: Not Enough Information for Analysis.
1500337490.822900|COMPUTATION: End (MatrixSize, Iteration) = |8000|12|
1500337491.044293|PLATFORM: State = Elapsed Time : 1695.07601404; Progress : 0.600000023842; Efficiency : 1.10333|71.6667; Nodes : 6
1500337491.044579|PLATFORM: Not Enough Information for Analysis.
1500337491.117251|COMPUTATION: Execution = Warning: Permanently added '10.10.10.4' (ECDSA) to the list of known hosts.
Warning: Permanently added '10.10.10.10' (ECDSA) to the list of known hosts.
Warning: Permanently added '10.10.10.8' (ECDSA) to the list of known hosts.
Warning: Permanently added '10.10.10.9' (ECDSA) to the list of known hosts.
Warning: Permanently added '10.10.10.11' (ECDSA) to the list of known hosts.
|None
1500337491.117473|COMPUTATION: Progress = 0.65
1500337491.117540|COMPUTATION: Start (MatrixSize, Iteration) = |7000|13|
1500337491.117949|COMPUTATION: ['mpirun', '-n', '12', '-machinefile', '/home/ubuntu/machinefile', '/home/ubuntu/repositorios/elastichpc/beta/trials/Matrix.py', '7000', '/home/ubuntu/teste.mtr_13']
1500337502.122047|PLATFORM: State = Elapsed Time : 1706.15382791; Progress : 0.649999976158; Efficiency : 1.24|1030; Nodes : 6
1500337502.122316|PLATFORM: (predicted_time, predicted_cost) = 2607.70348357|11177.3492119
1500337502.122463|PLATFORM: QoS Sample = {'execution_time': 2607.703483570667, 'efficiency': 1.5431902654867256, 'cost': 11177.34921186597}
1500337502.122528|PLATFORM: Contract breached = {'execution_time': 0.9125374898405183, 'efficiency': 0.011817699115044255, 'cost': 0.7873983402708455}
1500337502.122573|PLATFORM: Parameter to Reconfigure: execution_time
1500337502.122614|PLATFORM: Scale Up = execution_time|2607.70348357|1132.0
1500337502.122663|PLATFORM: N Value =1
1500337502.122993|PLATFORM: RECONFIGURATION BEFORE: 6
1500337568.213956|COMPUTATION: End (MatrixSize, Iteration) = |7000|13|
1500337568.780544|COMPUTATION: Execution = Warning: Permanently added '10.10.10.4' (ECDSA) to the list of known hosts.
Warning: Permanently added '10.10.10.10' (ECDSA) to the list of known hosts.
Warning: Permanently added '10.10.10.8' (ECDSA) to the list of known hosts.
Warning: Permanently added '10.10.10.11' (ECDSA) to the list of known hosts.
Warning: Permanently added '10.10.10.9' (ECDSA) to the list of known hosts.
|None
1500337568.783088|COMPUTATION: Progress = 0.7
1500337568.783367|COMPUTATION: Start (MatrixSize, Iteration) = |6000|14|
1500337568.785393|COMPUTATION: ['mpirun', '-n', '12', '-machinefile', '/home/ubuntu/machinefile', '/home/ubuntu/repositorios/elastichpc/beta/trials/Matrix.py', '6000', '/home/ubuntu/teste.mtr_14']
1500337617.815641|COMPUTATION: End (MatrixSize, Iteration) = |6000|14|
1500337619.470641|COMPUTATION: Execution = Warning: Permanently added '10.10.10.8' (ECDSA) to the list of known hosts.
Warning: Permanently added '10.10.10.10' (ECDSA) to the list of known hosts.
Warning: Permanently added '10.10.10.4' (ECDSA) to the list of known hosts.
Warning: Permanently added '10.10.10.9' (ECDSA) to the list of known hosts.
Warning: Permanently added '10.10.10.11' (ECDSA) to the list of known hosts.
|None
1500337619.472283|COMPUTATION: Progress = 0.75
1500337619.472655|COMPUTATION: Start (MatrixSize, Iteration) = |5000|15|
1500337619.473686|COMPUTATION: ['mpirun', '-n', '12', '-machinefile', '/home/ubuntu/machinefile', '/home/ubuntu/repositorios/elastichpc/beta/trials/Matrix.py', '5000', '/home/ubuntu/teste.mtr_15']
1500337638.842681|PLATFORM: RECONFIGURATION AFTER: 7|BUILDING
1500337638.842863|PLATFORM: State = Elapsed Time : 1842.87470484; Progress : 0.649999976158; Efficiency : 1.24|1030; Nodes : 7
1500337651.231252|COMPUTATION: End (MatrixSize, Iteration) = |5000|15|
1500337651.500266|COMPUTATION: Execution = Warning: Permanently added '10.10.10.4' (ECDSA) to the list of known hosts.
Warning: Permanently added '10.10.10.10' (ECDSA) to the list of known hosts.
Warning: Permanently added '10.10.10.8' (ECDSA) to the list of known hosts.
Warning: Permanently added '10.10.10.9' (ECDSA) to the list of known hosts.
Warning: Permanently added '10.10.10.11' (ECDSA) to the list of known hosts.
|None
1500337651.500582|COMPUTATION: Progress = 0.8
1500337651.500804|COMPUTATION: Start (MatrixSize, Iteration) = |5000|16|
1500337651.501319|COMPUTATION: ['mpirun', '-n', '14', '-machinefile', '/home/ubuntu/machinefile', '/home/ubuntu/repositorios/elastichpc/beta/trials/Matrix.py', '5000', '/home/ubuntu/teste.mtr_16']
1500337651.571320|PLATFORM: State = Elapsed Time : 1855.60305786; Progress : 0.75; Efficiency : 1.06143|175.143; Nodes : 7
1500337651.571688|PLATFORM: (predicted_time, predicted_cost) = 2459.27541224|10891.6924066
1500337651.571977|PLATFORM: QoS Sample = {'execution_time': 2459.2754122416177, 'efficiency': 1.538964298245614, 'cost': 10891.692406574884}
1500337651.572065|PLATFORM: Contract breached = {'execution_time': 0.8207533467925198, 'efficiency': 0.012059182957393487, 'cost': 0.7621636401567919}
1500337651.572120|PLATFORM: Parameter to Reconfigure: execution_time
1500337651.572170|PLATFORM: Scale Up = execution_time|2459.27541224|1132.0
1500337651.572231|PLATFORM: N Value =1
1500337651.572571|PLATFORM: RECONFIGURATION INTERVAL NOT DONE.
1500337651.572638|PLATFORM: State = Elapsed Time : 1855.60449386; Progress : 0.75; Efficiency : 1.06143|175.143; Nodes : 7
1500337662.706296|PLATFORM: State = Elapsed Time : 1866.73807597; Progress : 0.800000011921; Efficiency : 1.19714|555.857; Nodes : 7
1500337662.706577|PLATFORM: (predicted_time, predicted_cost) = 2319.4892943|9924.35378342
1500337662.706724|PLATFORM: QoS Sample = {'execution_time': 2319.489294298153, 'efficiency': 1.5359919130434783, 'cost': 9924.353783422335}
1500337662.706789|PLATFORM: Contract breached = {'execution_time': 0.7343131678522146, 'efficiency': 0.01222903354037267, 'cost': 0.6767096981821852}
1500337662.706833|PLATFORM: Parameter to Reconfigure: execution_time
1500337662.706875|PLATFORM: Scale Up = execution_time|2319.4892943|1132.0
1500337662.706911|PLATFORM: N Value =1
1500337662.707119|PLATFORM: RECONFIGURATION INTERVAL NOT DONE.
1500337662.707174|PLATFORM: State = Elapsed Time : 1866.73903203; Progress : 0.800000011921; Efficiency : 1.19714|555.857; Nodes : 7
1500337673.327107|PLATFORM: State = Elapsed Time : 1877.35888791; Progress : 0.800000011921; Efficiency : 1.27286|178.571; Nodes : 7
1500337673.327269|PLATFORM: Not Enough Information for Analysis.
1500337683.978938|PLATFORM: State = Elapsed Time : 1888.01071692; Progress : 0.800000011921; Efficiency : 1.25714|179.286; Nodes : 7
1500337683.979107|PLATFORM: Not Enough Information for Analysis.
1500337685.988814|COMPUTATION: End (MatrixSize, Iteration) = |5000|16|
1500337687.393222|COMPUTATION: Execution = Warning: Permanently added '10.10.10.4' (ECDSA) to the list of known hosts.
Warning: Permanently added '10.10.10.8' (ECDSA) to the list of known hosts.
Warning: Permanently added '10.10.10.10' (ECDSA) to the list of known hosts.
Warning: Permanently added '10.10.10.11' (ECDSA) to the list of known hosts.
Warning: Permanently added '10.10.10.9' (ECDSA) to the list of known hosts.
Warning: Permanently added '10.10.10.12' (ECDSA) to the list of known hosts.
|None
1500337687.393728|COMPUTATION: Progress = 0.85
1500337687.393943|COMPUTATION: Start (MatrixSize, Iteration) = |5000|17|
1500337687.394610|COMPUTATION: ['mpirun', '-n', '14', '-machinefile', '/home/ubuntu/machinefile', '/home/ubuntu/repositorios/elastichpc/beta/trials/Matrix.py', '5000', '/home/ubuntu/teste.mtr_17']
1500337695.057301|PLATFORM: State = Elapsed Time : 1899.089077; Progress : 0.850000023842; Efficiency : 1.33|555.429; Nodes : 7
1500337695.057610|PLATFORM: (predicted_time, predicted_cost) = 2221.10875183|9236.07848634
1500337695.057761|PLATFORM: QoS Sample = {'execution_time': 2221.1087518268823, 'efficiency': 1.5296531355932201, 'cost': 9236.078486337065}
1500337695.057826|PLATFORM: Contract breached = {'execution_time': 0.6734771433558459, 'efficiency': 0.012591249394673135, 'cost': 0.6159079934926736}
1500337695.057871|PLATFORM: Parameter to Reconfigure: execution_time
1500337695.057913|PLATFORM: Scale Up = execution_time|2221.10875183|1132.0
1500337695.057949|PLATFORM: N Value =1
1500337695.058151|PLATFORM: RECONFIGURATION INTERVAL NOT DONE.
1500337695.058205|PLATFORM: State = Elapsed Time : 1899.09006286; Progress : 0.850000023842; Efficiency : 1.33|555.429; Nodes : 7
1500337705.684421|PLATFORM: State = Elapsed Time : 1909.71614099; Progress : 0.850000023842; Efficiency : 1.32714|177.571; Nodes : 7
1500337705.684669|PLATFORM: Not Enough Information for Analysis.
1500337716.360157|PLATFORM: State = Elapsed Time : 1920.39189696; Progress : 0.850000023842; Efficiency : 1.15571|177.714; Nodes : 7
1500337716.360416|PLATFORM: Not Enough Information for Analysis.
1500337717.846246|COMPUTATION: End (MatrixSize, Iteration) = |5000|17|
1500337718.726102|COMPUTATION: Execution = Warning: Permanently added '10.10.10.10' (ECDSA) to the list of known hosts.
Warning: Permanently added '10.10.10.4' (ECDSA) to the list of known hosts.
Warning: Permanently added '10.10.10.8' (ECDSA) to the list of known hosts.
Warning: Permanently added '10.10.10.11' (ECDSA) to the list of known hosts.
Warning: Permanently added '10.10.10.9' (ECDSA) to the list of known hosts.
Warning: Permanently added '10.10.10.12' (ECDSA) to the list of known hosts.
|None
1500337718.726711|COMPUTATION: Progress = 0.9
1500337718.727055|COMPUTATION: Start (MatrixSize, Iteration) = |5000|18|
1500337718.727822|COMPUTATION: ['mpirun', '-n', '14', '-machinefile', '/home/ubuntu/machinefile', '/home/ubuntu/repositorios/elastichpc/beta/trials/Matrix.py', '5000', '/home/ubuntu/teste.mtr_18']
1500337727.463394|PLATFORM: State = Elapsed Time : 1931.49516392; Progress : 0.899999976158; Efficiency : 1.21|556.571; Nodes : 7
1500337727.463675|PLATFORM: (predicted_time, predicted_cost) = 2133.72067435|8624.18885591
1500337727.463830|PLATFORM: QoS Sample = {'execution_time': 2133.7206743484253, 'efficiency': 1.5222472727272727, 'cost': 8624.188855914135}
1500337727.463898|PLATFORM: Contract breached = {'execution_time': 0.6194385795440792, 'efficiency': 0.013014441558441562, 'cost': 0.5618541392150296}
1500337727.463944|PLATFORM: Parameter to Reconfigure: execution_time
1500337727.463987|PLATFORM: Scale Up = execution_time|2133.72067435|1132.0
1500337727.464025|PLATFORM: N Value =1
1500337727.464224|PLATFORM: RECONFIGURATION INTERVAL NOT DONE.
1500337727.464281|PLATFORM: State = Elapsed Time : 1931.49613786; Progress : 0.899999976158; Efficiency : 1.21|556.571; Nodes : 7
1500337738.095309|PLATFORM: State = Elapsed Time : 1942.12708998; Progress : 0.899999976158; Efficiency : 1.28571|178.143; Nodes : 7
1500337738.095488|PLATFORM: Not Enough Information for Analysis.
1500337748.689983|PLATFORM: State = Elapsed Time : 1952.72176886; Progress : 0.899999976158; Efficiency : 1.23571|178.429; Nodes : 7
1500337748.690137|PLATFORM: Not Enough Information for Analysis.
1500337749.345300|COMPUTATION: End (MatrixSize, Iteration) = |5000|18|
1500337750.402264|COMPUTATION: Execution = Warning: Permanently added '10.10.10.10' (ECDSA) to the list of known hosts.
Warning: Permanently added '10.10.10.4' (ECDSA) to the list of known hosts.
Warning: Permanently added '10.10.10.8' (ECDSA) to the list of known hosts.
Warning: Permanently added '10.10.10.11' (ECDSA) to the list of known hosts.
Warning: Permanently added '10.10.10.9' (ECDSA) to the list of known hosts.
Warning: Permanently added '10.10.10.12' (ECDSA) to the list of known hosts.
|None
1500337750.402856|COMPUTATION: Progress = 0.95
1500337750.403148|COMPUTATION: Start (MatrixSize, Iteration) = |5000|19|
1500337750.403971|COMPUTATION: ['mpirun', '-n', '14', '-machinefile', '/home/ubuntu/machinefile', '/home/ubuntu/repositorios/elastichpc/beta/trials/Matrix.py', '5000', '/home/ubuntu/teste.mtr_19']
1500337759.784097|PLATFORM: State = Elapsed Time : 1963.81587505; Progress : 0.949999988079; Efficiency : 1.26571|556; Nodes : 7
1500337759.784380|PLATFORM: (predicted_time, predicted_cost) = 2055.44135113|8076.29648034
1500337759.784549|PLATFORM: QoS Sample = {'execution_time': 2055.441351130653, 'efficiency': 1.515960080645161, 'cost': 8076.296480343083}
1500337759.784617|PLATFORM: Contract breached = {'execution_time': 0.571032637624962, 'efficiency': 0.013373709677419375, 'cost': 0.5134537526804844}
1500337759.784663|PLATFORM: Parameter to Reconfigure: execution_time
1500337759.784705|PLATFORM: Scale Up = execution_time|2055.44135113|1132.0
1500337759.784741|PLATFORM: N Value =1
1500337759.785059|PLATFORM: RECONFIGURATION BEFORE: 7
1500337781.010940|COMPUTATION: End (MatrixSize, Iteration) = |5000|19|
1500337781.530066|COMPUTATION: Execution = Warning: Permanently added '10.10.10.8' (ECDSA) to the list of known hosts.
Warning: Permanently added '10.10.10.10' (ECDSA) to the list of known hosts.
Warning: Permanently added '10.10.10.4' (ECDSA) to the list of known hosts.
Warning: Permanently added '10.10.10.12' (ECDSA) to the list of known hosts.
Warning: Permanently added '10.10.10.11' (ECDSA) to the list of known hosts.
Warning: Permanently added '10.10.10.9' (ECDSA) to the list of known hosts.
|None
1500337781.530435|COMPUTATION: Progress = 1.0
1500337781.530800|COMPUTATION: Finish Computation.
1500337861.436286|PLATFORM: RECONFIGURATION AFTER: 8|BUILDING
1500337861.436528|PLATFORM: State = Elapsed Time : 2065.46836591; Progress : 0.949999988079; Efficiency : 1.26571|556; Nodes : 8
1500337861.436652|PLATFORM: Finish Platform.
1500337861.438479|PLATFORM: Elapsed = 2054.32145715
1500337861.439486|PLATFORM: Execution Log = [(1500335807.115038, {'compute_state': 0.0, 'resource_state': '0.35|788.5', 'nodes': 2}), (1500335818.121254, {'compute_state': 0.0, 'resource_state': '0.605|788.5', 'nodes': 2}), (1500335829.084976, {'compute_state': 0.0, 'resource_state': '0.91|789', 'nodes': 2}), (1500335839.886034, {'compute_state': 0.0, 'resource_state': '1.075|718.5', 'nodes': 2}), (1500335850.62573, {'compute_state': 0.0, 'resource_state': '0.985|455', 'nodes': 2}), (1500335861.569893, {'compute_state': 0.05000000074505806, 'resource_state': '1.03|789', 'nodes': 2}), (1500335872.592703, {'compute_state': 0.05000000074505806, 'resource_state': '1.245|790', 'nodes': 2}), (1500335883.571, {'compute_state': 0.05000000074505806, 'resource_state': '1.36|790', 'nodes': 2}), (1500335894.466255, {'compute_state': 0.05000000074505806, 'resource_state': '1.485|710.5', 'nodes': 2}), (1500335905.031477, {'compute_state': 0.05000000074505806, 'resource_state': '1.375|456.5', 'nodes': 2}), (1500335927.004582, {'compute_state': 0.10000000149011612, 'resource_state': '1.52|790.5', 'nodes': 2}), (1500335938.000568, {'compute_state': 0.10000000149011612, 'resource_state': '1.68|790.5', 'nodes': 2}), (1500335948.523225, {'compute_state': 0.10000000149011612, 'resource_state': '1.725|456.5', 'nodes': 2}), (1500335959.245083, {'compute_state': 0.10000000149011612, 'resource_state': '1.52|457', 'nodes': 2}), (1500335981.148308, {'compute_state': 0.15000000596046448, 'resource_state': '1.59|791', 'nodes': 2}), (1500335992.112221, {'compute_state': 0.15000000596046448, 'resource_state': '1.705|790.5', 'nodes': 2}), (1500336003.088345, {'compute_state': 0.15000000596046448, 'resource_state': '1.75|700', 'nodes': 2}), (1500336013.753245, {'compute_state': 0.15000000596046448, 'resource_state': '1.6|457', 'nodes': 2}), (1500336035.756147, {'compute_state': 0.20000000298023224, 'resource_state': '1.675|789.5', 'nodes': 2}), (1500336046.825812, {'compute_state': 0.20000000298023224, 'resource_state': '1.72|789.5', 'nodes': 2}), (1500336057.854374, {'compute_state': 0.20000000298023224, 'resource_state': '1.855|789.5', 'nodes': 2}), (1500336068.709084, {'compute_state': 0.20000000298023224, 'resource_state': '1.8|456', 'nodes': 2}), (1500336090.647237, {'compute_state': 0.25, 'resource_state': '1.81|1084', 'nodes': 2}), (1500336101.567792, {'compute_state': 0.25, 'resource_state': '1.84|1084', 'nodes': 2}), (1500336112.523195, {'compute_state': 0.25, 'resource_state': '2.02|1084.5', 'nodes': 2}), (1500336123.520027, {'compute_state': 0.25, 'resource_state': '2.055|1084.5', 'nodes': 2}), (1500336134.467732, {'compute_state': 0.25, 'resource_state': '2.095|1084.5', 'nodes': 2}), (1500336145.011609, {'compute_state': 0.25, 'resource_state': '2|603.5', 'nodes': 2}), (1500336155.606774, {'compute_state': 0.25, 'resource_state': '1.77|603.5', 'nodes': 2}), (1500336177.483654, {'compute_state': 0.30000001192092896, 'resource_state': '1.895|1433', 'nodes': 2}), (1500336188.456908, {'compute_state': 0.30000001192092896, 'resource_state': '1.905|1433', 'nodes': 2}), (1500336199.421522, {'compute_state': 0.30000001192092896, 'resource_state': '1.975|1432.5', 'nodes': 2}), (1500336210.387353, {'compute_state': 0.30000001192092896, 'resource_state': '1.98|1433', 'nodes': 2}), (1500336221.375571, {'compute_state': 0.30000001192092896, 'resource_state': '1.985|1433', 'nodes': 2}), (1500336232.343596, {'compute_state': 0.30000001192092896, 'resource_state': '2.02|1432.5', 'nodes': 2}), (1500336243.367728, {'compute_state': 0.30000001192092896, 'resource_state': '2.02|1433', 'nodes': 2}), (1500336254.311381, {'compute_state': 0.30000001192092896, 'resource_state': '2.02|1433.5', 'nodes': 2}), (1500336265.259384, {'compute_state': 0.30000001192092896, 'resource_state': '2.015|1433.5', 'nodes': 2}), (1500336275.93557, {'compute_state': 0.30000001192092896, 'resource_state': '1.86|778.5', 'nodes': 2}), (1500336287.091684, {'compute_state': 0.30000001192092896, 'resource_state': '1.73|779', 'nodes': 2}), (1500336398.165682, {'compute_state': 0.3499999940395355, 'resource_state': '1.575|93', 'nodes': 3}), (1500336409.241081, {'compute_state': 0.3499999940395355, 'resource_state': '1.39333|1238.33', 'nodes': 3}), (1500336420.221739, {'compute_state': 0.3499999940395355, 'resource_state': '1.41|1238.67', 'nodes': 3}), (1500336431.203976, {'compute_state': 0.3499999940395355, 'resource_state': '1.4|1237.67', 'nodes': 3}), (1500336442.243759, {'compute_state': 0.3499999940395355, 'resource_state': '1.38667|1238.33', 'nodes': 3}), (1500336453.235605, {'compute_state': 0.3499999940395355, 'resource_state': '1.47667|1238.33', 'nodes': 3}), (1500336464.194729, {'compute_state': 0.3499999940395355, 'resource_state': '1.40333|667.667', 'nodes': 3}), (1500336474.793239, {'compute_state': 0.3499999940395355, 'resource_state': '1.24333|668', 'nodes': 3}), (1500336485.362884, {'compute_state': 0.3499999940395355, 'resource_state': '1.28|668.333', 'nodes': 3}), (1500336496.152365, {'compute_state': 0.4000000059604645, 'resource_state': '1.21667|97.3333', 'nodes': 3}), (1500336507.115012, {'compute_state': 0.4000000059604645, 'resource_state': '1.31|1759', 'nodes': 3}), (1500336518.100779, {'compute_state': 0.4000000059604645, 'resource_state': '1.5|1965.67', 'nodes': 3}), (1500336529.105749, {'compute_state': 0.4000000059604645, 'resource_state': '1.59667|1965.33', 'nodes': 3}), (1500336540.093239, {'compute_state': 0.4000000059604645, 'resource_state': '1.67333|1965.33', 'nodes': 3}), (1500336551.109194, {'compute_state': 0.4000000059604645, 'resource_state': '1.72667|1965', 'nodes': 3}), (1500336562.105763, {'compute_state': 0.4000000059604645, 'resource_state': '1.79|1965', 'nodes': 3}), (1500336573.137047, {'compute_state': 0.4000000059604645, 'resource_state': '1.86333|1965', 'nodes': 3}), (1500336584.155577, {'compute_state': 0.4000000059604645, 'resource_state': '1.91333|1965.33', 'nodes': 3}), (1500336595.179735, {'compute_state': 0.4000000059604645, 'resource_state': '1.92333|1965', 'nodes': 3}), (1500336606.216755, {'compute_state': 0.4000000059604645, 'resource_state': '1.93667|1965.33', 'nodes': 3}), (1500336617.237011, {'compute_state': 0.4000000059604645, 'resource_state': '1.94667|1965.67', 'nodes': 3}), (1500336628.263727, {'compute_state': 0.4000000059604645, 'resource_state': '2.01|1966.67', 'nodes': 3}), (1500336639.273654, {'compute_state': 0.4000000059604645, 'resource_state': '2.04|1966', 'nodes': 3}), (1500336650.263898, {'compute_state': 0.4000000059604645, 'resource_state': '2.03|1966.67', 'nodes': 3}), (1500336661.303827, {'compute_state': 0.4000000059604645, 'resource_state': '2.02333|2036.33', 'nodes': 3}), (1500336671.885542, {'compute_state': 0.4000000059604645, 'resource_state': '1.76667|797', 'nodes': 3}), (1500336682.446227, {'compute_state': 0.4000000059604645, 'resource_state': '1.59667|797.667', 'nodes': 3}), (1500336705.329377, {'compute_state': 0.4000000059604645, 'resource_state': '1.40333|97.6667', 'nodes': 3}), (1500336807.645927, {'compute_state': 0.44999998807907104, 'resource_state': '1.44333|2145', 'nodes': 4}), (1500336818.749335, {'compute_state': 0.44999998807907104, 'resource_state': '1.6525|1811.5', 'nodes': 4}), (1500336829.781734, {'compute_state': 0.44999998807907104, 'resource_state': '1.6525|1811.5', 'nodes': 4}), (1500336840.86171, {'compute_state': 0.44999998807907104, 'resource_state': '1.63|1812', 'nodes': 4}), (1500336851.892046, {'compute_state': 0.44999998807907104, 'resource_state': '1.61|1812.25', 'nodes': 4}), (1500336862.916035, {'compute_state': 0.44999998807907104, 'resource_state': '1.61|1811.5', 'nodes': 4}), (1500336873.973187, {'compute_state': 0.44999998807907104, 'resource_state': '1.59|1812.25', 'nodes': 4}), (1500336885.021326, {'compute_state': 0.44999998807907104, 'resource_state': '1.5925|1811.75', 'nodes': 4}), (1500336896.047103, {'compute_state': 0.44999998807907104, 'resource_state': '1.58|1812.25', 'nodes': 4}), (1500336907.097688, {'compute_state': 0.44999998807907104, 'resource_state': '1.5675|1811.75', 'nodes': 4}), (1500336918.131545, {'compute_state': 0.44999998807907104, 'resource_state': '1.6325|1811.5', 'nodes': 4}), (1500336929.133602, {'compute_state': 0.44999998807907104, 'resource_state': '1.61|1811.75', 'nodes': 4}), (1500336939.820536, {'compute_state': 0.44999998807907104, 'resource_state': '1.4775|729.75', 'nodes': 4}), (1500336950.41999, {'compute_state': 0.44999998807907104, 'resource_state': '1.305|730.5', 'nodes': 4}), (1500336964.459588, {'compute_state': 0.44999998807907104, 'resource_state': '1.1325|730.25', 'nodes': 4}), (1500336975.268149, {'compute_state': 0.44999998807907104, 'resource_state': '0.995|730.5', 'nodes': 4}), (1500336989.221316, {'compute_state': 0.44999998807907104, 'resource_state': '0.87|70.25', 'nodes': 4}), (1500337093.32178, {'compute_state': 0.5, 'resource_state': '1.045|2011.75', 'nodes': 5}), (1500337104.498753, {'compute_state': 0.5, 'resource_state': '1.608|1773', 'nodes': 5}), (1500337115.576812, {'compute_state': 0.5, 'resource_state': '1.6|1772.8', 'nodes': 5}), (1500337126.696648, {'compute_state': 0.5, 'resource_state': '1.602|1772.6', 'nodes': 5}), (1500337137.769054, {'compute_state': 0.5, 'resource_state': '1.6|1772.8', 'nodes': 5}), (1500337148.848349, {'compute_state': 0.5, 'resource_state': '1.668|1773.2', 'nodes': 5}), (1500337159.872768, {'compute_state': 0.5, 'resource_state': '1.702|1773.2', 'nodes': 5}), (1500337170.490634, {'compute_state': 0.5, 'resource_state': '1.604|779.4', 'nodes': 5}), (1500337181.083992, {'compute_state': 0.5, 'resource_state': '1.42|589.4', 'nodes': 5}), (1500337191.752023, {'compute_state': 0.5, 'resource_state': '1.244|589.2', 'nodes': 5}), (1500337209.692457, {'compute_state': 0.5, 'resource_state': '1.12|589', 'nodes': 5}), (1500337221.432657, {'compute_state': 0.5, 'resource_state': '1.024|588.4', 'nodes': 5}), (1500337331.733104, {'compute_state': 0.550000011920929, 'resource_state': '1.056|1583.2', 'nodes': 6}), (1500337344.49482, {'compute_state': 0.550000011920929, 'resource_state': '1.38|419.5', 'nodes': 6}), (1500337355.101258, {'compute_state': 0.550000011920929, 'resource_state': '1.24|419.5', 'nodes': 6}), (1500337365.744265, {'compute_state': 0.550000011920929, 'resource_state': '1.12167|419.667', 'nodes': 6}), (1500337382.117068, {'compute_state': 0.550000011920929, 'resource_state': '0.985|419.167', 'nodes': 6}), (1500337393.153082, {'compute_state': 0.6000000238418579, 'resource_state': '1.00667|1233.5', 'nodes': 6}), (1500337404.234784, {'compute_state': 0.6000000238418579, 'resource_state': '1.21|1315', 'nodes': 6}), (1500337415.30402, {'compute_state': 0.6000000238418579, 'resource_state': '1.405|1315.17', 'nodes': 6}), (1500337426.384438, {'compute_state': 0.6000000238418579, 'resource_state': '1.55|1315', 'nodes': 6}), (1500337437.45644, {'compute_state': 0.6000000238418579, 'resource_state': '1.62167|1315.33', 'nodes': 6}), (1500337448.534037, {'compute_state': 0.6000000238418579, 'resource_state': '1.72833|1230.33', 'nodes': 6}), (1500337459.17157, {'compute_state': 0.6000000238418579, 'resource_state': '1.54833|352.5', 'nodes': 6}), (1500337469.79947, {'compute_state': 0.6000000238418579, 'resource_state': '1.40167|353', 'nodes': 6}), (1500337480.414826, {'compute_state': 0.6000000238418579, 'resource_state': '1.205|353.333', 'nodes': 6}), (1500337491.044682, {'compute_state': 0.6000000238418579, 'resource_state': '1.10333|71.6667', 'nodes': 6}), (1500337638.842834, {'compute_state': 0.6499999761581421, 'resource_state': '1.24|1030', 'nodes': 7}), (1500337651.572624, {'compute_state': 0.75, 'resource_state': '1.06143|175.143', 'nodes': 7}), (1500337662.707162, {'compute_state': 0.800000011920929, 'resource_state': '1.19714|555.857', 'nodes': 7}), (1500337673.327313, {'compute_state': 0.800000011920929, 'resource_state': '1.27286|178.571', 'nodes': 7}), (1500337683.979153, {'compute_state': 0.800000011920929, 'resource_state': '1.25714|179.286', 'nodes': 7}), (1500337695.058194, {'compute_state': 0.8500000238418579, 'resource_state': '1.33|555.429', 'nodes': 7}), (1500337705.684744, {'compute_state': 0.8500000238418579, 'resource_state': '1.32714|177.571', 'nodes': 7}), (1500337716.36049, {'compute_state': 0.8500000238418579, 'resource_state': '1.15571|177.714', 'nodes': 7}), (1500337727.464269, {'compute_state': 0.8999999761581421, 'resource_state': '1.21|556.571', 'nodes': 7}), (1500337738.095535, {'compute_state': 0.8999999761581421, 'resource_state': '1.28571|178.143', 'nodes': 7}), (1500337748.690177, {'compute_state': 0.8999999761581421, 'resource_state': '1.23571|178.429', 'nodes': 7}), (1500337861.436495, {'compute_state': 0.949999988079071, 'resource_state': '1.26571|556', 'nodes': 8})]
1500337861.444909|SYSTEM: Waiting on Computation to finish.
1500337861.445165|SYSTEM: Good bye...
