1498333493.707229|SYSTEM: Starting Platform.
1498333493.710284|SYSTEM: Starting Computation.
1498333493.714819|SYSTEM: Waiting on Platform to finish.
1498333493.721761|PLATFORM: QoS Values ={'execution_time': 3630.0, 'resource_efficiency': 1.6, 'cost': 21822.0, 'power_consumption': 0.0, 'accuracy': 0.0}
1498333493.722019|PLATFORM: QoS Weight ={'execution_time': 0.4, 'resource_efficiency': 0.4, 'cost': 0.4, 'power_consumption': 0.0, 'accuracy': 0.0}
1498333493.722110|PLATFORM: QoS Factor =0.1
1498333493.722191|PLATFORM: Monitor Interval = 10
1498333493.722274|PLATFORM: Sample Interval = 10
1498333493.722352|PLATFORM: Reconfiguration Interval = 30
1498333493.722415|PLATFORM: http://200.19.177.89:33004:elasticnode:62f23550-2d7a-48dc-bc5d-90db3e76a956
1498333498.473316|PLATFORM: Number Of Nodes = 6
1498333498.732922|COMPUTATION: Starting Computation.
1498333498.733324|COMPUTATION: Start (MatrixSize, Iteration) = |10000|0|
1498333498.733833|COMPUTATION: ['mpirun', '-n', '12', '-machinefile', '/home/ubuntu/machinefile', '/home/ubuntu/repositorios/elastichpc/beta/trials/Matrix.py', '10000', '/home/ubuntu/teste.mtr_0']
1498333509.604005|PLATFORM: State = |0.0|0.31|1877.17|6|
1498333520.723838|PLATFORM: State = |0.0|0.613333|1877.67|6|
1498333531.809364|PLATFORM: State = |0.0|0.926667|2005|6|
1498333542.984122|PLATFORM: State = |0.0|1.08667|2005.5|6|
1498333554.117965|PLATFORM: State = |0.0|1.30167|2005.5|6|
1498333565.244027|PLATFORM: State = |0.0|1.43|2005.5|6|
1498333576.360124|PLATFORM: State = |0.0|1.52667|2005.33|6|
1498333587.460038|PLATFORM: State = |0.0|1.60333|2005.67|6|
1498333598.548035|PLATFORM: State = |0.0|1.675|2006|6|
1498333609.668088|PLATFORM: State = |0.0|1.74333|2006|6|
1498333620.748212|PLATFORM: State = |0.0|1.785|2005.67|6|
1498333631.383194|PLATFORM: State = |0.0|1.675|501|6|
1498333642.031097|PLATFORM: State = |0.0|1.45|500.833|6|
1498333652.715194|PLATFORM: State = |0.0|1.29|501|6|
1498333663.420569|PLATFORM: State = |0.0|1.08833|500.333|6|
1498333674.086876|PLATFORM: State = |0.0|0.966667|500.833|6|
1498333678.507835|COMPUTATION: End (MatrixSize, Iteration) = |10000|0|
1498333678.834003|COMPUTATION: Execution = Warning: Permanently added '10.10.10.4' (ECDSA) to the list of known hosts.
Warning: Permanently added '10.10.10.7' (ECDSA) to the list of known hosts.
Warning: Permanently added '10.10.10.5' (ECDSA) to the list of known hosts.
Warning: Permanently added '10.10.10.6' (ECDSA) to the list of known hosts.
Warning: Permanently added '10.10.10.8' (ECDSA) to the list of known hosts.
|None
1498333678.834322|COMPUTATION: Progress = 0.05
1498333678.834424|COMPUTATION: Start (MatrixSize, Iteration) = |10000|1|
1498333678.834912|COMPUTATION: ['mpirun', '-n', '12', '-machinefile', '/home/ubuntu/machinefile', '/home/ubuntu/repositorios/elastichpc/beta/trials/Matrix.py', '10000', '/home/ubuntu/teste.mtr_1']
1498333685.174030|PLATFORM: State = |0.0500000007451|1.01833|1813.17|6|
1498333696.254223|PLATFORM: State = |0.0500000007451|1.195|1879|6|
1498333707.339977|PLATFORM: State = |0.0500000007451|1.355|2006.17|6|
1498333718.423303|PLATFORM: State = |0.0500000007451|1.49833|2006.5|6|
1498333729.488042|PLATFORM: State = |0.0500000007451|1.63333|2006.67|6|
1498333740.574322|PLATFORM: State = |0.0500000007451|1.70833|2006.67|6|
1498333751.664231|PLATFORM: State = |0.0500000007451|1.77333|2006.5|6|
1498333762.742049|PLATFORM: State = |0.0500000007451|1.83333|2006.5|6|
1498333773.827894|PLATFORM: State = |0.0500000007451|1.89333|2006.5|6|
1498333784.890964|PLATFORM: State = |0.0500000007451|1.92333|2006.67|6|
1498333795.968001|PLATFORM: State = |0.0500000007451|1.935|2006.33|6|
1498333807.043309|PLATFORM: State = |0.0500000007451|1.90667|1351.83|6|
1498333817.679111|PLATFORM: State = |0.0500000007451|1.68|500.5|6|
1498333828.396381|PLATFORM: State = |0.0500000007451|1.515|500.167|6|
1498333839.047225|PLATFORM: State = |0.0500000007451|1.33333|500.333|6|
1498333849.813465|PLATFORM: State = |0.0500000007451|1.18667|500|6|
1498333860.468502|PLATFORM: State = |0.0500000007451|1.02667|500.333|6|
1498333865.261470|COMPUTATION: End (MatrixSize, Iteration) = |10000|1|
1498333865.481120|COMPUTATION: Execution = Warning: Permanently added '10.10.10.4' (ECDSA) to the list of known hosts.
Warning: Permanently added '10.10.10.5' (ECDSA) to the list of known hosts.
Warning: Permanently added '10.10.10.7' (ECDSA) to the list of known hosts.
Warning: Permanently added '10.10.10.6' (ECDSA) to the list of known hosts.
Warning: Permanently added '10.10.10.8' (ECDSA) to the list of known hosts.
|None
1498333865.481285|COMPUTATION: Progress = 0.1
1498333865.481338|COMPUTATION: Start (MatrixSize, Iteration) = |10000|2|
1498333865.481705|COMPUTATION: ['mpirun', '-n', '12', '-machinefile', '/home/ubuntu/machinefile', '/home/ubuntu/repositorios/elastichpc/beta/trials/Matrix.py', '10000', '/home/ubuntu/teste.mtr_2']
1498333871.516596|PLATFORM: State = |0.10000000149|1.08|1811|6|
1498333882.620661|PLATFORM: State = |0.10000000149|1.27|1878.67|6|
1498333893.772007|PLATFORM: State = |0.10000000149|1.42|2006|6|
1498333904.851792|PLATFORM: State = |0.10000000149|1.525|2006|6|
1498333915.939952|PLATFORM: State = |0.10000000149|1.60667|2005.83|6|
1498333927.089226|PLATFORM: State = |0.10000000149|1.70167|2006.33|6|
1498333938.201195|PLATFORM: State = |0.10000000149|1.74833|2005.67|6|
1498333949.285551|PLATFORM: State = |0.10000000149|1.82333|2006.33|6|
1498333960.359799|PLATFORM: State = |0.10000000149|1.88|2006.33|6|
1498333971.413259|PLATFORM: State = |0.10000000149|1.91667|2005.67|6|
1498333982.511724|PLATFORM: State = |0.10000000149|1.94167|2005.83|6|
1498333993.597137|PLATFORM: State = |0.10000000149|1.845|1073.33|6|
1498334004.260180|PLATFORM: State = |0.10000000149|1.56|500.667|6|
1498334014.899363|PLATFORM: State = |0.10000000149|1.35167|500.5|6|
1498334025.539425|PLATFORM: State = |0.10000000149|1.15333|500.5|6|
1498334036.231909|PLATFORM: State = |0.10000000149|1.02667|500.333|6|
1498334047.106893|PLATFORM: State = |0.10000000149|0.95|500.167|6|
1498334047.259648|COMPUTATION: End (MatrixSize, Iteration) = |10000|2|
1498334047.447308|COMPUTATION: Execution = Warning: Permanently added '10.10.10.7' (ECDSA) to the list of known hosts.
Warning: Permanently added '10.10.10.4' (ECDSA) to the list of known hosts.
Warning: Permanently added '10.10.10.5' (ECDSA) to the list of known hosts.
Warning: Permanently added '10.10.10.6' (ECDSA) to the list of known hosts.
Warning: Permanently added '10.10.10.8' (ECDSA) to the list of known hosts.
|None
1498334047.447485|COMPUTATION: Progress = 0.15
1498334047.447538|COMPUTATION: Start (MatrixSize, Iteration) = |10000|3|
1498334047.447854|COMPUTATION: ['mpirun', '-n', '12', '-machinefile', '/home/ubuntu/machinefile', '/home/ubuntu/repositorios/elastichpc/beta/trials/Matrix.py', '10000', '/home/ubuntu/teste.mtr_3']
1498334058.168434|PLATFORM: State = |0.15000000596|1.06167|1856.83|6|
1498334069.292745|PLATFORM: State = |0.15000000596|1.3|1879|6|
1498334080.341128|PLATFORM: State = |0.15000000596|1.46|2005.83|6|
1498334091.387846|PLATFORM: State = |0.15000000596|1.565|2005.83|6|
1498334102.460091|PLATFORM: State = |0.15000000596|1.65167|2006.33|6|
1498334113.528480|PLATFORM: State = |0.15000000596|1.74167|2006|6|
1498334124.557042|PLATFORM: State = |0.15000000596|1.795|2006|6|
1498334135.632927|PLATFORM: State = |0.15000000596|1.83167|2005.83|6|
1498334146.683657|PLATFORM: State = |0.15000000596|1.875|2005.83|6|
1498334157.740116|PLATFORM: State = |0.15000000596|1.91|2005.5|6|
1498334168.826733|PLATFORM: State = |0.15000000596|1.955|1871.17|6|
1498334179.443707|PLATFORM: State = |0.15000000596|1.78|499.833|6|
1498334190.124115|PLATFORM: State = |0.15000000596|1.57|500|6|
1498334200.776520|PLATFORM: State = |0.15000000596|1.335|500.333|6|
1498334211.417434|PLATFORM: State = |0.15000000596|1.165|501|6|
1498334222.101543|PLATFORM: State = |0.15000000596|1.03667|500.333|6|
1498334227.664394|COMPUTATION: End (MatrixSize, Iteration) = |10000|3|
1498334227.834447|COMPUTATION: Execution = Warning: Permanently added '10.10.10.4' (ECDSA) to the list of known hosts.
Warning: Permanently added '10.10.10.5' (ECDSA) to the list of known hosts.
Warning: Permanently added '10.10.10.7' (ECDSA) to the list of known hosts.
Warning: Permanently added '10.10.10.6' (ECDSA) to the list of known hosts.
Warning: Permanently added '10.10.10.8' (ECDSA) to the list of known hosts.
|None
1498334227.834642|COMPUTATION: Progress = 0.2
1498334227.834693|COMPUTATION: Start (MatrixSize, Iteration) = |10000|4|
1498334227.835052|COMPUTATION: ['mpirun', '-n', '12', '-machinefile', '/home/ubuntu/machinefile', '/home/ubuntu/repositorios/elastichpc/beta/trials/Matrix.py', '10000', '/home/ubuntu/teste.mtr_4']
1498334233.199813|PLATFORM: State = |0.20000000298|1.01|1807.33|6|
1498334244.319939|PLATFORM: State = |0.20000000298|1.23167|1878.67|6|
1498334255.386918|PLATFORM: State = |0.20000000298|1.37833|2005.83|6|
1498334266.475548|PLATFORM: State = |0.20000000298|1.47167|2005.83|6|
1498334277.513550|PLATFORM: State = |0.20000000298|1.56667|2005.83|6|
1498334288.568024|PLATFORM: State = |0.20000000298|1.63333|2005.67|6|
1498334299.655917|PLATFORM: State = |0.20000000298|1.72833|2006|6|
1498334310.739549|PLATFORM: State = |0.20000000298|1.77333|2006.17|6|
1498334321.771526|PLATFORM: State = |0.20000000298|1.82333|2006|6|
1498334332.827359|PLATFORM: State = |0.20000000298|1.86833|2005.5|6|
1498334343.883453|PLATFORM: State = |0.20000000298|1.92167|2006.17|6|
1498334354.923848|PLATFORM: State = |0.20000000298|1.90667|1201.17|6|
1498334365.583293|PLATFORM: State = |0.20000000298|1.65167|500.333|6|
1498334376.256802|PLATFORM: State = |0.20000000298|1.43667|500.333|6|
1498334386.975097|PLATFORM: State = |0.20000000298|1.25167|500.333|6|
1498334397.659223|PLATFORM: State = |0.20000000298|1.15|500.167|6|
1498334408.346402|PLATFORM: State = |0.20000000298|1.05|500.333|6|
1498334412.226638|COMPUTATION: End (MatrixSize, Iteration) = |10000|4|
1498334412.420923|COMPUTATION: Execution = Warning: Permanently added '10.10.10.7' (ECDSA) to the list of known hosts.
Warning: Permanently added '10.10.10.4' (ECDSA) to the list of known hosts.
Warning: Permanently added '10.10.10.5' (ECDSA) to the list of known hosts.
Warning: Permanently added '10.10.10.6' (ECDSA) to the list of known hosts.
Warning: Permanently added '10.10.10.8' (ECDSA) to the list of known hosts.
|None
1498334412.421138|COMPUTATION: Progress = 0.25
1498334412.421200|COMPUTATION: Start (MatrixSize, Iteration) = |10000|5|
1498334412.421615|COMPUTATION: ['mpirun', '-n', '12', '-machinefile', '/home/ubuntu/machinefile', '/home/ubuntu/repositorios/elastichpc/beta/trials/Matrix.py', '10000', '/home/ubuntu/teste.mtr_5']
1498334419.471040|PLATFORM: State = |0.25|1.19167|1851.33|6|
1498334430.519035|PLATFORM: State = |0.25|1.37|1878.17|6|
1498334441.599585|PLATFORM: State = |0.25|1.49167|2005.83|6|
1498334452.691662|PLATFORM: State = |0.25|1.60833|2006.33|6|
1498334463.811543|PLATFORM: State = |0.25|1.71833|2006.17|6|
1498334474.879953|PLATFORM: State = |0.25|1.79|2006.67|6|
1498334486.000050|PLATFORM: State = |0.25|1.85333|2006.33|6|
1498334497.055491|PLATFORM: State = |0.25|1.90667|2006.33|6|
1498334508.131431|PLATFORM: State = |0.25|1.92|2006.5|6|
1498334519.158489|PLATFORM: State = |0.25|1.935|2006.33|6|
1498334530.239407|PLATFORM: State = |0.25|1.945|2006.33|6|
1498334541.294765|PLATFORM: State = |0.25|1.89167|1337.5|6|
1498334551.893739|PLATFORM: State = |0.25|1.61333|500.5|6|
1498334562.547711|PLATFORM: State = |0.25|1.39833|500.5|6|
1498334573.241206|PLATFORM: State = |0.25|1.20833|500.5|6|
1498334583.898724|PLATFORM: State = |0.25|1.06333|500.167|6|
1498334594.549100|PLATFORM: State = |0.25|0.96|500.5|6|
1498334600.768503|COMPUTATION: End (MatrixSize, Iteration) = |10000|5|
1498334600.954304|COMPUTATION: Execution = Warning: Permanently added '10.10.10.7' (ECDSA) to the list of known hosts.
Warning: Permanently added '10.10.10.4' (ECDSA) to the list of known hosts.
Warning: Permanently added '10.10.10.5' (ECDSA) to the list of known hosts.
Warning: Permanently added '10.10.10.6' (ECDSA) to the list of known hosts.
Warning: Permanently added '10.10.10.8' (ECDSA) to the list of known hosts.
|None
1498334600.954449|COMPUTATION: Progress = 0.3
1498334600.954512|COMPUTATION: Start (MatrixSize, Iteration) = |10000|6|
1498334600.954735|COMPUTATION: ['mpirun', '-n', '12', '-machinefile', '/home/ubuntu/machinefile', '/home/ubuntu/repositorios/elastichpc/beta/trials/Matrix.py', '10000', '/home/ubuntu/teste.mtr_6']
1498334605.571123|PLATFORM: State = |0.300000011921|0.991667|1794.67|6|
1498334616.639193|PLATFORM: State = |0.300000011921|1.16167|1878.33|6|
1498334627.774584|PLATFORM: State = |0.300000011921|1.32667|1879|6|
1498334638.923938|PLATFORM: State = |0.300000011921|1.43|2005.83|6|
1498334650.055917|PLATFORM: State = |0.300000011921|1.545|2005.83|6|
1498334661.151829|PLATFORM: State = |0.300000011921|1.64|2006.17|6|
1498334672.230562|PLATFORM: State = |0.300000011921|1.7|2006.17|6|
1498334683.363974|PLATFORM: State = |0.300000011921|1.75|2006|6|
1498334694.452579|PLATFORM: State = |0.300000011921|1.82333|2005.67|6|
1498334705.532652|PLATFORM: State = |0.300000011921|1.865|2005.83|6|
1498334716.599873|PLATFORM: State = |0.300000011921|1.88667|2005.83|6|
1498334727.627382|PLATFORM: State = |0.300000011921|1.95167|1624.33|6|
1498334738.254517|PLATFORM: State = |0.300000011921|1.79167|500.167|6|
1498334748.867346|PLATFORM: State = |0.300000011921|1.54|500.167|6|
1498334759.491505|PLATFORM: State = |0.300000011921|1.375|500|6|
1498334770.115018|PLATFORM: State = |0.300000011921|1.235|500.333|6|
1498334780.783582|PLATFORM: State = |0.300000011921|1.09667|500.167|6|
1498334790.066379|COMPUTATION: End (MatrixSize, Iteration) = |10000|6|
1498334790.238849|COMPUTATION: Execution = Warning: Permanently added '10.10.10.4' (ECDSA) to the list of known hosts.
Warning: Permanently added '10.10.10.7' (ECDSA) to the list of known hosts.
Warning: Permanently added '10.10.10.5' (ECDSA) to the list of known hosts.
Warning: Permanently added '10.10.10.6' (ECDSA) to the list of known hosts.
Warning: Permanently added '10.10.10.8' (ECDSA) to the list of known hosts.
|None
1498334790.239029|COMPUTATION: Progress = 0.35
1498334790.239077|COMPUTATION: Start (MatrixSize, Iteration) = |10000|7|
1498334790.239397|COMPUTATION: ['mpirun', '-n', '12', '-machinefile', '/home/ubuntu/machinefile', '/home/ubuntu/repositorios/elastichpc/beta/trials/Matrix.py', '10000', '/home/ubuntu/teste.mtr_7']
1498334791.579516|PLATFORM: State = |0.34999999404|0.968333|69.3333|6|
1498334802.669304|PLATFORM: State = |0.34999999404|1.16667|1878.83|6|
1498334813.775011|PLATFORM: State = |0.34999999404|1.295|1878.33|6|
1498334824.927416|PLATFORM: State = |0.34999999404|1.45|2006.5|6|
1498334836.073633|PLATFORM: State = |0.34999999404|1.595|2006.33|6|
1498334847.187181|PLATFORM: State = |0.34999999404|1.67833|2006.17|6|
1498334858.295432|PLATFORM: State = |0.34999999404|1.75833|2006.17|6|
1498334869.391170|PLATFORM: State = |0.34999999404|1.83167|2006.5|6|
1498334880.447682|PLATFORM: State = |0.34999999404|1.89667|2006.17|6|
1498334891.555840|PLATFORM: State = |0.34999999404|1.93|2006.17|6|
1498334902.647030|PLATFORM: State = |0.34999999404|1.96833|2006.5|6|
1498334913.712936|PLATFORM: State = |0.34999999404|1.97333|2006.5|6|
1498334924.330894|PLATFORM: State = |0.34999999404|1.78667|500.5|6|
1498334934.980280|PLATFORM: State = |0.34999999404|1.55167|500.5|6|
1498334945.686207|PLATFORM: State = |0.34999999404|1.36833|500.667|6|
1498334956.315431|PLATFORM: State = |0.34999999404|1.17833|500.667|6|
1498334967.347146|PLATFORM: State = |0.34999999404|1.04833|500.167|6|
1498334969.556053|COMPUTATION: End (MatrixSize, Iteration) = |10000|7|
1498334969.767948|COMPUTATION: Execution = Warning: Permanently added '10.10.10.7' (ECDSA) to the list of known hosts.
Warning: Permanently added '10.10.10.4' (ECDSA) to the list of known hosts.
Warning: Permanently added '10.10.10.5' (ECDSA) to the list of known hosts.
Warning: Permanently added '10.10.10.6' (ECDSA) to the list of known hosts.
Warning: Permanently added '10.10.10.8' (ECDSA) to the list of known hosts.
|None
1498334969.768117|COMPUTATION: Progress = 0.4
1498334969.768170|COMPUTATION: Start (MatrixSize, Iteration) = |10000|8|
1498334969.768509|COMPUTATION: ['mpirun', '-n', '12', '-machinefile', '/home/ubuntu/machinefile', '/home/ubuntu/repositorios/elastichpc/beta/trials/Matrix.py', '10000', '/home/ubuntu/teste.mtr_8']
1498334978.416576|PLATFORM: State = |0.40000000596|1.13667|1877|6|
1498334989.468146|PLATFORM: State = |0.40000000596|1.34667|1878.5|6|
1498335000.566117|PLATFORM: State = |0.40000000596|1.47833|2006.17|6|
1498335011.725241|PLATFORM: State = |0.40000000596|1.58|2006|6|
1498335022.829618|PLATFORM: State = |0.40000000596|1.68333|2005.67|6|
1498335033.928434|PLATFORM: State = |0.40000000596|1.73167|2006.17|6|
1498335045.049381|PLATFORM: State = |0.40000000596|1.82167|2006|6|
1498335056.124502|PLATFORM: State = |0.40000000596|1.895|2006.17|6|
1498335067.250456|PLATFORM: State = |0.40000000596|1.925|2006.17|6|
1498335078.384627|PLATFORM: State = |0.40000000596|1.95167|2006.17|6|
1498335089.664495|PLATFORM: State = |0.40000000596|1.99|2006.17|6|
1498335100.728263|PLATFORM: State = |0.40000000596|1.88667|1212.5|6|
1498335111.411462|PLATFORM: State = |0.40000000596|1.66|500.833|6|
1498335122.073204|PLATFORM: State = |0.40000000596|1.455|500.833|6|
1498335132.772196|PLATFORM: State = |0.40000000596|1.305|500.5|6|
1498335143.414601|PLATFORM: State = |0.40000000596|1.12833|500.833|6|
1498335154.107306|PLATFORM: State = |0.40000000596|1.02|500.833|6|
1498335155.757149|COMPUTATION: End (MatrixSize, Iteration) = |10000|8|
1498335155.969451|COMPUTATION: Execution = Warning: Permanently added '10.10.10.4' (ECDSA) to the list of known hosts.
Warning: Permanently added '10.10.10.7' (ECDSA) to the list of known hosts.
Warning: Permanently added '10.10.10.5' (ECDSA) to the list of known hosts.
Warning: Permanently added '10.10.10.8' (ECDSA) to the list of known hosts.
Warning: Permanently added '10.10.10.6' (ECDSA) to the list of known hosts.
|None
1498335155.969788|COMPUTATION: Progress = 0.45
1498335155.969849|COMPUTATION: Start (MatrixSize, Iteration) = |10000|9|
1498335155.970197|COMPUTATION: ['mpirun', '-n', '12', '-machinefile', '/home/ubuntu/machinefile', '/home/ubuntu/repositorios/elastichpc/beta/trials/Matrix.py', '10000', '/home/ubuntu/teste.mtr_9']
1498335165.193591|PLATFORM: State = |0.449999988079|1.10167|1878.17|6|
1498335176.313660|PLATFORM: State = |0.449999988079|1.28|1878.83|6|
1498335187.363192|PLATFORM: State = |0.449999988079|1.41167|2006|6|
1498335198.494875|PLATFORM: State = |0.449999988079|1.52667|2006|6|
1498335209.574978|PLATFORM: State = |0.449999988079|1.64|2006.33|6|
1498335220.670364|PLATFORM: State = |0.449999988079|1.69667|2006.5|6|
1498335231.765534|PLATFORM: State = |0.449999988079|1.76167|2006|6|
1498335242.870887|PLATFORM: State = |0.449999988079|1.815|2006.5|6|
1498335253.974737|PLATFORM: State = |0.449999988079|1.84667|2006|6|
1498335265.032397|PLATFORM: State = |0.449999988079|1.90167|2006.17|6|
1498335276.105548|PLATFORM: State = |0.449999988079|1.93167|2006.17|6|
1498335286.745925|PLATFORM: State = |0.449999988079|1.835|500.167|6|
1498335297.354817|PLATFORM: State = |0.449999988079|1.635|500.833|6|
1498335307.987924|PLATFORM: State = |0.449999988079|1.43|500|6|
1498335318.740203|PLATFORM: State = |0.449999988079|1.235|500.5|6|
1498335329.362217|PLATFORM: State = |0.449999988079|1.06833|500.667|6|
1498335340.370868|PLATFORM: State = |0.449999988079|0.923333|499.5|6|
1498335343.148521|COMPUTATION: End (MatrixSize, Iteration) = |10000|9|
1498335344.263732|COMPUTATION: Execution = Warning: Permanently added '10.10.10.4' (ECDSA) to the list of known hosts.
Warning: Permanently added '10.10.10.7' (ECDSA) to the list of known hosts.
Warning: Permanently added '10.10.10.5' (ECDSA) to the list of known hosts.
Warning: Permanently added '10.10.10.6' (ECDSA) to the list of known hosts.
Warning: Permanently added '10.10.10.8' (ECDSA) to the list of known hosts.
|None
1498335344.264236|COMPUTATION: Progress = 0.5
1498335344.264390|COMPUTATION: Start (MatrixSize, Iteration) = |10000|10|
1498335344.264955|COMPUTATION: ['mpirun', '-n', '12', '-machinefile', '/home/ubuntu/machinefile', '/home/ubuntu/repositorios/elastichpc/beta/trials/Matrix.py', '10000', '/home/ubuntu/teste.mtr_10']
1498335351.422562|PLATFORM: State = |0.5|0.97|1854.83|6|
1498335362.472271|PLATFORM: State = |0.5|1.15333|1878.17|6|
1498335373.555233|PLATFORM: State = |0.5|1.31167|2006.33|6|
1498335384.695539|PLATFORM: State = |0.5|1.465|2005.83|6|
1498335395.871428|PLATFORM: State = |0.5|1.56333|2006.33|6|
1498335406.995550|PLATFORM: State = |0.5|1.64833|2006.33|6|
1498335418.063004|PLATFORM: State = |0.5|1.74|2006.17|6|
1498335429.166439|PLATFORM: State = |0.5|1.78|2006.33|6|
1498335440.255749|PLATFORM: State = |0.5|1.84833|2006.5|6|
1498335451.306342|PLATFORM: State = |0.5|1.88667|2006.33|6|
1498335462.408483|PLATFORM: State = |0.5|1.905|2006.17|6|
1498335473.352802|PLATFORM: State = |0.5|1.88333|1088|6|
1498335483.995527|PLATFORM: State = |0.5|1.61833|500|6|
1498335494.662435|PLATFORM: State = |0.5|1.41|500.333|6|
1498335505.519940|PLATFORM: State = |0.5|1.28|500.333|6|
1498335516.208672|PLATFORM: State = |0.5|1.10667|500|6|
1498335526.177979|COMPUTATION: End (MatrixSize, Iteration) = |10000|10|
1498335526.444396|COMPUTATION: Execution = Warning: Permanently added '10.10.10.5' (ECDSA) to the list of known hosts.
Warning: Permanently added '10.10.10.7' (ECDSA) to the list of known hosts.
Warning: Permanently added '10.10.10.4' (ECDSA) to the list of known hosts.
Warning: Permanently added '10.10.10.6' (ECDSA) to the list of known hosts.
Warning: Permanently added '10.10.10.8' (ECDSA) to the list of known hosts.
|None
1498335526.444560|COMPUTATION: Progress = 0.55
1498335526.444614|COMPUTATION: Start (MatrixSize, Iteration) = |10000|11|
1498335526.444834|COMPUTATION: ['mpirun', '-n', '12', '-machinefile', '/home/ubuntu/machinefile', '/home/ubuntu/repositorios/elastichpc/beta/trials/Matrix.py', '10000', '/home/ubuntu/teste.mtr_11']
1498335526.932793|PLATFORM: State = |0.5|0.978333|64.8333|6|
1498335537.973238|PLATFORM: State = |0.550000011921|1.15|1878.5|6|
1498335549.040244|PLATFORM: State = |0.550000011921|1.29|2005.67|6|
1498335560.195837|PLATFORM: State = |0.550000011921|1.41833|2005.67|6|
1498335571.297837|PLATFORM: State = |0.550000011921|1.52333|2005.67|6|
1498335582.367133|PLATFORM: State = |0.550000011921|1.605|2006.17|6|
1498335593.469190|PLATFORM: State = |0.550000011921|1.71833|2006.33|6|
1498335604.540188|PLATFORM: State = |0.550000011921|1.76167|2005.83|6|
1498335615.612142|PLATFORM: State = |0.550000011921|1.82167|2005.83|6|
1498335626.668024|PLATFORM: State = |0.550000011921|1.86333|2005.33|6|
1498335637.717314|PLATFORM: State = |0.550000011921|1.91333|2006|6|
1498335649.096459|PLATFORM: State = |0.550000011921|1.96667|1892|6|
1498335659.969479|PLATFORM: State = |0.550000011921|1.77667|937.667|6|
1498335670.683828|PLATFORM: State = |0.550000011921|1.54|500.333|6|
1498335681.415260|PLATFORM: State = |0.550000011921|1.345|499.833|6|
1498335692.138903|PLATFORM: State = |0.550000011921|1.14833|500.667|6|
1498335702.826210|PLATFORM: State = |0.550000011921|1.02|499.833|6|
1498335711.733177|COMPUTATION: End (MatrixSize, Iteration) = |10000|11|
1498335711.922509|COMPUTATION: Execution = Warning: Permanently added '10.10.10.4' (ECDSA) to the list of known hosts.
Warning: Permanently added '10.10.10.7' (ECDSA) to the list of known hosts.
Warning: Permanently added '10.10.10.5' (ECDSA) to the list of known hosts.
Warning: Permanently added '10.10.10.6' (ECDSA) to the list of known hosts.
Warning: Permanently added '10.10.10.8' (ECDSA) to the list of known hosts.
|None
1498335711.922703|COMPUTATION: Progress = 0.6
1498335711.922760|COMPUTATION: Start (MatrixSize, Iteration) = |10000|12|
1498335711.923024|COMPUTATION: ['mpirun', '-n', '12', '-machinefile', '/home/ubuntu/machinefile', '/home/ubuntu/repositorios/elastichpc/beta/trials/Matrix.py', '10000', '/home/ubuntu/teste.mtr_12']
1498335713.883401|PLATFORM: State = |0.600000023842|0.958333|1029.83|6|
1498335724.934862|PLATFORM: State = |0.600000023842|1.18333|1878.83|6|
1498335736.057070|PLATFORM: State = |0.600000023842|1.34167|2006|6|
1498335747.164896|PLATFORM: State = |0.600000023842|1.47833|2006|6|
1498335758.276922|PLATFORM: State = |0.600000023842|1.58167|2006|6|
1498335769.339419|PLATFORM: State = |0.600000023842|1.65|2006.33|6|
1498335780.424827|PLATFORM: State = |0.600000023842|1.74|2006.33|6|
1498335791.540941|PLATFORM: State = |0.600000023842|1.795|2006.33|6|
1498335802.643760|PLATFORM: State = |0.600000023842|1.83167|2006|6|
1498335813.677639|PLATFORM: State = |0.600000023842|1.87333|2005.83|6|
1498335824.751594|PLATFORM: State = |0.600000023842|1.89333|2006|6|
1498335836.202010|PLATFORM: State = |0.600000023842|1.91333|1952.17|6|
1498335846.879292|PLATFORM: State = |0.600000023842|1.635|501.167|6|
1498335857.548857|PLATFORM: State = |0.600000023842|1.405|500.833|6|
1498335868.263982|PLATFORM: State = |0.600000023842|1.30833|500.833|6|
1498335878.997005|PLATFORM: State = |0.600000023842|1.16833|500.833|6|
1498335889.645943|PLATFORM: State = |0.600000023842|1.04|500.667|6|
1498335891.659084|COMPUTATION: End (MatrixSize, Iteration) = |10000|12|
1498335891.829115|COMPUTATION: Execution = Warning: Permanently added '10.10.10.4' (ECDSA) to the list of known hosts.
Warning: Permanently added '10.10.10.7' (ECDSA) to the list of known hosts.
Warning: Permanently added '10.10.10.5' (ECDSA) to the list of known hosts.
Warning: Permanently added '10.10.10.6' (ECDSA) to the list of known hosts.
Warning: Permanently added '10.10.10.8' (ECDSA) to the list of known hosts.
|None
1498335891.829375|COMPUTATION: Progress = 0.65
1498335891.829424|COMPUTATION: Start (MatrixSize, Iteration) = |10000|13|
1498335891.829697|COMPUTATION: ['mpirun', '-n', '12', '-machinefile', '/home/ubuntu/machinefile', '/home/ubuntu/repositorios/elastichpc/beta/trials/Matrix.py', '10000', '/home/ubuntu/teste.mtr_13']
1498335900.708321|PLATFORM: State = |0.649999976158|1.24|1878.5|6|
1498335911.807975|PLATFORM: State = |0.649999976158|1.49333|1878.33|6|
1498335922.944547|PLATFORM: State = |0.649999976158|1.59167|2006.17|6|
1498335934.056271|PLATFORM: State = |0.649999976158|1.675|2006.17|6|
1498335945.173384|PLATFORM: State = |0.649999976158|1.76333|2006|6|
1498335956.265571|PLATFORM: State = |0.649999976158|1.87667|2006.5|6|
1498335967.397199|PLATFORM: State = |0.649999976158|1.915|2006.33|6|
1498335978.513120|PLATFORM: State = |0.649999976158|1.95833|2006.33|6|
1498335989.575321|PLATFORM: State = |0.649999976158|1.96667|2006.17|6|
1498336000.669441|PLATFORM: State = |0.649999976158|2.06333|2006.33|6|
1498336011.785428|PLATFORM: State = |0.649999976158|2.105|2006.33|6|
1498336022.467091|PLATFORM: State = |0.649999976158|1.98333|499.833|6|
1498336033.088284|PLATFORM: State = |0.649999976158|1.72|500.167|6|
1498336043.715314|PLATFORM: State = |0.649999976158|1.51333|500.167|6|
1498336054.375204|PLATFORM: State = |0.649999976158|1.30667|500|6|
1498336065.085667|PLATFORM: State = |0.649999976158|1.15167|500.167|6|
1498336075.802953|PLATFORM: State = |0.649999976158|1.05|500.333|6|
1498336086.459474|PLATFORM: State = |0.649999976158|0.903333|500.333|6|
1498336088.497965|COMPUTATION: End (MatrixSize, Iteration) = |10000|13|
1498336089.765954|COMPUTATION: Execution = Warning: Permanently added '10.10.10.4' (ECDSA) to the list of known hosts.
Warning: Permanently added '10.10.10.7' (ECDSA) to the list of known hosts.
Warning: Permanently added '10.10.10.5' (ECDSA) to the list of known hosts.
Warning: Permanently added '10.10.10.6' (ECDSA) to the list of known hosts.
Warning: Permanently added '10.10.10.8' (ECDSA) to the list of known hosts.
|None
1498336089.766362|COMPUTATION: Progress = 0.7
1498336089.766460|COMPUTATION: Start (MatrixSize, Iteration) = |10000|14|
1498336089.767098|COMPUTATION: ['mpirun', '-n', '12', '-machinefile', '/home/ubuntu/machinefile', '/home/ubuntu/repositorios/elastichpc/beta/trials/Matrix.py', '10000', '/home/ubuntu/teste.mtr_14']
1498336097.572270|PLATFORM: State = |0.699999988079|0.978333|1867.5|6|
1498336108.628816|PLATFORM: State = |0.699999988079|1.18667|1878.83|6|
1498336119.748237|PLATFORM: State = |0.699999988079|1.31167|2006.33|6|
1498336130.826148|PLATFORM: State = |0.699999988079|1.46667|2006.33|6|
1498336141.897858|PLATFORM: State = |0.699999988079|1.58667|2006.17|6|
1498336152.996422|PLATFORM: State = |0.699999988079|1.64833|2006.5|6|
1498336164.053411|PLATFORM: State = |0.699999988079|1.72667|2006.5|6|
1498336175.257615|PLATFORM: State = |0.699999988079|1.80333|2006.33|6|
1498336186.342306|PLATFORM: State = |0.699999988079|1.84833|2006.5|6|
1498336197.429770|PLATFORM: State = |0.699999988079|1.88667|2006.33|6|
1498336208.556494|PLATFORM: State = |0.699999988079|1.935|2006.17|6|
1498336219.579841|PLATFORM: State = |0.699999988079|1.93333|1812.83|6|
1498336230.222677|PLATFORM: State = |0.699999988079|1.66667|500.667|6|
1498336240.876599|PLATFORM: State = |0.699999988079|1.41333|500.833|6|
1498336251.575801|PLATFORM: State = |0.699999988079|1.24167|500.667|6|
1498336262.268446|PLATFORM: State = |0.699999988079|1.125|500.333|6|
1498336273.035429|PLATFORM: State = |0.699999988079|0.978333|500.5|6|
1498336273.622305|COMPUTATION: End (MatrixSize, Iteration) = |10000|14|
1498336275.346248|COMPUTATION: Execution = Warning: Permanently added '10.10.10.4' (ECDSA) to the list of known hosts.
Warning: Permanently added '10.10.10.5' (ECDSA) to the list of known hosts.
Warning: Permanently added '10.10.10.7' (ECDSA) to the list of known hosts.
Warning: Permanently added '10.10.10.6' (ECDSA) to the list of known hosts.
Warning: Permanently added '10.10.10.8' (ECDSA) to the list of known hosts.
|None
1498336275.346719|COMPUTATION: Progress = 0.75
1498336275.346827|COMPUTATION: Start (MatrixSize, Iteration) = |10000|15|
1498336275.347318|COMPUTATION: ['mpirun', '-n', '12', '-machinefile', '/home/ubuntu/machinefile', '/home/ubuntu/repositorios/elastichpc/beta/trials/Matrix.py', '10000', '/home/ubuntu/teste.mtr_15']
1498336284.087391|PLATFORM: State = |0.75|1.04833|1878.17|6|
1498336295.158867|PLATFORM: State = |0.75|1.19667|1878.5|6|
1498336306.245846|PLATFORM: State = |0.75|1.36167|2005.5|6|
1498336317.353752|PLATFORM: State = |0.75|1.46833|2005.83|6|
1498336328.441026|PLATFORM: State = |0.75|1.57|2005.67|6|
1498336339.505873|PLATFORM: State = |0.75|1.65333|2006|6|
1498336350.592595|PLATFORM: State = |0.75|1.77167|2006|6|
1498336361.654291|PLATFORM: State = |0.75|1.80833|2006.17|6|
1498336372.713610|PLATFORM: State = |0.75|1.87|2006|6|
1498336383.786027|PLATFORM: State = |0.75|1.91833|2006|6|
1498336395.076325|PLATFORM: State = |0.75|1.93333|2006|6|
1498336406.109793|PLATFORM: State = |0.75|1.945|1316.83|6|
1498336416.771648|PLATFORM: State = |0.75|1.84333|499.833|6|
1498336427.457674|PLATFORM: State = |0.75|1.615|500.333|6|
1498336438.164847|PLATFORM: State = |0.75|1.43|499.833|6|
1498336448.804956|PLATFORM: State = |0.75|1.26|499.833|6|
1498336459.423346|PLATFORM: State = |0.75|1.12667|500|6|
1498336465.498267|COMPUTATION: End (MatrixSize, Iteration) = |10000|15|
1498336465.661678|COMPUTATION: Execution = Warning: Permanently added '10.10.10.4' (ECDSA) to the list of known hosts.
Warning: Permanently added '10.10.10.7' (ECDSA) to the list of known hosts.
Warning: Permanently added '10.10.10.5' (ECDSA) to the list of known hosts.
Warning: Permanently added '10.10.10.6' (ECDSA) to the list of known hosts.
Warning: Permanently added '10.10.10.8' (ECDSA) to the list of known hosts.
|None
1498336465.661903|COMPUTATION: Progress = 0.8
1498336465.661962|COMPUTATION: Start (MatrixSize, Iteration) = |10000|16|
1498336465.662239|COMPUTATION: ['mpirun', '-n', '12', '-machinefile', '/home/ubuntu/machinefile', '/home/ubuntu/repositorios/elastichpc/beta/trials/Matrix.py', '10000', '/home/ubuntu/teste.mtr_16']
1498336470.489007|PLATFORM: State = |0.800000011921|1.12|1812.17|6|
1498336481.522011|PLATFORM: State = |0.800000011921|1.27|1878.5|6|
1498336492.589704|PLATFORM: State = |0.800000011921|1.405|2006.17|6|
1498336503.640507|PLATFORM: State = |0.800000011921|1.52|2006|6|
1498336514.745261|PLATFORM: State = |0.800000011921|1.625|2006.33|6|
1498336525.850286|PLATFORM: State = |0.800000011921|1.69667|2006.17|6|
1498336536.928997|PLATFORM: State = |0.800000011921|1.75667|2005.83|6|
1498336548.009591|PLATFORM: State = |0.800000011921|1.79833|2006.17|6|
1498336559.126813|PLATFORM: State = |0.800000011921|1.87333|2006.33|6|
1498336570.230182|PLATFORM: State = |0.800000011921|1.89333|2006|6|
1498336581.313962|PLATFORM: State = |0.800000011921|1.94167|2006.17|6|
1498336592.388671|PLATFORM: State = |0.800000011921|1.97667|2006.17|6|
1498336603.031423|PLATFORM: State = |0.800000011921|1.84833|500.333|6|
1498336613.768251|PLATFORM: State = |0.800000011921|1.59167|500.833|6|
1498336624.720706|PLATFORM: State = |0.800000011921|1.37833|500.5|6|
1498336635.407570|PLATFORM: State = |0.800000011921|1.21667|501.167|6|
1498336646.124149|PLATFORM: State = |0.800000011921|1.055|501|6|
1498336650.901894|COMPUTATION: End (MatrixSize, Iteration) = |10000|16|
1498336651.108937|COMPUTATION: Execution = Warning: Permanently added '10.10.10.4' (ECDSA) to the list of known hosts.
Warning: Permanently added '10.10.10.7' (ECDSA) to the list of known hosts.
Warning: Permanently added '10.10.10.5' (ECDSA) to the list of known hosts.
Warning: Permanently added '10.10.10.6' (ECDSA) to the list of known hosts.
Warning: Permanently added '10.10.10.8' (ECDSA) to the list of known hosts.
|None
1498336651.109186|COMPUTATION: Progress = 0.85
1498336651.109238|COMPUTATION: Start (MatrixSize, Iteration) = |10000|17|
1498336651.109517|COMPUTATION: ['mpirun', '-n', '12', '-machinefile', '/home/ubuntu/machinefile', '/home/ubuntu/repositorios/elastichpc/beta/trials/Matrix.py', '10000', '/home/ubuntu/teste.mtr_17']
1498336657.229556|PLATFORM: State = |0.850000023842|1.08333|1840.33|6|
1498336668.336435|PLATFORM: State = |0.850000023842|1.235|1878.5|6|
1498336679.433993|PLATFORM: State = |0.850000023842|1.385|2006.17|6|
1498336690.517578|PLATFORM: State = |0.850000023842|1.48|2006.33|6|
1498336701.642958|PLATFORM: State = |0.850000023842|1.60333|2006.5|6|
1498336712.744919|PLATFORM: State = |0.850000023842|1.66667|2006.5|6|
1498336723.889178|PLATFORM: State = |0.850000023842|1.725|2006.17|6|
1498336734.993205|PLATFORM: State = |0.850000023842|1.77|2006.33|6|
1498336746.065295|PLATFORM: State = |0.850000023842|1.855|2006.33|6|
1498336757.166193|PLATFORM: State = |0.850000023842|1.88667|2006.67|6|
1498336768.266100|PLATFORM: State = |0.850000023842|1.92167|2006.33|6|
1498336780.535187|PLATFORM: State = |0.850000023842|1.94|1945.17|6|
1498336791.187190|PLATFORM: State = |0.850000023842|1.68167|501.333|6|
1498336801.819839|PLATFORM: State = |0.850000023842|1.45|501.167|6|
1498336812.423152|PLATFORM: State = |0.850000023842|1.38|500.833|6|
1498336823.071251|PLATFORM: State = |0.850000023842|1.21833|500.5|6|
1498336833.686462|PLATFORM: State = |0.850000023842|1.07167|500.833|6|
1498336834.274684|COMPUTATION: End (MatrixSize, Iteration) = |10000|17|
1498336835.763091|COMPUTATION: Execution = Warning: Permanently added '10.10.10.4' (ECDSA) to the list of known hosts.
Warning: Permanently added '10.10.10.7' (ECDSA) to the list of known hosts.
Warning: Permanently added '10.10.10.5' (ECDSA) to the list of known hosts.
Warning: Permanently added '10.10.10.6' (ECDSA) to the list of known hosts.
Warning: Permanently added '10.10.10.8' (ECDSA) to the list of known hosts.
|None
1498336835.763455|COMPUTATION: Progress = 0.9
1498336835.763566|COMPUTATION: Start (MatrixSize, Iteration) = |10000|18|
1498336835.764025|COMPUTATION: ['mpirun', '-n', '12', '-machinefile', '/home/ubuntu/machinefile', '/home/ubuntu/repositorios/elastichpc/beta/trials/Matrix.py', '10000', '/home/ubuntu/teste.mtr_18']
1498336844.734171|PLATFORM: State = |0.899999976158|1.14667|1878.5|6|
1498336855.777629|PLATFORM: State = |0.899999976158|1.32667|1878.33|6|
1498336866.911111|PLATFORM: State = |0.899999976158|1.45|2005.83|6|
1498336877.978589|PLATFORM: State = |0.899999976158|1.555|2006.17|6|
1498336889.104841|PLATFORM: State = |0.899999976158|1.62833|2006.17|6|
1498336900.225067|PLATFORM: State = |0.899999976158|1.71667|2006.17|6|
1498336911.337302|PLATFORM: State = |0.899999976158|1.795|2006|6|
1498336922.426748|PLATFORM: State = |0.899999976158|1.865|2006.17|6|
1498336933.518255|PLATFORM: State = |0.899999976158|1.91333|2005.83|6|
1498336944.618452|PLATFORM: State = |0.899999976158|1.94333|2006|6|
1498336955.667279|PLATFORM: State = |0.899999976158|1.96333|2006|6|
1498336966.325607|PLATFORM: State = |0.899999976158|1.77667|500.333|6|
1498336976.963595|PLATFORM: State = |0.899999976158|1.53|500.167|6|
1498336987.793503|PLATFORM: State = |0.899999976158|1.30167|499.833|6|
1498336998.444643|PLATFORM: State = |0.899999976158|1.12667|500.333|6|
1498337009.112847|PLATFORM: State = |0.899999976158|1.01667|500|6|
1498337012.831374|COMPUTATION: End (MatrixSize, Iteration) = |10000|18|
1498337014.199638|COMPUTATION: Execution = Warning: Permanently added '10.10.10.4' (ECDSA) to the list of known hosts.
Warning: Permanently added '10.10.10.5' (ECDSA) to the list of known hosts.
Warning: Permanently added '10.10.10.7' (ECDSA) to the list of known hosts.
Warning: Permanently added '10.10.10.6' (ECDSA) to the list of known hosts.
Warning: Permanently added '10.10.10.8' (ECDSA) to the list of known hosts.
|None
1498337014.199999|COMPUTATION: Progress = 0.95
1498337014.200100|COMPUTATION: Start (MatrixSize, Iteration) = |10000|19|
1498337014.200549|COMPUTATION: ['mpirun', '-n', '12', '-machinefile', '/home/ubuntu/machinefile', '/home/ubuntu/repositorios/elastichpc/beta/trials/Matrix.py', '10000', '/home/ubuntu/teste.mtr_19']
1498337020.157922|PLATFORM: State = |0.949999988079|0.993333|1832.17|6|
1498337031.208487|PLATFORM: State = |0.949999988079|1.17167|1878.5|6|
1498337042.308948|PLATFORM: State = |0.949999988079|1.30833|2006.17|6|
1498337053.450215|PLATFORM: State = |0.949999988079|1.46333|2005.5|6|
1498337064.628806|PLATFORM: State = |0.949999988079|1.58667|2005.5|6|
1498337075.826182|PLATFORM: State = |0.949999988079|1.65|2005.5|6|
1498337086.917890|PLATFORM: State = |0.949999988079|1.75333|2005.67|6|
1498337098.006232|PLATFORM: State = |0.949999988079|1.80667|2006.17|6|
1498337109.313354|PLATFORM: State = |0.949999988079|1.84167|2006|6|
1498337120.441334|PLATFORM: State = |0.949999988079|1.86667|2005.67|6|
1498337131.538247|PLATFORM: State = |0.949999988079|1.93333|2006.17|6|
1498337142.260367|PLATFORM: State = |0.949999988079|1.765|499.833|6|
1498337152.927390|PLATFORM: State = |0.949999988079|1.49833|500.333|6|
1498337163.616053|PLATFORM: State = |0.949999988079|1.29167|500.167|6|
1498337174.267718|PLATFORM: State = |0.949999988079|1.11667|500.5|6|
1498337184.926417|PLATFORM: State = |0.949999988079|0.97|500.333|6|
1498337189.736085|COMPUTATION: End (MatrixSize, Iteration) = |10000|19|
1498337189.951493|COMPUTATION: Execution = Warning: Permanently added '10.10.10.4' (ECDSA) to the list of known hosts.
Warning: Permanently added '10.10.10.7' (ECDSA) to the list of known hosts.
Warning: Permanently added '10.10.10.5' (ECDSA) to the list of known hosts.
Warning: Permanently added '10.10.10.6' (ECDSA) to the list of known hosts.
Warning: Permanently added '10.10.10.8' (ECDSA) to the list of known hosts.
|None
1498337189.951745|COMPUTATION: Progress = 1.0
1498337189.952088|COMPUTATION: Finish Computation.
1498337195.608185|PLATFORM: State = |1.0|0.835|63.3333|6|
1498337195.608570|PLATFORM: Finish Platform.
1498337195.614992|PLATFORM: Elapsed = 3686.00406408
1498337195.617287|PLATFORM: Execution Log = [(1498333509.603926, {'compute_state': 0.0, 'resource_state': '0.31|1877.17', 'nodes': 6}), (1498333520.723728, {'compute_state': 0.0, 'resource_state': '0.613333|1877.67', 'nodes': 6}), (1498333531.809285, {'compute_state': 0.0, 'resource_state': '0.926667|2005', 'nodes': 6}), (1498333542.984024, {'compute_state': 0.0, 'resource_state': '1.08667|2005.5', 'nodes': 6}), (1498333554.117873, {'compute_state': 0.0, 'resource_state': '1.30167|2005.5', 'nodes': 6}), (1498333565.243932, {'compute_state': 0.0, 'resource_state': '1.43|2005.5', 'nodes': 6}), (1498333576.360041, {'compute_state': 0.0, 'resource_state': '1.52667|2005.33', 'nodes': 6}), (1498333587.459958, {'compute_state': 0.0, 'resource_state': '1.60333|2005.67', 'nodes': 6}), (1498333598.547954, {'compute_state': 0.0, 'resource_state': '1.675|2006', 'nodes': 6}), (1498333609.667969, {'compute_state': 0.0, 'resource_state': '1.74333|2006', 'nodes': 6}), (1498333620.748107, {'compute_state': 0.0, 'resource_state': '1.785|2005.67', 'nodes': 6}), (1498333631.383109, {'compute_state': 0.0, 'resource_state': '1.675|501', 'nodes': 6}), (1498333642.031012, {'compute_state': 0.0, 'resource_state': '1.45|500.833', 'nodes': 6}), (1498333652.715092, {'compute_state': 0.0, 'resource_state': '1.29|501', 'nodes': 6}), (1498333663.42041, {'compute_state': 0.0, 'resource_state': '1.08833|500.333', 'nodes': 6}), (1498333674.086774, {'compute_state': 0.0, 'resource_state': '0.966667|500.833', 'nodes': 6}), (1498333685.173918, {'compute_state': 0.05000000074505806, 'resource_state': '1.01833|1813.17', 'nodes': 6}), (1498333696.25412, {'compute_state': 0.05000000074505806, 'resource_state': '1.195|1879', 'nodes': 6}), (1498333707.339882, {'compute_state': 0.05000000074505806, 'resource_state': '1.355|2006.17', 'nodes': 6}), (1498333718.423209, {'compute_state': 0.05000000074505806, 'resource_state': '1.49833|2006.5', 'nodes': 6}), (1498333729.487934, {'compute_state': 0.05000000074505806, 'resource_state': '1.63333|2006.67', 'nodes': 6}), (1498333740.574219, {'compute_state': 0.05000000074505806, 'resource_state': '1.70833|2006.67', 'nodes': 6}), (1498333751.664125, {'compute_state': 0.05000000074505806, 'resource_state': '1.77333|2006.5', 'nodes': 6}), (1498333762.741939, {'compute_state': 0.05000000074505806, 'resource_state': '1.83333|2006.5', 'nodes': 6}), (1498333773.827813, {'compute_state': 0.05000000074505806, 'resource_state': '1.89333|2006.5', 'nodes': 6}), (1498333784.890853, {'compute_state': 0.05000000074505806, 'resource_state': '1.92333|2006.67', 'nodes': 6}), (1498333795.967907, {'compute_state': 0.05000000074505806, 'resource_state': '1.935|2006.33', 'nodes': 6}), (1498333807.04322, {'compute_state': 0.05000000074505806, 'resource_state': '1.90667|1351.83', 'nodes': 6}), (1498333817.679028, {'compute_state': 0.05000000074505806, 'resource_state': '1.68|500.5', 'nodes': 6}), (1498333828.396295, {'compute_state': 0.05000000074505806, 'resource_state': '1.515|500.167', 'nodes': 6}), (1498333839.047128, {'compute_state': 0.05000000074505806, 'resource_state': '1.33333|500.333', 'nodes': 6}), (1498333849.813352, {'compute_state': 0.05000000074505806, 'resource_state': '1.18667|500', 'nodes': 6}), (1498333860.468411, {'compute_state': 0.05000000074505806, 'resource_state': '1.02667|500.333', 'nodes': 6}), (1498333871.516508, {'compute_state': 0.10000000149011612, 'resource_state': '1.08|1811', 'nodes': 6}), (1498333882.620568, {'compute_state': 0.10000000149011612, 'resource_state': '1.27|1878.67', 'nodes': 6}), (1498333893.7719, {'compute_state': 0.10000000149011612, 'resource_state': '1.42|2006', 'nodes': 6}), (1498333904.851674, {'compute_state': 0.10000000149011612, 'resource_state': '1.525|2006', 'nodes': 6}), (1498333915.93987, {'compute_state': 0.10000000149011612, 'resource_state': '1.60667|2005.83', 'nodes': 6}), (1498333927.089124, {'compute_state': 0.10000000149011612, 'resource_state': '1.70167|2006.33', 'nodes': 6}), (1498333938.201113, {'compute_state': 0.10000000149011612, 'resource_state': '1.74833|2005.67', 'nodes': 6}), (1498333949.285462, {'compute_state': 0.10000000149011612, 'resource_state': '1.82333|2006.33', 'nodes': 6}), (1498333960.359687, {'compute_state': 0.10000000149011612, 'resource_state': '1.88|2006.33', 'nodes': 6}), (1498333971.413155, {'compute_state': 0.10000000149011612, 'resource_state': '1.91667|2005.67', 'nodes': 6}), (1498333982.511618, {'compute_state': 0.10000000149011612, 'resource_state': '1.94167|2005.83', 'nodes': 6}), (1498333993.597043, {'compute_state': 0.10000000149011612, 'resource_state': '1.845|1073.33', 'nodes': 6}), (1498334004.260102, {'compute_state': 0.10000000149011612, 'resource_state': '1.56|500.667', 'nodes': 6}), (1498334014.899266, {'compute_state': 0.10000000149011612, 'resource_state': '1.35167|500.5', 'nodes': 6}), (1498334025.539315, {'compute_state': 0.10000000149011612, 'resource_state': '1.15333|500.5', 'nodes': 6}), (1498334036.231804, {'compute_state': 0.10000000149011612, 'resource_state': '1.02667|500.333', 'nodes': 6}), (1498334047.106798, {'compute_state': 0.10000000149011612, 'resource_state': '0.95|500.167', 'nodes': 6}), (1498334058.168323, {'compute_state': 0.15000000596046448, 'resource_state': '1.06167|1856.83', 'nodes': 6}), (1498334069.292158, {'compute_state': 0.15000000596046448, 'resource_state': '1.3|1879', 'nodes': 6}), (1498334080.341004, {'compute_state': 0.15000000596046448, 'resource_state': '1.46|2005.83', 'nodes': 6}), (1498334091.387735, {'compute_state': 0.15000000596046448, 'resource_state': '1.565|2005.83', 'nodes': 6}), (1498334102.45999, {'compute_state': 0.15000000596046448, 'resource_state': '1.65167|2006.33', 'nodes': 6}), (1498334113.528362, {'compute_state': 0.15000000596046448, 'resource_state': '1.74167|2006', 'nodes': 6}), (1498334124.556911, {'compute_state': 0.15000000596046448, 'resource_state': '1.795|2006', 'nodes': 6}), (1498334135.632831, {'compute_state': 0.15000000596046448, 'resource_state': '1.83167|2005.83', 'nodes': 6}), (1498334146.683552, {'compute_state': 0.15000000596046448, 'resource_state': '1.875|2005.83', 'nodes': 6}), (1498334157.74, {'compute_state': 0.15000000596046448, 'resource_state': '1.91|2005.5', 'nodes': 6}), (1498334168.82655, {'compute_state': 0.15000000596046448, 'resource_state': '1.955|1871.17', 'nodes': 6}), (1498334179.443575, {'compute_state': 0.15000000596046448, 'resource_state': '1.78|499.833', 'nodes': 6}), (1498334190.123996, {'compute_state': 0.15000000596046448, 'resource_state': '1.57|500', 'nodes': 6}), (1498334200.776366, {'compute_state': 0.15000000596046448, 'resource_state': '1.335|500.333', 'nodes': 6}), (1498334211.417087, {'compute_state': 0.15000000596046448, 'resource_state': '1.165|501', 'nodes': 6}), (1498334222.101411, {'compute_state': 0.15000000596046448, 'resource_state': '1.03667|500.333', 'nodes': 6}), (1498334233.19971, {'compute_state': 0.20000000298023224, 'resource_state': '1.01|1807.33', 'nodes': 6}), (1498334244.319835, {'compute_state': 0.20000000298023224, 'resource_state': '1.23167|1878.67', 'nodes': 6}), (1498334255.386824, {'compute_state': 0.20000000298023224, 'resource_state': '1.37833|2005.83', 'nodes': 6}), (1498334266.475455, {'compute_state': 0.20000000298023224, 'resource_state': '1.47167|2005.83', 'nodes': 6}), (1498334277.513459, {'compute_state': 0.20000000298023224, 'resource_state': '1.56667|2005.83', 'nodes': 6}), (1498334288.567928, {'compute_state': 0.20000000298023224, 'resource_state': '1.63333|2005.67', 'nodes': 6}), (1498334299.655811, {'compute_state': 0.20000000298023224, 'resource_state': '1.72833|2006', 'nodes': 6}), (1498334310.739455, {'compute_state': 0.20000000298023224, 'resource_state': '1.77333|2006.17', 'nodes': 6}), (1498334321.771419, {'compute_state': 0.20000000298023224, 'resource_state': '1.82333|2006', 'nodes': 6}), (1498334332.827269, {'compute_state': 0.20000000298023224, 'resource_state': '1.86833|2005.5', 'nodes': 6}), (1498334343.883354, {'compute_state': 0.20000000298023224, 'resource_state': '1.92167|2006.17', 'nodes': 6}), (1498334354.923743, {'compute_state': 0.20000000298023224, 'resource_state': '1.90667|1201.17', 'nodes': 6}), (1498334365.583205, {'compute_state': 0.20000000298023224, 'resource_state': '1.65167|500.333', 'nodes': 6}), (1498334376.256629, {'compute_state': 0.20000000298023224, 'resource_state': '1.43667|500.333', 'nodes': 6}), (1498334386.974996, {'compute_state': 0.20000000298023224, 'resource_state': '1.25167|500.333', 'nodes': 6}), (1498334397.659074, {'compute_state': 0.20000000298023224, 'resource_state': '1.15|500.167', 'nodes': 6}), (1498334408.346293, {'compute_state': 0.20000000298023224, 'resource_state': '1.05|500.333', 'nodes': 6}), (1498334419.470952, {'compute_state': 0.25, 'resource_state': '1.19167|1851.33', 'nodes': 6}), (1498334430.51895, {'compute_state': 0.25, 'resource_state': '1.37|1878.17', 'nodes': 6}), (1498334441.599481, {'compute_state': 0.25, 'resource_state': '1.49167|2005.83', 'nodes': 6}), (1498334452.690731, {'compute_state': 0.25, 'resource_state': '1.60833|2006.33', 'nodes': 6}), (1498334463.811431, {'compute_state': 0.25, 'resource_state': '1.71833|2006.17', 'nodes': 6}), (1498334474.879862, {'compute_state': 0.25, 'resource_state': '1.79|2006.67', 'nodes': 6}), (1498334485.999957, {'compute_state': 0.25, 'resource_state': '1.85333|2006.33', 'nodes': 6}), (1498334497.055397, {'compute_state': 0.25, 'resource_state': '1.90667|2006.33', 'nodes': 6}), (1498334508.131313, {'compute_state': 0.25, 'resource_state': '1.92|2006.5', 'nodes': 6}), (1498334519.158385, {'compute_state': 0.25, 'resource_state': '1.935|2006.33', 'nodes': 6}), (1498334530.239281, {'compute_state': 0.25, 'resource_state': '1.945|2006.33', 'nodes': 6}), (1498334541.294599, {'compute_state': 0.25, 'resource_state': '1.89167|1337.5', 'nodes': 6}), (1498334551.893661, {'compute_state': 0.25, 'resource_state': '1.61333|500.5', 'nodes': 6}), (1498334562.547597, {'compute_state': 0.25, 'resource_state': '1.39833|500.5', 'nodes': 6}), (1498334573.241006, {'compute_state': 0.25, 'resource_state': '1.20833|500.5', 'nodes': 6}), (1498334583.898604, {'compute_state': 0.25, 'resource_state': '1.06333|500.167', 'nodes': 6}), (1498334594.548864, {'compute_state': 0.25, 'resource_state': '0.96|500.5', 'nodes': 6}), (1498334605.571025, {'compute_state': 0.30000001192092896, 'resource_state': '0.991667|1794.67', 'nodes': 6}), (1498334616.63911, {'compute_state': 0.30000001192092896, 'resource_state': '1.16167|1878.33', 'nodes': 6}), (1498334627.77449, {'compute_state': 0.30000001192092896, 'resource_state': '1.32667|1879', 'nodes': 6}), (1498334638.923833, {'compute_state': 0.30000001192092896, 'resource_state': '1.43|2005.83', 'nodes': 6}), (1498334650.055817, {'compute_state': 0.30000001192092896, 'resource_state': '1.545|2005.83', 'nodes': 6}), (1498334661.151734, {'compute_state': 0.30000001192092896, 'resource_state': '1.64|2006.17', 'nodes': 6}), (1498334672.230461, {'compute_state': 0.30000001192092896, 'resource_state': '1.7|2006.17', 'nodes': 6}), (1498334683.363873, {'compute_state': 0.30000001192092896, 'resource_state': '1.75|2006', 'nodes': 6}), (1498334694.452485, {'compute_state': 0.30000001192092896, 'resource_state': '1.82333|2005.67', 'nodes': 6}), (1498334705.532554, {'compute_state': 0.30000001192092896, 'resource_state': '1.865|2005.83', 'nodes': 6}), (1498334716.599758, {'compute_state': 0.30000001192092896, 'resource_state': '1.88667|2005.83', 'nodes': 6}), (1498334727.627271, {'compute_state': 0.30000001192092896, 'resource_state': '1.95167|1624.33', 'nodes': 6}), (1498334738.254419, {'compute_state': 0.30000001192092896, 'resource_state': '1.79167|500.167', 'nodes': 6}), (1498334748.867249, {'compute_state': 0.30000001192092896, 'resource_state': '1.54|500.167', 'nodes': 6}), (1498334759.491409, {'compute_state': 0.30000001192092896, 'resource_state': '1.375|500', 'nodes': 6}), (1498334770.114935, {'compute_state': 0.30000001192092896, 'resource_state': '1.235|500.333', 'nodes': 6}), (1498334780.783471, {'compute_state': 0.30000001192092896, 'resource_state': '1.09667|500.167', 'nodes': 6}), (1498334791.579399, {'compute_state': 0.3499999940395355, 'resource_state': '0.968333|69.3333', 'nodes': 6}), (1498334802.669198, {'compute_state': 0.3499999940395355, 'resource_state': '1.16667|1878.83', 'nodes': 6}), (1498334813.774907, {'compute_state': 0.3499999940395355, 'resource_state': '1.295|1878.33', 'nodes': 6}), (1498334824.927298, {'compute_state': 0.3499999940395355, 'resource_state': '1.45|2006.5', 'nodes': 6}), (1498334836.073534, {'compute_state': 0.3499999940395355, 'resource_state': '1.595|2006.33', 'nodes': 6}), (1498334847.187077, {'compute_state': 0.3499999940395355, 'resource_state': '1.67833|2006.17', 'nodes': 6}), (1498334858.295311, {'compute_state': 0.3499999940395355, 'resource_state': '1.75833|2006.17', 'nodes': 6}), (1498334869.391056, {'compute_state': 0.3499999940395355, 'resource_state': '1.83167|2006.5', 'nodes': 6}), (1498334880.447565, {'compute_state': 0.3499999940395355, 'resource_state': '1.89667|2006.17', 'nodes': 6}), (1498334891.555728, {'compute_state': 0.3499999940395355, 'resource_state': '1.93|2006.17', 'nodes': 6}), (1498334902.646924, {'compute_state': 0.3499999940395355, 'resource_state': '1.96833|2006.5', 'nodes': 6}), (1498334913.712851, {'compute_state': 0.3499999940395355, 'resource_state': '1.97333|2006.5', 'nodes': 6}), (1498334924.330795, {'compute_state': 0.3499999940395355, 'resource_state': '1.78667|500.5', 'nodes': 6}), (1498334934.980181, {'compute_state': 0.3499999940395355, 'resource_state': '1.55167|500.5', 'nodes': 6}), (1498334945.686095, {'compute_state': 0.3499999940395355, 'resource_state': '1.36833|500.667', 'nodes': 6}), (1498334956.315293, {'compute_state': 0.3499999940395355, 'resource_state': '1.17833|500.667', 'nodes': 6}), (1498334967.347027, {'compute_state': 0.3499999940395355, 'resource_state': '1.04833|500.167', 'nodes': 6}), (1498334978.416498, {'compute_state': 0.4000000059604645, 'resource_state': '1.13667|1877', 'nodes': 6}), (1498334989.468055, {'compute_state': 0.4000000059604645, 'resource_state': '1.34667|1878.5', 'nodes': 6}), (1498335000.566003, {'compute_state': 0.4000000059604645, 'resource_state': '1.47833|2006.17', 'nodes': 6}), (1498335011.725157, {'compute_state': 0.4000000059604645, 'resource_state': '1.58|2006', 'nodes': 6}), (1498335022.829524, {'compute_state': 0.4000000059604645, 'resource_state': '1.68333|2005.67', 'nodes': 6}), (1498335033.928352, {'compute_state': 0.4000000059604645, 'resource_state': '1.73167|2006.17', 'nodes': 6}), (1498335045.049299, {'compute_state': 0.4000000059604645, 'resource_state': '1.82167|2006', 'nodes': 6}), (1498335056.124392, {'compute_state': 0.4000000059604645, 'resource_state': '1.895|2006.17', 'nodes': 6}), (1498335067.250364, {'compute_state': 0.4000000059604645, 'resource_state': '1.925|2006.17', 'nodes': 6}), (1498335078.384535, {'compute_state': 0.4000000059604645, 'resource_state': '1.95167|2006.17', 'nodes': 6}), (1498335089.664401, {'compute_state': 0.4000000059604645, 'resource_state': '1.99|2006.17', 'nodes': 6}), (1498335100.728027, {'compute_state': 0.4000000059604645, 'resource_state': '1.88667|1212.5', 'nodes': 6}), (1498335111.411358, {'compute_state': 0.4000000059604645, 'resource_state': '1.66|500.833', 'nodes': 6}), (1498335122.072948, {'compute_state': 0.4000000059604645, 'resource_state': '1.455|500.833', 'nodes': 6}), (1498335132.772055, {'compute_state': 0.4000000059604645, 'resource_state': '1.305|500.5', 'nodes': 6}), (1498335143.414485, {'compute_state': 0.4000000059604645, 'resource_state': '1.12833|500.833', 'nodes': 6}), (1498335154.107181, {'compute_state': 0.4000000059604645, 'resource_state': '1.02|500.833', 'nodes': 6}), (1498335165.193437, {'compute_state': 0.44999998807907104, 'resource_state': '1.10167|1878.17', 'nodes': 6}), (1498335176.313569, {'compute_state': 0.44999998807907104, 'resource_state': '1.28|1878.83', 'nodes': 6}), (1498335187.363081, {'compute_state': 0.44999998807907104, 'resource_state': '1.41167|2006', 'nodes': 6}), (1498335198.494768, {'compute_state': 0.44999998807907104, 'resource_state': '1.52667|2006', 'nodes': 6}), (1498335209.573168, {'compute_state': 0.44999998807907104, 'resource_state': '1.64|2006.33', 'nodes': 6}), (1498335220.670258, {'compute_state': 0.44999998807907104, 'resource_state': '1.69667|2006.5', 'nodes': 6}), (1498335231.765441, {'compute_state': 0.44999998807907104, 'resource_state': '1.76167|2006', 'nodes': 6}), (1498335242.87079, {'compute_state': 0.44999998807907104, 'resource_state': '1.815|2006.5', 'nodes': 6}), (1498335253.974624, {'compute_state': 0.44999998807907104, 'resource_state': '1.84667|2006', 'nodes': 6}), (1498335265.03228, {'compute_state': 0.44999998807907104, 'resource_state': '1.90167|2006.17', 'nodes': 6}), (1498335276.105449, {'compute_state': 0.44999998807907104, 'resource_state': '1.93167|2006.17', 'nodes': 6}), (1498335286.745839, {'compute_state': 0.44999998807907104, 'resource_state': '1.835|500.167', 'nodes': 6}), (1498335297.354737, {'compute_state': 0.44999998807907104, 'resource_state': '1.635|500.833', 'nodes': 6}), (1498335307.987819, {'compute_state': 0.44999998807907104, 'resource_state': '1.43|500', 'nodes': 6}), (1498335318.740056, {'compute_state': 0.44999998807907104, 'resource_state': '1.235|500.5', 'nodes': 6}), (1498335329.362133, {'compute_state': 0.44999998807907104, 'resource_state': '1.06833|500.667', 'nodes': 6}), (1498335340.370747, {'compute_state': 0.44999998807907104, 'resource_state': '0.923333|499.5', 'nodes': 6}), (1498335351.42247, {'compute_state': 0.5, 'resource_state': '0.97|1854.83', 'nodes': 6}), (1498335362.472174, {'compute_state': 0.5, 'resource_state': '1.15333|1878.17', 'nodes': 6}), (1498335373.555141, {'compute_state': 0.5, 'resource_state': '1.31167|2006.33', 'nodes': 6}), (1498335384.695439, {'compute_state': 0.5, 'resource_state': '1.465|2005.83', 'nodes': 6}), (1498335395.871324, {'compute_state': 0.5, 'resource_state': '1.56333|2006.33', 'nodes': 6}), (1498335406.995457, {'compute_state': 0.5, 'resource_state': '1.64833|2006.33', 'nodes': 6}), (1498335418.062906, {'compute_state': 0.5, 'resource_state': '1.74|2006.17', 'nodes': 6}), (1498335429.166331, {'compute_state': 0.5, 'resource_state': '1.78|2006.33', 'nodes': 6}), (1498335440.255648, {'compute_state': 0.5, 'resource_state': '1.84833|2006.5', 'nodes': 6}), (1498335451.306233, {'compute_state': 0.5, 'resource_state': '1.88667|2006.33', 'nodes': 6}), (1498335462.408386, {'compute_state': 0.5, 'resource_state': '1.905|2006.17', 'nodes': 6}), (1498335473.352714, {'compute_state': 0.5, 'resource_state': '1.88333|1088', 'nodes': 6}), (1498335483.995395, {'compute_state': 0.5, 'resource_state': '1.61833|500', 'nodes': 6}), (1498335494.662318, {'compute_state': 0.5, 'resource_state': '1.41|500.333', 'nodes': 6}), (1498335505.519801, {'compute_state': 0.5, 'resource_state': '1.28|500.333', 'nodes': 6}), (1498335516.208516, {'compute_state': 0.5, 'resource_state': '1.10667|500', 'nodes': 6}), (1498335526.932642, {'compute_state': 0.5, 'resource_state': '0.978333|64.8333', 'nodes': 6}), (1498335537.9731, {'compute_state': 0.550000011920929, 'resource_state': '1.15|1878.5', 'nodes': 6}), (1498335549.040152, {'compute_state': 0.550000011920929, 'resource_state': '1.29|2005.67', 'nodes': 6}), (1498335560.195746, {'compute_state': 0.550000011920929, 'resource_state': '1.41833|2005.67', 'nodes': 6}), (1498335571.297715, {'compute_state': 0.550000011920929, 'resource_state': '1.52333|2005.67', 'nodes': 6}), (1498335582.36703, {'compute_state': 0.550000011920929, 'resource_state': '1.605|2006.17', 'nodes': 6}), (1498335593.469097, {'compute_state': 0.550000011920929, 'resource_state': '1.71833|2006.33', 'nodes': 6}), (1498335604.540088, {'compute_state': 0.550000011920929, 'resource_state': '1.76167|2005.83', 'nodes': 6}), (1498335615.612025, {'compute_state': 0.550000011920929, 'resource_state': '1.82167|2005.83', 'nodes': 6}), (1498335626.667937, {'compute_state': 0.550000011920929, 'resource_state': '1.86333|2005.33', 'nodes': 6}), (1498335637.717223, {'compute_state': 0.550000011920929, 'resource_state': '1.91333|2006', 'nodes': 6}), (1498335649.096348, {'compute_state': 0.550000011920929, 'resource_state': '1.96667|1892', 'nodes': 6}), (1498335659.9694, {'compute_state': 0.550000011920929, 'resource_state': '1.77667|937.667', 'nodes': 6}), (1498335670.683733, {'compute_state': 0.550000011920929, 'resource_state': '1.54|500.333', 'nodes': 6}), (1498335681.415151, {'compute_state': 0.550000011920929, 'resource_state': '1.345|499.833', 'nodes': 6}), (1498335692.138803, {'compute_state': 0.550000011920929, 'resource_state': '1.14833|500.667', 'nodes': 6}), (1498335702.826098, {'compute_state': 0.550000011920929, 'resource_state': '1.02|499.833', 'nodes': 6}), (1498335713.883287, {'compute_state': 0.6000000238418579, 'resource_state': '0.958333|1029.83', 'nodes': 6}), (1498335724.934755, {'compute_state': 0.6000000238418579, 'resource_state': '1.18333|1878.83', 'nodes': 6}), (1498335736.056957, {'compute_state': 0.6000000238418579, 'resource_state': '1.34167|2006', 'nodes': 6}), (1498335747.164802, {'compute_state': 0.6000000238418579, 'resource_state': '1.47833|2006', 'nodes': 6}), (1498335758.27681, {'compute_state': 0.6000000238418579, 'resource_state': '1.58167|2006', 'nodes': 6}), (1498335769.339301, {'compute_state': 0.6000000238418579, 'resource_state': '1.65|2006.33', 'nodes': 6}), (1498335780.424728, {'compute_state': 0.6000000238418579, 'resource_state': '1.74|2006.33', 'nodes': 6}), (1498335791.540847, {'compute_state': 0.6000000238418579, 'resource_state': '1.795|2006.33', 'nodes': 6}), (1498335802.643675, {'compute_state': 0.6000000238418579, 'resource_state': '1.83167|2006', 'nodes': 6}), (1498335813.677533, {'compute_state': 0.6000000238418579, 'resource_state': '1.87333|2005.83', 'nodes': 6}), (1498335824.75151, {'compute_state': 0.6000000238418579, 'resource_state': '1.89333|2006', 'nodes': 6}), (1498335836.201897, {'compute_state': 0.6000000238418579, 'resource_state': '1.91333|1952.17', 'nodes': 6}), (1498335846.879211, {'compute_state': 0.6000000238418579, 'resource_state': '1.635|501.167', 'nodes': 6}), (1498335857.548754, {'compute_state': 0.6000000238418579, 'resource_state': '1.405|500.833', 'nodes': 6}), (1498335868.263828, {'compute_state': 0.6000000238418579, 'resource_state': '1.30833|500.833', 'nodes': 6}), (1498335878.996886, {'compute_state': 0.6000000238418579, 'resource_state': '1.16833|500.833', 'nodes': 6}), (1498335889.645834, {'compute_state': 0.6000000238418579, 'resource_state': '1.04|500.667', 'nodes': 6}), (1498335900.708199, {'compute_state': 0.6499999761581421, 'resource_state': '1.24|1878.5', 'nodes': 6}), (1498335911.807877, {'compute_state': 0.6499999761581421, 'resource_state': '1.49333|1878.33', 'nodes': 6}), (1498335922.944453, {'compute_state': 0.6499999761581421, 'resource_state': '1.59167|2006.17', 'nodes': 6}), (1498335934.056134, {'compute_state': 0.6499999761581421, 'resource_state': '1.675|2006.17', 'nodes': 6}), (1498335945.173199, {'compute_state': 0.6499999761581421, 'resource_state': '1.76333|2006', 'nodes': 6}), (1498335956.265478, {'compute_state': 0.6499999761581421, 'resource_state': '1.87667|2006.5', 'nodes': 6}), (1498335967.39709, {'compute_state': 0.6499999761581421, 'resource_state': '1.915|2006.33', 'nodes': 6}), (1498335978.512983, {'compute_state': 0.6499999761581421, 'resource_state': '1.95833|2006.33', 'nodes': 6}), (1498335989.575224, {'compute_state': 0.6499999761581421, 'resource_state': '1.96667|2006.17', 'nodes': 6}), (1498336000.669334, {'compute_state': 0.6499999761581421, 'resource_state': '2.06333|2006.33', 'nodes': 6}), (1498336011.785311, {'compute_state': 0.6499999761581421, 'resource_state': '2.105|2006.33', 'nodes': 6}), (1498336022.466954, {'compute_state': 0.6499999761581421, 'resource_state': '1.98333|499.833', 'nodes': 6}), (1498336033.088143, {'compute_state': 0.6499999761581421, 'resource_state': '1.72|500.167', 'nodes': 6}), (1498336043.715206, {'compute_state': 0.6499999761581421, 'resource_state': '1.51333|500.167', 'nodes': 6}), (1498336054.375085, {'compute_state': 0.6499999761581421, 'resource_state': '1.30667|500', 'nodes': 6}), (1498336065.085506, {'compute_state': 0.6499999761581421, 'resource_state': '1.15167|500.167', 'nodes': 6}), (1498336075.802834, {'compute_state': 0.6499999761581421, 'resource_state': '1.05|500.333', 'nodes': 6}), (1498336086.459366, {'compute_state': 0.6499999761581421, 'resource_state': '0.903333|500.333', 'nodes': 6}), (1498336097.57218, {'compute_state': 0.699999988079071, 'resource_state': '0.978333|1867.5', 'nodes': 6}), (1498336108.62873, {'compute_state': 0.699999988079071, 'resource_state': '1.18667|1878.83', 'nodes': 6}), (1498336119.748133, {'compute_state': 0.699999988079071, 'resource_state': '1.31167|2006.33', 'nodes': 6}), (1498336130.826049, {'compute_state': 0.699999988079071, 'resource_state': '1.46667|2006.33', 'nodes': 6}), (1498336141.897698, {'compute_state': 0.699999988079071, 'resource_state': '1.58667|2006.17', 'nodes': 6}), (1498336152.996328, {'compute_state': 0.699999988079071, 'resource_state': '1.64833|2006.5', 'nodes': 6}), (1498336164.053303, {'compute_state': 0.699999988079071, 'resource_state': '1.72667|2006.5', 'nodes': 6}), (1498336175.257509, {'compute_state': 0.699999988079071, 'resource_state': '1.80333|2006.33', 'nodes': 6}), (1498336186.342215, {'compute_state': 0.699999988079071, 'resource_state': '1.84833|2006.5', 'nodes': 6}), (1498336197.429672, {'compute_state': 0.699999988079071, 'resource_state': '1.88667|2006.33', 'nodes': 6}), (1498336208.556384, {'compute_state': 0.699999988079071, 'resource_state': '1.935|2006.17', 'nodes': 6}), (1498336219.579722, {'compute_state': 0.699999988079071, 'resource_state': '1.93333|1812.83', 'nodes': 6}), (1498336230.222583, {'compute_state': 0.699999988079071, 'resource_state': '1.66667|500.667', 'nodes': 6}), (1498336240.87648, {'compute_state': 0.699999988079071, 'resource_state': '1.41333|500.833', 'nodes': 6}), (1498336251.575656, {'compute_state': 0.699999988079071, 'resource_state': '1.24167|500.667', 'nodes': 6}), (1498336262.268288, {'compute_state': 0.699999988079071, 'resource_state': '1.125|500.333', 'nodes': 6}), (1498336273.035273, {'compute_state': 0.699999988079071, 'resource_state': '0.978333|500.5', 'nodes': 6}), (1498336284.087304, {'compute_state': 0.75, 'resource_state': '1.04833|1878.17', 'nodes': 6}), (1498336295.15876, {'compute_state': 0.75, 'resource_state': '1.19667|1878.5', 'nodes': 6}), (1498336306.245748, {'compute_state': 0.75, 'resource_state': '1.36167|2005.5', 'nodes': 6}), (1498336317.353663, {'compute_state': 0.75, 'resource_state': '1.46833|2005.83', 'nodes': 6}), (1498336328.440907, {'compute_state': 0.75, 'resource_state': '1.57|2005.67', 'nodes': 6}), (1498336339.50576, {'compute_state': 0.75, 'resource_state': '1.65333|2006', 'nodes': 6}), (1498336350.592502, {'compute_state': 0.75, 'resource_state': '1.77167|2006', 'nodes': 6}), (1498336361.654189, {'compute_state': 0.75, 'resource_state': '1.80833|2006.17', 'nodes': 6}), (1498336372.713518, {'compute_state': 0.75, 'resource_state': '1.87|2006', 'nodes': 6}), (1498336383.785936, {'compute_state': 0.75, 'resource_state': '1.91833|2006', 'nodes': 6}), (1498336395.076238, {'compute_state': 0.75, 'resource_state': '1.93333|2006', 'nodes': 6}), (1498336406.109688, {'compute_state': 0.75, 'resource_state': '1.945|1316.83', 'nodes': 6}), (1498336416.77157, {'compute_state': 0.75, 'resource_state': '1.84333|499.833', 'nodes': 6}), (1498336427.457561, {'compute_state': 0.75, 'resource_state': '1.615|500.333', 'nodes': 6}), (1498336438.16474, {'compute_state': 0.75, 'resource_state': '1.43|499.833', 'nodes': 6}), (1498336448.804849, {'compute_state': 0.75, 'resource_state': '1.26|499.833', 'nodes': 6}), (1498336459.423185, {'compute_state': 0.75, 'resource_state': '1.12667|500', 'nodes': 6}), (1498336470.488823, {'compute_state': 0.800000011920929, 'resource_state': '1.12|1812.17', 'nodes': 6}), (1498336481.521926, {'compute_state': 0.800000011920929, 'resource_state': '1.27|1878.5', 'nodes': 6}), (1498336492.589609, {'compute_state': 0.800000011920929, 'resource_state': '1.405|2006.17', 'nodes': 6}), (1498336503.640384, {'compute_state': 0.800000011920929, 'resource_state': '1.52|2006', 'nodes': 6}), (1498336514.745127, {'compute_state': 0.800000011920929, 'resource_state': '1.625|2006.33', 'nodes': 6}), (1498336525.850184, {'compute_state': 0.800000011920929, 'resource_state': '1.69667|2006.17', 'nodes': 6}), (1498336536.928903, {'compute_state': 0.800000011920929, 'resource_state': '1.75667|2005.83', 'nodes': 6}), (1498336548.009436, {'compute_state': 0.800000011920929, 'resource_state': '1.79833|2006.17', 'nodes': 6}), (1498336559.126715, {'compute_state': 0.800000011920929, 'resource_state': '1.87333|2006.33', 'nodes': 6}), (1498336570.230078, {'compute_state': 0.800000011920929, 'resource_state': '1.89333|2006', 'nodes': 6}), (1498336581.313871, {'compute_state': 0.800000011920929, 'resource_state': '1.94167|2006.17', 'nodes': 6}), (1498336592.388575, {'compute_state': 0.800000011920929, 'resource_state': '1.97667|2006.17', 'nodes': 6}), (1498336603.031325, {'compute_state': 0.800000011920929, 'resource_state': '1.84833|500.333', 'nodes': 6}), (1498336613.768154, {'compute_state': 0.800000011920929, 'resource_state': '1.59167|500.833', 'nodes': 6}), (1498336624.720604, {'compute_state': 0.800000011920929, 'resource_state': '1.37833|500.5', 'nodes': 6}), (1498336635.407468, {'compute_state': 0.800000011920929, 'resource_state': '1.21667|501.167', 'nodes': 6}), (1498336646.124041, {'compute_state': 0.800000011920929, 'resource_state': '1.055|501', 'nodes': 6}), (1498336657.22946, {'compute_state': 0.8500000238418579, 'resource_state': '1.08333|1840.33', 'nodes': 6}), (1498336668.336326, {'compute_state': 0.8500000238418579, 'resource_state': '1.235|1878.5', 'nodes': 6}), (1498336679.433898, {'compute_state': 0.8500000238418579, 'resource_state': '1.385|2006.17', 'nodes': 6}), (1498336690.517485, {'compute_state': 0.8500000238418579, 'resource_state': '1.48|2006.33', 'nodes': 6}), (1498336701.642846, {'compute_state': 0.8500000238418579, 'resource_state': '1.60333|2006.5', 'nodes': 6}), (1498336712.744831, {'compute_state': 0.8500000238418579, 'resource_state': '1.66667|2006.5', 'nodes': 6}), (1498336723.889043, {'compute_state': 0.8500000238418579, 'resource_state': '1.725|2006.17', 'nodes': 6}), (1498336734.9931, {'compute_state': 0.8500000238418579, 'resource_state': '1.77|2006.33', 'nodes': 6}), (1498336746.065204, {'compute_state': 0.8500000238418579, 'resource_state': '1.855|2006.33', 'nodes': 6}), (1498336757.166097, {'compute_state': 0.8500000238418579, 'resource_state': '1.88667|2006.67', 'nodes': 6}), (1498336768.266014, {'compute_state': 0.8500000238418579, 'resource_state': '1.92167|2006.33', 'nodes': 6}), (1498336780.535079, {'compute_state': 0.8500000238418579, 'resource_state': '1.94|1945.17', 'nodes': 6}), (1498336791.187019, {'compute_state': 0.8500000238418579, 'resource_state': '1.68167|501.333', 'nodes': 6}), (1498336801.819666, {'compute_state': 0.8500000238418579, 'resource_state': '1.45|501.167', 'nodes': 6}), (1498336812.423003, {'compute_state': 0.8500000238418579, 'resource_state': '1.38|500.833', 'nodes': 6}), (1498336823.0711, {'compute_state': 0.8500000238418579, 'resource_state': '1.21833|500.5', 'nodes': 6}), (1498336833.686336, {'compute_state': 0.8500000238418579, 'resource_state': '1.07167|500.833', 'nodes': 6}), (1498336844.734077, {'compute_state': 0.8999999761581421, 'resource_state': '1.14667|1878.5', 'nodes': 6}), (1498336855.777532, {'compute_state': 0.8999999761581421, 'resource_state': '1.32667|1878.33', 'nodes': 6}), (1498336866.910995, {'compute_state': 0.8999999761581421, 'resource_state': '1.45|2005.83', 'nodes': 6}), (1498336877.978485, {'compute_state': 0.8999999761581421, 'resource_state': '1.555|2006.17', 'nodes': 6}), (1498336889.104738, {'compute_state': 0.8999999761581421, 'resource_state': '1.62833|2006.17', 'nodes': 6}), (1498336900.224944, {'compute_state': 0.8999999761581421, 'resource_state': '1.71667|2006.17', 'nodes': 6}), (1498336911.337192, {'compute_state': 0.8999999761581421, 'resource_state': '1.795|2006', 'nodes': 6}), (1498336922.426612, {'compute_state': 0.8999999761581421, 'resource_state': '1.865|2006.17', 'nodes': 6}), (1498336933.518148, {'compute_state': 0.8999999761581421, 'resource_state': '1.91333|2005.83', 'nodes': 6}), (1498336944.618348, {'compute_state': 0.8999999761581421, 'resource_state': '1.94333|2006', 'nodes': 6}), (1498336955.667195, {'compute_state': 0.8999999761581421, 'resource_state': '1.96333|2006', 'nodes': 6}), (1498336966.325513, {'compute_state': 0.8999999761581421, 'resource_state': '1.77667|500.333', 'nodes': 6}), (1498336976.963463, {'compute_state': 0.8999999761581421, 'resource_state': '1.53|500.167', 'nodes': 6}), (1498336987.793331, {'compute_state': 0.8999999761581421, 'resource_state': '1.30167|499.833', 'nodes': 6}), (1498336998.444535, {'compute_state': 0.8999999761581421, 'resource_state': '1.12667|500.333', 'nodes': 6}), (1498337009.112689, {'compute_state': 0.8999999761581421, 'resource_state': '1.01667|500', 'nodes': 6}), (1498337020.157811, {'compute_state': 0.949999988079071, 'resource_state': '0.993333|1832.17', 'nodes': 6}), (1498337031.208392, {'compute_state': 0.949999988079071, 'resource_state': '1.17167|1878.5', 'nodes': 6}), (1498337042.308861, {'compute_state': 0.949999988079071, 'resource_state': '1.30833|2006.17', 'nodes': 6}), (1498337053.450119, {'compute_state': 0.949999988079071, 'resource_state': '1.46333|2005.5', 'nodes': 6}), (1498337064.628678, {'compute_state': 0.949999988079071, 'resource_state': '1.58667|2005.5', 'nodes': 6}), (1498337075.826063, {'compute_state': 0.949999988079071, 'resource_state': '1.65|2005.5', 'nodes': 6}), (1498337086.917804, {'compute_state': 0.949999988079071, 'resource_state': '1.75333|2005.67', 'nodes': 6}), (1498337098.006116, {'compute_state': 0.949999988079071, 'resource_state': '1.80667|2006.17', 'nodes': 6}), (1498337109.313245, {'compute_state': 0.949999988079071, 'resource_state': '1.84167|2006', 'nodes': 6}), (1498337120.441212, {'compute_state': 0.949999988079071, 'resource_state': '1.86667|2005.67', 'nodes': 6}), (1498337131.53815, {'compute_state': 0.949999988079071, 'resource_state': '1.93333|2006.17', 'nodes': 6}), (1498337142.260227, {'compute_state': 0.949999988079071, 'resource_state': '1.765|499.833', 'nodes': 6}), (1498337152.927293, {'compute_state': 0.949999988079071, 'resource_state': '1.49833|500.333', 'nodes': 6}), (1498337163.615886, {'compute_state': 0.949999988079071, 'resource_state': '1.29167|500.167', 'nodes': 6}), (1498337174.267577, {'compute_state': 0.949999988079071, 'resource_state': '1.11667|500.5', 'nodes': 6}), (1498337184.926285, {'compute_state': 0.949999988079071, 'resource_state': '0.97|500.333', 'nodes': 6}), (1498337195.60799, {'compute_state': 1.0, 'resource_state': '0.835|63.3333', 'nodes': 6})]
1498337195.622850|SYSTEM: Waiting on Computation to finish.
1498337195.623105|SYSTEM: Good bye...
