1498218313.677756|SYSTEM: Starting Platform.
1498218313.680091|SYSTEM: Starting Computation.
1498218313.682612|SYSTEM: Waiting on Platform to finish.
1498218313.686876|PLATFORM: QoS Values ={'execution_time': 700.0, 'efficiency': 1.5, 'cost': 4100.0, 'power_consumption': 0.0, 'accuracy': 0.0}
1498218313.696726|SYSTEM: Waiting on Computation to finish.
1498221898.096605|SYSTEM: Starting Platform.
1498221898.098549|SYSTEM: Starting Computation.
1498221898.100037|SYSTEM: Waiting on Platform to finish.
1498221898.104409|PLATFORM: QoS Values ={'execution_time': 700.0, 'efficiency': 1.5, 'cost': 4100.0, 'power_consumption': 0.0, 'accuracy': 0.0}
1498221898.106545|SYSTEM: Waiting on Computation to finish.
1498222059.248660|SYSTEM: Starting Platform.
1498222059.250617|SYSTEM: Starting Computation.
1498222059.252613|SYSTEM: Waiting on Platform to finish.
1498222059.257489|PLATFORM: QoS Values ={'execution_time': 700.0, 'efficiency': 1.5, 'cost': 4100.0, 'power_consumption': 0.0, 'accuracy': 0.0}
1498222059.257618|PLATFORM: QoS Weight ={'execution_time': 0.4, 'efficiency': 0.4, 'cost': 0.4, 'power_consumption': 0.0, 'accuracy': 0.0}
1498222059.257664|PLATFORM: QoS Factor =0.1
1498222059.257708|PLATFORM: Monitor Interval = 10
1498222059.257746|PLATFORM: Sample Interval = 10
1498222059.257783|PLATFORM: Reconfiguration Interval = 120
1498222059.258275|PLATFORM: http://200.19.177.89:33004:elastic_cluster_ace1f7e0-d2b2-4c5b-8aa8-a2f8511939dd:8dcf49e1-9a3c-47f2-aec2-1a0cbfb32e52
1498222064.671969|PLATFORM: Number Of Nodes = 6
1498222069.269774|COMPUTATION: Starting Computation.
1498222069.269984|COMPUTATION: Start (MatrixSize, Iteration) = |5000|0|
1498222069.270230|COMPUTATION: ['mpirun', '-n', '12', '-machinefile', '/home/ubuntu/machinefile', '/home/ubuntu/repositorios/elastichpc/beta/trials/Matrix.py', '5000', '/home/ubuntu/teste.mtr_0']
1498222075.906606|PLATFORM: (predicted_time, predicted_cost) = 0.0|0.0
1498222075.906781|PLATFORM: QoS Sample = {'execution_time': 0.0, 'efficiency': 0.12, 'cost': 0.0}
1498222075.906849|PLATFORM: Contract breached = {'execution_time': 0.4, 'efficiency': 0.368, 'cost': 0.4}
1498222075.906908|PLATFORM: Parameter to Reconfigure: cost
1498222075.922662|SYSTEM: Waiting on Computation to finish.
1498222177.293785|SYSTEM: Starting Platform.
1498222177.296020|SYSTEM: Starting Computation.
1498222177.298162|SYSTEM: Waiting on Platform to finish.
1498222177.300930|PLATFORM: QoS Values ={'execution_time': 700.0, 'efficiency': 1.5, 'cost': 4100.0, 'power_consumption': 0.0, 'accuracy': 0.0}
1498222177.301059|PLATFORM: QoS Weight ={'execution_time': 0.4, 'efficiency': 0.4, 'cost': 0.4, 'power_consumption': 0.0, 'accuracy': 0.0}
1498222177.301107|PLATFORM: QoS Factor =0.1
1498222177.301153|PLATFORM: Monitor Interval = 10
1498222177.301193|PLATFORM: Sample Interval = 10
1498222177.301232|PLATFORM: Reconfiguration Interval = 120
1498222177.301747|PLATFORM: http://200.19.177.89:33004:elastic_cluster_ace1f7e0-d2b2-4c5b-8aa8-a2f8511939dd:8dcf49e1-9a3c-47f2-aec2-1a0cbfb32e52
1498222182.624012|PLATFORM: Number Of Nodes = 6
1498222187.314233|COMPUTATION: Starting Computation.
1498222187.314440|COMPUTATION: Start (MatrixSize, Iteration) = |5000|0|
1498222187.314752|COMPUTATION: ['mpirun', '-n', '12', '-machinefile', '/home/ubuntu/machinefile', '/home/ubuntu/repositorios/elastichpc/beta/trials/Matrix.py', '5000', '/home/ubuntu/teste.mtr_0']
1498222193.669340|PLATFORM: (predicted_time, predicted_cost) = 0.0|0.0
1498222193.669521|PLATFORM: QoS Sample = {'execution_time': 0.0, 'efficiency': 0.221667, 'cost': 0.0}
1498222193.682760|SYSTEM: Waiting on Computation to finish.
1498222285.688530|SYSTEM: Starting Platform.
1498222285.690245|SYSTEM: Starting Computation.
1498222285.692219|SYSTEM: Waiting on Platform to finish.
1498222285.696562|PLATFORM: QoS Values ={'execution_time': 700.0, 'efficiency': 1.5, 'cost': 4100.0, 'power_consumption': 0.0, 'accuracy': 0.0}
1498222285.696691|PLATFORM: QoS Weight ={'execution_time': 0.4, 'efficiency': 0.4, 'cost': 0.4, 'power_consumption': 0.0, 'accuracy': 0.0}
1498222285.696741|PLATFORM: QoS Factor =0.1
1498222285.696796|PLATFORM: Monitor Interval = 10
1498222285.696840|PLATFORM: Sample Interval = 10
1498222285.696879|PLATFORM: Reconfiguration Interval = 120
1498222285.697378|PLATFORM: http://200.19.177.89:33004:elastic_cluster_ace1f7e0-d2b2-4c5b-8aa8-a2f8511939dd:8dcf49e1-9a3c-47f2-aec2-1a0cbfb32e52
1498222291.039989|PLATFORM: Number Of Nodes = 6
1498222295.706509|COMPUTATION: Starting Computation.
1498222295.706773|COMPUTATION: Start (MatrixSize, Iteration) = |5000|0|
1498222295.707033|COMPUTATION: ['mpirun', '-n', '12', '-machinefile', '/home/ubuntu/machinefile', '/home/ubuntu/repositorios/elastichpc/beta/trials/Matrix.py', '5000', '/home/ubuntu/teste.mtr_0']
1498222302.074617|PLATFORM: (predicted_time, predicted_cost) = 0.0|0.0
1498222302.074839|PLATFORM: QoS Sample = {'execution_time': 0.0, 'efficiency': 0.353333, 'cost': 0.0}
1498222302.074908|PLATFORM: Contract breached = {'execution_time': 0.4, 'efficiency': 0.3057778666666666, 'cost': 0.4}
1498222302.074954|PLATFORM: Parameter to Reconfigure: cost
1498222302.074997|PLATFORM: Scale Down = execution_time|0.0|700.0
1498222302.075033|PLATFORM: State = |0.0|0.353333|578.333|6|
1498222313.130964|SYSTEM: Waiting on Computation to finish.
1498222332.157264|COMPUTATION: End (MatrixSize, Iteration) = |5000|0|
1498222332.441183|COMPUTATION: Execution = Warning: Permanently added '10.10.10.4' (ECDSA) to the list of known hosts.
Warning: Permanently added '10.10.10.5' (ECDSA) to the list of known hosts.
Warning: Permanently added '10.10.10.8' (ECDSA) to the list of known hosts.
Warning: Permanently added '10.10.10.6' (ECDSA) to the list of known hosts.
Warning: Permanently added '10.10.10.7' (ECDSA) to the list of known hosts.
|None
1498222332.441408|COMPUTATION: Progress = 0.05
1498222332.441478|COMPUTATION: Start (MatrixSize, Iteration) = |5000|1|
1498222332.441846|COMPUTATION: ['mpirun', '-n', '12', '-machinefile', '/home/ubuntu/machinefile', '/home/ubuntu/repositorios/elastichpc/beta/trials/Matrix.py', '5000', '/home/ubuntu/teste.mtr_1']
1498222445.523795|SYSTEM: Starting Platform.
1498222445.525981|SYSTEM: Starting Computation.
1498222445.528131|SYSTEM: Waiting on Platform to finish.
1498222445.533289|PLATFORM: QoS Values ={'execution_time': 700.0, 'efficiency': 1.5, 'cost': 4100.0, 'power_consumption': 0.0, 'accuracy': 0.0}
1498222445.533443|PLATFORM: QoS Weight ={'execution_time': 0.4, 'efficiency': 0.4, 'cost': 0.4, 'power_consumption': 0.0, 'accuracy': 0.0}
1498222445.533499|PLATFORM: QoS Factor =0.1
1498222445.533548|PLATFORM: Monitor Interval = 10
1498222445.533600|PLATFORM: Sample Interval = 10
1498222445.533655|PLATFORM: Reconfiguration Interval = 120
1498222445.534314|PLATFORM: http://200.19.177.89:33004:elastic_cluster_ace1f7e0-d2b2-4c5b-8aa8-a2f8511939dd:8dcf49e1-9a3c-47f2-aec2-1a0cbfb32e52
1498222451.694423|PLATFORM: Number Of Nodes = 6
1498222455.547288|COMPUTATION: Starting Computation.
1498222455.547555|COMPUTATION: Start (MatrixSize, Iteration) = |5000|0|
1498222455.547821|COMPUTATION: ['mpirun', '-n', '12', '-machinefile', '/home/ubuntu/machinefile', '/home/ubuntu/repositorios/elastichpc/beta/trials/Matrix.py', '5000', '/home/ubuntu/teste.mtr_0']
1498222462.751968|PLATFORM: (predicted_time, predicted_cost) = 0.0|0.0
1498222462.752151|PLATFORM: QoS Sample = {'execution_time': 0.0, 'efficiency': 0.368333, 'cost': 0.0}
1498222462.752222|PLATFORM: Contract breached = {'execution_time': 0.4, 'efficiency': 0.30177786666666667, 'cost': 0.4}
1498222462.752265|PLATFORM: Parameter to Reconfigure: cost
1498222462.752309|PLATFORM: Scale Down = execution_time|0.0|700.0
1498222462.752348|PLATFORM: State = |0.0|0.368333|578.833|6|
1498222473.767986|SYSTEM: Waiting on Computation to finish.
1498222739.024064|SYSTEM: Starting Platform.
1498222739.025929|SYSTEM: Starting Computation.
1498222739.027854|SYSTEM: Waiting on Platform to finish.
1498222739.031871|PLATFORM: QoS Values ={'execution_time': 700.0, 'efficiency': 1.5, 'cost': 4100.0, 'power_consumption': 0.0, 'accuracy': 0.0}
1498222739.031978|PLATFORM: QoS Weight ={'execution_time': 0.4, 'efficiency': 0.4, 'cost': 0.4, 'power_consumption': 0.0, 'accuracy': 0.0}
1498222739.032030|PLATFORM: QoS Factor =0.1
1498222739.032083|PLATFORM: Monitor Interval = 10
1498222739.032121|PLATFORM: Sample Interval = 10
1498222739.032158|PLATFORM: Reconfiguration Interval = 120
1498222739.032704|PLATFORM: http://200.19.177.89:33004:elastic_cluster_ace1f7e0-d2b2-4c5b-8aa8-a2f8511939dd:8dcf49e1-9a3c-47f2-aec2-1a0cbfb32e52
1498222744.834526|PLATFORM: Number Of Nodes = 6
1498222749.046362|COMPUTATION: Starting Computation.
1498222749.046652|COMPUTATION: Start (MatrixSize, Iteration) = |5000|0|
1498222749.047037|COMPUTATION: ['mpirun', '-n', '12', '-machinefile', '/home/ubuntu/machinefile', '/home/ubuntu/repositorios/elastichpc/beta/trials/Matrix.py', '5000', '/home/ubuntu/teste.mtr_0']
1498222755.884087|PLATFORM: (predicted_time, predicted_cost) = 0.0|0.0
1498222755.884269|PLATFORM: QoS Sample = {'execution_time': 0.0, 'efficiency': 0.17, 'cost': 0.0}
1498222755.884337|PLATFORM: Contract breached = {'execution_time': 0.4, 'efficiency': 0.3546666666666667, 'cost': 0.4}
1498222755.884385|PLATFORM: Parameter to Reconfigure: cost
1498222755.884432|PLATFORM: Scale Down = execution_time|0.0|700.0
1498222755.884472|PLATFORM: State = |0.0|0.17|578.833|6|
1498222766.983556|SYSTEM: Waiting on Computation to finish.
1498222787.890740|COMPUTATION: End (MatrixSize, Iteration) = |5000|0|
1498222789.467362|COMPUTATION: Execution = Warning: Permanently added '10.10.10.8' (ECDSA) to the list of known hosts.
Warning: Permanently added '10.10.10.4' (ECDSA) to the list of known hosts.
Warning: Permanently added '10.10.10.5' (ECDSA) to the list of known hosts.
Warning: Permanently added '10.10.10.7' (ECDSA) to the list of known hosts.
Warning: Permanently added '10.10.10.6' (ECDSA) to the list of known hosts.
|None
1498222789.470448|COMPUTATION: Progress = 0.333333333333
1498222789.470528|COMPUTATION: Start (MatrixSize, Iteration) = |5000|1|
1498222789.470899|COMPUTATION: ['mpirun', '-n', '12', '-machinefile', '/home/ubuntu/machinefile', '/home/ubuntu/repositorios/elastichpc/beta/trials/Matrix.py', '5000', '/home/ubuntu/teste.mtr_1']
1498236459.107753|SYSTEM: Starting Platform.
1498236459.110260|SYSTEM: Starting Computation.
1498236459.112129|SYSTEM: Waiting on Platform to finish.
1498236459.112995|PLATFORM: QoS Values ={'execution_time': 700.0, 'efficiency': 1.5, 'cost': 4100.0, 'power_consumption': 0.0, 'accuracy': 0.0}
1498236459.113102|PLATFORM: QoS Weight ={'execution_time': 0.4, 'efficiency': 0.4, 'cost': 0.4, 'power_consumption': 0.0, 'accuracy': 0.0}
1498236459.113144|PLATFORM: QoS Factor =0.1
1498236459.113184|PLATFORM: Monitor Interval = 10
1498236459.113236|PLATFORM: Sample Interval = 10
1498236459.113275|PLATFORM: Reconfiguration Interval = 120
1498236459.113799|PLATFORM: http://200.19.177.89:33004:elastic_cluster_ace1f7e0-d2b2-4c5b-8aa8-a2f8511939dd:8dcf49e1-9a3c-47f2-aec2-1a0cbfb32e52
1498236464.950015|PLATFORM: Number Of Nodes = 6
1498236469.126489|COMPUTATION: Starting Computation.
1498236469.126693|COMPUTATION: Start (MatrixSize, Iteration) = |5000|0|
1498236469.126877|COMPUTATION: ['mpirun', '-n', '12', '-machinefile', '/home/ubuntu/machinefile', '/home/ubuntu/repositorios/elastichpc/beta/trials/Matrix.py', '5000', '/home/ubuntu/teste.mtr_0']
1498236475.978203|PLATFORM: (predicted_time, predicted_cost) = 0.0|0.0
1498236475.978399|PLATFORM: QoS Sample = {'execution_time': 0.0, 'efficiency': 0.171667, 'cost': 0.0}
1498236475.978508|PLATFORM: Contract breached = {'execution_time': 0.4, 'efficiency': 0.35422213333333336, 'cost': 0.4}
1498236475.978562|PLATFORM: Parameter to Reconfigure: cost
1498236475.978614|PLATFORM: Scale Down = execution_time|0.0|700.0
1498236475.978656|PLATFORM: State = |0.0|0.171667|579|6|
1498236487.078925|SYSTEM: Waiting on Computation to finish.
1498236548.576500|SYSTEM: Starting Platform.
1498236548.578108|SYSTEM: Starting Computation.
1498236548.581092|PLATFORM: QoS Values ={'execution_time': 700.0, 'efficiency': 1.5, 'cost': 4100.0, 'power_consumption': 0.0, 'accuracy': 0.0}
1498236548.580197|SYSTEM: Waiting on Platform to finish.
1498236548.581210|PLATFORM: QoS Weight ={'execution_time': 0.4, 'efficiency': 0.4, 'cost': 0.4, 'power_consumption': 0.0, 'accuracy': 0.0}
1498236548.581255|PLATFORM: QoS Factor =0.1
1498236548.581305|PLATFORM: Monitor Interval = 10
1498236548.581354|PLATFORM: Sample Interval = 10
1498236548.581397|PLATFORM: Reconfiguration Interval = 120
1498236548.581918|PLATFORM: http://200.19.177.89:33004:elastic_cluster_ace1f7e0-d2b2-4c5b-8aa8-a2f8511939dd:8dcf49e1-9a3c-47f2-aec2-1a0cbfb32e52
1498236553.673214|PLATFORM: Number Of Nodes = 6
1498236558.594827|COMPUTATION: Starting Computation.
1498236558.595046|COMPUTATION: Start (MatrixSize, Iteration) = |5000|0|
1498236558.595214|COMPUTATION: ['mpirun', '-n', '12', '-machinefile', '/home/ubuntu/machinefile', '/home/ubuntu/repositorios/elastichpc/beta/trials/Matrix.py', '5000', '/home/ubuntu/teste.mtr_0']
