1497987825.481924|SYSTEM: Starting Platform.
1497987825.484231|SYSTEM: Starting Computation.
1497987825.487352|SYSTEM: Waiting on Platform to finish.
1497987825.495644|PLATFORM: QoS Values ={'execution_time': 0.0, 'resource_efficiency': 0.0, 'cost': 0.0, 'power_consumption': 0.0, 'accuracy': 0.0}
1497987825.495877|PLATFORM: QoS Weight ={'execution_time': 0.0, 'resource_efficiency': 0.0, 'cost': 0.0, 'power_consumption': 0.0, 'accuracy': 0.0}
1497987825.495973|PLATFORM: QoS Factor =0.0
1497987825.496060|PLATFORM: Monitor Interval = 10
1497987825.496127|PLATFORM: Sample Interval = 10
1497987825.496195|PLATFORM: Reconfiguration Interval = 10
1497987825.496259|PLATFORM: http://200.19.177.89:33004:elastic_cluster_ccad55f4-c6d7-477a-b807-e56714399f75:a3f6c3ff-53c6-4a9a-b953-1a9ddad5b64d
1497987827.188694|PLATFORM: Number Of Nodes = 2
1497987830.505119|COMPUTATION: Starting Computation.
1497987830.505532|COMPUTATION: Start (MatrixSize, Iteration) = |2000|0|
1497987830.506021|COMPUTATION: ['mpirun', '-n', '4', '-machinefile', '/home/ubuntu/machinefile', '/home/ubuntu/repositorios/elastichpc/beta/trials/Matrix.py', '2000', '/home/ubuntu/teste.mtr_0']
1497987837.862099|PLATFORM: State = |0.0|0.4|168.5|2|
1497987838.950451|COMPUTATION: End (MatrixSize, Iteration) = |2000|0|
1497987838.981491|COMPUTATION: Execution = Warning: Permanently added '10.10.10.4' (ECDSA) to the list of known hosts.
|None
1497987838.981688|COMPUTATION: Progress = 0.05
1497987838.981774|COMPUTATION: Start (MatrixSize, Iteration) = |2000|1|
1497987838.982225|COMPUTATION: ['mpirun', '-n', '4', '-machinefile', '/home/ubuntu/machinefile', '/home/ubuntu/repositorios/elastichpc/beta/trials/Matrix.py', '2000', '/home/ubuntu/teste.mtr_1']
1497987844.510930|COMPUTATION: End (MatrixSize, Iteration) = |2000|1|
1497987844.529458|COMPUTATION: Execution = Warning: Permanently added '10.10.10.4' (ECDSA) to the list of known hosts.
|None
1497987844.529584|COMPUTATION: Progress = 0.1
1497987844.529646|COMPUTATION: Start (MatrixSize, Iteration) = |2000|2|
1497987844.529864|COMPUTATION: ['mpirun', '-n', '4', '-machinefile', '/home/ubuntu/machinefile', '/home/ubuntu/repositorios/elastichpc/beta/trials/Matrix.py', '2000', '/home/ubuntu/teste.mtr_2']
1497987848.505281|PLATFORM: State = |0.10000000149|0.485|168.5|2|
1497987849.864810|COMPUTATION: End (MatrixSize, Iteration) = |2000|2|
1497987849.880681|COMPUTATION: Execution = Warning: Permanently added '10.10.10.4' (ECDSA) to the list of known hosts.
|None
1497987849.880764|COMPUTATION: Progress = 0.15
1497987849.880805|COMPUTATION: Start (MatrixSize, Iteration) = |2000|3|
1497987849.881101|COMPUTATION: ['mpirun', '-n', '4', '-machinefile', '/home/ubuntu/machinefile', '/home/ubuntu/repositorios/elastichpc/beta/trials/Matrix.py', '2000', '/home/ubuntu/teste.mtr_3']
1497987855.453222|COMPUTATION: End (MatrixSize, Iteration) = |2000|3|
1497987855.484445|COMPUTATION: Execution = Warning: Permanently added '10.10.10.4' (ECDSA) to the list of known hosts.
|None
1497987855.484583|COMPUTATION: Progress = 0.2
1497987855.484659|COMPUTATION: Start (MatrixSize, Iteration) = |2000|4|
1497987855.484962|COMPUTATION: ['mpirun', '-n', '4', '-machinefile', '/home/ubuntu/machinefile', '/home/ubuntu/repositorios/elastichpc/beta/trials/Matrix.py', '2000', '/home/ubuntu/teste.mtr_4']
1497987859.578831|PLATFORM: RECONFIGURATION BEFORE: 2
1497987862.235154|COMPUTATION: End (MatrixSize, Iteration) = |2000|4|
1497987862.263373|COMPUTATION: Execution = Warning: Permanently added '10.10.10.4' (ECDSA) to the list of known hosts.
|None
1497987862.263516|COMPUTATION: Progress = 0.25
1497987862.263599|COMPUTATION: Start (MatrixSize, Iteration) = |2000|5|
1497987862.263903|COMPUTATION: ['mpirun', '-n', '4', '-machinefile', '/home/ubuntu/machinefile', '/home/ubuntu/repositorios/elastichpc/beta/trials/Matrix.py', '2000', '/home/ubuntu/teste.mtr_5']
1497987867.397243|COMPUTATION: End (MatrixSize, Iteration) = |2000|5|
1497987867.426981|COMPUTATION: Execution = Warning: Permanently added '10.10.10.4' (ECDSA) to the list of known hosts.
|None
1497987867.427121|COMPUTATION: Progress = 0.3
1497987867.427207|COMPUTATION: Start (MatrixSize, Iteration) = |2000|6|
1497987867.427453|COMPUTATION: ['mpirun', '-n', '4', '-machinefile', '/home/ubuntu/machinefile', '/home/ubuntu/repositorios/elastichpc/beta/trials/Matrix.py', '2000', '/home/ubuntu/teste.mtr_6']
1497987872.717520|COMPUTATION: End (MatrixSize, Iteration) = |2000|6|
1497987872.748569|COMPUTATION: Execution = Warning: Permanently added '10.10.10.4' (ECDSA) to the list of known hosts.
|None
1497987872.748703|COMPUTATION: Progress = 0.35
1497987872.748777|COMPUTATION: Start (MatrixSize, Iteration) = |2000|7|
1497987872.749031|COMPUTATION: ['mpirun', '-n', '4', '-machinefile', '/home/ubuntu/machinefile', '/home/ubuntu/repositorios/elastichpc/beta/trials/Matrix.py', '2000', '/home/ubuntu/teste.mtr_7']
1497987877.920741|COMPUTATION: End (MatrixSize, Iteration) = |2000|7|
1497987877.937083|COMPUTATION: Execution = Warning: Permanently added '10.10.10.4' (ECDSA) to the list of known hosts.
|None
1497987877.937167|COMPUTATION: Progress = 0.4
1497987877.937212|COMPUTATION: Start (MatrixSize, Iteration) = |2000|8|
1497987877.937394|COMPUTATION: ['mpirun', '-n', '4', '-machinefile', '/home/ubuntu/machinefile', '/home/ubuntu/repositorios/elastichpc/beta/trials/Matrix.py', '2000', '/home/ubuntu/teste.mtr_8']
1497987883.433823|COMPUTATION: End (MatrixSize, Iteration) = |2000|8|
1497987883.466119|COMPUTATION: Execution = Warning: Permanently added '10.10.10.4' (ECDSA) to the list of known hosts.
|None
1497987883.466266|COMPUTATION: Progress = 0.45
1497987883.466346|COMPUTATION: Start (MatrixSize, Iteration) = |2000|9|
1497987883.466681|COMPUTATION: ['mpirun', '-n', '4', '-machinefile', '/home/ubuntu/machinefile', '/home/ubuntu/repositorios/elastichpc/beta/trials/Matrix.py', '2000', '/home/ubuntu/teste.mtr_9']
1497987888.613243|COMPUTATION: End (MatrixSize, Iteration) = |2000|9|
1497987888.644862|COMPUTATION: Execution = Warning: Permanently added '10.10.10.4' (ECDSA) to the list of known hosts.
|None
1497987888.645013|COMPUTATION: Progress = 0.5
1497987888.645094|COMPUTATION: Start (MatrixSize, Iteration) = |2000|10|
1497987888.645387|COMPUTATION: ['mpirun', '-n', '4', '-machinefile', '/home/ubuntu/machinefile', '/home/ubuntu/repositorios/elastichpc/beta/trials/Matrix.py', '2000', '/home/ubuntu/teste.mtr_10']
1497987893.783275|COMPUTATION: End (MatrixSize, Iteration) = |2000|10|
1497987893.811858|COMPUTATION: Execution = Warning: Permanently added '10.10.10.4' (ECDSA) to the list of known hosts.
|None
1497987893.811986|COMPUTATION: Progress = 0.55
1497987893.812056|COMPUTATION: Start (MatrixSize, Iteration) = |2000|11|
1497987893.812316|COMPUTATION: ['mpirun', '-n', '4', '-machinefile', '/home/ubuntu/machinefile', '/home/ubuntu/repositorios/elastichpc/beta/trials/Matrix.py', '2000', '/home/ubuntu/teste.mtr_11']
1497987899.222823|COMPUTATION: End (MatrixSize, Iteration) = |2000|11|
1497987899.249317|COMPUTATION: Execution = Warning: Permanently added '10.10.10.4' (ECDSA) to the list of known hosts.
|None
1497987899.249446|COMPUTATION: Progress = 0.6
1497987899.249515|COMPUTATION: Start (MatrixSize, Iteration) = |2000|12|
1497987899.249761|COMPUTATION: ['mpirun', '-n', '4', '-machinefile', '/home/ubuntu/machinefile', '/home/ubuntu/repositorios/elastichpc/beta/trials/Matrix.py', '2000', '/home/ubuntu/teste.mtr_12']
1497987904.870373|COMPUTATION: End (MatrixSize, Iteration) = |2000|12|
1497987904.899780|COMPUTATION: Execution = Warning: Permanently added '10.10.10.4' (ECDSA) to the list of known hosts.
|None
1497987904.899913|COMPUTATION: Progress = 0.65
1497987904.899986|COMPUTATION: Start (MatrixSize, Iteration) = |2000|13|
1497987904.900263|COMPUTATION: ['mpirun', '-n', '4', '-machinefile', '/home/ubuntu/machinefile', '/home/ubuntu/repositorios/elastichpc/beta/trials/Matrix.py', '2000', '/home/ubuntu/teste.mtr_13']
1497987910.533024|COMPUTATION: End (MatrixSize, Iteration) = |2000|13|
1497987910.565345|COMPUTATION: Execution = Warning: Permanently added '10.10.10.4' (ECDSA) to the list of known hosts.
|None
1497987910.565490|COMPUTATION: Progress = 0.7
1497987910.565584|COMPUTATION: Start (MatrixSize, Iteration) = |2000|14|
1497987910.565908|COMPUTATION: ['mpirun', '-n', '4', '-machinefile', '/home/ubuntu/machinefile', '/home/ubuntu/repositorios/elastichpc/beta/trials/Matrix.py', '2000', '/home/ubuntu/teste.mtr_14']
1497987915.784549|COMPUTATION: End (MatrixSize, Iteration) = |2000|14|
1497987915.807245|COMPUTATION: Execution = Warning: Permanently added '10.10.10.4' (ECDSA) to the list of known hosts.
|None
1497987915.807353|COMPUTATION: Progress = 0.75
1497987915.807412|COMPUTATION: Start (MatrixSize, Iteration) = |2000|15|
1497987915.807624|COMPUTATION: ['mpirun', '-n', '4', '-machinefile', '/home/ubuntu/machinefile', '/home/ubuntu/repositorios/elastichpc/beta/trials/Matrix.py', '2000', '/home/ubuntu/teste.mtr_15']
1497987921.482043|COMPUTATION: End (MatrixSize, Iteration) = |2000|15|
1497987921.511708|COMPUTATION: Execution = Warning: Permanently added '10.10.10.4' (ECDSA) to the list of known hosts.
|None
1497987921.511852|COMPUTATION: Progress = 0.8
1497987921.511942|COMPUTATION: Start (MatrixSize, Iteration) = |2000|16|
1497987921.512210|COMPUTATION: ['mpirun', '-n', '4', '-machinefile', '/home/ubuntu/machinefile', '/home/ubuntu/repositorios/elastichpc/beta/trials/Matrix.py', '2000', '/home/ubuntu/teste.mtr_16']
1497987926.810750|COMPUTATION: End (MatrixSize, Iteration) = |2000|16|
1497987926.826063|COMPUTATION: Execution = Warning: Permanently added '10.10.10.4' (ECDSA) to the list of known hosts.
|None
1497987926.826137|COMPUTATION: Progress = 0.85
1497987926.826178|COMPUTATION: Start (MatrixSize, Iteration) = |2000|17|
1497987926.826347|COMPUTATION: ['mpirun', '-n', '4', '-machinefile', '/home/ubuntu/machinefile', '/home/ubuntu/repositorios/elastichpc/beta/trials/Matrix.py', '2000', '/home/ubuntu/teste.mtr_17']
1497987932.059510|COMPUTATION: End (MatrixSize, Iteration) = |2000|17|
1497987932.087237|COMPUTATION: Execution = Warning: Permanently added '10.10.10.4' (ECDSA) to the list of known hosts.
|None
1497987932.087359|COMPUTATION: Progress = 0.9
1497987932.087444|COMPUTATION: Start (MatrixSize, Iteration) = |2000|18|
1497987932.087708|COMPUTATION: ['mpirun', '-n', '4', '-machinefile', '/home/ubuntu/machinefile', '/home/ubuntu/repositorios/elastichpc/beta/trials/Matrix.py', '2000', '/home/ubuntu/teste.mtr_18']
1497987937.518188|COMPUTATION: End (MatrixSize, Iteration) = |2000|18|
1497987937.545869|COMPUTATION: Execution = Warning: Permanently added '10.10.10.4' (ECDSA) to the list of known hosts.
|None
1497987937.546003|COMPUTATION: Progress = 0.95
1497987937.546076|COMPUTATION: Start (MatrixSize, Iteration) = |2000|19|
1497987937.546321|COMPUTATION: ['mpirun', '-n', '4', '-machinefile', '/home/ubuntu/machinefile', '/home/ubuntu/repositorios/elastichpc/beta/trials/Matrix.py', '2000', '/home/ubuntu/teste.mtr_19']
1497987942.754025|COMPUTATION: End (MatrixSize, Iteration) = |2000|19|
1497987942.785162|COMPUTATION: Execution = Warning: Permanently added '10.10.10.4' (ECDSA) to the list of known hosts.
|None
1497987942.785294|COMPUTATION: Progress = 1.0
1497987942.785496|COMPUTATION: Finish Computation.
1497987950.127118|PLATFORM: RECONFIGURATION AFTER: 3|BUILDING
1497987950.127568|PLATFORM: State = |0.20000000298|0.7|221|3|
1497987950.127708|PLATFORM: Finish Platform.
1497987950.128841|PLATFORM: Execution Log = [(1497987837.862009, {'compute_state': 0.0, 'resource_state': '0.4|168.5', 'nodes': 2}), (1497987848.505182, {'compute_state': 0.10000000149011612, 'resource_state': '0.485|168.5', 'nodes': 2}), (1497987950.127533, {'compute_state': 0.20000000298023224, 'resource_state': '0.7|221', 'nodes': 3})]
1497987950.133477|SYSTEM: Waiting on Computation to finish.
1497987950.133706|SYSTEM: Good bye...
