1498387868.844785|SYSTEM: Starting Platform.
1498387868.847946|SYSTEM: Starting Computation.
1498387868.852177|SYSTEM: Waiting on Platform to finish.
1498387868.858711|PLATFORM: QoS Values ={'execution_time': 3630.0, 'resource_efficiency': 1.6, 'cost': 21822.0, 'power_consumption': 0.0, 'accuracy': 0.0}
1498387868.858982|PLATFORM: QoS Weight ={'execution_time': 0.4, 'resource_efficiency': 0.4, 'cost': 0.4, 'power_consumption': 0.0, 'accuracy': 0.0}
1498387868.859086|PLATFORM: QoS Factor =0.1
1498387868.859178|PLATFORM: Monitor Interval = 10
1498387868.859269|PLATFORM: Sample Interval = 10
1498387868.859364|PLATFORM: Reconfiguration Interval = 30
1498387868.859442|PLATFORM: http://200.19.177.89:33004:elasticnode:62f23550-2d7a-48dc-bc5d-90db3e76a956
1498387874.131180|PLATFORM: Number Of Nodes = 6
1498387878.876678|COMPUTATION: Starting Computation.
1498387878.877184|COMPUTATION: Start (MatrixSize, Iteration) = |10000|0|
1498387878.877729|COMPUTATION: ['mpirun', '-n', '12', '-machinefile', '/home/ubuntu/machinefile', '/home/ubuntu/repositorios/elastichpc/beta/trials/Matrix.py', '10000', '/home/ubuntu/teste.mtr_0']
1498387885.732300|PLATFORM: State = |0.0|0.17|1834.5|6|
1498387897.095736|PLATFORM: State = |0.0|0.496667|1878.33|6|
1498387908.451303|PLATFORM: State = |0.0|0.803333|2006.17|6|
1498387920.285420|PLATFORM: State = |0.0|1.04|2006.5|6|
1498387931.682723|PLATFORM: State = |0.0|1.23833|2006.5|6|
1498387943.086525|PLATFORM: State = |0.0|1.365|2006.67|6|
1498387954.399528|PLATFORM: State = |0.0|1.47167|2006|6|
1498387965.750636|PLATFORM: State = |0.0|1.59|2007|6|
1498387977.114721|PLATFORM: State = |0.0|1.66167|2007|6|
1498387988.202145|PLATFORM: State = |0.0|1.73333|2006.83|6|
1498387999.306994|PLATFORM: State = |0.0|1.77833|2006.83|6|
1498388010.381868|PLATFORM: State = |0.0|1.72667|1317.67|6|
1498388021.687138|PLATFORM: State = |0.0|1.63833|1317.83|6|
1498388032.979271|PLATFORM: State = |0.0|1.63333|1318|6|
1498388044.211023|PLATFORM: State = |0.0|1.57667|1318|6|
1498388055.546826|PLATFORM: State = |0.0|1.53|1318.17|6|
1498388066.547272|PLATFORM: State = |0.0|1.43333|501|6|
1498388077.491697|PLATFORM: State = |0.0|1.25|501.167|6|
1498388088.134682|PLATFORM: State = |0.0|1.07667|501.333|6|
1498388099.055019|PLATFORM: State = |0.0|0.985|500.833|6|
1498388110.003283|PLATFORM: State = |0.0|0.87|501.167|6|
1498388112.367648|COMPUTATION: End (MatrixSize, Iteration) = |10000|0|
1498388113.734995|COMPUTATION: Execution = Warning: Permanently added '10.10.10.4' (ECDSA) to the list of known hosts.
Warning: Permanently added '10.10.10.7' (ECDSA) to the list of known hosts.
Warning: Permanently added '10.10.10.5' (ECDSA) to the list of known hosts.
Warning: Permanently added '10.10.10.6' (ECDSA) to the list of known hosts.
Warning: Permanently added '10.10.10.8' (ECDSA) to the list of known hosts.
|None
1498388113.735332|COMPUTATION: Progress = 0.05
1498388113.735472|COMPUTATION: Start (MatrixSize, Iteration) = |10000|1|
1498388113.736441|COMPUTATION: ['mpirun', '-n', '12', '-machinefile', '/home/ubuntu/machinefile', '/home/ubuntu/repositorios/elastichpc/beta/trials/Matrix.py', '10000', '/home/ubuntu/teste.mtr_1']
1498388121.640328|PLATFORM: State = |0.0500000007451|0.958333|1851.33|6|
1498388133.292333|PLATFORM: State = |0.0500000007451|1.175|1879.33|6|
1498388144.726748|PLATFORM: State = |0.0500000007451|1.33167|2006.5|6|
1498388156.363217|PLATFORM: State = |0.0500000007451|1.45667|2006.5|6|
1498388167.995920|PLATFORM: State = |0.0500000007451|1.60333|2006.33|6|
1498388179.098384|PLATFORM: State = |0.0500000007451|1.68167|2006.5|6|
1498388190.516613|PLATFORM: State = |0.0500000007451|1.77667|2006.83|6|
1498388202.011418|PLATFORM: State = |0.0500000007451|1.875|2006.83|6|
1498388213.418630|PLATFORM: State = |0.0500000007451|1.93|2006.67|6|
1498388224.774894|PLATFORM: State = |0.0500000007451|1.96833|2006.33|6|
1498388236.237705|PLATFORM: State = |0.0500000007451|1.99|1317.67|6|
1498388247.548173|PLATFORM: State = |0.0500000007451|1.81833|1317.67|6|
1498388258.813691|PLATFORM: State = |0.0500000007451|1.83833|1317.83|6|
1498388269.886419|PLATFORM: State = |0.0500000007451|1.785|1318|6|
1498388281.183079|PLATFORM: State = |0.0500000007451|1.715|1318.17|6|
1498388292.486914|PLATFORM: State = |0.0500000007451|1.60667|1318|6|
1498388303.783425|PLATFORM: State = |0.0500000007451|1.57167|1318.17|6|
1498388314.868890|PLATFORM: State = |0.0500000007451|1.51833|1180.5|6|
1498388325.879380|PLATFORM: State = |0.0500000007451|1.41|501.167|6|
1498388336.836415|PLATFORM: State = |0.0500000007451|1.235|501.333|6|
1498388347.588287|PLATFORM: State = |0.0500000007451|1.09833|501.167|6|
1498388358.328110|PLATFORM: State = |0.0500000007451|0.96|501.167|6|
1498388369.324116|PLATFORM: State = |0.0500000007451|0.876667|501|6|
1498388375.926094|COMPUTATION: End (MatrixSize, Iteration) = |10000|1|
1498388376.138788|COMPUTATION: Execution = Warning: Permanently added '10.10.10.4' (ECDSA) to the list of known hosts.
Warning: Permanently added '10.10.10.7' (ECDSA) to the list of known hosts.
Warning: Permanently added '10.10.10.5' (ECDSA) to the list of known hosts.
Warning: Permanently added '10.10.10.6' (ECDSA) to the list of known hosts.
Warning: Permanently added '10.10.10.8' (ECDSA) to the list of known hosts.
|None
1498388376.138978|COMPUTATION: Progress = 0.1
1498388376.139035|COMPUTATION: Start (MatrixSize, Iteration) = |10000|2|
1498388376.139464|COMPUTATION: ['mpirun', '-n', '12', '-machinefile', '/home/ubuntu/machinefile', '/home/ubuntu/repositorios/elastichpc/beta/trials/Matrix.py', '10000', '/home/ubuntu/teste.mtr_2']
1498388381.058442|PLATFORM: State = |0.10000000149|0.873333|1802.33|6|
1498388392.570034|PLATFORM: State = |0.10000000149|1.08833|1879|6|
1498388404.265804|PLATFORM: State = |0.10000000149|1.28333|2006.17|6|
1498388415.941346|PLATFORM: State = |0.10000000149|1.43333|2006.5|6|
1498388427.565540|PLATFORM: State = |0.10000000149|1.54333|2006.17|6|
1498388438.831870|PLATFORM: State = |0.10000000149|1.64833|2006.5|6|
1498388450.115276|PLATFORM: State = |0.10000000149|1.72|2006.33|6|
1498388461.544810|PLATFORM: State = |0.10000000149|1.78|2006.67|6|
1498388473.285790|PLATFORM: State = |0.10000000149|1.86333|2006.5|6|
1498388484.958264|PLATFORM: State = |0.10000000149|1.92833|2006.5|6|
1498388496.265487|PLATFORM: State = |0.10000000149|1.95333|2006.5|6|
1498388507.598847|PLATFORM: State = |0.10000000149|1.835|1317.33|6|
1498388518.594272|PLATFORM: State = |0.10000000149|1.73833|1317.5|6|
1498388529.896462|PLATFORM: State = |0.10000000149|1.70833|1317.5|6|
1498388541.146097|PLATFORM: State = |0.10000000149|1.63833|1317.33|6|
1498388552.336063|PLATFORM: State = |0.10000000149|1.57|1317.5|6|
1498388563.699602|PLATFORM: State = |0.10000000149|1.5|1317.33|6|
1498388575.147639|PLATFORM: State = |0.10000000149|1.46167|1317.5|6|
1498388586.416267|PLATFORM: State = |0.10000000149|1.43|1317.33|6|
1498388597.684351|PLATFORM: State = |0.10000000149|1.375|1317.33|6|
1498388608.322942|PLATFORM: State = |0.10000000149|1.35667|499.667|6|
1498388619.353003|PLATFORM: State = |0.10000000149|1.16333|500.167|6|
1498388630.327879|PLATFORM: State = |0.10000000149|1.02667|500|6|
1498388641.339222|PLATFORM: State = |0.10000000149|0.901667|500|6|
1498388652.336703|PLATFORM: State = |0.10000000149|0.863333|500.167|6|
1498388658.150711|COMPUTATION: End (MatrixSize, Iteration) = |10000|2|
1498388658.343814|COMPUTATION: Execution = Warning: Permanently added '10.10.10.7' (ECDSA) to the list of known hosts.
Warning: Permanently added '10.10.10.5' (ECDSA) to the list of known hosts.
Warning: Permanently added '10.10.10.4' (ECDSA) to the list of known hosts.
Warning: Permanently added '10.10.10.6' (ECDSA) to the list of known hosts.
Warning: Permanently added '10.10.10.8' (ECDSA) to the list of known hosts.
|None
1498388658.343999|COMPUTATION: Progress = 0.15
1498388658.344055|COMPUTATION: Start (MatrixSize, Iteration) = |10000|3|
1498388658.344296|COMPUTATION: ['mpirun', '-n', '12', '-machinefile', '/home/ubuntu/machinefile', '/home/ubuntu/repositorios/elastichpc/beta/trials/Matrix.py', '10000', '/home/ubuntu/teste.mtr_3']
1498388664.057901|PLATFORM: State = |0.15000000596|0.895|1822.5|6|
1498388675.509553|PLATFORM: State = |0.15000000596|1.09|1879.5|6|
1498388686.827959|PLATFORM: State = |0.15000000596|1.24|2006.67|6|
1498388698.292351|PLATFORM: State = |0.15000000596|1.44167|2007.17|6|
1498388709.736122|PLATFORM: State = |0.15000000596|1.54833|2007.33|6|
1498388721.180431|PLATFORM: State = |0.15000000596|1.64|2007.33|6|
1498388732.594095|PLATFORM: State = |0.15000000596|1.765|2007|6|
1498388744.249850|PLATFORM: State = |0.15000000596|1.83|2007.33|6|
1498388755.768378|PLATFORM: State = |0.15000000596|1.85833|2007|6|
1498388766.907058|PLATFORM: State = |0.15000000596|1.895|2007.17|6|
1498388777.998139|PLATFORM: State = |0.15000000596|1.955|1883.5|6|
1498388789.536744|PLATFORM: State = |0.15000000596|1.94167|1318.33|6|
1498388800.932780|PLATFORM: State = |0.15000000596|1.84833|1318.33|6|
1498388812.192765|PLATFORM: State = |0.15000000596|1.74667|1318.5|6|
1498388823.591701|PLATFORM: State = |0.15000000596|1.65833|1318.33|6|
1498388835.048189|PLATFORM: State = |0.15000000596|1.62333|1318.5|6|
1498388846.280538|PLATFORM: State = |0.15000000596|1.57667|1318.5|6|
1498388857.367868|PLATFORM: State = |0.15000000596|1.51333|1318.67|6|
1498388868.656821|PLATFORM: State = |0.15000000596|1.46167|1318.5|6|
1498388880.393541|PLATFORM: State = |0.15000000596|1.44167|1338.33|6|
1498388891.339391|PLATFORM: State = |0.15000000596|1.28333|501.667|6|
1498388902.311216|PLATFORM: State = |0.15000000596|1.15|501.5|6|
1498388913.284102|PLATFORM: State = |0.15000000596|0.986667|501.833|6|
1498388924.203128|PLATFORM: State = |0.15000000596|0.893333|501.667|6|
1498388931.445345|COMPUTATION: End (MatrixSize, Iteration) = |10000|3|
1498388932.039943|COMPUTATION: Execution = Warning: Permanently added '10.10.10.7' (ECDSA) to the list of known hosts.
Warning: Permanently added '10.10.10.4' (ECDSA) to the list of known hosts.
Warning: Permanently added '10.10.10.5' (ECDSA) to the list of known hosts.
Warning: Permanently added '10.10.10.6' (ECDSA) to the list of known hosts.
Warning: Permanently added '10.10.10.8' (ECDSA) to the list of known hosts.
|None
1498388932.040214|COMPUTATION: Progress = 0.2
1498388932.040311|COMPUTATION: Start (MatrixSize, Iteration) = |10000|4|
1498388932.040717|COMPUTATION: ['mpirun', '-n', '12', '-machinefile', '/home/ubuntu/machinefile', '/home/ubuntu/repositorios/elastichpc/beta/trials/Matrix.py', '10000', '/home/ubuntu/teste.mtr_4']
1498388935.945889|PLATFORM: State = |0.20000000298|0.876667|1782|6|
1498388947.174080|PLATFORM: State = |0.20000000298|1.02167|1879.17|6|
1498388958.632699|PLATFORM: State = |0.20000000298|1.23|2006.33|6|
1498388970.021965|PLATFORM: State = |0.20000000298|1.37|2006.5|6|
1498388981.224509|PLATFORM: State = |0.20000000298|1.49167|2007.17|6|
1498388992.488407|PLATFORM: State = |0.20000000298|1.615|2007.17|6|
1498389003.744559|PLATFORM: State = |0.20000000298|1.73167|2006.83|6|
1498389014.899859|PLATFORM: State = |0.20000000298|1.78833|2006.5|6|
1498389025.941084|PLATFORM: State = |0.20000000298|1.85167|2006.83|6|
1498389037.232591|PLATFORM: State = |0.20000000298|1.87667|2006.67|6|
1498389048.764456|PLATFORM: State = |0.20000000298|1.92833|2006.67|6|
1498389060.134697|PLATFORM: State = |0.20000000298|1.85167|1318|6|
1498389071.616868|PLATFORM: State = |0.20000000298|1.76|1318|6|
1498389083.101143|PLATFORM: State = |0.20000000298|1.63667|1317.83|6|
1498389094.791126|PLATFORM: State = |0.20000000298|1.57|1318|6|
1498389106.409485|PLATFORM: State = |0.20000000298|1.54833|1317.83|6|
1498389117.467561|PLATFORM: State = |0.20000000298|1.50167|1317.83|6|
1498389128.452555|PLATFORM: State = |0.20000000298|1.43167|1179.83|6|
1498389139.474877|PLATFORM: State = |0.20000000298|1.33167|501|6|
1498389150.539457|PLATFORM: State = |0.20000000298|1.18667|501|6|
1498389161.546305|PLATFORM: State = |0.20000000298|1.03667|501.167|6|
1498389172.522892|PLATFORM: State = |0.20000000298|0.901667|501.167|6|
1498389183.468301|PLATFORM: State = |0.20000000298|0.791667|501.167|6|
1498389187.169652|COMPUTATION: End (MatrixSize, Iteration) = |10000|4|
1498389187.379631|COMPUTATION: Execution = Warning: Permanently added '10.10.10.4' (ECDSA) to the list of known hosts.
Warning: Permanently added '10.10.10.7' (ECDSA) to the list of known hosts.
Warning: Permanently added '10.10.10.5' (ECDSA) to the list of known hosts.
Warning: Permanently added '10.10.10.6' (ECDSA) to the list of known hosts.
Warning: Permanently added '10.10.10.8' (ECDSA) to the list of known hosts.
|None
1498389187.379817|COMPUTATION: Progress = 0.25
1498389187.379872|COMPUTATION: Start (MatrixSize, Iteration) = |10000|5|
1498389187.380125|COMPUTATION: ['mpirun', '-n', '12', '-machinefile', '/home/ubuntu/machinefile', '/home/ubuntu/repositorios/elastichpc/beta/trials/Matrix.py', '10000', '/home/ubuntu/teste.mtr_5']
1498389194.912877|PLATFORM: State = |0.25|0.851667|1853.5|6|
1498389206.112664|PLATFORM: State = |0.25|1.07833|1879.17|6|
1498389217.460800|PLATFORM: State = |0.25|1.21833|2006.67|6|
1498389228.713227|PLATFORM: State = |0.25|1.385|2006.5|6|
1498389240.242333|PLATFORM: State = |0.25|1.5|2006.67|6|
1498389251.738905|PLATFORM: State = |0.25|1.62667|2007|6|
1498389263.202918|PLATFORM: State = |0.25|1.70167|2006.83|6|
1498389274.354580|PLATFORM: State = |0.25|1.77833|2006.83|6|
1498389285.482190|PLATFORM: State = |0.25|1.81333|2006.83|6|
1498389296.745239|PLATFORM: State = |0.25|1.87167|2006.83|6|
1498389308.029201|PLATFORM: State = |0.25|1.84667|1317.5|6|
1498389319.330488|PLATFORM: State = |0.25|1.77|1318|6|
1498389330.597812|PLATFORM: State = |0.25|1.70167|1317.83|6|
1498389341.955370|PLATFORM: State = |0.25|1.645|1318.33|6|
1498389353.185927|PLATFORM: State = |0.25|1.54833|1318.17|6|
1498389364.271978|PLATFORM: State = |0.25|1.51167|1318.17|6|
1498389375.436294|PLATFORM: State = |0.25|1.48333|1317.83|6|
1498389386.431530|PLATFORM: State = |0.25|1.37667|501|6|
1498389397.451536|PLATFORM: State = |0.25|1.22667|501|6|
1498389408.415828|PLATFORM: State = |0.25|1.10333|500.833|6|
1498389419.414943|PLATFORM: State = |0.25|0.97|501.333|6|
1498389430.411180|PLATFORM: State = |0.25|0.868333|501.333|6|
1498389430.992935|COMPUTATION: End (MatrixSize, Iteration) = |10000|5|
1498389431.499119|COMPUTATION: Execution = Warning: Permanently added '10.10.10.4' (ECDSA) to the list of known hosts.
Warning: Permanently added '10.10.10.7' (ECDSA) to the list of known hosts.
Warning: Permanently added '10.10.10.5' (ECDSA) to the list of known hosts.
Warning: Permanently added '10.10.10.6' (ECDSA) to the list of known hosts.
Warning: Permanently added '10.10.10.8' (ECDSA) to the list of known hosts.
|None
1498389431.499408|COMPUTATION: Progress = 0.3
1498389431.499511|COMPUTATION: Start (MatrixSize, Iteration) = |10000|6|
1498389431.499910|COMPUTATION: ['mpirun', '-n', '12', '-machinefile', '/home/ubuntu/machinefile', '/home/ubuntu/repositorios/elastichpc/beta/trials/Matrix.py', '10000', '/home/ubuntu/teste.mtr_6']
1498389442.140252|PLATFORM: State = |0.300000011921|0.946667|1879.17|6|
1498389453.815125|PLATFORM: State = |0.300000011921|1.15833|2006.83|6|
1498389465.057397|PLATFORM: State = |0.300000011921|1.32333|2006.5|6|
1498389476.345636|PLATFORM: State = |0.300000011921|1.48167|2006.67|6|
1498389487.581422|PLATFORM: State = |0.300000011921|1.585|2006.83|6|
1498389498.835223|PLATFORM: State = |0.300000011921|1.70833|2006.67|6|
1498389510.073782|PLATFORM: State = |0.300000011921|1.78167|2006.83|6|
1498389521.321884|PLATFORM: State = |0.300000011921|1.83167|2007|6|
1498389532.625485|PLATFORM: State = |0.300000011921|1.85833|2006.83|6|
1498389543.744945|PLATFORM: State = |0.300000011921|1.90167|2006.83|6|
1498389555.070131|PLATFORM: State = |0.300000011921|1.865|1318.17|6|
1498389566.432183|PLATFORM: State = |0.300000011921|1.795|1318.67|6|
1498389577.762609|PLATFORM: State = |0.300000011921|1.71167|1318.67|6|
1498389589.137796|PLATFORM: State = |0.300000011921|1.59833|1318.17|6|
1498389600.581966|PLATFORM: State = |0.300000011921|1.53833|1318.33|6|
1498389611.966266|PLATFORM: State = |0.300000011921|1.505|1318.67|6|
1498389622.907832|PLATFORM: State = |0.300000011921|1.45333|1180.67|6|
1498389633.889821|PLATFORM: State = |0.300000011921|1.40333|1180.5|6|
1498389644.746732|PLATFORM: State = |0.300000011921|1.33833|649.5|6|
1498389655.675452|PLATFORM: State = |0.300000011921|1.15667|501.167|6|
1498389666.614888|PLATFORM: State = |0.300000011921|0.995|501.167|6|
1498389677.587062|PLATFORM: State = |0.300000011921|0.878333|501.333|6|
1498389688.571044|PLATFORM: State = |0.300000011921|0.801667|500.833|6|
1498389694.342359|COMPUTATION: End (MatrixSize, Iteration) = |10000|6|
1498389694.549361|COMPUTATION: Execution = Warning: Permanently added '10.10.10.4' (ECDSA) to the list of known hosts.
Warning: Permanently added '10.10.10.7' (ECDSA) to the list of known hosts.
Warning: Permanently added '10.10.10.5' (ECDSA) to the list of known hosts.
Warning: Permanently added '10.10.10.6' (ECDSA) to the list of known hosts.
Warning: Permanently added '10.10.10.8' (ECDSA) to the list of known hosts.
|None
1498389694.549531|COMPUTATION: Progress = 0.35
1498389694.549586|COMPUTATION: Start (MatrixSize, Iteration) = |10000|7|
1498389694.549842|COMPUTATION: ['mpirun', '-n', '12', '-machinefile', '/home/ubuntu/machinefile', '/home/ubuntu/repositorios/elastichpc/beta/trials/Matrix.py', '10000', '/home/ubuntu/teste.mtr_7']
1498389699.873749|PLATFORM: State = |0.34999999404|0.878333|1819.5|6|
1498389711.013194|PLATFORM: State = |0.34999999404|1.07333|1878.67|6|
1498389722.294141|PLATFORM: State = |0.34999999404|1.23833|2006|6|
1498389733.551220|PLATFORM: State = |0.34999999404|1.39167|2006.5|6|
1498389744.906199|PLATFORM: State = |0.34999999404|1.52667|2007.17|6|
1498389756.178318|PLATFORM: State = |0.34999999404|1.63|2007|6|
1498389767.390459|PLATFORM: State = |0.34999999404|1.70667|2007|6|
1498389778.646280|PLATFORM: State = |0.34999999404|1.78833|2007|6|
1498389789.730289|PLATFORM: State = |0.34999999404|1.91667|2007|6|
1498389800.999316|PLATFORM: State = |0.34999999404|1.93167|2007|6|
1498389812.240075|PLATFORM: State = |0.34999999404|1.95333|1870|6|
1498389823.518047|PLATFORM: State = |0.34999999404|1.85|1317.83|6|
1498389834.882877|PLATFORM: State = |0.34999999404|1.76|1318.33|6|
1498389846.178752|PLATFORM: State = |0.34999999404|1.68167|1318.33|6|
1498389857.656466|PLATFORM: State = |0.34999999404|1.61667|1318.33|6|
1498389868.707809|PLATFORM: State = |0.34999999404|1.55|1180.33|6|
1498389879.686921|PLATFORM: State = |0.34999999404|1.48667|1180.17|6|
1498389891.266138|PLATFORM: State = |0.34999999404|1.40333|1196.17|6|
1498389902.272046|PLATFORM: State = |0.34999999404|1.225|501.333|6|
1498389913.226285|PLATFORM: State = |0.34999999404|1.12|502|6|
1498389924.280447|PLATFORM: State = |0.34999999404|1.04|501.5|6|
1498389935.291060|PLATFORM: State = |0.34999999404|0.931667|501.5|6|
1498389943.654989|COMPUTATION: End (MatrixSize, Iteration) = |10000|7|
1498389943.867158|COMPUTATION: Execution = Warning: Permanently added '10.10.10.4' (ECDSA) to the list of known hosts.
Warning: Permanently added '10.10.10.5' (ECDSA) to the list of known hosts.
Warning: Permanently added '10.10.10.7' (ECDSA) to the list of known hosts.
Warning: Permanently added '10.10.10.6' (ECDSA) to the list of known hosts.
Warning: Permanently added '10.10.10.8' (ECDSA) to the list of known hosts.
|None
1498389943.868413|COMPUTATION: Progress = 0.4
1498389943.868477|COMPUTATION: Start (MatrixSize, Iteration) = |10000|8|
1498389943.868720|COMPUTATION: ['mpirun', '-n', '12', '-machinefile', '/home/ubuntu/machinefile', '/home/ubuntu/repositorios/elastichpc/beta/trials/Matrix.py', '10000', '/home/ubuntu/teste.mtr_8']
1498389947.028084|PLATFORM: State = |0.40000000596|0.91|1652.83|6|
1498389958.616530|PLATFORM: State = |0.40000000596|1.115|1878.67|6|
1498389969.769206|PLATFORM: State = |0.40000000596|1.26667|2006.17|6|
1498389981.432231|PLATFORM: State = |0.40000000596|1.42333|2006.33|6|
1498389993.012266|PLATFORM: State = |0.40000000596|1.51833|2006.17|6|
1498390004.562634|PLATFORM: State = |0.40000000596|1.625|2006|6|
1498390016.162498|PLATFORM: State = |0.40000000596|1.71833|2006.17|6|
1498390027.494744|PLATFORM: State = |0.40000000596|1.77833|2006.33|6|
1498390038.904958|PLATFORM: State = |0.40000000596|1.825|2006.33|6|
1498390050.046778|PLATFORM: State = |0.40000000596|1.865|2006|6|
1498390061.522891|PLATFORM: State = |0.40000000596|1.9|2005.67|6|
1498390073.181874|PLATFORM: State = |0.40000000596|1.905|1317.33|6|
1498390084.596598|PLATFORM: State = |0.40000000596|1.75167|1317.67|6|
1498390096.048127|PLATFORM: State = |0.40000000596|1.67667|1317.67|6|
1498390107.597107|PLATFORM: State = |0.40000000596|1.62333|1317.67|6|
1498390118.924366|PLATFORM: State = |0.40000000596|1.53|1317.5|6|
1498390130.142845|PLATFORM: State = |0.40000000596|1.51833|1317.83|6|
1498390141.134667|PLATFORM: State = |0.40000000596|1.47833|1179.67|6|
1498390151.829156|PLATFORM: State = |0.40000000596|1.33667|500.333|6|
1498390162.811694|PLATFORM: State = |0.40000000596|1.15833|500.5|6|
1498390173.771765|PLATFORM: State = |0.40000000596|0.995|500.5|6|
1498390184.702635|PLATFORM: State = |0.40000000596|0.89|500.5|6|
1498390195.663891|PLATFORM: State = |0.40000000596|0.836667|500.167|6|
1498390200.037708|COMPUTATION: End (MatrixSize, Iteration) = |10000|8|
1498390200.249533|COMPUTATION: Execution = Warning: Permanently added '10.10.10.7' (ECDSA) to the list of known hosts.
Warning: Permanently added '10.10.10.4' (ECDSA) to the list of known hosts.
Warning: Permanently added '10.10.10.5' (ECDSA) to the list of known hosts.
Warning: Permanently added '10.10.10.6' (ECDSA) to the list of known hosts.
Warning: Permanently added '10.10.10.8' (ECDSA) to the list of known hosts.
|None
1498390200.249716|COMPUTATION: Progress = 0.45
1498390200.249775|COMPUTATION: Start (MatrixSize, Iteration) = |10000|9|
1498390200.250020|COMPUTATION: ['mpirun', '-n', '12', '-machinefile', '/home/ubuntu/machinefile', '/home/ubuntu/repositorios/elastichpc/beta/trials/Matrix.py', '10000', '/home/ubuntu/teste.mtr_9']
1498390207.123657|PLATFORM: State = |0.449999988079|0.925|1841.5|6|
1498390218.872012|PLATFORM: State = |0.449999988079|1.165|1878.83|6|
1498390230.146172|PLATFORM: State = |0.449999988079|1.33333|2006.67|6|
1498390241.405874|PLATFORM: State = |0.449999988079|1.45667|2007|6|
1498390252.871156|PLATFORM: State = |0.449999988079|1.56167|2007|6|
1498390264.293650|PLATFORM: State = |0.449999988079|1.67167|2007.33|6|
1498390275.713547|PLATFORM: State = |0.449999988079|1.72833|2007.17|6|
1498390287.411239|PLATFORM: State = |0.449999988079|1.81667|2007.17|6|
1498390298.872455|PLATFORM: State = |0.449999988079|1.87667|2007.33|6|
1498390309.951869|PLATFORM: State = |0.449999988079|1.91167|2007.33|6|
1498390321.309988|PLATFORM: State = |0.449999988079|1.91167|1610|6|
1498390332.734919|PLATFORM: State = |0.449999988079|1.79833|1318.67|6|
1498390344.189379|PLATFORM: State = |0.449999988079|1.67833|1318.83|6|
1498390355.505418|PLATFORM: State = |0.449999988079|1.60667|1318.5|6|
1498390366.870520|PLATFORM: State = |0.449999988079|1.58167|1318.67|6|
1498390378.532902|PLATFORM: State = |0.449999988079|1.515|1318.67|6|
1498390389.536180|PLATFORM: State = |0.449999988079|1.43|1180.83|6|
1498390400.488066|PLATFORM: State = |0.449999988079|1.385|1180.5|6|
1498390411.411302|PLATFORM: State = |0.449999988079|1.32833|501.333|6|
1498390422.412086|PLATFORM: State = |0.449999988079|1.14833|501.333|6|
1498390433.338462|PLATFORM: State = |0.449999988079|1.01333|501.167|6|
1498390444.343207|PLATFORM: State = |0.449999988079|0.885|501.5|6|
1498390455.316118|PLATFORM: State = |0.449999988079|0.88|501|6|
1498390460.328693|COMPUTATION: End (MatrixSize, Iteration) = |10000|9|
1498390460.518120|COMPUTATION: Execution = Warning: Permanently added '10.10.10.4' (ECDSA) to the list of known hosts.
Warning: Permanently added '10.10.10.7' (ECDSA) to the list of known hosts.
Warning: Permanently added '10.10.10.5' (ECDSA) to the list of known hosts.
Warning: Permanently added '10.10.10.6' (ECDSA) to the list of known hosts.
Warning: Permanently added '10.10.10.8' (ECDSA) to the list of known hosts.
|None
1498390460.555630|COMPUTATION: Progress = 0.5
1498390460.555705|COMPUTATION: Start (MatrixSize, Iteration) = |10000|10|
1498390460.556063|COMPUTATION: ['mpirun', '-n', '12', '-machinefile', '/home/ubuntu/machinefile', '/home/ubuntu/repositorios/elastichpc/beta/trials/Matrix.py', '10000', '/home/ubuntu/teste.mtr_10']
1498390466.637579|PLATFORM: State = |0.5|0.931667|1833.17|6|
1498390477.719616|PLATFORM: State = |0.5|1.12167|1879.17|6|
1498390489.173007|PLATFORM: State = |0.5|1.28667|2006.5|6|
1498390500.561081|PLATFORM: State = |0.5|1.43333|2006.33|6|
1498390512.032074|PLATFORM: State = |0.5|1.54|2006.67|6|
1498390523.395977|PLATFORM: State = |0.5|1.61833|2006.5|6|
1498390534.799711|PLATFORM: State = |0.5|1.70333|2006.67|6|
1498390546.111712|PLATFORM: State = |0.5|1.76667|2007|6|
1498390557.157734|PLATFORM: State = |0.5|1.83667|2006.67|6|
1498390568.203902|PLATFORM: State = |0.5|1.86|2006.83|6|
1498390579.578636|PLATFORM: State = |0.5|1.91833|1874.17|6|
1498390590.856272|PLATFORM: State = |0.5|1.79|1317.67|6|
1498390602.245325|PLATFORM: State = |0.5|1.70833|1317.67|6|
1498390613.471972|PLATFORM: State = |0.5|1.625|1317.67|6|
1498390624.542952|PLATFORM: State = |0.5|1.515|1180.17|6|
1498390635.639998|PLATFORM: State = |0.5|1.455|1180.17|6|
1498390646.612798|PLATFORM: State = |0.5|1.385|1180|6|
1498390657.570906|PLATFORM: State = |0.5|1.33333|1180|6|
1498390668.684754|PLATFORM: State = |0.5|1.29333|1179.83|6|
1498390679.788643|PLATFORM: State = |0.5|1.26167|1180|6|
1498390690.802917|PLATFORM: State = |0.5|1.16333|500.333|6|
1498390701.794572|PLATFORM: State = |0.5|1.035|501.167|6|
1498390712.743429|PLATFORM: State = |0.5|0.898333|501|6|
1498390723.698599|PLATFORM: State = |0.5|0.823333|501|6|
1498390734.408810|PLATFORM: State = |0.5|0.79|500.667|6|
1498390735.036687|COMPUTATION: End (MatrixSize, Iteration) = |10000|10|
1498390735.226758|COMPUTATION: Execution = Warning: Permanently added '10.10.10.7' (ECDSA) to the list of known hosts.
Warning: Permanently added '10.10.10.4' (ECDSA) to the list of known hosts.
Warning: Permanently added '10.10.10.5' (ECDSA) to the list of known hosts.
Warning: Permanently added '10.10.10.6' (ECDSA) to the list of known hosts.
Warning: Permanently added '10.10.10.8' (ECDSA) to the list of known hosts.
|None
1498390735.226935|COMPUTATION: Progress = 0.55
1498390735.226991|COMPUTATION: Start (MatrixSize, Iteration) = |10000|11|
1498390735.227248|COMPUTATION: ['mpirun', '-n', '12', '-machinefile', '/home/ubuntu/machinefile', '/home/ubuntu/repositorios/elastichpc/beta/trials/Matrix.py', '10000', '/home/ubuntu/teste.mtr_11']
1498390745.870734|PLATFORM: State = |0.550000011921|0.986667|1879.33|6|
1498390757.332599|PLATFORM: State = |0.550000011921|1.185|2006|6|
1498390768.767028|PLATFORM: State = |0.550000011921|1.35167|2006.5|6|
1498390780.436277|PLATFORM: State = |0.550000011921|1.48|2007|6|
1498390791.944086|PLATFORM: State = |0.550000011921|1.595|2006.83|6|
1498390803.568252|PLATFORM: State = |0.550000011921|1.675|2006.67|6|
1498390814.681252|PLATFORM: State = |0.550000011921|1.765|2006.83|6|
1498390825.990693|PLATFORM: State = |0.550000011921|1.805|2007.17|6|
1498390837.226678|PLATFORM: State = |0.550000011921|1.83667|2006.83|6|
1498390848.574382|PLATFORM: State = |0.550000011921|1.875|2006.67|6|
1498390859.834145|PLATFORM: State = |0.550000011921|1.87333|1318|6|
1498390871.083448|PLATFORM: State = |0.550000011921|1.76667|1318.33|6|
1498390882.305865|PLATFORM: State = |0.550000011921|1.74167|1318.33|6|
1498390893.320757|PLATFORM: State = |0.550000011921|1.655|1318.17|6|
1498390904.344909|PLATFORM: State = |0.550000011921|1.55333|1318.5|6|
1498390914.991874|PLATFORM: State = |0.550000011921|1.435|501.5|6|
1498390925.974372|PLATFORM: State = |0.550000011921|1.22|501.667|6|
1498390936.999722|PLATFORM: State = |0.550000011921|1.1|501.833|6|
1498390948.011792|PLATFORM: State = |0.550000011921|0.981667|501.5|6|
1498390959.112088|PLATFORM: State = |0.550000011921|0.868333|501.667|6|
1498390962.302365|COMPUTATION: End (MatrixSize, Iteration) = |10000|11|
1498390962.484011|COMPUTATION: Execution = Warning: Permanently added '10.10.10.4' (ECDSA) to the list of known hosts.
Warning: Permanently added '10.10.10.5' (ECDSA) to the list of known hosts.
Warning: Permanently added '10.10.10.7' (ECDSA) to the list of known hosts.
Warning: Permanently added '10.10.10.6' (ECDSA) to the list of known hosts.
Warning: Permanently added '10.10.10.8' (ECDSA) to the list of known hosts.
|None
1498390962.484184|COMPUTATION: Progress = 0.6
1498390962.484237|COMPUTATION: Start (MatrixSize, Iteration) = |10000|12|
1498390962.484469|COMPUTATION: ['mpirun', '-n', '12', '-machinefile', '/home/ubuntu/machinefile', '/home/ubuntu/repositorios/elastichpc/beta/trials/Matrix.py', '10000', '/home/ubuntu/teste.mtr_12']
1498390970.728326|PLATFORM: State = |0.600000023842|0.966667|1865.33|6|
1498390982.523988|PLATFORM: State = |0.600000023842|1.175|1879.17|6|
1498390994.174974|PLATFORM: State = |0.600000023842|1.33833|2006.17|6|
1498391005.377848|PLATFORM: State = |0.600000023842|1.48333|2006.67|6|
1498391016.718091|PLATFORM: State = |0.600000023842|1.58167|2006.67|6|
1498391028.062013|PLATFORM: State = |0.600000023842|1.655|2006.5|6|
1498391039.691145|PLATFORM: State = |0.600000023842|1.73167|2006.33|6|
1498391051.075672|PLATFORM: State = |0.600000023842|1.875|2006.83|6|
1498391062.365836|PLATFORM: State = |0.600000023842|1.91333|2006.67|6|
1498391073.484789|PLATFORM: State = |0.600000023842|1.92667|2006.67|6|
1498391084.560570|PLATFORM: State = |0.600000023842|1.875|1317.83|6|
1498391095.878117|PLATFORM: State = |0.600000023842|1.77|1318.33|6|
1498391107.158431|PLATFORM: State = |0.600000023842|1.68833|1318.17|6|
1498391118.595487|PLATFORM: State = |0.600000023842|1.62167|1318.17|6|
1498391129.806469|PLATFORM: State = |0.600000023842|1.52833|1318.17|6|
1498391141.078652|PLATFORM: State = |0.600000023842|1.48|1318|6|
1498391152.733430|PLATFORM: State = |0.600000023842|1.46|1343.5|6|
1498391163.606574|PLATFORM: State = |0.600000023842|1.27167|501.167|6|
1498391174.260158|PLATFORM: State = |0.600000023842|1.08833|501.167|6|
1498391185.279353|PLATFORM: State = |0.600000023842|0.97|501|6|
1498391196.315201|PLATFORM: State = |0.600000023842|0.846667|500.833|6|
1498391205.453672|COMPUTATION: End (MatrixSize, Iteration) = |10000|12|
1498391205.661307|COMPUTATION: Execution = Warning: Permanently added '10.10.10.5' (ECDSA) to the list of known hosts.
Warning: Permanently added '10.10.10.4' (ECDSA) to the list of known hosts.
Warning: Permanently added '10.10.10.7' (ECDSA) to the list of known hosts.
Warning: Permanently added '10.10.10.6' (ECDSA) to the list of known hosts.
Warning: Permanently added '10.10.10.8' (ECDSA) to the list of known hosts.
|None
1498391205.661498|COMPUTATION: Progress = 0.65
1498391205.661558|COMPUTATION: Start (MatrixSize, Iteration) = |10000|13|
1498391205.661798|COMPUTATION: ['mpirun', '-n', '12', '-machinefile', '/home/ubuntu/machinefile', '/home/ubuntu/repositorios/elastichpc/beta/trials/Matrix.py', '10000', '/home/ubuntu/teste.mtr_13']
1498391207.669626|PLATFORM: State = |0.649999976158|0.766667|73|6|
1498391219.154401|PLATFORM: State = |0.649999976158|0.958333|1878.83|6|
1498391230.716684|PLATFORM: State = |0.649999976158|1.15833|2005.83|6|
1498391242.218401|PLATFORM: State = |0.649999976158|1.31833|2006.5|6|
1498391253.386526|PLATFORM: State = |0.649999976158|1.44333|2006.67|6|
1498391264.549341|PLATFORM: State = |0.649999976158|1.55|2006.83|6|
1498391275.870295|PLATFORM: State = |0.649999976158|1.635|2007|6|
1498391287.218809|PLATFORM: State = |0.649999976158|1.715|2007|6|
1498391298.503574|PLATFORM: State = |0.649999976158|1.77333|2007|6|
1498391309.866506|PLATFORM: State = |0.649999976158|1.81833|2007|6|
1498391321.134306|PLATFORM: State = |0.649999976158|1.87667|2007.17|6|
1498391332.450255|PLATFORM: State = |0.649999976158|1.935|2006.83|6|
1498391343.564785|PLATFORM: State = |0.649999976158|1.945|1318|6|
1498391354.596556|PLATFORM: State = |0.649999976158|1.81167|1317.83|6|
1498391365.619547|PLATFORM: State = |0.649999976158|1.68833|1180.17|6|
1498391376.718097|PLATFORM: State = |0.649999976158|1.61167|1180.17|6|
1498391387.699085|PLATFORM: State = |0.649999976158|1.50667|501.667|6|
1498391398.752424|PLATFORM: State = |0.649999976158|1.29167|501.167|6|
1498391409.715847|PLATFORM: State = |0.649999976158|1.11167|501.333|6|
1498391420.638071|PLATFORM: State = |0.649999976158|0.975|501.167|6|
1498391431.708414|PLATFORM: State = |0.649999976158|0.858333|501.333|6|
1498391432.094347|COMPUTATION: End (MatrixSize, Iteration) = |10000|13|
1498391433.134317|COMPUTATION: Execution = Warning: Permanently added '10.10.10.4' (ECDSA) to the list of known hosts.
Warning: Permanently added '10.10.10.7' (ECDSA) to the list of known hosts.
Warning: Permanently added '10.10.10.5' (ECDSA) to the list of known hosts.
Warning: Permanently added '10.10.10.6' (ECDSA) to the list of known hosts.
Warning: Permanently added '10.10.10.8' (ECDSA) to the list of known hosts.
|None
1498391433.134581|COMPUTATION: Progress = 0.7
1498391433.134675|COMPUTATION: Start (MatrixSize, Iteration) = |10000|14|
1498391433.135028|COMPUTATION: ['mpirun', '-n', '12', '-machinefile', '/home/ubuntu/machinefile', '/home/ubuntu/repositorios/elastichpc/beta/trials/Matrix.py', '10000', '/home/ubuntu/teste.mtr_14']
1498391443.108248|PLATFORM: State = |0.699999988079|1.04833|1879.33|6|
1498391454.402521|PLATFORM: State = |0.699999988079|1.19667|2006.17|6|
1498391466.121206|PLATFORM: State = |0.699999988079|1.35|2006.83|6|
1498391477.496460|PLATFORM: State = |0.699999988079|1.47667|2007|6|
1498391488.920488|PLATFORM: State = |0.699999988079|1.57667|2007.33|6|
1498391500.359002|PLATFORM: State = |0.699999988079|1.685|2006.67|6|
1498391511.803927|PLATFORM: State = |0.699999988079|1.77167|2007.5|6|
1498391523.069736|PLATFORM: State = |0.699999988079|1.84|2007.17|6|
1498391534.711255|PLATFORM: State = |0.699999988079|1.89833|2006.83|6|
1498391546.476467|PLATFORM: State = |0.699999988079|1.92833|2007.17|6|
1498391558.228792|PLATFORM: State = |0.699999988079|1.96833|2006.5|6|
1498391569.893206|PLATFORM: State = |0.699999988079|1.96167|1318.33|6|
1498391581.563781|PLATFORM: State = |0.699999988079|1.86833|1318.5|6|
1498391592.934471|PLATFORM: State = |0.699999988079|1.77167|1318.5|6|
1498391604.005357|PLATFORM: State = |0.699999988079|1.68|1318.5|6|
1498391615.311395|PLATFORM: State = |0.699999988079|1.575|1318.33|6|
1498391626.583420|PLATFORM: State = |0.699999988079|1.53|1318.5|6|
1498391637.644827|PLATFORM: State = |0.699999988079|1.48667|1180.5|6|
1498391648.658124|PLATFORM: State = |0.699999988079|1.45|1180.33|6|
1498391659.611560|PLATFORM: State = |0.699999988079|1.38167|501.333|6|
1498391670.543705|PLATFORM: State = |0.699999988079|1.21833|501.5|6|
1498391681.487876|PLATFORM: State = |0.699999988079|1.05667|501.167|6|
1498391692.289208|PLATFORM: State = |0.699999988079|0.933333|501.167|6|
1498391703.327060|PLATFORM: State = |0.699999988079|0.861667|501.167|6|
1498391710.967280|COMPUTATION: End (MatrixSize, Iteration) = |10000|14|
1498391711.152286|COMPUTATION: Execution = Warning: Permanently added '10.10.10.4' (ECDSA) to the list of known hosts.
Warning: Permanently added '10.10.10.7' (ECDSA) to the list of known hosts.
Warning: Permanently added '10.10.10.5' (ECDSA) to the list of known hosts.
Warning: Permanently added '10.10.10.6' (ECDSA) to the list of known hosts.
Warning: Permanently added '10.10.10.8' (ECDSA) to the list of known hosts.
|None
1498391711.152474|COMPUTATION: Progress = 0.75
1498391711.152527|COMPUTATION: Start (MatrixSize, Iteration) = |10000|15|
1498391711.152788|COMPUTATION: ['mpirun', '-n', '12', '-machinefile', '/home/ubuntu/machinefile', '/home/ubuntu/repositorios/elastichpc/beta/trials/Matrix.py', '10000', '/home/ubuntu/teste.mtr_15']
1498391714.988681|PLATFORM: State = |0.75|0.903333|1785.33|6|
1498391726.622532|PLATFORM: State = |0.75|1.12|1879|6|
1498391738.220861|PLATFORM: State = |0.75|1.26333|2006.5|6|
1498391749.664712|PLATFORM: State = |0.75|1.41167|2006.83|6|
1498391761.202616|PLATFORM: State = |0.75|1.515|2006.83|6|
1498391772.238273|PLATFORM: State = |0.75|1.595|2007|6|
1498391783.623622|PLATFORM: State = |0.75|1.70667|2007|6|
1498391794.959192|PLATFORM: State = |0.75|1.815|2006.67|6|
1498391806.340267|PLATFORM: State = |0.75|1.87333|2007.17|6|
1498391817.709048|PLATFORM: State = |0.75|1.92167|2007.17|6|
1498391829.172674|PLATFORM: State = |0.75|1.95|2007.33|6|
1498391840.700097|PLATFORM: State = |0.75|1.98667|1887|6|
1498391851.842958|PLATFORM: State = |0.75|1.84667|1318|6|
1498391862.949694|PLATFORM: State = |0.75|1.74333|1318|6|
1498391874.303237|PLATFORM: State = |0.75|1.68333|1318.33|6|
1498391885.422114|PLATFORM: State = |0.75|1.57667|1180.17|6|
1498391896.473630|PLATFORM: State = |0.75|1.53667|1180.33|6|
1498391907.493287|PLATFORM: State = |0.75|1.45167|1180.17|6|
1498391918.500347|PLATFORM: State = |0.75|1.40167|1180.17|6|
1498391929.511381|PLATFORM: State = |0.75|1.29833|501.167|6|
1498391940.189861|PLATFORM: State = |0.75|1.17667|501.167|6|
1498391951.151496|PLATFORM: State = |0.75|1.03|501.333|6|
1498391962.087690|PLATFORM: State = |0.75|0.905|500.833|6|
1498391973.116531|PLATFORM: State = |0.75|0.831667|501|6|
1498391977.921873|COMPUTATION: End (MatrixSize, Iteration) = |10000|15|
1498391978.128206|COMPUTATION: Execution = Warning: Permanently added '10.10.10.5' (ECDSA) to the list of known hosts.
Warning: Permanently added '10.10.10.4' (ECDSA) to the list of known hosts.
Warning: Permanently added '10.10.10.7' (ECDSA) to the list of known hosts.
Warning: Permanently added '10.10.10.6' (ECDSA) to the list of known hosts.
Warning: Permanently added '10.10.10.8' (ECDSA) to the list of known hosts.
|None
1498391978.128429|COMPUTATION: Progress = 0.8
1498391978.128487|COMPUTATION: Start (MatrixSize, Iteration) = |10000|16|
1498391978.128762|COMPUTATION: ['mpirun', '-n', '12', '-machinefile', '/home/ubuntu/machinefile', '/home/ubuntu/repositorios/elastichpc/beta/trials/Matrix.py', '10000', '/home/ubuntu/teste.mtr_16']
1498391984.512317|PLATFORM: State = |0.800000011921|0.876667|1835.5|6|
1498391996.044494|PLATFORM: State = |0.800000011921|1.10667|1879.33|6|
1498392007.726953|PLATFORM: State = |0.800000011921|1.29833|2006.5|6|
1498392018.814855|PLATFORM: State = |0.800000011921|1.455|2006.83|6|
1498392030.114640|PLATFORM: State = |0.800000011921|1.59667|2007|6|
1498392041.650766|PLATFORM: State = |0.800000011921|1.67667|2007|6|
1498392053.144792|PLATFORM: State = |0.800000011921|1.76833|2006.67|6|
1498392064.760420|PLATFORM: State = |0.800000011921|1.83167|2007|6|
1498392076.568987|PLATFORM: State = |0.800000011921|1.86833|2007.5|6|
1498392088.131150|PLATFORM: State = |0.800000011921|1.9|2007.33|6|
1498392099.468720|PLATFORM: State = |0.800000011921|1.91833|2006.67|6|
1498392110.947299|PLATFORM: State = |0.800000011921|1.89667|1318.17|6|
1498392122.272820|PLATFORM: State = |0.800000011921|1.785|1318.5|6|
1498392133.631553|PLATFORM: State = |0.800000011921|1.72833|1318.17|6|
1498392144.899462|PLATFORM: State = |0.800000011921|1.64|1318.33|6|
1498392156.215679|PLATFORM: State = |0.800000011921|1.53667|1318.33|6|
1498392167.491471|PLATFORM: State = |0.800000011921|1.49167|1318|6|
1498392178.509401|PLATFORM: State = |0.800000011921|1.455|1180.33|6|
1498392189.158974|PLATFORM: State = |0.800000011921|1.28|501.333|6|
1498392200.320236|PLATFORM: State = |0.800000011921|1.09667|501.333|6|
1498392211.420758|PLATFORM: State = |0.800000011921|0.978333|501.5|6|
1498392222.437124|PLATFORM: State = |0.800000011921|0.875|501.333|6|
1498392229.989800|COMPUTATION: End (MatrixSize, Iteration) = |10000|16|
1498392230.188587|COMPUTATION: Execution = Warning: Permanently added '10.10.10.4' (ECDSA) to the list of known hosts.
Warning: Permanently added '10.10.10.7' (ECDSA) to the list of known hosts.
Warning: Permanently added '10.10.10.5' (ECDSA) to the list of known hosts.
Warning: Permanently added '10.10.10.6' (ECDSA) to the list of known hosts.
Warning: Permanently added '10.10.10.8' (ECDSA) to the list of known hosts.
|None
1498392230.188793|COMPUTATION: Progress = 0.85
1498392230.188854|COMPUTATION: Start (MatrixSize, Iteration) = |10000|17|
1498392230.189148|COMPUTATION: ['mpirun', '-n', '12', '-machinefile', '/home/ubuntu/machinefile', '/home/ubuntu/repositorios/elastichpc/beta/trials/Matrix.py', '10000', '/home/ubuntu/teste.mtr_17']
1498392234.131442|PLATFORM: State = |0.850000023842|0.885|1785.17|6|
1498392245.926129|PLATFORM: State = |0.850000023842|1.095|1879.5|6|
1498392257.504947|PLATFORM: State = |0.850000023842|1.24833|2006.33|6|
1498392269.125021|PLATFORM: State = |0.850000023842|1.395|2007|6|
1498392280.355310|PLATFORM: State = |0.850000023842|1.51833|2006.5|6|
1498392292.006512|PLATFORM: State = |0.850000023842|1.62667|2007.17|6|
1498392303.533179|PLATFORM: State = |0.850000023842|1.72667|2007|6|
1498392314.891941|PLATFORM: State = |0.850000023842|1.77333|2007|6|
1498392326.224198|PLATFORM: State = |0.850000023842|1.84667|2006.83|6|
1498392337.512066|PLATFORM: State = |0.850000023842|1.88333|2006.83|6|
1498392348.598707|PLATFORM: State = |0.850000023842|1.93333|2007|6|
1498392359.654710|PLATFORM: State = |0.850000023842|1.92833|1318|6|
1498392371.102369|PLATFORM: State = |0.850000023842|1.82333|1318.33|6|
1498392382.593005|PLATFORM: State = |0.850000023842|1.71|1318.33|6|
1498392394.166155|PLATFORM: State = |0.850000023842|1.64|1318.67|6|
1498392405.808596|PLATFORM: State = |0.850000023842|1.55333|1318.33|6|
1498392417.334365|PLATFORM: State = |0.850000023842|1.49|1318.17|6|
1498392428.910605|PLATFORM: State = |0.850000023842|1.46333|1318.33|6|
1498392439.971340|PLATFORM: State = |0.850000023842|1.43|1318|6|
1498392450.895263|PLATFORM: State = |0.850000023842|1.32|501|6|
1498392461.867100|PLATFORM: State = |0.850000023842|1.25833|501.333|6|
1498392472.887736|PLATFORM: State = |0.850000023842|1.09667|501.167|6|
1498392483.942395|PLATFORM: State = |0.850000023842|0.961667|501.167|6|
1498392495.004389|PLATFORM: State = |0.850000023842|0.863333|501.333|6|
1498392495.486901|COMPUTATION: End (MatrixSize, Iteration) = |10000|17|
1498392495.693784|COMPUTATION: Execution = Warning: Permanently added '10.10.10.7' (ECDSA) to the list of known hosts.
Warning: Permanently added '10.10.10.4' (ECDSA) to the list of known hosts.
Warning: Permanently added '10.10.10.5' (ECDSA) to the list of known hosts.
Warning: Permanently added '10.10.10.6' (ECDSA) to the list of known hosts.
Warning: Permanently added '10.10.10.8' (ECDSA) to the list of known hosts.
|None
1498392495.693944|COMPUTATION: Progress = 0.9
1498392495.693995|COMPUTATION: Start (MatrixSize, Iteration) = |10000|18|
1498392495.694224|COMPUTATION: ['mpirun', '-n', '12', '-machinefile', '/home/ubuntu/machinefile', '/home/ubuntu/repositorios/elastichpc/beta/trials/Matrix.py', '10000', '/home/ubuntu/teste.mtr_18']
1498392506.366370|PLATFORM: State = |0.899999976158|1.03333|1878.5|6|
1498392517.932680|PLATFORM: State = |0.899999976158|1.21|2006|6|
1498392529.166139|PLATFORM: State = |0.899999976158|1.34833|2005.83|6|
1498392540.713949|PLATFORM: State = |0.899999976158|1.49667|2005.83|6|
1498392552.341454|PLATFORM: State = |0.899999976158|1.60667|2006.67|6|
1498392563.997242|PLATFORM: State = |0.899999976158|1.72167|2006.5|6|
1498392575.529712|PLATFORM: State = |0.899999976158|1.815|2006.33|6|
1498392587.251995|PLATFORM: State = |0.899999976158|1.85833|2006.5|6|
1498392598.866948|PLATFORM: State = |0.899999976158|1.895|2006.17|6|
1498392609.996195|PLATFORM: State = |0.899999976158|1.925|2006.33|6|
1498392621.343020|PLATFORM: State = |0.899999976158|2.02167|2006.17|6|
1498392632.650858|PLATFORM: State = |0.899999976158|1.95333|1317.67|6|
1498392644.072857|PLATFORM: State = |0.899999976158|1.85833|1317.83|6|
1498392655.804036|PLATFORM: State = |0.899999976158|1.74167|1317.83|6|
1498392667.167559|PLATFORM: State = |0.899999976158|1.65833|1318|6|
1498392678.626209|PLATFORM: State = |0.899999976158|1.595|1318.17|6|
1498392689.802594|PLATFORM: State = |0.899999976158|1.52833|1318|6|
1498392700.913216|PLATFORM: State = |0.899999976158|1.455|1317.83|6|
1498392711.579147|PLATFORM: State = |0.899999976158|1.32667|501|6|
1498392722.622182|PLATFORM: State = |0.899999976158|1.15|501|6|
1498392733.596230|PLATFORM: State = |0.899999976158|1.01833|501|6|
1498392744.571407|PLATFORM: State = |0.899999976158|0.935|500.667|6|
1498392755.631093|COMPUTATION: End (MatrixSize, Iteration) = |10000|18|
1498392755.639843|PLATFORM: State = |0.899999976158|0.863333|501.167|6|
1498392755.840050|COMPUTATION: Execution = Warning: Permanently added '10.10.10.7' (ECDSA) to the list of known hosts.
Warning: Permanently added '10.10.10.4' (ECDSA) to the list of known hosts.
Warning: Permanently added '10.10.10.5' (ECDSA) to the list of known hosts.
Warning: Permanently added '10.10.10.6' (ECDSA) to the list of known hosts.
Warning: Permanently added '10.10.10.8' (ECDSA) to the list of known hosts.
|None
1498392755.840254|COMPUTATION: Progress = 0.95
1498392755.840310|COMPUTATION: Start (MatrixSize, Iteration) = |10000|19|
1498392755.840560|COMPUTATION: ['mpirun', '-n', '12', '-machinefile', '/home/ubuntu/machinefile', '/home/ubuntu/repositorios/elastichpc/beta/trials/Matrix.py', '10000', '/home/ubuntu/teste.mtr_19']
1498392767.142012|PLATFORM: State = |0.949999988079|1.035|1879.17|6|
1498392778.768809|PLATFORM: State = |0.949999988079|1.21833|2006|6|
1498392789.888532|PLATFORM: State = |0.949999988079|1.345|2005.83|6|
1498392801.258942|PLATFORM: State = |0.949999988079|1.495|2006.33|6|
1498392812.758774|PLATFORM: State = |0.949999988079|1.58167|2006.33|6|
1498392824.092224|PLATFORM: State = |0.949999988079|1.68167|2006.67|6|
1498392835.606714|PLATFORM: State = |0.949999988079|1.73|2006.33|6|
1498392846.910939|PLATFORM: State = |0.949999988079|1.80333|2006.83|6|
1498392858.251711|PLATFORM: State = |0.949999988079|1.84167|2006.5|6|
1498392869.377428|PLATFORM: State = |0.949999988079|1.86667|2006.17|6|
1498392880.453153|PLATFORM: State = |0.949999988079|1.88833|2006.17|6|
1498392892.088384|PLATFORM: State = |0.949999988079|1.885|1317.17|6|
1498392903.532024|PLATFORM: State = |0.949999988079|1.815|1317.5|6|
1498392914.870705|PLATFORM: State = |0.949999988079|1.74|1317.83|6|
1498392926.262652|PLATFORM: State = |0.949999988079|1.635|1317.67|6|
1498392937.688126|PLATFORM: State = |0.949999988079|1.59333|1317.83|6|
1498392948.996898|PLATFORM: State = |0.949999988079|1.52667|1317.67|6|
1498392960.249415|PLATFORM: State = |0.949999988079|1.47167|1317.83|6|
1498392970.914659|PLATFORM: State = |0.949999988079|1.46333|500.667|6|
1498392983.767065|PLATFORM: State = |0.949999988079|1.23833|500.5|6|
1498392994.723299|PLATFORM: State = |0.949999988079|1.06667|501|6|
1498393005.703822|PLATFORM: State = |0.949999988079|0.975|501|6|
1498393016.684393|PLATFORM: State = |0.949999988079|0.868333|500.667|6|
1498393022.693760|COMPUTATION: End (MatrixSize, Iteration) = |10000|19|
1498393022.895878|COMPUTATION: Execution = Warning: Permanently added '10.10.10.4' (ECDSA) to the list of known hosts.
Warning: Permanently added '10.10.10.5' (ECDSA) to the list of known hosts.
Warning: Permanently added '10.10.10.7' (ECDSA) to the list of known hosts.
Warning: Permanently added '10.10.10.6' (ECDSA) to the list of known hosts.
Warning: Permanently added '10.10.10.8' (ECDSA) to the list of known hosts.
|None
1498393022.896110|COMPUTATION: Progress = 1.0
1498393022.897838|COMPUTATION: Finish Computation.
1498393027.608269|PLATFORM: State = |1.0|0.735|64.5|6|
1498393027.608662|PLATFORM: Finish Platform.
1498393027.616108|PLATFORM: Elapsed = 5141.87585807
1498393027.619280|PLATFORM: Execution Log = [(1498387885.732204, {'compute_state': 0.0, 'resource_state': '0.17|1834.5', 'nodes': 6}), (1498387897.095649, {'compute_state': 0.0, 'resource_state': '0.496667|1878.33', 'nodes': 6}), (1498387908.451204, {'compute_state': 0.0, 'resource_state': '0.803333|2006.17', 'nodes': 6}), (1498387920.285322, {'compute_state': 0.0, 'resource_state': '1.04|2006.5', 'nodes': 6}), (1498387931.682638, {'compute_state': 0.0, 'resource_state': '1.23833|2006.5', 'nodes': 6}), (1498387943.086444, {'compute_state': 0.0, 'resource_state': '1.365|2006.67', 'nodes': 6}), (1498387954.399448, {'compute_state': 0.0, 'resource_state': '1.47167|2006', 'nodes': 6}), (1498387965.750539, {'compute_state': 0.0, 'resource_state': '1.59|2007', 'nodes': 6}), (1498387977.114637, {'compute_state': 0.0, 'resource_state': '1.66167|2007', 'nodes': 6}), (1498387988.202057, {'compute_state': 0.0, 'resource_state': '1.73333|2006.83', 'nodes': 6}), (1498387999.306862, {'compute_state': 0.0, 'resource_state': '1.77833|2006.83', 'nodes': 6}), (1498388010.381778, {'compute_state': 0.0, 'resource_state': '1.72667|1317.67', 'nodes': 6}), (1498388021.687014, {'compute_state': 0.0, 'resource_state': '1.63833|1317.83', 'nodes': 6}), (1498388032.979114, {'compute_state': 0.0, 'resource_state': '1.63333|1318', 'nodes': 6}), (1498388044.210912, {'compute_state': 0.0, 'resource_state': '1.57667|1318', 'nodes': 6}), (1498388055.546697, {'compute_state': 0.0, 'resource_state': '1.53|1318.17', 'nodes': 6}), (1498388066.547173, {'compute_state': 0.0, 'resource_state': '1.43333|501', 'nodes': 6}), (1498388077.491561, {'compute_state': 0.0, 'resource_state': '1.25|501.167', 'nodes': 6}), (1498388088.13461, {'compute_state': 0.0, 'resource_state': '1.07667|501.333', 'nodes': 6}), (1498388099.054934, {'compute_state': 0.0, 'resource_state': '0.985|500.833', 'nodes': 6}), (1498388110.003198, {'compute_state': 0.0, 'resource_state': '0.87|501.167', 'nodes': 6}), (1498388121.640203, {'compute_state': 0.05000000074505806, 'resource_state': '0.958333|1851.33', 'nodes': 6}), (1498388133.292246, {'compute_state': 0.05000000074505806, 'resource_state': '1.175|1879.33', 'nodes': 6}), (1498388144.726632, {'compute_state': 0.05000000074505806, 'resource_state': '1.33167|2006.5', 'nodes': 6}), (1498388156.363123, {'compute_state': 0.05000000074505806, 'resource_state': '1.45667|2006.5', 'nodes': 6}), (1498388167.99583, {'compute_state': 0.05000000074505806, 'resource_state': '1.60333|2006.33', 'nodes': 6}), (1498388179.098298, {'compute_state': 0.05000000074505806, 'resource_state': '1.68167|2006.5', 'nodes': 6}), (1498388190.516525, {'compute_state': 0.05000000074505806, 'resource_state': '1.77667|2006.83', 'nodes': 6}), (1498388202.01132, {'compute_state': 0.05000000074505806, 'resource_state': '1.875|2006.83', 'nodes': 6}), (1498388213.418522, {'compute_state': 0.05000000074505806, 'resource_state': '1.93|2006.67', 'nodes': 6}), (1498388224.774806, {'compute_state': 0.05000000074505806, 'resource_state': '1.96833|2006.33', 'nodes': 6}), (1498388236.237527, {'compute_state': 0.05000000074505806, 'resource_state': '1.99|1317.67', 'nodes': 6}), (1498388247.548067, {'compute_state': 0.05000000074505806, 'resource_state': '1.81833|1317.67', 'nodes': 6}), (1498388258.813593, {'compute_state': 0.05000000074505806, 'resource_state': '1.83833|1317.83', 'nodes': 6}), (1498388269.886278, {'compute_state': 0.05000000074505806, 'resource_state': '1.785|1318', 'nodes': 6}), (1498388281.182958, {'compute_state': 0.05000000074505806, 'resource_state': '1.715|1318.17', 'nodes': 6}), (1498388292.486827, {'compute_state': 0.05000000074505806, 'resource_state': '1.60667|1318', 'nodes': 6}), (1498388303.783306, {'compute_state': 0.05000000074505806, 'resource_state': '1.57167|1318.17', 'nodes': 6}), (1498388314.868789, {'compute_state': 0.05000000074505806, 'resource_state': '1.51833|1180.5', 'nodes': 6}), (1498388325.879267, {'compute_state': 0.05000000074505806, 'resource_state': '1.41|501.167', 'nodes': 6}), (1498388336.836297, {'compute_state': 0.05000000074505806, 'resource_state': '1.235|501.333', 'nodes': 6}), (1498388347.5882, {'compute_state': 0.05000000074505806, 'resource_state': '1.09833|501.167', 'nodes': 6}), (1498388358.327986, {'compute_state': 0.05000000074505806, 'resource_state': '0.96|501.167', 'nodes': 6}), (1498388369.323956, {'compute_state': 0.05000000074505806, 'resource_state': '0.876667|501', 'nodes': 6}), (1498388381.058357, {'compute_state': 0.10000000149011612, 'resource_state': '0.873333|1802.33', 'nodes': 6}), (1498388392.56992, {'compute_state': 0.10000000149011612, 'resource_state': '1.08833|1879', 'nodes': 6}), (1498388404.265713, {'compute_state': 0.10000000149011612, 'resource_state': '1.28333|2006.17', 'nodes': 6}), (1498388415.941248, {'compute_state': 0.10000000149011612, 'resource_state': '1.43333|2006.5', 'nodes': 6}), (1498388427.565452, {'compute_state': 0.10000000149011612, 'resource_state': '1.54333|2006.17', 'nodes': 6}), (1498388438.831778, {'compute_state': 0.10000000149011612, 'resource_state': '1.64833|2006.5', 'nodes': 6}), (1498388450.115176, {'compute_state': 0.10000000149011612, 'resource_state': '1.72|2006.33', 'nodes': 6}), (1498388461.544719, {'compute_state': 0.10000000149011612, 'resource_state': '1.78|2006.67', 'nodes': 6}), (1498388473.285701, {'compute_state': 0.10000000149011612, 'resource_state': '1.86333|2006.5', 'nodes': 6}), (1498388484.958169, {'compute_state': 0.10000000149011612, 'resource_state': '1.92833|2006.5', 'nodes': 6}), (1498388496.265394, {'compute_state': 0.10000000149011612, 'resource_state': '1.95333|2006.5', 'nodes': 6}), (1498388507.598747, {'compute_state': 0.10000000149011612, 'resource_state': '1.835|1317.33', 'nodes': 6}), (1498388518.594183, {'compute_state': 0.10000000149011612, 'resource_state': '1.73833|1317.5', 'nodes': 6}), (1498388529.896368, {'compute_state': 0.10000000149011612, 'resource_state': '1.70833|1317.5', 'nodes': 6}), (1498388541.146002, {'compute_state': 0.10000000149011612, 'resource_state': '1.63833|1317.33', 'nodes': 6}), (1498388552.335981, {'compute_state': 0.10000000149011612, 'resource_state': '1.57|1317.5', 'nodes': 6}), (1498388563.699508, {'compute_state': 0.10000000149011612, 'resource_state': '1.5|1317.33', 'nodes': 6}), (1498388575.147544, {'compute_state': 0.10000000149011612, 'resource_state': '1.46167|1317.5', 'nodes': 6}), (1498388586.416182, {'compute_state': 0.10000000149011612, 'resource_state': '1.43|1317.33', 'nodes': 6}), (1498388597.684261, {'compute_state': 0.10000000149011612, 'resource_state': '1.375|1317.33', 'nodes': 6}), (1498388608.322867, {'compute_state': 0.10000000149011612, 'resource_state': '1.35667|499.667', 'nodes': 6}), (1498388619.352899, {'compute_state': 0.10000000149011612, 'resource_state': '1.16333|500.167', 'nodes': 6}), (1498388630.327787, {'compute_state': 0.10000000149011612, 'resource_state': '1.02667|500', 'nodes': 6}), (1498388641.339136, {'compute_state': 0.10000000149011612, 'resource_state': '0.901667|500', 'nodes': 6}), (1498388652.336605, {'compute_state': 0.10000000149011612, 'resource_state': '0.863333|500.167', 'nodes': 6}), (1498388664.057799, {'compute_state': 0.15000000596046448, 'resource_state': '0.895|1822.5', 'nodes': 6}), (1498388675.509459, {'compute_state': 0.15000000596046448, 'resource_state': '1.09|1879.5', 'nodes': 6}), (1498388686.827802, {'compute_state': 0.15000000596046448, 'resource_state': '1.24|2006.67', 'nodes': 6}), (1498388698.292247, {'compute_state': 0.15000000596046448, 'resource_state': '1.44167|2007.17', 'nodes': 6}), (1498388709.736033, {'compute_state': 0.15000000596046448, 'resource_state': '1.54833|2007.33', 'nodes': 6}), (1498388721.18031, {'compute_state': 0.15000000596046448, 'resource_state': '1.64|2007.33', 'nodes': 6}), (1498388732.593986, {'compute_state': 0.15000000596046448, 'resource_state': '1.765|2007', 'nodes': 6}), (1498388744.249739, {'compute_state': 0.15000000596046448, 'resource_state': '1.83|2007.33', 'nodes': 6}), (1498388755.768286, {'compute_state': 0.15000000596046448, 'resource_state': '1.85833|2007', 'nodes': 6}), (1498388766.906968, {'compute_state': 0.15000000596046448, 'resource_state': '1.895|2007.17', 'nodes': 6}), (1498388777.998029, {'compute_state': 0.15000000596046448, 'resource_state': '1.955|1883.5', 'nodes': 6}), (1498388789.536623, {'compute_state': 0.15000000596046448, 'resource_state': '1.94167|1318.33', 'nodes': 6}), (1498388800.932652, {'compute_state': 0.15000000596046448, 'resource_state': '1.84833|1318.33', 'nodes': 6}), (1498388812.192622, {'compute_state': 0.15000000596046448, 'resource_state': '1.74667|1318.5', 'nodes': 6}), (1498388823.591615, {'compute_state': 0.15000000596046448, 'resource_state': '1.65833|1318.33', 'nodes': 6}), (1498388835.048084, {'compute_state': 0.15000000596046448, 'resource_state': '1.62333|1318.5', 'nodes': 6}), (1498388846.280402, {'compute_state': 0.15000000596046448, 'resource_state': '1.57667|1318.5', 'nodes': 6}), (1498388857.367774, {'compute_state': 0.15000000596046448, 'resource_state': '1.51333|1318.67', 'nodes': 6}), (1498388868.656699, {'compute_state': 0.15000000596046448, 'resource_state': '1.46167|1318.5', 'nodes': 6}), (1498388880.393292, {'compute_state': 0.15000000596046448, 'resource_state': '1.44167|1338.33', 'nodes': 6}), (1498388891.339274, {'compute_state': 0.15000000596046448, 'resource_state': '1.28333|501.667', 'nodes': 6}), (1498388902.311118, {'compute_state': 0.15000000596046448, 'resource_state': '1.15|501.5', 'nodes': 6}), (1498388913.28395, {'compute_state': 0.15000000596046448, 'resource_state': '0.986667|501.833', 'nodes': 6}), (1498388924.203, {'compute_state': 0.15000000596046448, 'resource_state': '0.893333|501.667', 'nodes': 6}), (1498388935.945801, {'compute_state': 0.20000000298023224, 'resource_state': '0.876667|1782', 'nodes': 6}), (1498388947.173971, {'compute_state': 0.20000000298023224, 'resource_state': '1.02167|1879.17', 'nodes': 6}), (1498388958.632584, {'compute_state': 0.20000000298023224, 'resource_state': '1.23|2006.33', 'nodes': 6}), (1498388970.021859, {'compute_state': 0.20000000298023224, 'resource_state': '1.37|2006.5', 'nodes': 6}), (1498388981.22442, {'compute_state': 0.20000000298023224, 'resource_state': '1.49167|2007.17', 'nodes': 6}), (1498388992.488319, {'compute_state': 0.20000000298023224, 'resource_state': '1.615|2007.17', 'nodes': 6}), (1498389003.744474, {'compute_state': 0.20000000298023224, 'resource_state': '1.73167|2006.83', 'nodes': 6}), (1498389014.899763, {'compute_state': 0.20000000298023224, 'resource_state': '1.78833|2006.5', 'nodes': 6}), (1498389025.940954, {'compute_state': 0.20000000298023224, 'resource_state': '1.85167|2006.83', 'nodes': 6}), (1498389037.232505, {'compute_state': 0.20000000298023224, 'resource_state': '1.87667|2006.67', 'nodes': 6}), (1498389048.76437, {'compute_state': 0.20000000298023224, 'resource_state': '1.92833|2006.67', 'nodes': 6}), (1498389060.134592, {'compute_state': 0.20000000298023224, 'resource_state': '1.85167|1318', 'nodes': 6}), (1498389071.616771, {'compute_state': 0.20000000298023224, 'resource_state': '1.76|1318', 'nodes': 6}), (1498389083.101031, {'compute_state': 0.20000000298023224, 'resource_state': '1.63667|1317.83', 'nodes': 6}), (1498389094.790981, {'compute_state': 0.20000000298023224, 'resource_state': '1.57|1318', 'nodes': 6}), (1498389106.409386, {'compute_state': 0.20000000298023224, 'resource_state': '1.54833|1317.83', 'nodes': 6}), (1498389117.467439, {'compute_state': 0.20000000298023224, 'resource_state': '1.50167|1317.83', 'nodes': 6}), (1498389128.452461, {'compute_state': 0.20000000298023224, 'resource_state': '1.43167|1179.83', 'nodes': 6}), (1498389139.474782, {'compute_state': 0.20000000298023224, 'resource_state': '1.33167|501', 'nodes': 6}), (1498389150.539326, {'compute_state': 0.20000000298023224, 'resource_state': '1.18667|501', 'nodes': 6}), (1498389161.546212, {'compute_state': 0.20000000298023224, 'resource_state': '1.03667|501.167', 'nodes': 6}), (1498389172.522784, {'compute_state': 0.20000000298023224, 'resource_state': '0.901667|501.167', 'nodes': 6}), (1498389183.468157, {'compute_state': 0.20000000298023224, 'resource_state': '0.791667|501.167', 'nodes': 6}), (1498389194.912788, {'compute_state': 0.25, 'resource_state': '0.851667|1853.5', 'nodes': 6}), (1498389206.11258, {'compute_state': 0.25, 'resource_state': '1.07833|1879.17', 'nodes': 6}), (1498389217.460714, {'compute_state': 0.25, 'resource_state': '1.21833|2006.67', 'nodes': 6}), (1498389228.713139, {'compute_state': 0.25, 'resource_state': '1.385|2006.5', 'nodes': 6}), (1498389240.242248, {'compute_state': 0.25, 'resource_state': '1.5|2006.67', 'nodes': 6}), (1498389251.738819, {'compute_state': 0.25, 'resource_state': '1.62667|2007', 'nodes': 6}), (1498389263.20281, {'compute_state': 0.25, 'resource_state': '1.70167|2006.83', 'nodes': 6}), (1498389274.354496, {'compute_state': 0.25, 'resource_state': '1.77833|2006.83', 'nodes': 6}), (1498389285.482107, {'compute_state': 0.25, 'resource_state': '1.81333|2006.83', 'nodes': 6}), (1498389296.745158, {'compute_state': 0.25, 'resource_state': '1.87167|2006.83', 'nodes': 6}), (1498389308.029098, {'compute_state': 0.25, 'resource_state': '1.84667|1317.5', 'nodes': 6}), (1498389319.330395, {'compute_state': 0.25, 'resource_state': '1.77|1318', 'nodes': 6}), (1498389330.597674, {'compute_state': 0.25, 'resource_state': '1.70167|1317.83', 'nodes': 6}), (1498389341.955239, {'compute_state': 0.25, 'resource_state': '1.645|1318.33', 'nodes': 6}), (1498389353.185804, {'compute_state': 0.25, 'resource_state': '1.54833|1318.17', 'nodes': 6}), (1498389364.271862, {'compute_state': 0.25, 'resource_state': '1.51167|1318.17', 'nodes': 6}), (1498389375.436189, {'compute_state': 0.25, 'resource_state': '1.48333|1317.83', 'nodes': 6}), (1498389386.431442, {'compute_state': 0.25, 'resource_state': '1.37667|501', 'nodes': 6}), (1498389397.451449, {'compute_state': 0.25, 'resource_state': '1.22667|501', 'nodes': 6}), (1498389408.415692, {'compute_state': 0.25, 'resource_state': '1.10333|500.833', 'nodes': 6}), (1498389419.414858, {'compute_state': 0.25, 'resource_state': '0.97|501.333', 'nodes': 6}), (1498389430.411077, {'compute_state': 0.25, 'resource_state': '0.868333|501.333', 'nodes': 6}), (1498389442.140155, {'compute_state': 0.30000001192092896, 'resource_state': '0.946667|1879.17', 'nodes': 6}), (1498389453.815038, {'compute_state': 0.30000001192092896, 'resource_state': '1.15833|2006.83', 'nodes': 6}), (1498389465.057297, {'compute_state': 0.30000001192092896, 'resource_state': '1.32333|2006.5', 'nodes': 6}), (1498389476.345552, {'compute_state': 0.30000001192092896, 'resource_state': '1.48167|2006.67', 'nodes': 6}), (1498389487.581334, {'compute_state': 0.30000001192092896, 'resource_state': '1.585|2006.83', 'nodes': 6}), (1498389498.835135, {'compute_state': 0.30000001192092896, 'resource_state': '1.70833|2006.67', 'nodes': 6}), (1498389510.073676, {'compute_state': 0.30000001192092896, 'resource_state': '1.78167|2006.83', 'nodes': 6}), (1498389521.321795, {'compute_state': 0.30000001192092896, 'resource_state': '1.83167|2007', 'nodes': 6}), (1498389532.625396, {'compute_state': 0.30000001192092896, 'resource_state': '1.85833|2006.83', 'nodes': 6}), (1498389543.744857, {'compute_state': 0.30000001192092896, 'resource_state': '1.90167|2006.83', 'nodes': 6}), (1498389555.070039, {'compute_state': 0.30000001192092896, 'resource_state': '1.865|1318.17', 'nodes': 6}), (1498389566.432034, {'compute_state': 0.30000001192092896, 'resource_state': '1.795|1318.67', 'nodes': 6}), (1498389577.762462, {'compute_state': 0.30000001192092896, 'resource_state': '1.71167|1318.67', 'nodes': 6}), (1498389589.137719, {'compute_state': 0.30000001192092896, 'resource_state': '1.59833|1318.17', 'nodes': 6}), (1498389600.581874, {'compute_state': 0.30000001192092896, 'resource_state': '1.53833|1318.33', 'nodes': 6}), (1498389611.966162, {'compute_state': 0.30000001192092896, 'resource_state': '1.505|1318.67', 'nodes': 6}), (1498389622.907728, {'compute_state': 0.30000001192092896, 'resource_state': '1.45333|1180.67', 'nodes': 6}), (1498389633.889722, {'compute_state': 0.30000001192092896, 'resource_state': '1.40333|1180.5', 'nodes': 6}), (1498389644.746617, {'compute_state': 0.30000001192092896, 'resource_state': '1.33833|649.5', 'nodes': 6}), (1498389655.67534, {'compute_state': 0.30000001192092896, 'resource_state': '1.15667|501.167', 'nodes': 6}), (1498389666.614805, {'compute_state': 0.30000001192092896, 'resource_state': '0.995|501.167', 'nodes': 6}), (1498389677.586931, {'compute_state': 0.30000001192092896, 'resource_state': '0.878333|501.333', 'nodes': 6}), (1498389688.570958, {'compute_state': 0.30000001192092896, 'resource_state': '0.801667|500.833', 'nodes': 6}), (1498389699.873638, {'compute_state': 0.3499999940395355, 'resource_state': '0.878333|1819.5', 'nodes': 6}), (1498389711.01309, {'compute_state': 0.3499999940395355, 'resource_state': '1.07333|1878.67', 'nodes': 6}), (1498389722.294049, {'compute_state': 0.3499999940395355, 'resource_state': '1.23833|2006', 'nodes': 6}), (1498389733.551061, {'compute_state': 0.3499999940395355, 'resource_state': '1.39167|2006.5', 'nodes': 6}), (1498389744.906105, {'compute_state': 0.3499999940395355, 'resource_state': '1.52667|2007.17', 'nodes': 6}), (1498389756.178197, {'compute_state': 0.3499999940395355, 'resource_state': '1.63|2007', 'nodes': 6}), (1498389767.39035, {'compute_state': 0.3499999940395355, 'resource_state': '1.70667|2007', 'nodes': 6}), (1498389778.646189, {'compute_state': 0.3499999940395355, 'resource_state': '1.78833|2007', 'nodes': 6}), (1498389789.730175, {'compute_state': 0.3499999940395355, 'resource_state': '1.91667|2007', 'nodes': 6}), (1498389800.999203, {'compute_state': 0.3499999940395355, 'resource_state': '1.93167|2007', 'nodes': 6}), (1498389812.239941, {'compute_state': 0.3499999940395355, 'resource_state': '1.95333|1870', 'nodes': 6}), (1498389823.517951, {'compute_state': 0.3499999940395355, 'resource_state': '1.85|1317.83', 'nodes': 6}), (1498389834.882753, {'compute_state': 0.3499999940395355, 'resource_state': '1.76|1318.33', 'nodes': 6}), (1498389846.178631, {'compute_state': 0.3499999940395355, 'resource_state': '1.68167|1318.33', 'nodes': 6}), (1498389857.656316, {'compute_state': 0.3499999940395355, 'resource_state': '1.61667|1318.33', 'nodes': 6}), (1498389868.70771, {'compute_state': 0.3499999940395355, 'resource_state': '1.55|1180.33', 'nodes': 6}), (1498389879.686758, {'compute_state': 0.3499999940395355, 'resource_state': '1.48667|1180.17', 'nodes': 6}), (1498389891.266034, {'compute_state': 0.3499999940395355, 'resource_state': '1.40333|1196.17', 'nodes': 6}), (1498389902.271873, {'compute_state': 0.3499999940395355, 'resource_state': '1.225|501.333', 'nodes': 6}), (1498389913.226192, {'compute_state': 0.3499999940395355, 'resource_state': '1.12|502', 'nodes': 6}), (1498389924.280272, {'compute_state': 0.3499999940395355, 'resource_state': '1.04|501.5', 'nodes': 6}), (1498389935.290945, {'compute_state': 0.3499999940395355, 'resource_state': '0.931667|501.5', 'nodes': 6}), (1498389947.027977, {'compute_state': 0.4000000059604645, 'resource_state': '0.91|1652.83', 'nodes': 6}), (1498389958.616434, {'compute_state': 0.4000000059604645, 'resource_state': '1.115|1878.67', 'nodes': 6}), (1498389969.769075, {'compute_state': 0.4000000059604645, 'resource_state': '1.26667|2006.17', 'nodes': 6}), (1498389981.432109, {'compute_state': 0.4000000059604645, 'resource_state': '1.42333|2006.33', 'nodes': 6}), (1498389993.012164, {'compute_state': 0.4000000059604645, 'resource_state': '1.51833|2006.17', 'nodes': 6}), (1498390004.561892, {'compute_state': 0.4000000059604645, 'resource_state': '1.625|2006', 'nodes': 6}), (1498390016.162397, {'compute_state': 0.4000000059604645, 'resource_state': '1.71833|2006.17', 'nodes': 6}), (1498390027.494651, {'compute_state': 0.4000000059604645, 'resource_state': '1.77833|2006.33', 'nodes': 6}), (1498390038.904863, {'compute_state': 0.4000000059604645, 'resource_state': '1.825|2006.33', 'nodes': 6}), (1498390050.046668, {'compute_state': 0.4000000059604645, 'resource_state': '1.865|2006', 'nodes': 6}), (1498390061.522782, {'compute_state': 0.4000000059604645, 'resource_state': '1.9|2005.67', 'nodes': 6}), (1498390073.181765, {'compute_state': 0.4000000059604645, 'resource_state': '1.905|1317.33', 'nodes': 6}), (1498390084.59647, {'compute_state': 0.4000000059604645, 'resource_state': '1.75167|1317.67', 'nodes': 6}), (1498390096.048037, {'compute_state': 0.4000000059604645, 'resource_state': '1.67667|1317.67', 'nodes': 6}), (1498390107.596933, {'compute_state': 0.4000000059604645, 'resource_state': '1.62333|1317.67', 'nodes': 6}), (1498390118.924243, {'compute_state': 0.4000000059604645, 'resource_state': '1.53|1317.5', 'nodes': 6}), (1498390130.142684, {'compute_state': 0.4000000059604645, 'resource_state': '1.51833|1317.83', 'nodes': 6}), (1498390141.134543, {'compute_state': 0.4000000059604645, 'resource_state': '1.47833|1179.67', 'nodes': 6}), (1498390151.829037, {'compute_state': 0.4000000059604645, 'resource_state': '1.33667|500.333', 'nodes': 6}), (1498390162.811584, {'compute_state': 0.4000000059604645, 'resource_state': '1.15833|500.5', 'nodes': 6}), (1498390173.771628, {'compute_state': 0.4000000059604645, 'resource_state': '0.995|500.5', 'nodes': 6}), (1498390184.702534, {'compute_state': 0.4000000059604645, 'resource_state': '0.89|500.5', 'nodes': 6}), (1498390195.663812, {'compute_state': 0.4000000059604645, 'resource_state': '0.836667|500.167', 'nodes': 6}), (1498390207.123547, {'compute_state': 0.44999998807907104, 'resource_state': '0.925|1841.5', 'nodes': 6}), (1498390218.871905, {'compute_state': 0.44999998807907104, 'resource_state': '1.165|1878.83', 'nodes': 6}), (1498390230.146084, {'compute_state': 0.44999998807907104, 'resource_state': '1.33333|2006.67', 'nodes': 6}), (1498390241.405785, {'compute_state': 0.44999998807907104, 'resource_state': '1.45667|2007', 'nodes': 6}), (1498390252.871066, {'compute_state': 0.44999998807907104, 'resource_state': '1.56167|2007', 'nodes': 6}), (1498390264.293567, {'compute_state': 0.44999998807907104, 'resource_state': '1.67167|2007.33', 'nodes': 6}), (1498390275.713459, {'compute_state': 0.44999998807907104, 'resource_state': '1.72833|2007.17', 'nodes': 6}), (1498390287.411149, {'compute_state': 0.44999998807907104, 'resource_state': '1.81667|2007.17', 'nodes': 6}), (1498390298.872361, {'compute_state': 0.44999998807907104, 'resource_state': '1.87667|2007.33', 'nodes': 6}), (1498390309.951782, {'compute_state': 0.44999998807907104, 'resource_state': '1.91167|2007.33', 'nodes': 6}), (1498390321.309843, {'compute_state': 0.44999998807907104, 'resource_state': '1.91167|1610', 'nodes': 6}), (1498390332.734802, {'compute_state': 0.44999998807907104, 'resource_state': '1.79833|1318.67', 'nodes': 6}), (1498390344.189262, {'compute_state': 0.44999998807907104, 'resource_state': '1.67833|1318.83', 'nodes': 6}), (1498390355.505278, {'compute_state': 0.44999998807907104, 'resource_state': '1.60667|1318.5', 'nodes': 6}), (1498390366.870427, {'compute_state': 0.44999998807907104, 'resource_state': '1.58167|1318.67', 'nodes': 6}), (1498390378.532758, {'compute_state': 0.44999998807907104, 'resource_state': '1.515|1318.67', 'nodes': 6}), (1498390389.536087, {'compute_state': 0.44999998807907104, 'resource_state': '1.43|1180.83', 'nodes': 6}), (1498390400.487965, {'compute_state': 0.44999998807907104, 'resource_state': '1.385|1180.5', 'nodes': 6}), (1498390411.411172, {'compute_state': 0.44999998807907104, 'resource_state': '1.32833|501.333', 'nodes': 6}), (1498390422.411947, {'compute_state': 0.44999998807907104, 'resource_state': '1.14833|501.333', 'nodes': 6}), (1498390433.338363, {'compute_state': 0.44999998807907104, 'resource_state': '1.01333|501.167', 'nodes': 6}), (1498390444.343092, {'compute_state': 0.44999998807907104, 'resource_state': '0.885|501.5', 'nodes': 6}), (1498390455.315968, {'compute_state': 0.44999998807907104, 'resource_state': '0.88|501', 'nodes': 6}), (1498390466.637466, {'compute_state': 0.5, 'resource_state': '0.931667|1833.17', 'nodes': 6}), (1498390477.719525, {'compute_state': 0.5, 'resource_state': '1.12167|1879.17', 'nodes': 6}), (1498390489.172908, {'compute_state': 0.5, 'resource_state': '1.28667|2006.5', 'nodes': 6}), (1498390500.560896, {'compute_state': 0.5, 'resource_state': '1.43333|2006.33', 'nodes': 6}), (1498390512.031982, {'compute_state': 0.5, 'resource_state': '1.54|2006.67', 'nodes': 6}), (1498390523.395868, {'compute_state': 0.5, 'resource_state': '1.61833|2006.5', 'nodes': 6}), (1498390534.79961, {'compute_state': 0.5, 'resource_state': '1.70333|2006.67', 'nodes': 6}), (1498390546.111613, {'compute_state': 0.5, 'resource_state': '1.76667|2007', 'nodes': 6}), (1498390557.157652, {'compute_state': 0.5, 'resource_state': '1.83667|2006.67', 'nodes': 6}), (1498390568.203799, {'compute_state': 0.5, 'resource_state': '1.86|2006.83', 'nodes': 6}), (1498390579.578536, {'compute_state': 0.5, 'resource_state': '1.91833|1874.17', 'nodes': 6}), (1498390590.856108, {'compute_state': 0.5, 'resource_state': '1.79|1317.67', 'nodes': 6}), (1498390602.245198, {'compute_state': 0.5, 'resource_state': '1.70833|1317.67', 'nodes': 6}), (1498390613.471826, {'compute_state': 0.5, 'resource_state': '1.625|1317.67', 'nodes': 6}), (1498390624.542835, {'compute_state': 0.5, 'resource_state': '1.515|1180.17', 'nodes': 6}), (1498390635.639892, {'compute_state': 0.5, 'resource_state': '1.455|1180.17', 'nodes': 6}), (1498390646.612708, {'compute_state': 0.5, 'resource_state': '1.385|1180', 'nodes': 6}), (1498390657.570789, {'compute_state': 0.5, 'resource_state': '1.33333|1180', 'nodes': 6}), (1498390668.684643, {'compute_state': 0.5, 'resource_state': '1.29333|1179.83', 'nodes': 6}), (1498390679.788523, {'compute_state': 0.5, 'resource_state': '1.26167|1180', 'nodes': 6}), (1498390690.80281, {'compute_state': 0.5, 'resource_state': '1.16333|500.333', 'nodes': 6}), (1498390701.794466, {'compute_state': 0.5, 'resource_state': '1.035|501.167', 'nodes': 6}), (1498390712.74328, {'compute_state': 0.5, 'resource_state': '0.898333|501', 'nodes': 6}), (1498390723.698441, {'compute_state': 0.5, 'resource_state': '0.823333|501', 'nodes': 6}), (1498390734.408735, {'compute_state': 0.5, 'resource_state': '0.79|500.667', 'nodes': 6}), (1498390745.870637, {'compute_state': 0.550000011920929, 'resource_state': '0.986667|1879.33', 'nodes': 6}), (1498390757.332509, {'compute_state': 0.550000011920929, 'resource_state': '1.185|2006', 'nodes': 6}), (1498390768.766918, {'compute_state': 0.550000011920929, 'resource_state': '1.35167|2006.5', 'nodes': 6}), (1498390780.43616, {'compute_state': 0.550000011920929, 'resource_state': '1.48|2007', 'nodes': 6}), (1498390791.943972, {'compute_state': 0.550000011920929, 'resource_state': '1.595|2006.83', 'nodes': 6}), (1498390803.568141, {'compute_state': 0.550000011920929, 'resource_state': '1.675|2006.67', 'nodes': 6}), (1498390814.681154, {'compute_state': 0.550000011920929, 'resource_state': '1.765|2006.83', 'nodes': 6}), (1498390825.990584, {'compute_state': 0.550000011920929, 'resource_state': '1.805|2007.17', 'nodes': 6}), (1498390837.226568, {'compute_state': 0.550000011920929, 'resource_state': '1.83667|2006.83', 'nodes': 6}), (1498390848.574294, {'compute_state': 0.550000011920929, 'resource_state': '1.875|2006.67', 'nodes': 6}), (1498390859.834042, {'compute_state': 0.550000011920929, 'resource_state': '1.87333|1318', 'nodes': 6}), (1498390871.083278, {'compute_state': 0.550000011920929, 'resource_state': '1.76667|1318.33', 'nodes': 6}), (1498390882.305779, {'compute_state': 0.550000011920929, 'resource_state': '1.74167|1318.33', 'nodes': 6}), (1498390893.320657, {'compute_state': 0.550000011920929, 'resource_state': '1.655|1318.17', 'nodes': 6}), (1498390904.344816, {'compute_state': 0.550000011920929, 'resource_state': '1.55333|1318.5', 'nodes': 6}), (1498390914.991655, {'compute_state': 0.550000011920929, 'resource_state': '1.435|501.5', 'nodes': 6}), (1498390925.974218, {'compute_state': 0.550000011920929, 'resource_state': '1.22|501.667', 'nodes': 6}), (1498390936.999596, {'compute_state': 0.550000011920929, 'resource_state': '1.1|501.833', 'nodes': 6}), (1498390948.011668, {'compute_state': 0.550000011920929, 'resource_state': '0.981667|501.5', 'nodes': 6}), (1498390959.111989, {'compute_state': 0.550000011920929, 'resource_state': '0.868333|501.667', 'nodes': 6}), (1498390970.728216, {'compute_state': 0.6000000238418579, 'resource_state': '0.966667|1865.33', 'nodes': 6}), (1498390982.523893, {'compute_state': 0.6000000238418579, 'resource_state': '1.175|1879.17', 'nodes': 6}), (1498390994.174868, {'compute_state': 0.6000000238418579, 'resource_state': '1.33833|2006.17', 'nodes': 6}), (1498391005.37775, {'compute_state': 0.6000000238418579, 'resource_state': '1.48333|2006.67', 'nodes': 6}), (1498391016.718001, {'compute_state': 0.6000000238418579, 'resource_state': '1.58167|2006.67', 'nodes': 6}), (1498391028.061927, {'compute_state': 0.6000000238418579, 'resource_state': '1.655|2006.5', 'nodes': 6}), (1498391039.691035, {'compute_state': 0.6000000238418579, 'resource_state': '1.73167|2006.33', 'nodes': 6}), (1498391051.075562, {'compute_state': 0.6000000238418579, 'resource_state': '1.875|2006.83', 'nodes': 6}), (1498391062.365748, {'compute_state': 0.6000000238418579, 'resource_state': '1.91333|2006.67', 'nodes': 6}), (1498391073.484692, {'compute_state': 0.6000000238418579, 'resource_state': '1.92667|2006.67', 'nodes': 6}), (1498391084.560471, {'compute_state': 0.6000000238418579, 'resource_state': '1.875|1317.83', 'nodes': 6}), (1498391095.878006, {'compute_state': 0.6000000238418579, 'resource_state': '1.77|1318.33', 'nodes': 6}), (1498391107.158298, {'compute_state': 0.6000000238418579, 'resource_state': '1.68833|1318.17', 'nodes': 6}), (1498391118.595371, {'compute_state': 0.6000000238418579, 'resource_state': '1.62167|1318.17', 'nodes': 6}), (1498391129.806327, {'compute_state': 0.6000000238418579, 'resource_state': '1.52833|1318.17', 'nodes': 6}), (1498391141.078488, {'compute_state': 0.6000000238418579, 'resource_state': '1.48|1318', 'nodes': 6}), (1498391152.733327, {'compute_state': 0.6000000238418579, 'resource_state': '1.46|1343.5', 'nodes': 6}), (1498391163.606431, {'compute_state': 0.6000000238418579, 'resource_state': '1.27167|501.167', 'nodes': 6}), (1498391174.260047, {'compute_state': 0.6000000238418579, 'resource_state': '1.08833|501.167', 'nodes': 6}), (1498391185.279267, {'compute_state': 0.6000000238418579, 'resource_state': '0.97|501', 'nodes': 6}), (1498391196.315071, {'compute_state': 0.6000000238418579, 'resource_state': '0.846667|500.833', 'nodes': 6}), (1498391207.66891, {'compute_state': 0.6499999761581421, 'resource_state': '0.766667|73', 'nodes': 6}), (1498391219.15428, {'compute_state': 0.6499999761581421, 'resource_state': '0.958333|1878.83', 'nodes': 6}), (1498391230.715916, {'compute_state': 0.6499999761581421, 'resource_state': '1.15833|2005.83', 'nodes': 6}), (1498391242.218295, {'compute_state': 0.6499999761581421, 'resource_state': '1.31833|2006.5', 'nodes': 6}), (1498391253.386397, {'compute_state': 0.6499999761581421, 'resource_state': '1.44333|2006.67', 'nodes': 6}), (1498391264.548719, {'compute_state': 0.6499999761581421, 'resource_state': '1.55|2006.83', 'nodes': 6}), (1498391275.870178, {'compute_state': 0.6499999761581421, 'resource_state': '1.635|2007', 'nodes': 6}), (1498391287.218668, {'compute_state': 0.6499999761581421, 'resource_state': '1.715|2007', 'nodes': 6}), (1498391298.502289, {'compute_state': 0.6499999761581421, 'resource_state': '1.77333|2007', 'nodes': 6}), (1498391309.866412, {'compute_state': 0.6499999761581421, 'resource_state': '1.81833|2007', 'nodes': 6}), (1498391321.134199, {'compute_state': 0.6499999761581421, 'resource_state': '1.87667|2007.17', 'nodes': 6}), (1498391332.450149, {'compute_state': 0.6499999761581421, 'resource_state': '1.935|2006.83', 'nodes': 6}), (1498391343.564689, {'compute_state': 0.6499999761581421, 'resource_state': '1.945|1318', 'nodes': 6}), (1498391354.596461, {'compute_state': 0.6499999761581421, 'resource_state': '1.81167|1317.83', 'nodes': 6}), (1498391365.619447, {'compute_state': 0.6499999761581421, 'resource_state': '1.68833|1180.17', 'nodes': 6}), (1498391376.717945, {'compute_state': 0.6499999761581421, 'resource_state': '1.61167|1180.17', 'nodes': 6}), (1498391387.698991, {'compute_state': 0.6499999761581421, 'resource_state': '1.50667|501.667', 'nodes': 6}), (1498391398.752311, {'compute_state': 0.6499999761581421, 'resource_state': '1.29167|501.167', 'nodes': 6}), (1498391409.715683, {'compute_state': 0.6499999761581421, 'resource_state': '1.11167|501.333', 'nodes': 6}), (1498391420.637971, {'compute_state': 0.6499999761581421, 'resource_state': '0.975|501.167', 'nodes': 6}), (1498391431.708259, {'compute_state': 0.6499999761581421, 'resource_state': '0.858333|501.333', 'nodes': 6}), (1498391443.108138, {'compute_state': 0.699999988079071, 'resource_state': '1.04833|1879.33', 'nodes': 6}), (1498391454.402412, {'compute_state': 0.699999988079071, 'resource_state': '1.19667|2006.17', 'nodes': 6}), (1498391466.121102, {'compute_state': 0.699999988079071, 'resource_state': '1.35|2006.83', 'nodes': 6}), (1498391477.496325, {'compute_state': 0.699999988079071, 'resource_state': '1.47667|2007', 'nodes': 6}), (1498391488.920352, {'compute_state': 0.699999988079071, 'resource_state': '1.57667|2007.33', 'nodes': 6}), (1498391500.358907, {'compute_state': 0.699999988079071, 'resource_state': '1.685|2006.67', 'nodes': 6}), (1498391511.803164, {'compute_state': 0.699999988079071, 'resource_state': '1.77167|2007.5', 'nodes': 6}), (1498391523.069643, {'compute_state': 0.699999988079071, 'resource_state': '1.84|2007.17', 'nodes': 6}), (1498391534.711108, {'compute_state': 0.699999988079071, 'resource_state': '1.89833|2006.83', 'nodes': 6}), (1498391546.476357, {'compute_state': 0.699999988079071, 'resource_state': '1.92833|2007.17', 'nodes': 6}), (1498391558.228686, {'compute_state': 0.699999988079071, 'resource_state': '1.96833|2006.5', 'nodes': 6}), (1498391569.893004, {'compute_state': 0.699999988079071, 'resource_state': '1.96167|1318.33', 'nodes': 6}), (1498391581.563631, {'compute_state': 0.699999988079071, 'resource_state': '1.86833|1318.5', 'nodes': 6}), (1498391592.934332, {'compute_state': 0.699999988079071, 'resource_state': '1.77167|1318.5', 'nodes': 6}), (1498391604.005253, {'compute_state': 0.699999988079071, 'resource_state': '1.68|1318.5', 'nodes': 6}), (1498391615.311265, {'compute_state': 0.699999988079071, 'resource_state': '1.575|1318.33', 'nodes': 6}), (1498391626.58251, {'compute_state': 0.699999988079071, 'resource_state': '1.53|1318.5', 'nodes': 6}), (1498391637.644702, {'compute_state': 0.699999988079071, 'resource_state': '1.48667|1180.5', 'nodes': 6}), (1498391648.657973, {'compute_state': 0.699999988079071, 'resource_state': '1.45|1180.33', 'nodes': 6}), (1498391659.611437, {'compute_state': 0.699999988079071, 'resource_state': '1.38167|501.333', 'nodes': 6}), (1498391670.543568, {'compute_state': 0.699999988079071, 'resource_state': '1.21833|501.5', 'nodes': 6}), (1498391681.487725, {'compute_state': 0.699999988079071, 'resource_state': '1.05667|501.167', 'nodes': 6}), (1498391692.289113, {'compute_state': 0.699999988079071, 'resource_state': '0.933333|501.167', 'nodes': 6}), (1498391703.326959, {'compute_state': 0.699999988079071, 'resource_state': '0.861667|501.167', 'nodes': 6}), (1498391714.988582, {'compute_state': 0.75, 'resource_state': '0.903333|1785.33', 'nodes': 6}), (1498391726.622403, {'compute_state': 0.75, 'resource_state': '1.12|1879', 'nodes': 6}), (1498391738.220272, {'compute_state': 0.75, 'resource_state': '1.26333|2006.5', 'nodes': 6}), (1498391749.664614, {'compute_state': 0.75, 'resource_state': '1.41167|2006.83', 'nodes': 6}), (1498391761.202482, {'compute_state': 0.75, 'resource_state': '1.515|2006.83', 'nodes': 6}), (1498391772.238187, {'compute_state': 0.75, 'resource_state': '1.595|2007', 'nodes': 6}), (1498391783.623528, {'compute_state': 0.75, 'resource_state': '1.70667|2007', 'nodes': 6}), (1498391794.959007, {'compute_state': 0.75, 'resource_state': '1.815|2006.67', 'nodes': 6}), (1498391806.340174, {'compute_state': 0.75, 'resource_state': '1.87333|2007.17', 'nodes': 6}), (1498391817.708945, {'compute_state': 0.75, 'resource_state': '1.92167|2007.17', 'nodes': 6}), (1498391829.172559, {'compute_state': 0.75, 'resource_state': '1.95|2007.33', 'nodes': 6}), (1498391840.699993, {'compute_state': 0.75, 'resource_state': '1.98667|1887', 'nodes': 6}), (1498391851.842047, {'compute_state': 0.75, 'resource_state': '1.84667|1318', 'nodes': 6}), (1498391862.948971, {'compute_state': 0.75, 'resource_state': '1.74333|1318', 'nodes': 6}), (1498391874.303096, {'compute_state': 0.75, 'resource_state': '1.68333|1318.33', 'nodes': 6}), (1498391885.421918, {'compute_state': 0.75, 'resource_state': '1.57667|1180.17', 'nodes': 6}), (1498391896.473498, {'compute_state': 0.75, 'resource_state': '1.53667|1180.33', 'nodes': 6}), (1498391907.493154, {'compute_state': 0.75, 'resource_state': '1.45167|1180.17', 'nodes': 6}), (1498391918.500212, {'compute_state': 0.75, 'resource_state': '1.40167|1180.17', 'nodes': 6}), (1498391929.511284, {'compute_state': 0.75, 'resource_state': '1.29833|501.167', 'nodes': 6}), (1498391940.189764, {'compute_state': 0.75, 'resource_state': '1.17667|501.167', 'nodes': 6}), (1498391951.15139, {'compute_state': 0.75, 'resource_state': '1.03|501.333', 'nodes': 6}), (1498391962.087542, {'compute_state': 0.75, 'resource_state': '0.905|500.833', 'nodes': 6}), (1498391973.116403, {'compute_state': 0.75, 'resource_state': '0.831667|501', 'nodes': 6}), (1498391984.512203, {'compute_state': 0.800000011920929, 'resource_state': '0.876667|1835.5', 'nodes': 6}), (1498391996.044379, {'compute_state': 0.800000011920929, 'resource_state': '1.10667|1879.33', 'nodes': 6}), (1498392007.726857, {'compute_state': 0.800000011920929, 'resource_state': '1.29833|2006.5', 'nodes': 6}), (1498392018.814714, {'compute_state': 0.800000011920929, 'resource_state': '1.455|2006.83', 'nodes': 6}), (1498392030.114528, {'compute_state': 0.800000011920929, 'resource_state': '1.59667|2007', 'nodes': 6}), (1498392041.650656, {'compute_state': 0.800000011920929, 'resource_state': '1.67667|2007', 'nodes': 6}), (1498392053.144675, {'compute_state': 0.800000011920929, 'resource_state': '1.76833|2006.67', 'nodes': 6}), (1498392064.760309, {'compute_state': 0.800000011920929, 'resource_state': '1.83167|2007', 'nodes': 6}), (1498392076.568891, {'compute_state': 0.800000011920929, 'resource_state': '1.86833|2007.5', 'nodes': 6}), (1498392088.131037, {'compute_state': 0.800000011920929, 'resource_state': '1.9|2007.33', 'nodes': 6}), (1498392099.46862, {'compute_state': 0.800000011920929, 'resource_state': '1.91833|2006.67', 'nodes': 6}), (1498392110.946613, {'compute_state': 0.800000011920929, 'resource_state': '1.89667|1318.17', 'nodes': 6}), (1498392122.271853, {'compute_state': 0.800000011920929, 'resource_state': '1.785|1318.5', 'nodes': 6}), (1498392133.631382, {'compute_state': 0.800000011920929, 'resource_state': '1.72833|1318.17', 'nodes': 6}), (1498392144.899331, {'compute_state': 0.800000011920929, 'resource_state': '1.64|1318.33', 'nodes': 6}), (1498392156.215491, {'compute_state': 0.800000011920929, 'resource_state': '1.53667|1318.33', 'nodes': 6}), (1498392167.491286, {'compute_state': 0.800000011920929, 'resource_state': '1.49167|1318', 'nodes': 6}), (1498392178.509261, {'compute_state': 0.800000011920929, 'resource_state': '1.455|1180.33', 'nodes': 6}), (1498392189.158858, {'compute_state': 0.800000011920929, 'resource_state': '1.28|501.333', 'nodes': 6}), (1498392200.320119, {'compute_state': 0.800000011920929, 'resource_state': '1.09667|501.333', 'nodes': 6}), (1498392211.420592, {'compute_state': 0.800000011920929, 'resource_state': '0.978333|501.5', 'nodes': 6}), (1498392222.436929, {'compute_state': 0.800000011920929, 'resource_state': '0.875|501.333', 'nodes': 6}), (1498392234.131335, {'compute_state': 0.8500000238418579, 'resource_state': '0.885|1785.17', 'nodes': 6}), (1498392245.92602, {'compute_state': 0.8500000238418579, 'resource_state': '1.095|1879.5', 'nodes': 6}), (1498392257.504837, {'compute_state': 0.8500000238418579, 'resource_state': '1.24833|2006.33', 'nodes': 6}), (1498392269.124299, {'compute_state': 0.8500000238418579, 'resource_state': '1.395|2007', 'nodes': 6}), (1498392280.355179, {'compute_state': 0.8500000238418579, 'resource_state': '1.51833|2006.5', 'nodes': 6}), (1498392292.004701, {'compute_state': 0.8500000238418579, 'resource_state': '1.62667|2007.17', 'nodes': 6}), (1498392303.533047, {'compute_state': 0.8500000238418579, 'resource_state': '1.72667|2007', 'nodes': 6}), (1498392314.891828, {'compute_state': 0.8500000238418579, 'resource_state': '1.77333|2007', 'nodes': 6}), (1498392326.224091, {'compute_state': 0.8500000238418579, 'resource_state': '1.84667|2006.83', 'nodes': 6}), (1498392337.511969, {'compute_state': 0.8500000238418579, 'resource_state': '1.88333|2006.83', 'nodes': 6}), (1498392348.598602, {'compute_state': 0.8500000238418579, 'resource_state': '1.93333|2007', 'nodes': 6}), (1498392359.654622, {'compute_state': 0.8500000238418579, 'resource_state': '1.92833|1318', 'nodes': 6}), (1498392371.102095, {'compute_state': 0.8500000238418579, 'resource_state': '1.82333|1318.33', 'nodes': 6}), (1498392382.592902, {'compute_state': 0.8500000238418579, 'resource_state': '1.71|1318.33', 'nodes': 6}), (1498392394.166072, {'compute_state': 0.8500000238418579, 'resource_state': '1.64|1318.67', 'nodes': 6}), (1498392405.808505, {'compute_state': 0.8500000238418579, 'resource_state': '1.55333|1318.33', 'nodes': 6}), (1498392417.334257, {'compute_state': 0.8500000238418579, 'resource_state': '1.49|1318.17', 'nodes': 6}), (1498392428.910524, {'compute_state': 0.8500000238418579, 'resource_state': '1.46333|1318.33', 'nodes': 6}), (1498392439.971187, {'compute_state': 0.8500000238418579, 'resource_state': '1.43|1318', 'nodes': 6}), (1498392450.895176, {'compute_state': 0.8500000238418579, 'resource_state': '1.32|501', 'nodes': 6}), (1498392461.867005, {'compute_state': 0.8500000238418579, 'resource_state': '1.25833|501.333', 'nodes': 6}), (1498392472.887636, {'compute_state': 0.8500000238418579, 'resource_state': '1.09667|501.167', 'nodes': 6}), (1498392483.942297, {'compute_state': 0.8500000238418579, 'resource_state': '0.961667|501.167', 'nodes': 6}), (1498392495.004301, {'compute_state': 0.8500000238418579, 'resource_state': '0.863333|501.333', 'nodes': 6}), (1498392506.366268, {'compute_state': 0.8999999761581421, 'resource_state': '1.03333|1878.5', 'nodes': 6}), (1498392517.932493, {'compute_state': 0.8999999761581421, 'resource_state': '1.21|2006', 'nodes': 6}), (1498392529.165956, {'compute_state': 0.8999999761581421, 'resource_state': '1.34833|2005.83', 'nodes': 6}), (1498392540.713816, {'compute_state': 0.8999999761581421, 'resource_state': '1.49667|2005.83', 'nodes': 6}), (1498392552.341345, {'compute_state': 0.8999999761581421, 'resource_state': '1.60667|2006.67', 'nodes': 6}), (1498392563.997155, {'compute_state': 0.8999999761581421, 'resource_state': '1.72167|2006.5', 'nodes': 6}), (1498392575.529602, {'compute_state': 0.8999999761581421, 'resource_state': '1.815|2006.33', 'nodes': 6}), (1498392587.251276, {'compute_state': 0.8999999761581421, 'resource_state': '1.85833|2006.5', 'nodes': 6}), (1498392598.866848, {'compute_state': 0.8999999761581421, 'resource_state': '1.895|2006.17', 'nodes': 6}), (1498392609.996092, {'compute_state': 0.8999999761581421, 'resource_state': '1.925|2006.33', 'nodes': 6}), (1498392621.342009, {'compute_state': 0.8999999761581421, 'resource_state': '2.02167|2006.17', 'nodes': 6}), (1498392632.650692, {'compute_state': 0.8999999761581421, 'resource_state': '1.95333|1317.67', 'nodes': 6}), (1498392644.072696, {'compute_state': 0.8999999761581421, 'resource_state': '1.85833|1317.83', 'nodes': 6}), (1498392655.803896, {'compute_state': 0.8999999761581421, 'resource_state': '1.74167|1317.83', 'nodes': 6}), (1498392667.167425, {'compute_state': 0.8999999761581421, 'resource_state': '1.65833|1318', 'nodes': 6}), (1498392678.626075, {'compute_state': 0.8999999761581421, 'resource_state': '1.595|1318.17', 'nodes': 6}), (1498392689.801863, {'compute_state': 0.8999999761581421, 'resource_state': '1.52833|1318', 'nodes': 6}), (1498392700.913089, {'compute_state': 0.8999999761581421, 'resource_state': '1.455|1317.83', 'nodes': 6}), (1498392711.579035, {'compute_state': 0.8999999761581421, 'resource_state': '1.32667|501', 'nodes': 6}), (1498392722.621199, {'compute_state': 0.8999999761581421, 'resource_state': '1.15|501', 'nodes': 6}), (1498392733.59607, {'compute_state': 0.8999999761581421, 'resource_state': '1.01833|501', 'nodes': 6}), (1498392744.571304, {'compute_state': 0.8999999761581421, 'resource_state': '0.935|500.667', 'nodes': 6}), (1498392755.639699, {'compute_state': 0.8999999761581421, 'resource_state': '0.863333|501.167', 'nodes': 6}), (1498392767.141879, {'compute_state': 0.949999988079071, 'resource_state': '1.035|1879.17', 'nodes': 6}), (1498392778.767493, {'compute_state': 0.949999988079071, 'resource_state': '1.21833|2006', 'nodes': 6}), (1498392789.888425, {'compute_state': 0.949999988079071, 'resource_state': '1.345|2005.83', 'nodes': 6}), (1498392801.258826, {'compute_state': 0.949999988079071, 'resource_state': '1.495|2006.33', 'nodes': 6}), (1498392812.75819, {'compute_state': 0.949999988079071, 'resource_state': '1.58167|2006.33', 'nodes': 6}), (1498392824.09208, {'compute_state': 0.949999988079071, 'resource_state': '1.68167|2006.67', 'nodes': 6}), (1498392835.606602, {'compute_state': 0.949999988079071, 'resource_state': '1.73|2006.33', 'nodes': 6}), (1498392846.910849, {'compute_state': 0.949999988079071, 'resource_state': '1.80333|2006.83', 'nodes': 6}), (1498392858.251596, {'compute_state': 0.949999988079071, 'resource_state': '1.84167|2006.5', 'nodes': 6}), (1498392869.377309, {'compute_state': 0.949999988079071, 'resource_state': '1.86667|2006.17', 'nodes': 6}), (1498392880.453015, {'compute_state': 0.949999988079071, 'resource_state': '1.88833|2006.17', 'nodes': 6}), (1498392892.088265, {'compute_state': 0.949999988079071, 'resource_state': '1.885|1317.17', 'nodes': 6}), (1498392903.531858, {'compute_state': 0.949999988079071, 'resource_state': '1.815|1317.5', 'nodes': 6}), (1498392914.870589, {'compute_state': 0.949999988079071, 'resource_state': '1.74|1317.83', 'nodes': 6}), (1498392926.262531, {'compute_state': 0.949999988079071, 'resource_state': '1.635|1317.67', 'nodes': 6}), (1498392937.686412, {'compute_state': 0.949999988079071, 'resource_state': '1.59333|1317.83', 'nodes': 6}), (1498392948.996746, {'compute_state': 0.949999988079071, 'resource_state': '1.52667|1317.67', 'nodes': 6}), (1498392960.249301, {'compute_state': 0.949999988079071, 'resource_state': '1.47167|1317.83', 'nodes': 6}), (1498392970.914577, {'compute_state': 0.949999988079071, 'resource_state': '1.46333|500.667', 'nodes': 6}), (1498392983.766955, {'compute_state': 0.949999988079071, 'resource_state': '1.23833|500.5', 'nodes': 6}), (1498392994.72316, {'compute_state': 0.949999988079071, 'resource_state': '1.06667|501', 'nodes': 6}), (1498393005.703688, {'compute_state': 0.949999988079071, 'resource_state': '0.975|501', 'nodes': 6}), (1498393016.684252, {'compute_state': 0.949999988079071, 'resource_state': '0.868333|500.667', 'nodes': 6}), (1498393027.608062, {'compute_state': 1.0, 'resource_state': '0.735|64.5', 'nodes': 6})]
1498393027.625922|SYSTEM: Waiting on Computation to finish.
1498393027.626157|SYSTEM: Good bye...
