1498382142.842596|SYSTEM: Starting Platform.
1498382142.845462|SYSTEM: Starting Computation.
1498382142.848666|SYSTEM: Waiting on Platform to finish.
1498382142.851078|PLATFORM: QoS Values ={'execution_time': 3630.0, 'resource_efficiency': 1.6, 'cost': 21822.0, 'power_consumption': 0.0, 'accuracy': 0.0}
1498382142.851247|PLATFORM: QoS Weight ={'execution_time': 0.4, 'resource_efficiency': 0.4, 'cost': 0.4, 'power_consumption': 0.0, 'accuracy': 0.0}
1498382142.851315|PLATFORM: QoS Factor =0.1
1498382142.851381|PLATFORM: Monitor Interval = 10
1498382142.851444|PLATFORM: Sample Interval = 10
1498382142.851510|PLATFORM: Reconfiguration Interval = 30
1498382142.851579|PLATFORM: http://200.19.177.89:33004:elasticnode:62f23550-2d7a-48dc-bc5d-90db3e76a956
1498382149.736391|PLATFORM: Number Of Nodes = 6
1498382152.868615|COMPUTATION: Starting Computation.
1498382152.869169|COMPUTATION: Start (MatrixSize, Iteration) = |10000|0|
1498382152.869713|COMPUTATION: ['mpirun', '-n', '12', '-machinefile', '/home/ubuntu/machinefile', '/home/ubuntu/repositorios/elastichpc/beta/trials/Matrix.py', '10000', '/home/ubuntu/teste.mtr_0']
1498382161.732859|PLATFORM: State = |0.0|0.206667|1848|6|
1498382173.199837|PLATFORM: State = |0.0|0.56|1879.33|6|
1498382184.560235|PLATFORM: State = |0.0|0.811667|2006.33|6|
1498382195.637135|PLATFORM: State = |0.0|1.04833|2006.83|6|
1498382206.773395|PLATFORM: State = |0.0|1.19333|2007|6|
1498382217.901743|PLATFORM: State = |0.0|1.36333|2007|6|
1498382229.023688|PLATFORM: State = |0.0|1.47|2007.17|6|
1498382240.124131|PLATFORM: State = |0.0|1.56833|2008.83|6|
1498382251.228290|PLATFORM: State = |0.0|1.69333|2011.5|6|
1498382262.328432|PLATFORM: State = |0.0|1.75|2007.17|6|
1498382273.474451|PLATFORM: State = |0.0|1.83|2007.17|6|
1498382285.541944|PLATFORM: State = |0.0|1.86|1742.5|6|
1498382296.617212|PLATFORM: State = |0.0|1.81833|1456|6|
1498382307.331802|PLATFORM: State = |0.0|1.70333|941.5|6|
1498382318.058107|PLATFORM: State = |0.0|1.51167|501.333|6|
1498382328.687697|PLATFORM: State = |0.0|1.31833|500.833|6|
1498382339.348638|PLATFORM: State = |0.0|1.16|501|6|
1498382350.087965|PLATFORM: State = |0.0|1.03167|501|6|
1498382360.719355|PLATFORM: State = |0.0|0.915|501.167|6|
1498382361.007498|COMPUTATION: End (MatrixSize, Iteration) = |10000|0|
1498382361.616288|COMPUTATION: Execution = Warning: Permanently added '10.10.10.5' (ECDSA) to the list of known hosts.
Warning: Permanently added '10.10.10.4' (ECDSA) to the list of known hosts.
Warning: Permanently added '10.10.10.7' (ECDSA) to the list of known hosts.
Warning: Permanently added '10.10.10.8' (ECDSA) to the list of known hosts.
Warning: Permanently added '10.10.10.6' (ECDSA) to the list of known hosts.
|None
1498382361.616612|COMPUTATION: Progress = 0.05
1498382361.616741|COMPUTATION: Start (MatrixSize, Iteration) = |10000|1|
1498382361.618230|COMPUTATION: ['mpirun', '-n', '12', '-machinefile', '/home/ubuntu/machinefile', '/home/ubuntu/repositorios/elastichpc/beta/trials/Matrix.py', '10000', '/home/ubuntu/teste.mtr_1']
1498382371.764328|PLATFORM: State = |0.0500000007451|1.04667|1879|6|
1498382382.863175|PLATFORM: State = |0.0500000007451|1.26|2006.67|6|
1498382394.041635|PLATFORM: State = |0.0500000007451|1.41833|2007|6|
1498382405.371974|PLATFORM: State = |0.0500000007451|1.525|2007.33|6|
1498382417.023721|PLATFORM: State = |0.0500000007451|1.605|2007.5|6|
1498382428.426216|PLATFORM: State = |0.0500000007451|1.72667|2007.17|6|
1498382439.717136|PLATFORM: State = |0.0500000007451|1.78833|2007.33|6|
1498382451.256734|PLATFORM: State = |0.0500000007451|1.83833|2007.67|6|
1498382462.288921|PLATFORM: State = |0.0500000007451|1.89667|2007.33|6|
1498382473.388945|PLATFORM: State = |0.0500000007451|1.94|2007.67|6|
1498382484.480188|PLATFORM: State = |0.0500000007451|1.96667|2007.17|6|
1498382495.517162|PLATFORM: State = |0.0500000007451|1.95833|1594|6|
1498382506.620526|PLATFORM: State = |0.0500000007451|1.90167|1594.33|6|
1498382517.794115|PLATFORM: State = |0.0500000007451|1.83667|1372.5|6|
1498382528.428117|PLATFORM: State = |0.0500000007451|1.58333|501.833|6|
1498382539.515476|PLATFORM: State = |0.0500000007451|1.4|501.667|6|
1498382550.191159|PLATFORM: State = |0.0500000007451|1.23|501.667|6|
1498382561.927282|PLATFORM: State = |0.0500000007451|1.055|501.333|6|
1498382572.615751|PLATFORM: State = |0.0500000007451|0.948333|501.833|6|
1498382583.319273|PLATFORM: State = |0.0500000007451|0.875|501.667|6|
1498382592.786980|COMPUTATION: End (MatrixSize, Iteration) = |10000|1|
1498382592.978687|COMPUTATION: Execution = Warning: Permanently added '10.10.10.7' (ECDSA) to the list of known hosts.
Warning: Permanently added '10.10.10.4' (ECDSA) to the list of known hosts.
Warning: Permanently added '10.10.10.5' (ECDSA) to the list of known hosts.
Warning: Permanently added '10.10.10.6' (ECDSA) to the list of known hosts.
Warning: Permanently added '10.10.10.8' (ECDSA) to the list of known hosts.
|None
1498382592.978901|COMPUTATION: Progress = 0.1
1498382592.978956|COMPUTATION: Start (MatrixSize, Iteration) = |10000|2|
1498382592.979254|COMPUTATION: ['mpirun', '-n', '12', '-machinefile', '/home/ubuntu/machinefile', '/home/ubuntu/repositorios/elastichpc/beta/trials/Matrix.py', '10000', '/home/ubuntu/teste.mtr_2']
1498382594.103981|PLATFORM: State = |0.10000000149|0.796667|70.1667|6|
1498382605.197063|PLATFORM: State = |0.10000000149|1.025|1879.83|6|
1498382616.316172|PLATFORM: State = |0.10000000149|1.2|2007.17|6|
1498382627.420125|PLATFORM: State = |0.10000000149|1.375|2007.83|6|
1498382638.486712|PLATFORM: State = |0.10000000149|1.51333|2007.5|6|
1498382649.632698|PLATFORM: State = |0.10000000149|1.61|2007.17|6|
1498382661.064952|PLATFORM: State = |0.10000000149|1.70833|2007.5|6|
1498382672.538012|PLATFORM: State = |0.10000000149|1.78833|2007.17|6|
1498382683.865259|PLATFORM: State = |0.10000000149|1.835|2007.33|6|
1498382695.226516|PLATFORM: State = |0.10000000149|1.86167|2007.33|6|
1498382706.548864|PLATFORM: State = |0.10000000149|1.95667|2008|6|
1498382717.618870|PLATFORM: State = |0.10000000149|2.015|1732.5|6|
1498382728.644353|PLATFORM: State = |0.10000000149|2.01333|1595|6|
1498382739.720060|PLATFORM: State = |0.10000000149|1.93667|1457.5|6|
1498382750.812837|PLATFORM: State = |0.10000000149|1.855|1085.33|6|
1498382761.431181|PLATFORM: State = |0.10000000149|1.63833|502.667|6|
1498382772.079499|PLATFORM: State = |0.10000000149|1.42333|502.333|6|
1498382782.835155|PLATFORM: State = |0.10000000149|1.23167|502.167|6|
1498382793.991513|PLATFORM: State = |0.10000000149|1.08667|502.833|6|
1498382804.779862|PLATFORM: State = |0.10000000149|0.93|501.833|6|
1498382815.574980|COMPUTATION: End (MatrixSize, Iteration) = |10000|2|
1498382815.605925|PLATFORM: State = |0.10000000149|0.816667|502.167|6|
1498382817.330944|COMPUTATION: Execution = Warning: Permanently added '10.10.10.5' (ECDSA) to the list of known hosts.
Warning: Permanently added '10.10.10.4' (ECDSA) to the list of known hosts.
Warning: Permanently added '10.10.10.7' (ECDSA) to the list of known hosts.
Warning: Permanently added '10.10.10.6' (ECDSA) to the list of known hosts.
Warning: Permanently added '10.10.10.8' (ECDSA) to the list of known hosts.
|None
1498382817.331182|COMPUTATION: Progress = 0.15
1498382817.331297|COMPUTATION: Start (MatrixSize, Iteration) = |10000|3|
1498382817.331651|COMPUTATION: ['mpirun', '-n', '12', '-machinefile', '/home/ubuntu/machinefile', '/home/ubuntu/repositorios/elastichpc/beta/trials/Matrix.py', '10000', '/home/ubuntu/teste.mtr_3']
1498382826.996622|PLATFORM: State = |0.15000000596|0.94|1879.17|6|
1498382838.048369|PLATFORM: State = |0.15000000596|1.16167|1880.17|6|
1498382849.132742|PLATFORM: State = |0.15000000596|1.345|2007.83|6|
1498382860.247700|PLATFORM: State = |0.15000000596|1.44667|2007.83|6|
1498382871.277868|PLATFORM: State = |0.15000000596|1.54667|2008|6|
1498382882.356852|PLATFORM: State = |0.15000000596|1.61667|2007.83|6|
1498382893.432799|PLATFORM: State = |0.15000000596|1.72333|2007.83|6|
1498382904.606842|PLATFORM: State = |0.15000000596|1.77167|2008|6|
1498382916.407698|PLATFORM: State = |0.15000000596|1.82667|2008.33|6|
1498382927.774913|PLATFORM: State = |0.15000000596|1.88333|2008.17|6|
1498382939.342455|PLATFORM: State = |0.15000000596|1.91833|2008|6|
1498382950.438288|PLATFORM: State = |0.15000000596|1.905|1595.17|6|
1498382961.448845|PLATFORM: State = |0.15000000596|1.87|1599|6|
1498382972.492370|PLATFORM: State = |0.15000000596|1.78833|1456.67|6|
1498382983.179917|PLATFORM: State = |0.15000000596|1.585|502|6|
1498382993.916806|PLATFORM: State = |0.15000000596|1.38667|502.5|6|
1498383004.576679|PLATFORM: State = |0.15000000596|1.195|502|6|
1498383015.291498|PLATFORM: State = |0.15000000596|1.06|502.167|6|
1498383025.989094|PLATFORM: State = |0.15000000596|0.946667|502.333|6|
1498383036.732384|PLATFORM: State = |0.15000000596|0.828333|502|6|
1498383039.247767|COMPUTATION: End (MatrixSize, Iteration) = |10000|3|
1498383039.498579|COMPUTATION: Execution = Warning: Permanently added '10.10.10.5' (ECDSA) to the list of known hosts.
Warning: Permanently added '10.10.10.4' (ECDSA) to the list of known hosts.
Warning: Permanently added '10.10.10.7' (ECDSA) to the list of known hosts.
Warning: Permanently added '10.10.10.6' (ECDSA) to the list of known hosts.
Warning: Permanently added '10.10.10.8' (ECDSA) to the list of known hosts.
|None
1498383039.498776|COMPUTATION: Progress = 0.2
1498383039.498847|COMPUTATION: Start (MatrixSize, Iteration) = |10000|4|
1498383039.499127|COMPUTATION: ['mpirun', '-n', '12', '-machinefile', '/home/ubuntu/machinefile', '/home/ubuntu/repositorios/elastichpc/beta/trials/Matrix.py', '10000', '/home/ubuntu/teste.mtr_4']
1498383048.585448|PLATFORM: State = |0.20000000298|1|1832.5|6|
1498383060.549383|PLATFORM: State = |0.20000000298|1.185|1880.33|6|
1498383072.049375|PLATFORM: State = |0.20000000298|1.34667|2007.5|6|
1498383083.210839|PLATFORM: State = |0.20000000298|1.49167|2008|6|
1498383094.305456|PLATFORM: State = |0.20000000298|1.58667|2008.17|6|
1498383105.380999|PLATFORM: State = |0.20000000298|1.66833|2008.33|6|
1498383116.463532|PLATFORM: State = |0.20000000298|1.755|2007.83|6|
1498383127.547278|PLATFORM: State = |0.20000000298|1.79167|2008|6|
1498383138.692773|PLATFORM: State = |0.20000000298|1.84667|2007.83|6|
1498383149.768360|PLATFORM: State = |0.20000000298|1.87167|2007.83|6|
1498383160.893937|PLATFORM: State = |0.20000000298|1.90833|2008|6|
1498383172.138233|PLATFORM: State = |0.20000000298|1.94833|2008.33|6|
1498383184.433585|PLATFORM: State = |0.20000000298|2.04|1922.67|6|
1498383195.222440|PLATFORM: State = |0.20000000298|1.82667|502.833|6|
1498383205.932628|PLATFORM: State = |0.20000000298|1.665|502.833|6|
1498383216.588105|PLATFORM: State = |0.20000000298|1.48|502.667|6|
1498383227.263385|PLATFORM: State = |0.20000000298|1.33833|503|6|
1498383237.904971|PLATFORM: State = |0.20000000298|1.225|502.667|6|
1498383243.327172|COMPUTATION: End (MatrixSize, Iteration) = |10000|4|
1498383243.519220|COMPUTATION: Execution = Warning: Permanently added '10.10.10.5' (ECDSA) to the list of known hosts.
Warning: Permanently added '10.10.10.4' (ECDSA) to the list of known hosts.
Warning: Permanently added '10.10.10.7' (ECDSA) to the list of known hosts.
Warning: Permanently added '10.10.10.8' (ECDSA) to the list of known hosts.
Warning: Permanently added '10.10.10.6' (ECDSA) to the list of known hosts.
|None
1498383243.519397|COMPUTATION: Progress = 0.25
1498383243.519453|COMPUTATION: Start (MatrixSize, Iteration) = |10000|5|
1498383243.521535|COMPUTATION: ['mpirun', '-n', '12', '-machinefile', '/home/ubuntu/machinefile', '/home/ubuntu/repositorios/elastichpc/beta/trials/Matrix.py', '10000', '/home/ubuntu/teste.mtr_5']
1498383248.979838|PLATFORM: State = |0.25|1.225|1820.5|6|
1498383260.031988|PLATFORM: State = |0.25|1.39333|1880.67|6|
1498383271.084145|PLATFORM: State = |0.25|1.495|2008|6|
1498383282.165544|PLATFORM: State = |0.25|1.57833|2007.5|6|
1498383293.313272|PLATFORM: State = |0.25|1.68167|2008|6|
1498383304.523544|PLATFORM: State = |0.25|1.76333|2009.5|6|
1498383316.121571|PLATFORM: State = |0.25|1.82667|2008.33|6|
1498383327.432415|PLATFORM: State = |0.25|1.85833|2008.5|6|
1498383338.845503|PLATFORM: State = |0.25|1.94|2008.33|6|
1498383350.110646|PLATFORM: State = |0.25|1.985|2008.17|6|
1498383361.212438|PLATFORM: State = |0.25|2|2007.83|6|
1498383372.322597|PLATFORM: State = |0.25|2.00167|2007.83|6|
1498383383.354484|PLATFORM: State = |0.25|1.975|1595|6|
1498383394.421989|PLATFORM: State = |0.25|1.88667|1595.33|6|
1498383405.063497|PLATFORM: State = |0.25|1.76333|501.667|6|
1498383415.767987|PLATFORM: State = |0.25|1.56833|502.5|6|
1498383426.461908|PLATFORM: State = |0.25|1.33667|502.167|6|
1498383437.204301|PLATFORM: State = |0.25|1.20667|502|6|
1498383448.231733|PLATFORM: State = |0.25|1.055|503|6|
1498383458.959678|PLATFORM: State = |0.25|0.961667|502.5|6|
1498383469.716172|PLATFORM: State = |0.25|0.855|502.5|6|
1498383470.734030|COMPUTATION: End (MatrixSize, Iteration) = |10000|5|
1498383470.963247|COMPUTATION: Execution = Warning: Permanently added '10.10.10.4' (ECDSA) to the list of known hosts.
Warning: Permanently added '10.10.10.7' (ECDSA) to the list of known hosts.
Warning: Permanently added '10.10.10.5' (ECDSA) to the list of known hosts.
Warning: Permanently added '10.10.10.6' (ECDSA) to the list of known hosts.
Warning: Permanently added '10.10.10.8' (ECDSA) to the list of known hosts.
|None
1498383470.963450|COMPUTATION: Progress = 0.3
1498383470.963530|COMPUTATION: Start (MatrixSize, Iteration) = |10000|6|
1498383470.963927|COMPUTATION: ['mpirun', '-n', '12', '-machinefile', '/home/ubuntu/machinefile', '/home/ubuntu/repositorios/elastichpc/beta/trials/Matrix.py', '10000', '/home/ubuntu/teste.mtr_6']
1498383480.808982|PLATFORM: State = |0.300000011921|1.00667|1880.33|6|
1498383491.827847|PLATFORM: State = |0.300000011921|1.185|1880.67|6|
1498383502.896339|PLATFORM: State = |0.300000011921|1.31|2008.17|6|
1498383514.010941|PLATFORM: State = |0.300000011921|1.46333|2008.33|6|
1498383525.135509|PLATFORM: State = |0.300000011921|1.565|2008.5|6|
1498383536.230423|PLATFORM: State = |0.300000011921|1.66667|2008|6|
1498383547.324440|PLATFORM: State = |0.300000011921|1.735|2008|6|
1498383558.468401|PLATFORM: State = |0.300000011921|1.78667|2008.33|6|
1498383570.098256|PLATFORM: State = |0.300000011921|1.85|2008.33|6|
1498383581.601515|PLATFORM: State = |0.300000011921|1.89|2008.17|6|
1498383592.971408|PLATFORM: State = |0.300000011921|1.90667|2008.5|6|
1498383604.285511|PLATFORM: State = |0.300000011921|1.87333|1595.33|6|
1498383615.516147|PLATFORM: State = |0.300000011921|1.83|1595.33|6|
1498383626.191124|PLATFORM: State = |0.300000011921|1.7|501.833|6|
1498383636.854562|PLATFORM: State = |0.300000011921|1.455|502.5|6|
1498383647.516788|PLATFORM: State = |0.300000011921|1.255|502.167|6|
1498383658.479295|PLATFORM: State = |0.300000011921|1.075|502.167|6|
1498383669.103530|PLATFORM: State = |0.300000011921|1.01167|502.833|6|
1498383677.222705|COMPUTATION: End (MatrixSize, Iteration) = |10000|6|
1498383677.469581|COMPUTATION: Execution = Warning: Permanently added '10.10.10.4' (ECDSA) to the list of known hosts.
Warning: Permanently added '10.10.10.5' (ECDSA) to the list of known hosts.
Warning: Permanently added '10.10.10.7' (ECDSA) to the list of known hosts.
Warning: Permanently added '10.10.10.6' (ECDSA) to the list of known hosts.
Warning: Permanently added '10.10.10.8' (ECDSA) to the list of known hosts.
|None
1498383677.469833|COMPUTATION: Progress = 0.35
1498383677.469903|COMPUTATION: Start (MatrixSize, Iteration) = |10000|7|
1498383677.470210|COMPUTATION: ['mpirun', '-n', '12', '-machinefile', '/home/ubuntu/machinefile', '/home/ubuntu/repositorios/elastichpc/beta/trials/Matrix.py', '10000', '/home/ubuntu/teste.mtr_7']
1498383680.433154|PLATFORM: State = |0.34999999404|0.975|1776.83|6|
1498383692.132034|PLATFORM: State = |0.34999999404|1.20167|1880|6|
1498383703.943202|PLATFORM: State = |0.34999999404|1.34833|1879.83|6|
1498383715.272533|PLATFORM: State = |0.34999999404|1.48333|2007.67|6|
1498383726.516978|PLATFORM: State = |0.34999999404|1.57167|2008.67|6|
1498383737.640074|PLATFORM: State = |0.34999999404|1.64167|2008.33|6|
1498383748.756244|PLATFORM: State = |0.34999999404|1.73667|2008.17|6|
1498383759.832461|PLATFORM: State = |0.34999999404|1.805|2008.33|6|
1498383770.980073|PLATFORM: State = |0.34999999404|1.83833|2008|6|
1498383782.052499|PLATFORM: State = |0.34999999404|1.88333|2007.83|6|
1498383793.143013|PLATFORM: State = |0.34999999404|1.89833|2008.33|6|
1498383804.242786|PLATFORM: State = |0.34999999404|1.94333|2008.5|6|
1498383815.369644|PLATFORM: State = |0.34999999404|1.92667|1595.17|6|
1498383827.140914|PLATFORM: State = |0.34999999404|1.87667|1595.17|6|
1498383837.855068|PLATFORM: State = |0.34999999404|1.81833|502.5|6|
1498383848.607941|PLATFORM: State = |0.34999999404|1.62|502.167|6|
1498383859.234701|PLATFORM: State = |0.34999999404|1.45167|502.833|6|
1498383869.880303|PLATFORM: State = |0.34999999404|1.26667|502.5|6|
1498383880.532647|PLATFORM: State = |0.34999999404|1.10667|502.333|6|
1498383891.192775|PLATFORM: State = |0.34999999404|1|502.167|6|
1498383893.604333|COMPUTATION: End (MatrixSize, Iteration) = |10000|7|
1498383894.992847|COMPUTATION: Execution = Warning: Permanently added '10.10.10.5' (ECDSA) to the list of known hosts.
Warning: Permanently added '10.10.10.4' (ECDSA) to the list of known hosts.
Warning: Permanently added '10.10.10.7' (ECDSA) to the list of known hosts.
Warning: Permanently added '10.10.10.6' (ECDSA) to the list of known hosts.
Warning: Permanently added '10.10.10.8' (ECDSA) to the list of known hosts.
|None
1498383894.993168|COMPUTATION: Progress = 0.4
1498383894.993283|COMPUTATION: Start (MatrixSize, Iteration) = |10000|8|
1498383894.993713|COMPUTATION: ['mpirun', '-n', '12', '-machinefile', '/home/ubuntu/machinefile', '/home/ubuntu/repositorios/elastichpc/beta/trials/Matrix.py', '10000', '/home/ubuntu/teste.mtr_8']
1498383902.262243|PLATFORM: State = |0.40000000596|1.07|1855.83|6|
1498383913.292520|PLATFORM: State = |0.40000000596|1.26833|1880.5|6|
1498383924.383823|PLATFORM: State = |0.40000000596|1.4|2008|6|
1498383935.531363|PLATFORM: State = |0.40000000596|1.51167|2008.33|6|
1498383946.696240|PLATFORM: State = |0.40000000596|1.60667|2008.33|6|
1498383958.533591|PLATFORM: State = |0.40000000596|1.71167|2008.33|6|
1498383969.787122|PLATFORM: State = |0.40000000596|1.78667|2008.67|6|
1498383981.328706|PLATFORM: State = |0.40000000596|1.835|2008.33|6|
1498383992.727252|PLATFORM: State = |0.40000000596|1.87833|2008|6|
1498384003.856687|PLATFORM: State = |0.40000000596|1.915|2008.17|6|
1498384014.940052|PLATFORM: State = |0.40000000596|1.94167|2008.33|6|
1498384026.056503|PLATFORM: State = |0.40000000596|2.07333|1873.83|6|
1498384037.068380|PLATFORM: State = |0.40000000596|2.26833|1594.83|6|
1498384048.120608|PLATFORM: State = |0.40000000596|2.17667|1457|6|
1498384058.734125|PLATFORM: State = |0.40000000596|2.02333|502|6|
1498384069.390626|PLATFORM: State = |0.40000000596|1.75333|501.833|6|
1498384080.292533|PLATFORM: State = |0.40000000596|1.52833|502.167|6|
1498384091.335920|PLATFORM: State = |0.40000000596|1.33167|502.667|6|
1498384102.143087|PLATFORM: State = |0.40000000596|1.185|502|6|
1498384112.942982|PLATFORM: State = |0.40000000596|1.03|502|6|
1498384123.640808|PLATFORM: State = |0.40000000596|0.888333|502.167|6|
1498384123.929734|COMPUTATION: End (MatrixSize, Iteration) = |10000|8|
1498384125.667523|COMPUTATION: Execution = Warning: Permanently added '10.10.10.4' (ECDSA) to the list of known hosts.
Warning: Permanently added '10.10.10.7' (ECDSA) to the list of known hosts.
Warning: Permanently added '10.10.10.5' (ECDSA) to the list of known hosts.
Warning: Permanently added '10.10.10.8' (ECDSA) to the list of known hosts.
Warning: Permanently added '10.10.10.6' (ECDSA) to the list of known hosts.
|None
1498384125.667953|COMPUTATION: Progress = 0.45
1498384125.668062|COMPUTATION: Start (MatrixSize, Iteration) = |10000|9|
1498384125.668651|COMPUTATION: ['mpirun', '-n', '12', '-machinefile', '/home/ubuntu/machinefile', '/home/ubuntu/repositorios/elastichpc/beta/trials/Matrix.py', '10000', '/home/ubuntu/teste.mtr_9']
1498384134.710746|PLATFORM: State = |0.449999988079|1.03|1877|6|
1498384145.804262|PLATFORM: State = |0.449999988079|1.205|1880.33|6|
1498384156.908346|PLATFORM: State = |0.449999988079|1.33667|2008|6|
1498384168.004662|PLATFORM: State = |0.449999988079|1.47167|2008|6|
1498384179.120237|PLATFORM: State = |0.449999988079|1.59333|2008.17|6|
1498384190.215483|PLATFORM: State = |0.449999988079|1.69167|2008.67|6|
1498384201.380219|PLATFORM: State = |0.449999988079|1.73833|2008.5|6|
1498384212.944234|PLATFORM: State = |0.449999988079|1.8|2008.33|6|
1498384224.475758|PLATFORM: State = |0.449999988079|1.86333|2008.5|6|
1498384235.722224|PLATFORM: State = |0.449999988079|1.90167|2008|6|
1498384246.917910|PLATFORM: State = |0.449999988079|1.905|1870.83|6|
1498384257.960504|PLATFORM: State = |0.449999988079|1.84333|1595.17|6|
1498384268.972701|PLATFORM: State = |0.449999988079|1.8|1595.5|6|
1498384280.819703|PLATFORM: State = |0.449999988079|1.74833|1613.33|6|
1498384291.593546|PLATFORM: State = |0.449999988079|1.555|502.167|6|
1498384302.299455|PLATFORM: State = |0.449999988079|1.33333|502.5|6|
1498384312.961212|PLATFORM: State = |0.449999988079|1.20667|502.333|6|
1498384323.604663|PLATFORM: State = |0.449999988079|1.08333|502.167|6|
1498384334.303888|PLATFORM: State = |0.449999988079|0.948333|502.667|6|
1498384337.694528|COMPUTATION: End (MatrixSize, Iteration) = |10000|9|
1498384339.358982|COMPUTATION: Execution = Warning: Permanently added '10.10.10.7' (ECDSA) to the list of known hosts.
Warning: Permanently added '10.10.10.4' (ECDSA) to the list of known hosts.
Warning: Permanently added '10.10.10.5' (ECDSA) to the list of known hosts.
Warning: Permanently added '10.10.10.6' (ECDSA) to the list of known hosts.
Warning: Permanently added '10.10.10.8' (ECDSA) to the list of known hosts.
|None
1498384339.360318|COMPUTATION: Progress = 0.5
1498384339.360396|COMPUTATION: Start (MatrixSize, Iteration) = |10000|10|
1498384339.360715|COMPUTATION: ['mpirun', '-n', '12', '-machinefile', '/home/ubuntu/machinefile', '/home/ubuntu/repositorios/elastichpc/beta/trials/Matrix.py', '10000', '/home/ubuntu/teste.mtr_10']
1498384346.244795|PLATFORM: State = |0.5|0.998333|1827.67|6|
1498384357.621336|PLATFORM: State = |0.5|1.23|1880.17|6|
1498384369.092306|PLATFORM: State = |0.5|1.38667|2007.67|6|
1498384380.588006|PLATFORM: State = |0.5|1.52|2008|6|
1498384391.676492|PLATFORM: State = |0.5|1.61333|2008.33|6|
1498384402.729511|PLATFORM: State = |0.5|1.68833|2008|6|
1498384413.816884|PLATFORM: State = |0.5|1.775|2008.17|6|
1498384424.984547|PLATFORM: State = |0.5|1.86333|2008|6|
1498384436.063206|PLATFORM: State = |0.5|1.89833|2008|6|
1498384447.132509|PLATFORM: State = |0.5|1.93|2008.17|6|
1498384458.204391|PLATFORM: State = |0.5|1.98|2007.83|6|
1498384469.297245|PLATFORM: State = |0.5|1.95833|1594.67|6|
1498384481.031070|PLATFORM: State = |0.5|1.95333|1509.5|6|
1498384491.728593|PLATFORM: State = |0.5|1.705|502.167|6|
1498384502.487466|PLATFORM: State = |0.5|1.505|501.833|6|
1498384513.156628|PLATFORM: State = |0.5|1.32167|502.167|6|
1498384523.815086|PLATFORM: State = |0.5|1.15833|501.833|6|
1498384534.411419|PLATFORM: State = |0.5|1.03|502.333|6|
1498384536.424187|COMPUTATION: End (MatrixSize, Iteration) = |10000|10|
1498384537.132318|COMPUTATION: Execution = Warning: Permanently added '10.10.10.5' (ECDSA) to the list of known hosts.
Warning: Permanently added '10.10.10.4' (ECDSA) to the list of known hosts.
Warning: Permanently added '10.10.10.7' (ECDSA) to the list of known hosts.
Warning: Permanently added '10.10.10.6' (ECDSA) to the list of known hosts.
Warning: Permanently added '10.10.10.8' (ECDSA) to the list of known hosts.
|None
1498384537.132603|COMPUTATION: Progress = 0.55
1498384537.132705|COMPUTATION: Start (MatrixSize, Iteration) = |10000|11|
1498384537.133118|COMPUTATION: ['mpirun', '-n', '12', '-machinefile', '/home/ubuntu/machinefile', '/home/ubuntu/repositorios/elastichpc/beta/trials/Matrix.py', '10000', '/home/ubuntu/teste.mtr_11']
1498384545.446803|PLATFORM: State = |0.550000011921|1.08833|1872.5|6|
1498384556.505684|PLATFORM: State = |0.550000011921|1.25167|1880|6|
1498384567.674374|PLATFORM: State = |0.550000011921|1.43|2007.33|6|
1498384578.769256|PLATFORM: State = |0.550000011921|1.51667|2007.67|6|
1498384589.863546|PLATFORM: State = |0.550000011921|1.65333|2007.5|6|
1498384601.101191|PLATFORM: State = |0.550000011921|1.76833|2008|6|
1498384612.871850|PLATFORM: State = |0.550000011921|1.85167|2007.83|6|
1498384624.564329|PLATFORM: State = |0.550000011921|1.89167|2007.83|6|
1498384636.116024|PLATFORM: State = |0.550000011921|1.92333|2007.83|6|
1498384647.285770|PLATFORM: State = |0.550000011921|1.94833|2007.83|6|
1498384658.428418|PLATFORM: State = |0.550000011921|1.96|2007.83|6|
1498384669.461336|PLATFORM: State = |0.550000011921|1.965|1594.67|6|
1498384680.492897|PLATFORM: State = |0.550000011921|1.89833|1595|6|
1498384691.609002|PLATFORM: State = |0.550000011921|1.84833|1493.33|6|
1498384702.313580|PLATFORM: State = |0.550000011921|1.66333|502|6|
1498384712.987080|PLATFORM: State = |0.550000011921|1.42833|501.5|6|
1498384723.639278|PLATFORM: State = |0.550000011921|1.245|501.833|6|
1498384734.322752|PLATFORM: State = |0.550000011921|1.11833|501.333|6|
1498384745.393467|PLATFORM: State = |0.550000011921|0.991667|502|6|
1498384749.878930|COMPUTATION: End (MatrixSize, Iteration) = |10000|11|
1498384750.090456|COMPUTATION: Execution = Warning: Permanently added '10.10.10.7' (ECDSA) to the list of known hosts.
Warning: Permanently added '10.10.10.4' (ECDSA) to the list of known hosts.
Warning: Permanently added '10.10.10.5' (ECDSA) to the list of known hosts.
Warning: Permanently added '10.10.10.8' (ECDSA) to the list of known hosts.
Warning: Permanently added '10.10.10.6' (ECDSA) to the list of known hosts.
|None
1498384750.090677|COMPUTATION: Progress = 0.6
1498384750.090768|COMPUTATION: Start (MatrixSize, Iteration) = |10000|12|
1498384750.091097|COMPUTATION: ['mpirun', '-n', '12', '-machinefile', '/home/ubuntu/machinefile', '/home/ubuntu/repositorios/elastichpc/beta/trials/Matrix.py', '10000', '/home/ubuntu/teste.mtr_12']
1498384756.673199|PLATFORM: State = |0.600000023842|1.01333|1834.17|6|
1498384768.304151|PLATFORM: State = |0.600000023842|1.18833|1879.67|6|
1498384779.716008|PLATFORM: State = |0.600000023842|1.36333|2008.17|6|
1498384790.856136|PLATFORM: State = |0.600000023842|1.52333|2007.83|6|
1498384801.988248|PLATFORM: State = |0.600000023842|1.61667|2007.83|6|
1498384813.096180|PLATFORM: State = |0.600000023842|1.695|2008|6|
1498384824.188289|PLATFORM: State = |0.600000023842|1.775|2008.17|6|
1498384835.276321|PLATFORM: State = |0.600000023842|1.84167|2008|6|
1498384846.312286|PLATFORM: State = |0.600000023842|1.88|2008|6|
1498384857.442534|PLATFORM: State = |0.600000023842|1.93|2007.67|6|
1498384868.803833|PLATFORM: State = |0.600000023842|1.94167|2008.17|6|
1498384880.563925|PLATFORM: State = |0.600000023842|1.95667|1594.5|6|
1498384891.812392|PLATFORM: State = |0.600000023842|1.885|1594.83|6|
1498384903.091174|PLATFORM: State = |0.600000023842|1.8|1228|6|
1498384913.803236|PLATFORM: State = |0.600000023842|1.575|501.833|6|
1498384924.455528|PLATFORM: State = |0.600000023842|1.37833|502|6|
1498384935.094741|PLATFORM: State = |0.600000023842|1.20167|501.667|6|
1498384945.703336|PLATFORM: State = |0.600000023842|1.055|502|6|
1498384956.115544|COMPUTATION: End (MatrixSize, Iteration) = |10000|12|
1498384956.431296|PLATFORM: State = |0.600000023842|0.916667|502.167|6|
1498384956.446327|COMPUTATION: Execution = Warning: Permanently added '10.10.10.5' (ECDSA) to the list of known hosts.
Warning: Permanently added '10.10.10.7' (ECDSA) to the list of known hosts.
Warning: Permanently added '10.10.10.4' (ECDSA) to the list of known hosts.
Warning: Permanently added '10.10.10.6' (ECDSA) to the list of known hosts.
Warning: Permanently added '10.10.10.8' (ECDSA) to the list of known hosts.
|None
1498384956.446521|COMPUTATION: Progress = 0.65
1498384956.446609|COMPUTATION: Start (MatrixSize, Iteration) = |10000|13|
1498384956.446953|COMPUTATION: ['mpirun', '-n', '12', '-machinefile', '/home/ubuntu/machinefile', '/home/ubuntu/repositorios/elastichpc/beta/trials/Matrix.py', '10000', '/home/ubuntu/teste.mtr_13']
1498384967.482328|PLATFORM: State = |0.649999976158|1.085|1880|6|
1498384978.586172|PLATFORM: State = |0.649999976158|1.23833|2007|6|
1498384989.776186|PLATFORM: State = |0.649999976158|1.40333|2007|6|
1498385001.563094|PLATFORM: State = |0.649999976158|1.52167|2008.17|6|
1498385012.908948|PLATFORM: State = |0.649999976158|1.635|2008|6|
1498385024.083707|PLATFORM: State = |0.649999976158|1.69|2008.17|6|
1498385035.436648|PLATFORM: State = |0.649999976158|1.77333|2008.17|6|
1498385046.675407|PLATFORM: State = |0.649999976158|1.825|2008.17|6|
1498385057.806760|PLATFORM: State = |0.649999976158|1.88333|2008.17|6|
1498385068.859801|PLATFORM: State = |0.649999976158|1.90333|2007.83|6|
1498385079.955391|PLATFORM: State = |0.649999976158|1.93333|1870.83|6|
1498385090.964496|PLATFORM: State = |0.649999976158|1.93667|1871|6|
1498385101.980821|PLATFORM: State = |0.649999976158|1.84333|1456.67|6|
1498385112.643022|PLATFORM: State = |0.649999976158|1.63667|501.833|6|
1498385123.341041|PLATFORM: State = |0.649999976158|1.40167|501.833|6|
1498385134.377185|PLATFORM: State = |0.649999976158|1.20833|502.333|6|
1498385145.115445|PLATFORM: State = |0.649999976158|1.04667|501.833|6|
1498385155.891768|PLATFORM: State = |0.649999976158|0.98|501.833|6|
1498385166.569810|PLATFORM: State = |0.649999976158|0.856667|502|6|
1498385169.109510|COMPUTATION: End (MatrixSize, Iteration) = |10000|13|
1498385169.325443|COMPUTATION: Execution = Warning: Permanently added '10.10.10.7' (ECDSA) to the list of known hosts.
Warning: Permanently added '10.10.10.4' (ECDSA) to the list of known hosts.
Warning: Permanently added '10.10.10.5' (ECDSA) to the list of known hosts.
Warning: Permanently added '10.10.10.6' (ECDSA) to the list of known hosts.
Warning: Permanently added '10.10.10.8' (ECDSA) to the list of known hosts.
|None
1498385169.325678|COMPUTATION: Progress = 0.7
1498385169.325771|COMPUTATION: Start (MatrixSize, Iteration) = |10000|14|
1498385169.326125|COMPUTATION: ['mpirun', '-n', '12', '-machinefile', '/home/ubuntu/machinefile', '/home/ubuntu/repositorios/elastichpc/beta/trials/Matrix.py', '10000', '/home/ubuntu/teste.mtr_14']
1498385177.607175|PLATFORM: State = |0.699999988079|0.9|1868.5|6|
1498385188.667642|PLATFORM: State = |0.699999988079|1.08167|2007|6|
1498385199.752368|PLATFORM: State = |0.699999988079|1.25|2008|6|
1498385210.871690|PLATFORM: State = |0.699999988079|1.38333|2008.17|6|
1498385221.931350|PLATFORM: State = |0.699999988079|1.49833|2008.33|6|
1498385233.019573|PLATFORM: State = |0.699999988079|1.61667|2008.33|6|
1498385244.134458|PLATFORM: State = |0.699999988079|1.67667|2008|6|
1498385255.628717|PLATFORM: State = |0.699999988079|1.77667|2008.17|6|
1498385267.320544|PLATFORM: State = |0.699999988079|1.82833|2008.33|6|
1498385278.941192|PLATFORM: State = |0.699999988079|1.87333|2008.17|6|
1498385290.107836|PLATFORM: State = |0.699999988079|1.92667|2008|6|
1498385301.365827|PLATFORM: State = |0.699999988079|1.95|2008.33|6|
1498385312.416280|PLATFORM: State = |0.699999988079|1.93167|1595.17|6|
1498385323.664818|PLATFORM: State = |0.699999988079|1.88167|1616.83|6|
1498385334.299239|PLATFORM: State = |0.699999988079|1.67833|502.5|6|
1498385344.940881|PLATFORM: State = |0.699999988079|1.44833|502.667|6|
1498385355.639298|PLATFORM: State = |0.699999988079|1.31|502.167|6|
1498385366.592120|PLATFORM: State = |0.699999988079|1.11667|502.333|6|
1498385377.326208|PLATFORM: State = |0.699999988079|0.97|502.333|6|
1498385382.830591|COMPUTATION: End (MatrixSize, Iteration) = |10000|14|
1498385383.075549|COMPUTATION: Execution = Warning: Permanently added '10.10.10.7' (ECDSA) to the list of known hosts.
Warning: Permanently added '10.10.10.5' (ECDSA) to the list of known hosts.
Warning: Permanently added '10.10.10.4' (ECDSA) to the list of known hosts.
Warning: Permanently added '10.10.10.6' (ECDSA) to the list of known hosts.
Warning: Permanently added '10.10.10.8' (ECDSA) to the list of known hosts.
|None
1498385383.075745|COMPUTATION: Progress = 0.75
1498385383.075817|COMPUTATION: Start (MatrixSize, Iteration) = |10000|15|
1498385383.076076|COMPUTATION: ['mpirun', '-n', '12', '-machinefile', '/home/ubuntu/machinefile', '/home/ubuntu/repositorios/elastichpc/beta/trials/Matrix.py', '10000', '/home/ubuntu/teste.mtr_15']
1498385389.316151|PLATFORM: State = |0.75|1.01333|1827.5|6|
1498385400.660037|PLATFORM: State = |0.75|1.20833|1880|6|
1498385411.917758|PLATFORM: State = |0.75|1.37|2007.17|6|
1498385423.232811|PLATFORM: State = |0.75|1.52333|2007.83|6|
1498385434.307912|PLATFORM: State = |0.75|1.59833|2008.33|6|
1498385445.377840|PLATFORM: State = |0.75|1.66833|2007.83|6|
1498385456.439370|PLATFORM: State = |0.75|1.75333|2007.83|6|
1498385467.494736|PLATFORM: State = |0.75|1.805|2008|6|
1498385478.579604|PLATFORM: State = |0.75|1.855|2007.83|6|
1498385489.655779|PLATFORM: State = |0.75|1.90667|2007.83|6|
1498385500.765706|PLATFORM: State = |0.75|1.935|2008.17|6|
1498385511.965014|PLATFORM: State = |0.75|1.94667|1595|6|
1498385523.313250|PLATFORM: State = |0.75|1.88333|1457.17|6|
1498385534.226824|PLATFORM: State = |0.75|1.73167|501.833|6|
1498385545.011652|PLATFORM: State = |0.75|1.455|502|6|
1498385555.715184|PLATFORM: State = |0.75|1.315|502.333|6|
1498385566.395596|PLATFORM: State = |0.75|1.15167|502.5|6|
1498385577.121580|PLATFORM: State = |0.75|1.035|502.333|6|
1498385585.274088|COMPUTATION: End (MatrixSize, Iteration) = |10000|15|
1498385587.201747|COMPUTATION: Execution = Warning: Permanently added '10.10.10.7' (ECDSA) to the list of known hosts.
Warning: Permanently added '10.10.10.4' (ECDSA) to the list of known hosts.
Warning: Permanently added '10.10.10.5' (ECDSA) to the list of known hosts.
Warning: Permanently added '10.10.10.8' (ECDSA) to the list of known hosts.
Warning: Permanently added '10.10.10.6' (ECDSA) to the list of known hosts.
|None
1498385587.201943|COMPUTATION: Progress = 0.8
1498385587.202015|COMPUTATION: Start (MatrixSize, Iteration) = |10000|16|
1498385587.202312|COMPUTATION: ['mpirun', '-n', '12', '-machinefile', '/home/ubuntu/machinefile', '/home/ubuntu/repositorios/elastichpc/beta/trials/Matrix.py', '10000', '/home/ubuntu/teste.mtr_16']
1498385587.810891|PLATFORM: State = |0.75|1.035|67|6|
1498385598.849454|PLATFORM: State = |0.800000011921|1.18667|1879.67|6|
1498385609.926310|PLATFORM: State = |0.800000011921|1.39167|1880.17|6|
1498385621.015447|PLATFORM: State = |0.800000011921|1.51167|2007.5|6|
1498385632.167252|PLATFORM: State = |0.800000011921|1.61167|2008|6|
1498385643.716394|PLATFORM: State = |0.800000011921|1.69667|2008|6|
1498385655.097140|PLATFORM: State = |0.800000011921|1.75|2008.17|6|
1498385666.296905|PLATFORM: State = |0.800000011921|1.82667|2008|6|
1498385677.819471|PLATFORM: State = |0.800000011921|1.85667|2007.83|6|
1498385688.982316|PLATFORM: State = |0.800000011921|1.89667|2008|6|
1498385700.067338|PLATFORM: State = |0.800000011921|1.91667|2008|6|
1498385711.240113|PLATFORM: State = |0.800000011921|1.95333|2007.83|6|
1498385722.256368|PLATFORM: State = |0.800000011921|1.98833|1871|6|
1498385733.284008|PLATFORM: State = |0.800000011921|2.00667|1594.67|6|
1498385744.293588|PLATFORM: State = |0.800000011921|1.92667|1454.67|6|
1498385754.986838|PLATFORM: State = |0.800000011921|1.77833|501.667|6|
1498385766.756936|PLATFORM: State = |0.800000011921|1.57667|502|6|
1498385777.696470|PLATFORM: State = |0.800000011921|1.37833|502.5|6|
1498385788.562798|PLATFORM: State = |0.800000011921|1.22667|502.5|6|
1498385799.337858|PLATFORM: State = |0.800000011921|1.07333|502.167|6|
1498385809.930192|PLATFORM: State = |0.800000011921|0.966667|502.5|6|
1498385820.563062|PLATFORM: State = |0.800000011921|0.843333|502|6|
1498385824.249867|COMPUTATION: End (MatrixSize, Iteration) = |10000|16|
1498385826.053424|COMPUTATION: Execution = Warning: Permanently added '10.10.10.7' (ECDSA) to the list of known hosts.
Warning: Permanently added '10.10.10.5' (ECDSA) to the list of known hosts.
Warning: Permanently added '10.10.10.4' (ECDSA) to the list of known hosts.
Warning: Permanently added '10.10.10.6' (ECDSA) to the list of known hosts.
Warning: Permanently added '10.10.10.8' (ECDSA) to the list of known hosts.
|None
1498385826.053762|COMPUTATION: Progress = 0.85
1498385826.053883|COMPUTATION: Start (MatrixSize, Iteration) = |10000|17|
1498385826.054402|COMPUTATION: ['mpirun', '-n', '12', '-machinefile', '/home/ubuntu/machinefile', '/home/ubuntu/repositorios/elastichpc/beta/trials/Matrix.py', '10000', '/home/ubuntu/teste.mtr_17']
1498385831.627699|PLATFORM: State = |0.850000023842|0.818333|1830.83|6|
1498385842.646042|PLATFORM: State = |0.850000023842|1.00167|1881|6|
1498385853.815402|PLATFORM: State = |0.850000023842|1.20333|2008.33|6|
1498385864.995266|PLATFORM: State = |0.850000023842|1.37333|2008.17|6|
1498385876.043868|PLATFORM: State = |0.850000023842|1.49|2008.17|6|
1498385887.283708|PLATFORM: State = |0.850000023842|1.58833|2008.33|6|
1498385898.536117|PLATFORM: State = |0.850000023842|1.715|2008.33|6|
1498385910.206640|PLATFORM: State = |0.850000023842|1.79667|2008|6|
1498385921.513736|PLATFORM: State = |0.850000023842|1.83|2008|6|
1498385932.642051|PLATFORM: State = |0.850000023842|1.85833|2008|6|
1498385943.870054|PLATFORM: State = |0.850000023842|1.88333|2008.17|6|
1498385954.947299|PLATFORM: State = |0.850000023842|1.91667|2007.83|6|
1498385965.981802|PLATFORM: State = |0.850000023842|1.94667|2007.67|6|
1498385977.010280|PLATFORM: State = |0.850000023842|1.87833|1595|6|
1498385987.669035|PLATFORM: State = |0.850000023842|1.72667|502.333|6|
1498385998.358117|PLATFORM: State = |0.850000023842|1.50333|502.5|6|
1498386009.070097|PLATFORM: State = |0.850000023842|1.28333|502.333|6|
1498386019.758947|PLATFORM: State = |0.850000023842|1.12333|502.167|6|
1498386030.522160|PLATFORM: State = |0.850000023842|0.965|502.167|6|
1498386039.704062|COMPUTATION: End (MatrixSize, Iteration) = |10000|17|
1498386039.943624|COMPUTATION: Execution = Warning: Permanently added '10.10.10.4' (ECDSA) to the list of known hosts.
Warning: Permanently added '10.10.10.7' (ECDSA) to the list of known hosts.
Warning: Permanently added '10.10.10.5' (ECDSA) to the list of known hosts.
Warning: Permanently added '10.10.10.6' (ECDSA) to the list of known hosts.
Warning: Permanently added '10.10.10.8' (ECDSA) to the list of known hosts.
|None
1498386039.943913|COMPUTATION: Progress = 0.9
1498386039.944011|COMPUTATION: Start (MatrixSize, Iteration) = |10000|18|
1498386039.944402|COMPUTATION: ['mpirun', '-n', '12', '-machinefile', '/home/ubuntu/machinefile', '/home/ubuntu/repositorios/elastichpc/beta/trials/Matrix.py', '10000', '/home/ubuntu/teste.mtr_18']
1498386041.771963|PLATFORM: State = |0.899999976158|0.836667|70.3333|6|
1498386053.265552|PLATFORM: State = |0.899999976158|1.00833|1879.83|6|
1498386064.572185|PLATFORM: State = |0.899999976158|1.21167|2007.67|6|
1498386076.000552|PLATFORM: State = |0.899999976158|1.385|2007.67|6|
1498386087.116537|PLATFORM: State = |0.899999976158|1.49|2007.17|6|
1498386098.155631|PLATFORM: State = |0.899999976158|1.58833|2008|6|
1498386109.223970|PLATFORM: State = |0.899999976158|1.67|2007.5|6|
1498386120.301719|PLATFORM: State = |0.899999976158|1.75833|2008|6|
1498386131.438468|PLATFORM: State = |0.899999976158|1.825|2007.33|6|
1498386142.524176|PLATFORM: State = |0.899999976158|1.88333|2007.67|6|
1498386153.645241|PLATFORM: State = |0.899999976158|1.94|2007.83|6|
1498386165.268965|PLATFORM: State = |0.899999976158|1.98|2007.83|6|
1498386176.796957|PLATFORM: State = |0.899999976158|1.98333|2008.17|6|
1498386187.567263|PLATFORM: State = |0.899999976158|1.88167|501.833|6|
1498386198.209046|PLATFORM: State = |0.899999976158|1.60833|502.333|6|
1498386208.852678|PLATFORM: State = |0.899999976158|1.405|502.167|6|
1498386219.516044|PLATFORM: State = |0.899999976158|1.29333|502.5|6|
1498386230.210014|PLATFORM: State = |0.899999976158|1.185|502.167|6|
1498386240.851194|PLATFORM: State = |0.899999976158|1.055|502.167|6|
1498386242.726039|COMPUTATION: End (MatrixSize, Iteration) = |10000|18|
1498386243.036360|COMPUTATION: Execution = Warning: Permanently added '10.10.10.5' (ECDSA) to the list of known hosts.
Warning: Permanently added '10.10.10.7' (ECDSA) to the list of known hosts.
Warning: Permanently added '10.10.10.4' (ECDSA) to the list of known hosts.
Warning: Permanently added '10.10.10.6' (ECDSA) to the list of known hosts.
Warning: Permanently added '10.10.10.8' (ECDSA) to the list of known hosts.
|None
1498386243.036631|COMPUTATION: Progress = 0.95
1498386243.036729|COMPUTATION: Start (MatrixSize, Iteration) = |10000|19|
1498386243.037191|COMPUTATION: ['mpirun', '-n', '12', '-machinefile', '/home/ubuntu/machinefile', '/home/ubuntu/repositorios/elastichpc/beta/trials/Matrix.py', '10000', '/home/ubuntu/teste.mtr_19']
1498386251.994713|PLATFORM: State = |0.949999988079|1.21833|1880|6|
1498386263.070227|PLATFORM: State = |0.949999988079|1.34|1880.67|6|
1498386274.177293|PLATFORM: State = |0.949999988079|1.47667|2007.67|6|
1498386285.405413|PLATFORM: State = |0.949999988079|1.6|2008|6|
1498386297.232325|PLATFORM: State = |0.949999988079|1.67833|2008|6|
1498386308.512277|PLATFORM: State = |0.949999988079|1.76|2008|6|
1498386319.905482|PLATFORM: State = |0.949999988079|1.80167|2008|6|
1498386331.256325|PLATFORM: State = |0.949999988079|1.90333|2007.83|6|
1498386342.356069|PLATFORM: State = |0.949999988079|1.92167|2008.33|6|
1498386353.431758|PLATFORM: State = |0.949999988079|1.94833|2008.33|6|
1498386364.602616|PLATFORM: State = |0.949999988079|1.97333|2008.17|6|
1498386375.688821|PLATFORM: State = |0.949999988079|1.98|2008|6|
1498386386.745863|PLATFORM: State = |0.949999988079|1.99333|2008|6|
1498386398.011678|PLATFORM: State = |0.949999988079|1.99667|1481.67|6|
1498386408.702123|PLATFORM: State = |0.949999988079|1.73667|502.5|6|
1498386419.679601|PLATFORM: State = |0.949999988079|1.47667|502.833|6|
1498386430.643411|PLATFORM: State = |0.949999988079|1.28167|502.333|6|
1498386441.503522|PLATFORM: State = |0.949999988079|1.205|502.5|6|
1498386452.161599|PLATFORM: State = |0.949999988079|1.06167|502.167|6|
1498386462.808183|PLATFORM: State = |0.949999988079|0.921667|502.667|6|
1498386467.225948|COMPUTATION: End (MatrixSize, Iteration) = |10000|19|
1498386467.396043|COMPUTATION: Execution = Warning: Permanently added '10.10.10.4' (ECDSA) to the list of known hosts.
Warning: Permanently added '10.10.10.7' (ECDSA) to the list of known hosts.
Warning: Permanently added '10.10.10.5' (ECDSA) to the list of known hosts.
Warning: Permanently added '10.10.10.6' (ECDSA) to the list of known hosts.
Warning: Permanently added '10.10.10.8' (ECDSA) to the list of known hosts.
|None
1498386467.396222|COMPUTATION: Progress = 1.0
1498386467.396401|COMPUTATION: Finish Computation.
1498386473.489500|PLATFORM: State = |1.0|0.798333|65|6|
1498386473.489846|PLATFORM: Finish Platform.
1498386473.495367|PLATFORM: Elapsed = 4311.75662088
1498386473.497377|PLATFORM: Execution Log = [(1498382161.732732, {'compute_state': 0.0, 'resource_state': '0.206667|1848', 'nodes': 6}), (1498382173.199743, {'compute_state': 0.0, 'resource_state': '0.56|1879.33', 'nodes': 6}), (1498382184.560147, {'compute_state': 0.0, 'resource_state': '0.811667|2006.33', 'nodes': 6}), (1498382195.637029, {'compute_state': 0.0, 'resource_state': '1.04833|2006.83', 'nodes': 6}), (1498382206.773311, {'compute_state': 0.0, 'resource_state': '1.19333|2007', 'nodes': 6}), (1498382217.901658, {'compute_state': 0.0, 'resource_state': '1.36333|2007', 'nodes': 6}), (1498382229.023571, {'compute_state': 0.0, 'resource_state': '1.47|2007.17', 'nodes': 6}), (1498382240.124048, {'compute_state': 0.0, 'resource_state': '1.56833|2008.83', 'nodes': 6}), (1498382251.228185, {'compute_state': 0.0, 'resource_state': '1.69333|2011.5', 'nodes': 6}), (1498382262.328355, {'compute_state': 0.0, 'resource_state': '1.75|2007.17', 'nodes': 6}), (1498382273.474352, {'compute_state': 0.0, 'resource_state': '1.83|2007.17', 'nodes': 6}), (1498382285.541774, {'compute_state': 0.0, 'resource_state': '1.86|1742.5', 'nodes': 6}), (1498382296.617116, {'compute_state': 0.0, 'resource_state': '1.81833|1456', 'nodes': 6}), (1498382307.331698, {'compute_state': 0.0, 'resource_state': '1.70333|941.5', 'nodes': 6}), (1498382318.058013, {'compute_state': 0.0, 'resource_state': '1.51167|501.333', 'nodes': 6}), (1498382328.687579, {'compute_state': 0.0, 'resource_state': '1.31833|500.833', 'nodes': 6}), (1498382339.348538, {'compute_state': 0.0, 'resource_state': '1.16|501', 'nodes': 6}), (1498382350.087835, {'compute_state': 0.0, 'resource_state': '1.03167|501', 'nodes': 6}), (1498382360.719276, {'compute_state': 0.0, 'resource_state': '0.915|501.167', 'nodes': 6}), (1498382371.764242, {'compute_state': 0.05000000074505806, 'resource_state': '1.04667|1879', 'nodes': 6}), (1498382382.862489, {'compute_state': 0.05000000074505806, 'resource_state': '1.26|2006.67', 'nodes': 6}), (1498382394.04155, {'compute_state': 0.05000000074505806, 'resource_state': '1.41833|2007', 'nodes': 6}), (1498382405.37187, {'compute_state': 0.05000000074505806, 'resource_state': '1.525|2007.33', 'nodes': 6}), (1498382417.023608, {'compute_state': 0.05000000074505806, 'resource_state': '1.605|2007.5', 'nodes': 6}), (1498382428.426083, {'compute_state': 0.05000000074505806, 'resource_state': '1.72667|2007.17', 'nodes': 6}), (1498382439.717033, {'compute_state': 0.05000000074505806, 'resource_state': '1.78833|2007.33', 'nodes': 6}), (1498382451.256637, {'compute_state': 0.05000000074505806, 'resource_state': '1.83833|2007.67', 'nodes': 6}), (1498382462.288837, {'compute_state': 0.05000000074505806, 'resource_state': '1.89667|2007.33', 'nodes': 6}), (1498382473.388861, {'compute_state': 0.05000000074505806, 'resource_state': '1.94|2007.67', 'nodes': 6}), (1498382484.480104, {'compute_state': 0.05000000074505806, 'resource_state': '1.96667|2007.17', 'nodes': 6}), (1498382495.517079, {'compute_state': 0.05000000074505806, 'resource_state': '1.95833|1594', 'nodes': 6}), (1498382506.620446, {'compute_state': 0.05000000074505806, 'resource_state': '1.90167|1594.33', 'nodes': 6}), (1498382517.79401, {'compute_state': 0.05000000074505806, 'resource_state': '1.83667|1372.5', 'nodes': 6}), (1498382528.428029, {'compute_state': 0.05000000074505806, 'resource_state': '1.58333|501.833', 'nodes': 6}), (1498382539.51537, {'compute_state': 0.05000000074505806, 'resource_state': '1.4|501.667', 'nodes': 6}), (1498382550.191048, {'compute_state': 0.05000000074505806, 'resource_state': '1.23|501.667', 'nodes': 6}), (1498382561.927199, {'compute_state': 0.05000000074505806, 'resource_state': '1.055|501.333', 'nodes': 6}), (1498382572.615657, {'compute_state': 0.05000000074505806, 'resource_state': '0.948333|501.833', 'nodes': 6}), (1498382583.319175, {'compute_state': 0.05000000074505806, 'resource_state': '0.875|501.667', 'nodes': 6}), (1498382594.103856, {'compute_state': 0.10000000149011612, 'resource_state': '0.796667|70.1667', 'nodes': 6}), (1498382605.19696, {'compute_state': 0.10000000149011612, 'resource_state': '1.025|1879.83', 'nodes': 6}), (1498382616.316073, {'compute_state': 0.10000000149011612, 'resource_state': '1.2|2007.17', 'nodes': 6}), (1498382627.420036, {'compute_state': 0.10000000149011612, 'resource_state': '1.375|2007.83', 'nodes': 6}), (1498382638.486606, {'compute_state': 0.10000000149011612, 'resource_state': '1.51333|2007.5', 'nodes': 6}), (1498382649.632574, {'compute_state': 0.10000000149011612, 'resource_state': '1.61|2007.17', 'nodes': 6}), (1498382661.064832, {'compute_state': 0.10000000149011612, 'resource_state': '1.70833|2007.5', 'nodes': 6}), (1498382672.53793, {'compute_state': 0.10000000149011612, 'resource_state': '1.78833|2007.17', 'nodes': 6}), (1498382683.865172, {'compute_state': 0.10000000149011612, 'resource_state': '1.835|2007.33', 'nodes': 6}), (1498382695.226435, {'compute_state': 0.10000000149011612, 'resource_state': '1.86167|2007.33', 'nodes': 6}), (1498382706.548782, {'compute_state': 0.10000000149011612, 'resource_state': '1.95667|2008', 'nodes': 6}), (1498382717.618728, {'compute_state': 0.10000000149011612, 'resource_state': '2.015|1732.5', 'nodes': 6}), (1498382728.644258, {'compute_state': 0.10000000149011612, 'resource_state': '2.01333|1595', 'nodes': 6}), (1498382739.71994, {'compute_state': 0.10000000149011612, 'resource_state': '1.93667|1457.5', 'nodes': 6}), (1498382750.812677, {'compute_state': 0.10000000149011612, 'resource_state': '1.855|1085.33', 'nodes': 6}), (1498382761.4311, {'compute_state': 0.10000000149011612, 'resource_state': '1.63833|502.667', 'nodes': 6}), (1498382772.079375, {'compute_state': 0.10000000149011612, 'resource_state': '1.42333|502.333', 'nodes': 6}), (1498382782.835035, {'compute_state': 0.10000000149011612, 'resource_state': '1.23167|502.167', 'nodes': 6}), (1498382793.991402, {'compute_state': 0.10000000149011612, 'resource_state': '1.08667|502.833', 'nodes': 6}), (1498382804.779712, {'compute_state': 0.10000000149011612, 'resource_state': '0.93|501.833', 'nodes': 6}), (1498382815.605586, {'compute_state': 0.10000000149011612, 'resource_state': '0.816667|502.167', 'nodes': 6}), (1498382826.996524, {'compute_state': 0.15000000596046448, 'resource_state': '0.94|1879.17', 'nodes': 6}), (1498382838.048279, {'compute_state': 0.15000000596046448, 'resource_state': '1.16167|1880.17', 'nodes': 6}), (1498382849.132648, {'compute_state': 0.15000000596046448, 'resource_state': '1.345|2007.83', 'nodes': 6}), (1498382860.247615, {'compute_state': 0.15000000596046448, 'resource_state': '1.44667|2007.83', 'nodes': 6}), (1498382871.277778, {'compute_state': 0.15000000596046448, 'resource_state': '1.54667|2008', 'nodes': 6}), (1498382882.356759, {'compute_state': 0.15000000596046448, 'resource_state': '1.61667|2007.83', 'nodes': 6}), (1498382893.432708, {'compute_state': 0.15000000596046448, 'resource_state': '1.72333|2007.83', 'nodes': 6}), (1498382904.606688, {'compute_state': 0.15000000596046448, 'resource_state': '1.77167|2008', 'nodes': 6}), (1498382916.407587, {'compute_state': 0.15000000596046448, 'resource_state': '1.82667|2008.33', 'nodes': 6}), (1498382927.774832, {'compute_state': 0.15000000596046448, 'resource_state': '1.88333|2008.17', 'nodes': 6}), (1498382939.342374, {'compute_state': 0.15000000596046448, 'resource_state': '1.91833|2008', 'nodes': 6}), (1498382950.438206, {'compute_state': 0.15000000596046448, 'resource_state': '1.905|1595.17', 'nodes': 6}), (1498382961.448755, {'compute_state': 0.15000000596046448, 'resource_state': '1.87|1599', 'nodes': 6}), (1498382972.492289, {'compute_state': 0.15000000596046448, 'resource_state': '1.78833|1456.67', 'nodes': 6}), (1498382983.179833, {'compute_state': 0.15000000596046448, 'resource_state': '1.585|502', 'nodes': 6}), (1498382993.916715, {'compute_state': 0.15000000596046448, 'resource_state': '1.38667|502.5', 'nodes': 6}), (1498383004.576601, {'compute_state': 0.15000000596046448, 'resource_state': '1.195|502', 'nodes': 6}), (1498383015.291418, {'compute_state': 0.15000000596046448, 'resource_state': '1.06|502.167', 'nodes': 6}), (1498383025.989003, {'compute_state': 0.15000000596046448, 'resource_state': '0.946667|502.333', 'nodes': 6}), (1498383036.732279, {'compute_state': 0.15000000596046448, 'resource_state': '0.828333|502', 'nodes': 6}), (1498383048.585321, {'compute_state': 0.20000000298023224, 'resource_state': '1|1832.5', 'nodes': 6}), (1498383060.548582, {'compute_state': 0.20000000298023224, 'resource_state': '1.185|1880.33', 'nodes': 6}), (1498383072.049188, {'compute_state': 0.20000000298023224, 'resource_state': '1.34667|2007.5', 'nodes': 6}), (1498383083.210155, {'compute_state': 0.20000000298023224, 'resource_state': '1.49167|2008', 'nodes': 6}), (1498383094.305373, {'compute_state': 0.20000000298023224, 'resource_state': '1.58667|2008.17', 'nodes': 6}), (1498383105.380884, {'compute_state': 0.20000000298023224, 'resource_state': '1.66833|2008.33', 'nodes': 6}), (1498383116.46342, {'compute_state': 0.20000000298023224, 'resource_state': '1.755|2007.83', 'nodes': 6}), (1498383127.547188, {'compute_state': 0.20000000298023224, 'resource_state': '1.79167|2008', 'nodes': 6}), (1498383138.692667, {'compute_state': 0.20000000298023224, 'resource_state': '1.84667|2007.83', 'nodes': 6}), (1498383149.768258, {'compute_state': 0.20000000298023224, 'resource_state': '1.87167|2007.83', 'nodes': 6}), (1498383160.893843, {'compute_state': 0.20000000298023224, 'resource_state': '1.90833|2008', 'nodes': 6}), (1498383172.138129, {'compute_state': 0.20000000298023224, 'resource_state': '1.94833|2008.33', 'nodes': 6}), (1498383184.43304, {'compute_state': 0.20000000298023224, 'resource_state': '2.04|1922.67', 'nodes': 6}), (1498383195.222325, {'compute_state': 0.20000000298023224, 'resource_state': '1.82667|502.833', 'nodes': 6}), (1498383205.932461, {'compute_state': 0.20000000298023224, 'resource_state': '1.665|502.833', 'nodes': 6}), (1498383216.587971, {'compute_state': 0.20000000298023224, 'resource_state': '1.48|502.667', 'nodes': 6}), (1498383227.263266, {'compute_state': 0.20000000298023224, 'resource_state': '1.33833|503', 'nodes': 6}), (1498383237.904878, {'compute_state': 0.20000000298023224, 'resource_state': '1.225|502.667', 'nodes': 6}), (1498383248.979749, {'compute_state': 0.25, 'resource_state': '1.225|1820.5', 'nodes': 6}), (1498383260.031901, {'compute_state': 0.25, 'resource_state': '1.39333|1880.67', 'nodes': 6}), (1498383271.084053, {'compute_state': 0.25, 'resource_state': '1.495|2008', 'nodes': 6}), (1498383282.165441, {'compute_state': 0.25, 'resource_state': '1.57833|2007.5', 'nodes': 6}), (1498383293.313176, {'compute_state': 0.25, 'resource_state': '1.68167|2008', 'nodes': 6}), (1498383304.523461, {'compute_state': 0.25, 'resource_state': '1.76333|2009.5', 'nodes': 6}), (1498383316.12145, {'compute_state': 0.25, 'resource_state': '1.82667|2008.33', 'nodes': 6}), (1498383327.432314, {'compute_state': 0.25, 'resource_state': '1.85833|2008.5', 'nodes': 6}), (1498383338.845382, {'compute_state': 0.25, 'resource_state': '1.94|2008.33', 'nodes': 6}), (1498383350.110555, {'compute_state': 0.25, 'resource_state': '1.985|2008.17', 'nodes': 6}), (1498383361.21235, {'compute_state': 0.25, 'resource_state': '2|2007.83', 'nodes': 6}), (1498383372.322499, {'compute_state': 0.25, 'resource_state': '2.00167|2007.83', 'nodes': 6}), (1498383383.3544, {'compute_state': 0.25, 'resource_state': '1.975|1595', 'nodes': 6}), (1498383394.421856, {'compute_state': 0.25, 'resource_state': '1.88667|1595.33', 'nodes': 6}), (1498383405.063395, {'compute_state': 0.25, 'resource_state': '1.76333|501.667', 'nodes': 6}), (1498383415.767866, {'compute_state': 0.25, 'resource_state': '1.56833|502.5', 'nodes': 6}), (1498383426.461808, {'compute_state': 0.25, 'resource_state': '1.33667|502.167', 'nodes': 6}), (1498383437.201769, {'compute_state': 0.25, 'resource_state': '1.20667|502', 'nodes': 6}), (1498383448.231597, {'compute_state': 0.25, 'resource_state': '1.055|503', 'nodes': 6}), (1498383458.959535, {'compute_state': 0.25, 'resource_state': '0.961667|502.5', 'nodes': 6}), (1498383469.716058, {'compute_state': 0.25, 'resource_state': '0.855|502.5', 'nodes': 6}), (1498383480.808893, {'compute_state': 0.30000001192092896, 'resource_state': '1.00667|1880.33', 'nodes': 6}), (1498383491.827764, {'compute_state': 0.30000001192092896, 'resource_state': '1.185|1880.67', 'nodes': 6}), (1498383502.896253, {'compute_state': 0.30000001192092896, 'resource_state': '1.31|2008.17', 'nodes': 6}), (1498383514.010844, {'compute_state': 0.30000001192092896, 'resource_state': '1.46333|2008.33', 'nodes': 6}), (1498383525.135423, {'compute_state': 0.30000001192092896, 'resource_state': '1.565|2008.5', 'nodes': 6}), (1498383536.230339, {'compute_state': 0.30000001192092896, 'resource_state': '1.66667|2008', 'nodes': 6}), (1498383547.324354, {'compute_state': 0.30000001192092896, 'resource_state': '1.735|2008', 'nodes': 6}), (1498383558.46832, {'compute_state': 0.30000001192092896, 'resource_state': '1.78667|2008.33', 'nodes': 6}), (1498383570.098177, {'compute_state': 0.30000001192092896, 'resource_state': '1.85|2008.33', 'nodes': 6}), (1498383581.601433, {'compute_state': 0.30000001192092896, 'resource_state': '1.89|2008.17', 'nodes': 6}), (1498383592.971326, {'compute_state': 0.30000001192092896, 'resource_state': '1.90667|2008.5', 'nodes': 6}), (1498383604.285391, {'compute_state': 0.30000001192092896, 'resource_state': '1.87333|1595.33', 'nodes': 6}), (1498383615.516039, {'compute_state': 0.30000001192092896, 'resource_state': '1.83|1595.33', 'nodes': 6}), (1498383626.191039, {'compute_state': 0.30000001192092896, 'resource_state': '1.7|501.833', 'nodes': 6}), (1498383636.854476, {'compute_state': 0.30000001192092896, 'resource_state': '1.455|502.5', 'nodes': 6}), (1498383647.516701, {'compute_state': 0.30000001192092896, 'resource_state': '1.255|502.167', 'nodes': 6}), (1498383658.47917, {'compute_state': 0.30000001192092896, 'resource_state': '1.075|502.167', 'nodes': 6}), (1498383669.103446, {'compute_state': 0.30000001192092896, 'resource_state': '1.01167|502.833', 'nodes': 6}), (1498383680.433005, {'compute_state': 0.3499999940395355, 'resource_state': '0.975|1776.83', 'nodes': 6}), (1498383692.131923, {'compute_state': 0.3499999940395355, 'resource_state': '1.20167|1880', 'nodes': 6}), (1498383703.943087, {'compute_state': 0.3499999940395355, 'resource_state': '1.34833|1879.83', 'nodes': 6}), (1498383715.272427, {'compute_state': 0.3499999940395355, 'resource_state': '1.48333|2007.67', 'nodes': 6}), (1498383726.516899, {'compute_state': 0.3499999940395355, 'resource_state': '1.57167|2008.67', 'nodes': 6}), (1498383737.639991, {'compute_state': 0.3499999940395355, 'resource_state': '1.64167|2008.33', 'nodes': 6}), (1498383748.756154, {'compute_state': 0.3499999940395355, 'resource_state': '1.73667|2008.17', 'nodes': 6}), (1498383759.832376, {'compute_state': 0.3499999940395355, 'resource_state': '1.805|2008.33', 'nodes': 6}), (1498383770.979986, {'compute_state': 0.3499999940395355, 'resource_state': '1.83833|2008', 'nodes': 6}), (1498383782.052412, {'compute_state': 0.3499999940395355, 'resource_state': '1.88333|2007.83', 'nodes': 6}), (1498383793.142927, {'compute_state': 0.3499999940395355, 'resource_state': '1.89833|2008.33', 'nodes': 6}), (1498383804.2427, {'compute_state': 0.3499999940395355, 'resource_state': '1.94333|2008.5', 'nodes': 6}), (1498383815.369552, {'compute_state': 0.3499999940395355, 'resource_state': '1.92667|1595.17', 'nodes': 6}), (1498383827.140835, {'compute_state': 0.3499999940395355, 'resource_state': '1.87667|1595.17', 'nodes': 6}), (1498383837.854964, {'compute_state': 0.3499999940395355, 'resource_state': '1.81833|502.5', 'nodes': 6}), (1498383848.607799, {'compute_state': 0.3499999940395355, 'resource_state': '1.62|502.167', 'nodes': 6}), (1498383859.234621, {'compute_state': 0.3499999940395355, 'resource_state': '1.45167|502.833', 'nodes': 6}), (1498383869.880157, {'compute_state': 0.3499999940395355, 'resource_state': '1.26667|502.5', 'nodes': 6}), (1498383880.532522, {'compute_state': 0.3499999940395355, 'resource_state': '1.10667|502.333', 'nodes': 6}), (1498383891.192644, {'compute_state': 0.3499999940395355, 'resource_state': '1|502.167', 'nodes': 6}), (1498383902.26216, {'compute_state': 0.4000000059604645, 'resource_state': '1.07|1855.83', 'nodes': 6}), (1498383913.292419, {'compute_state': 0.4000000059604645, 'resource_state': '1.26833|1880.5', 'nodes': 6}), (1498383924.383738, {'compute_state': 0.4000000059604645, 'resource_state': '1.4|2008', 'nodes': 6}), (1498383935.531285, {'compute_state': 0.4000000059604645, 'resource_state': '1.51167|2008.33', 'nodes': 6}), (1498383946.696142, {'compute_state': 0.4000000059604645, 'resource_state': '1.60667|2008.33', 'nodes': 6}), (1498383958.533507, {'compute_state': 0.4000000059604645, 'resource_state': '1.71167|2008.33', 'nodes': 6}), (1498383969.787041, {'compute_state': 0.4000000059604645, 'resource_state': '1.78667|2008.67', 'nodes': 6}), (1498383981.328626, {'compute_state': 0.4000000059604645, 'resource_state': '1.835|2008.33', 'nodes': 6}), (1498383992.727145, {'compute_state': 0.4000000059604645, 'resource_state': '1.87833|2008', 'nodes': 6}), (1498384003.856602, {'compute_state': 0.4000000059604645, 'resource_state': '1.915|2008.17', 'nodes': 6}), (1498384014.939968, {'compute_state': 0.4000000059604645, 'resource_state': '1.94167|2008.33', 'nodes': 6}), (1498384026.056413, {'compute_state': 0.4000000059604645, 'resource_state': '2.07333|1873.83', 'nodes': 6}), (1498384037.068299, {'compute_state': 0.4000000059604645, 'resource_state': '2.26833|1594.83', 'nodes': 6}), (1498384048.120525, {'compute_state': 0.4000000059604645, 'resource_state': '2.17667|1457', 'nodes': 6}), (1498384058.734049, {'compute_state': 0.4000000059604645, 'resource_state': '2.02333|502', 'nodes': 6}), (1498384069.390522, {'compute_state': 0.4000000059604645, 'resource_state': '1.75333|501.833', 'nodes': 6}), (1498384080.292397, {'compute_state': 0.4000000059604645, 'resource_state': '1.52833|502.167', 'nodes': 6}), (1498384091.335842, {'compute_state': 0.4000000059604645, 'resource_state': '1.33167|502.667', 'nodes': 6}), (1498384102.142983, {'compute_state': 0.4000000059604645, 'resource_state': '1.185|502', 'nodes': 6}), (1498384112.942883, {'compute_state': 0.4000000059604645, 'resource_state': '1.03|502', 'nodes': 6}), (1498384123.64071, {'compute_state': 0.4000000059604645, 'resource_state': '0.888333|502.167', 'nodes': 6}), (1498384134.710648, {'compute_state': 0.44999998807907104, 'resource_state': '1.03|1877', 'nodes': 6}), (1498384145.804176, {'compute_state': 0.44999998807907104, 'resource_state': '1.205|1880.33', 'nodes': 6}), (1498384156.908261, {'compute_state': 0.44999998807907104, 'resource_state': '1.33667|2008', 'nodes': 6}), (1498384168.004576, {'compute_state': 0.44999998807907104, 'resource_state': '1.47167|2008', 'nodes': 6}), (1498384179.120152, {'compute_state': 0.44999998807907104, 'resource_state': '1.59333|2008.17', 'nodes': 6}), (1498384190.215403, {'compute_state': 0.44999998807907104, 'resource_state': '1.69167|2008.67', 'nodes': 6}), (1498384201.378991, {'compute_state': 0.44999998807907104, 'resource_state': '1.73833|2008.5', 'nodes': 6}), (1498384212.944152, {'compute_state': 0.44999998807907104, 'resource_state': '1.8|2008.33', 'nodes': 6}), (1498384224.475675, {'compute_state': 0.44999998807907104, 'resource_state': '1.86333|2008.5', 'nodes': 6}), (1498384235.72214, {'compute_state': 0.44999998807907104, 'resource_state': '1.90167|2008', 'nodes': 6}), (1498384246.91781, {'compute_state': 0.44999998807907104, 'resource_state': '1.905|1870.83', 'nodes': 6}), (1498384257.9604, {'compute_state': 0.44999998807907104, 'resource_state': '1.84333|1595.17', 'nodes': 6}), (1498384268.972587, {'compute_state': 0.44999998807907104, 'resource_state': '1.8|1595.5', 'nodes': 6}), (1498384280.819603, {'compute_state': 0.44999998807907104, 'resource_state': '1.74833|1613.33', 'nodes': 6}), (1498384291.5934, {'compute_state': 0.44999998807907104, 'resource_state': '1.555|502.167', 'nodes': 6}), (1498384302.299343, {'compute_state': 0.44999998807907104, 'resource_state': '1.33333|502.5', 'nodes': 6}), (1498384312.961083, {'compute_state': 0.44999998807907104, 'resource_state': '1.20667|502.333', 'nodes': 6}), (1498384323.604528, {'compute_state': 0.44999998807907104, 'resource_state': '1.08333|502.167', 'nodes': 6}), (1498384334.303794, {'compute_state': 0.44999998807907104, 'resource_state': '0.948333|502.667', 'nodes': 6}), (1498384346.244691, {'compute_state': 0.5, 'resource_state': '0.998333|1827.67', 'nodes': 6}), (1498384357.621251, {'compute_state': 0.5, 'resource_state': '1.23|1880.17', 'nodes': 6}), (1498384369.092201, {'compute_state': 0.5, 'resource_state': '1.38667|2007.67', 'nodes': 6}), (1498384380.587922, {'compute_state': 0.5, 'resource_state': '1.52|2008', 'nodes': 6}), (1498384391.676402, {'compute_state': 0.5, 'resource_state': '1.61333|2008.33', 'nodes': 6}), (1498384402.729426, {'compute_state': 0.5, 'resource_state': '1.68833|2008', 'nodes': 6}), (1498384413.816799, {'compute_state': 0.5, 'resource_state': '1.775|2008.17', 'nodes': 6}), (1498384424.984462, {'compute_state': 0.5, 'resource_state': '1.86333|2008', 'nodes': 6}), (1498384436.063119, {'compute_state': 0.5, 'resource_state': '1.89833|2008', 'nodes': 6}), (1498384447.132425, {'compute_state': 0.5, 'resource_state': '1.93|2008.17', 'nodes': 6}), (1498384458.204315, {'compute_state': 0.5, 'resource_state': '1.98|2007.83', 'nodes': 6}), (1498384469.297141, {'compute_state': 0.5, 'resource_state': '1.95833|1594.67', 'nodes': 6}), (1498384481.030801, {'compute_state': 0.5, 'resource_state': '1.95333|1509.5', 'nodes': 6}), (1498384491.72845, {'compute_state': 0.5, 'resource_state': '1.705|502.167', 'nodes': 6}), (1498384502.48732, {'compute_state': 0.5, 'resource_state': '1.505|501.833', 'nodes': 6}), (1498384513.156496, {'compute_state': 0.5, 'resource_state': '1.32167|502.167', 'nodes': 6}), (1498384523.812588, {'compute_state': 0.5, 'resource_state': '1.15833|501.833', 'nodes': 6}), (1498384534.411346, {'compute_state': 0.5, 'resource_state': '1.03|502.333', 'nodes': 6}), (1498384545.446722, {'compute_state': 0.550000011920929, 'resource_state': '1.08833|1872.5', 'nodes': 6}), (1498384556.505592, {'compute_state': 0.550000011920929, 'resource_state': '1.25167|1880', 'nodes': 6}), (1498384567.674293, {'compute_state': 0.550000011920929, 'resource_state': '1.43|2007.33', 'nodes': 6}), (1498384578.769171, {'compute_state': 0.550000011920929, 'resource_state': '1.51667|2007.67', 'nodes': 6}), (1498384589.86346, {'compute_state': 0.550000011920929, 'resource_state': '1.65333|2007.5', 'nodes': 6}), (1498384601.101102, {'compute_state': 0.550000011920929, 'resource_state': '1.76833|2008', 'nodes': 6}), (1498384612.871733, {'compute_state': 0.550000011920929, 'resource_state': '1.85167|2007.83', 'nodes': 6}), (1498384624.564248, {'compute_state': 0.550000011920929, 'resource_state': '1.89167|2007.83', 'nodes': 6}), (1498384636.115945, {'compute_state': 0.550000011920929, 'resource_state': '1.92333|2007.83', 'nodes': 6}), (1498384647.285666, {'compute_state': 0.550000011920929, 'resource_state': '1.94833|2007.83', 'nodes': 6}), (1498384658.42834, {'compute_state': 0.550000011920929, 'resource_state': '1.96|2007.83', 'nodes': 6}), (1498384669.461208, {'compute_state': 0.550000011920929, 'resource_state': '1.965|1594.67', 'nodes': 6}), (1498384680.492811, {'compute_state': 0.550000011920929, 'resource_state': '1.89833|1595', 'nodes': 6}), (1498384691.608829, {'compute_state': 0.550000011920929, 'resource_state': '1.84833|1493.33', 'nodes': 6}), (1498384702.313441, {'compute_state': 0.550000011920929, 'resource_state': '1.66333|502', 'nodes': 6}), (1498384712.986991, {'compute_state': 0.550000011920929, 'resource_state': '1.42833|501.5', 'nodes': 6}), (1498384723.639187, {'compute_state': 0.550000011920929, 'resource_state': '1.245|501.833', 'nodes': 6}), (1498384734.322662, {'compute_state': 0.550000011920929, 'resource_state': '1.11833|501.333', 'nodes': 6}), (1498384745.393357, {'compute_state': 0.550000011920929, 'resource_state': '0.991667|502', 'nodes': 6}), (1498384756.67309, {'compute_state': 0.6000000238418579, 'resource_state': '1.01333|1834.17', 'nodes': 6}), (1498384768.304001, {'compute_state': 0.6000000238418579, 'resource_state': '1.18833|1879.67', 'nodes': 6}), (1498384779.715912, {'compute_state': 0.6000000238418579, 'resource_state': '1.36333|2008.17', 'nodes': 6}), (1498384790.856052, {'compute_state': 0.6000000238418579, 'resource_state': '1.52333|2007.83', 'nodes': 6}), (1498384801.988164, {'compute_state': 0.6000000238418579, 'resource_state': '1.61667|2007.83', 'nodes': 6}), (1498384813.096095, {'compute_state': 0.6000000238418579, 'resource_state': '1.695|2008', 'nodes': 6}), (1498384824.188197, {'compute_state': 0.6000000238418579, 'resource_state': '1.775|2008.17', 'nodes': 6}), (1498384835.276207, {'compute_state': 0.6000000238418579, 'resource_state': '1.84167|2008', 'nodes': 6}), (1498384846.312191, {'compute_state': 0.6000000238418579, 'resource_state': '1.88|2008', 'nodes': 6}), (1498384857.442438, {'compute_state': 0.6000000238418579, 'resource_state': '1.93|2007.67', 'nodes': 6}), (1498384868.803754, {'compute_state': 0.6000000238418579, 'resource_state': '1.94167|2008.17', 'nodes': 6}), (1498384880.563829, {'compute_state': 0.6000000238418579, 'resource_state': '1.95667|1594.5', 'nodes': 6}), (1498384891.812295, {'compute_state': 0.6000000238418579, 'resource_state': '1.885|1594.83', 'nodes': 6}), (1498384903.091097, {'compute_state': 0.6000000238418579, 'resource_state': '1.8|1228', 'nodes': 6}), (1498384913.803164, {'compute_state': 0.6000000238418579, 'resource_state': '1.575|501.833', 'nodes': 6}), (1498384924.455449, {'compute_state': 0.6000000238418579, 'resource_state': '1.37833|502', 'nodes': 6}), (1498384935.094665, {'compute_state': 0.6000000238418579, 'resource_state': '1.20167|501.667', 'nodes': 6}), (1498384945.703249, {'compute_state': 0.6000000238418579, 'resource_state': '1.055|502', 'nodes': 6}), (1498384956.431148, {'compute_state': 0.6000000238418579, 'resource_state': '0.916667|502.167', 'nodes': 6}), (1498384967.482228, {'compute_state': 0.6499999761581421, 'resource_state': '1.085|1880', 'nodes': 6}), (1498384978.586086, {'compute_state': 0.6499999761581421, 'resource_state': '1.23833|2007', 'nodes': 6}), (1498384989.776106, {'compute_state': 0.6499999761581421, 'resource_state': '1.40333|2007', 'nodes': 6}), (1498385001.562957, {'compute_state': 0.6499999761581421, 'resource_state': '1.52167|2008.17', 'nodes': 6}), (1498385012.908865, {'compute_state': 0.6499999761581421, 'resource_state': '1.635|2008', 'nodes': 6}), (1498385024.083625, {'compute_state': 0.6499999761581421, 'resource_state': '1.69|2008.17', 'nodes': 6}), (1498385035.43657, {'compute_state': 0.6499999761581421, 'resource_state': '1.77333|2008.17', 'nodes': 6}), (1498385046.67532, {'compute_state': 0.6499999761581421, 'resource_state': '1.825|2008.17', 'nodes': 6}), (1498385057.806678, {'compute_state': 0.6499999761581421, 'resource_state': '1.88333|2008.17', 'nodes': 6}), (1498385068.85971, {'compute_state': 0.6499999761581421, 'resource_state': '1.90333|2007.83', 'nodes': 6}), (1498385079.955306, {'compute_state': 0.6499999761581421, 'resource_state': '1.93333|1870.83', 'nodes': 6}), (1498385090.964364, {'compute_state': 0.6499999761581421, 'resource_state': '1.93667|1871', 'nodes': 6}), (1498385101.980738, {'compute_state': 0.6499999761581421, 'resource_state': '1.84333|1456.67', 'nodes': 6}), (1498385112.642932, {'compute_state': 0.6499999761581421, 'resource_state': '1.63667|501.833', 'nodes': 6}), (1498385123.340918, {'compute_state': 0.6499999761581421, 'resource_state': '1.40167|501.833', 'nodes': 6}), (1498385134.377009, {'compute_state': 0.6499999761581421, 'resource_state': '1.20833|502.333', 'nodes': 6}), (1498385145.115336, {'compute_state': 0.6499999761581421, 'resource_state': '1.04667|501.833', 'nodes': 6}), (1498385155.891654, {'compute_state': 0.6499999761581421, 'resource_state': '0.98|501.833', 'nodes': 6}), (1498385166.569028, {'compute_state': 0.6499999761581421, 'resource_state': '0.856667|502', 'nodes': 6}), (1498385177.607069, {'compute_state': 0.699999988079071, 'resource_state': '0.9|1868.5', 'nodes': 6}), (1498385188.667554, {'compute_state': 0.699999988079071, 'resource_state': '1.08167|2007', 'nodes': 6}), (1498385199.752281, {'compute_state': 0.699999988079071, 'resource_state': '1.25|2008', 'nodes': 6}), (1498385210.871604, {'compute_state': 0.699999988079071, 'resource_state': '1.38333|2008.17', 'nodes': 6}), (1498385221.931266, {'compute_state': 0.699999988079071, 'resource_state': '1.49833|2008.33', 'nodes': 6}), (1498385233.019489, {'compute_state': 0.699999988079071, 'resource_state': '1.61667|2008.33', 'nodes': 6}), (1498385244.13438, {'compute_state': 0.699999988079071, 'resource_state': '1.67667|2008', 'nodes': 6}), (1498385255.628606, {'compute_state': 0.699999988079071, 'resource_state': '1.77667|2008.17', 'nodes': 6}), (1498385267.320439, {'compute_state': 0.699999988079071, 'resource_state': '1.82833|2008.33', 'nodes': 6}), (1498385278.941041, {'compute_state': 0.699999988079071, 'resource_state': '1.87333|2008.17', 'nodes': 6}), (1498385290.107191, {'compute_state': 0.699999988079071, 'resource_state': '1.92667|2008', 'nodes': 6}), (1498385301.365734, {'compute_state': 0.699999988079071, 'resource_state': '1.95|2008.33', 'nodes': 6}), (1498385312.416169, {'compute_state': 0.699999988079071, 'resource_state': '1.93167|1595.17', 'nodes': 6}), (1498385323.664722, {'compute_state': 0.699999988079071, 'resource_state': '1.88167|1616.83', 'nodes': 6}), (1498385334.299113, {'compute_state': 0.699999988079071, 'resource_state': '1.67833|502.5', 'nodes': 6}), (1498385344.940787, {'compute_state': 0.699999988079071, 'resource_state': '1.44833|502.667', 'nodes': 6}), (1498385355.639168, {'compute_state': 0.699999988079071, 'resource_state': '1.31|502.167', 'nodes': 6}), (1498385366.592017, {'compute_state': 0.699999988079071, 'resource_state': '1.11667|502.333', 'nodes': 6}), (1498385377.326104, {'compute_state': 0.699999988079071, 'resource_state': '0.97|502.333', 'nodes': 6}), (1498385389.31605, {'compute_state': 0.75, 'resource_state': '1.01333|1827.5', 'nodes': 6}), (1498385400.659675, {'compute_state': 0.75, 'resource_state': '1.20833|1880', 'nodes': 6}), (1498385411.917652, {'compute_state': 0.75, 'resource_state': '1.37|2007.17', 'nodes': 6}), (1498385423.232728, {'compute_state': 0.75, 'resource_state': '1.52333|2007.83', 'nodes': 6}), (1498385434.307824, {'compute_state': 0.75, 'resource_state': '1.59833|2008.33', 'nodes': 6}), (1498385445.377751, {'compute_state': 0.75, 'resource_state': '1.66833|2007.83', 'nodes': 6}), (1498385456.439284, {'compute_state': 0.75, 'resource_state': '1.75333|2007.83', 'nodes': 6}), (1498385467.494647, {'compute_state': 0.75, 'resource_state': '1.805|2008', 'nodes': 6}), (1498385478.57952, {'compute_state': 0.75, 'resource_state': '1.855|2007.83', 'nodes': 6}), (1498385489.655676, {'compute_state': 0.75, 'resource_state': '1.90667|2007.83', 'nodes': 6}), (1498385500.765622, {'compute_state': 0.75, 'resource_state': '1.935|2008.17', 'nodes': 6}), (1498385511.964937, {'compute_state': 0.75, 'resource_state': '1.94667|1595', 'nodes': 6}), (1498385523.313115, {'compute_state': 0.75, 'resource_state': '1.88333|1457.17', 'nodes': 6}), (1498385534.226747, {'compute_state': 0.75, 'resource_state': '1.73167|501.833', 'nodes': 6}), (1498385545.01155, {'compute_state': 0.75, 'resource_state': '1.455|502', 'nodes': 6}), (1498385555.715095, {'compute_state': 0.75, 'resource_state': '1.315|502.333', 'nodes': 6}), (1498385566.395521, {'compute_state': 0.75, 'resource_state': '1.15167|502.5', 'nodes': 6}), (1498385577.121503, {'compute_state': 0.75, 'resource_state': '1.035|502.333', 'nodes': 6}), (1498385587.810747, {'compute_state': 0.75, 'resource_state': '1.035|67', 'nodes': 6}), (1498385598.849372, {'compute_state': 0.800000011920929, 'resource_state': '1.18667|1879.67', 'nodes': 6}), (1498385609.926227, {'compute_state': 0.800000011920929, 'resource_state': '1.39167|1880.17', 'nodes': 6}), (1498385621.015361, {'compute_state': 0.800000011920929, 'resource_state': '1.51167|2007.5', 'nodes': 6}), (1498385632.167173, {'compute_state': 0.800000011920929, 'resource_state': '1.61167|2008', 'nodes': 6}), (1498385643.716256, {'compute_state': 0.800000011920929, 'resource_state': '1.69667|2008', 'nodes': 6}), (1498385655.097019, {'compute_state': 0.800000011920929, 'resource_state': '1.75|2008.17', 'nodes': 6}), (1498385666.296822, {'compute_state': 0.800000011920929, 'resource_state': '1.82667|2008', 'nodes': 6}), (1498385677.81939, {'compute_state': 0.800000011920929, 'resource_state': '1.85667|2007.83', 'nodes': 6}), (1498385688.982225, {'compute_state': 0.800000011920929, 'resource_state': '1.89667|2008', 'nodes': 6}), (1498385700.067254, {'compute_state': 0.800000011920929, 'resource_state': '1.91667|2008', 'nodes': 6}), (1498385711.240018, {'compute_state': 0.800000011920929, 'resource_state': '1.95333|2007.83', 'nodes': 6}), (1498385722.256286, {'compute_state': 0.800000011920929, 'resource_state': '1.98833|1871', 'nodes': 6}), (1498385733.283924, {'compute_state': 0.800000011920929, 'resource_state': '2.00667|1594.67', 'nodes': 6}), (1498385744.293508, {'compute_state': 0.800000011920929, 'resource_state': '1.92667|1454.67', 'nodes': 6}), (1498385754.98676, {'compute_state': 0.800000011920929, 'resource_state': '1.77833|501.667', 'nodes': 6}), (1498385766.7568, {'compute_state': 0.800000011920929, 'resource_state': '1.57667|502', 'nodes': 6}), (1498385777.696361, {'compute_state': 0.800000011920929, 'resource_state': '1.37833|502.5', 'nodes': 6}), (1498385788.562676, {'compute_state': 0.800000011920929, 'resource_state': '1.22667|502.5', 'nodes': 6}), (1498385799.337745, {'compute_state': 0.800000011920929, 'resource_state': '1.07333|502.167', 'nodes': 6}), (1498385809.930099, {'compute_state': 0.800000011920929, 'resource_state': '0.966667|502.5', 'nodes': 6}), (1498385820.56297, {'compute_state': 0.800000011920929, 'resource_state': '0.843333|502', 'nodes': 6}), (1498385831.62761, {'compute_state': 0.8500000238418579, 'resource_state': '0.818333|1830.83', 'nodes': 6}), (1498385842.645921, {'compute_state': 0.8500000238418579, 'resource_state': '1.00167|1881', 'nodes': 6}), (1498385853.815317, {'compute_state': 0.8500000238418579, 'resource_state': '1.20333|2008.33', 'nodes': 6}), (1498385864.99518, {'compute_state': 0.8500000238418579, 'resource_state': '1.37333|2008.17', 'nodes': 6}), (1498385876.043788, {'compute_state': 0.8500000238418579, 'resource_state': '1.49|2008.17', 'nodes': 6}), (1498385887.28361, {'compute_state': 0.8500000238418579, 'resource_state': '1.58833|2008.33', 'nodes': 6}), (1498385898.536036, {'compute_state': 0.8500000238418579, 'resource_state': '1.715|2008.33', 'nodes': 6}), (1498385910.206499, {'compute_state': 0.8500000238418579, 'resource_state': '1.79667|2008', 'nodes': 6}), (1498385921.513636, {'compute_state': 0.8500000238418579, 'resource_state': '1.83|2008', 'nodes': 6}), (1498385932.641951, {'compute_state': 0.8500000238418579, 'resource_state': '1.85833|2008', 'nodes': 6}), (1498385943.86994, {'compute_state': 0.8500000238418579, 'resource_state': '1.88333|2008.17', 'nodes': 6}), (1498385954.947194, {'compute_state': 0.8500000238418579, 'resource_state': '1.91667|2007.83', 'nodes': 6}), (1498385965.98171, {'compute_state': 0.8500000238418579, 'resource_state': '1.94667|2007.67', 'nodes': 6}), (1498385977.01017, {'compute_state': 0.8500000238418579, 'resource_state': '1.87833|1595', 'nodes': 6}), (1498385987.668941, {'compute_state': 0.8500000238418579, 'resource_state': '1.72667|502.333', 'nodes': 6}), (1498385998.357031, {'compute_state': 0.8500000238418579, 'resource_state': '1.50333|502.5', 'nodes': 6}), (1498386009.070011, {'compute_state': 0.8500000238418579, 'resource_state': '1.28333|502.333', 'nodes': 6}), (1498386019.758847, {'compute_state': 0.8500000238418579, 'resource_state': '1.12333|502.167', 'nodes': 6}), (1498386030.522058, {'compute_state': 0.8500000238418579, 'resource_state': '0.965|502.167', 'nodes': 6}), (1498386041.771798, {'compute_state': 0.8999999761581421, 'resource_state': '0.836667|70.3333', 'nodes': 6}), (1498386053.2654, {'compute_state': 0.8999999761581421, 'resource_state': '1.00833|1879.83', 'nodes': 6}), (1498386064.572097, {'compute_state': 0.8999999761581421, 'resource_state': '1.21167|2007.67', 'nodes': 6}), (1498386076.000459, {'compute_state': 0.8999999761581421, 'resource_state': '1.385|2007.67', 'nodes': 6}), (1498386087.116455, {'compute_state': 0.8999999761581421, 'resource_state': '1.49|2007.17', 'nodes': 6}), (1498386098.155546, {'compute_state': 0.8999999761581421, 'resource_state': '1.58833|2008', 'nodes': 6}), (1498386109.223852, {'compute_state': 0.8999999761581421, 'resource_state': '1.67|2007.5', 'nodes': 6}), (1498386120.301635, {'compute_state': 0.8999999761581421, 'resource_state': '1.75833|2008', 'nodes': 6}), (1498386131.438372, {'compute_state': 0.8999999761581421, 'resource_state': '1.825|2007.33', 'nodes': 6}), (1498386142.524094, {'compute_state': 0.8999999761581421, 'resource_state': '1.88333|2007.67', 'nodes': 6}), (1498386153.645149, {'compute_state': 0.8999999761581421, 'resource_state': '1.94|2007.83', 'nodes': 6}), (1498386165.268807, {'compute_state': 0.8999999761581421, 'resource_state': '1.98|2007.83', 'nodes': 6}), (1498386176.796869, {'compute_state': 0.8999999761581421, 'resource_state': '1.98333|2008.17', 'nodes': 6}), (1498386187.567156, {'compute_state': 0.8999999761581421, 'resource_state': '1.88167|501.833', 'nodes': 6}), (1498386198.208934, {'compute_state': 0.8999999761581421, 'resource_state': '1.60833|502.333', 'nodes': 6}), (1498386208.852545, {'compute_state': 0.8999999761581421, 'resource_state': '1.405|502.167', 'nodes': 6}), (1498386219.515958, {'compute_state': 0.8999999761581421, 'resource_state': '1.29333|502.5', 'nodes': 6}), (1498386230.209927, {'compute_state': 0.8999999761581421, 'resource_state': '1.185|502.167', 'nodes': 6}), (1498386240.851111, {'compute_state': 0.8999999761581421, 'resource_state': '1.055|502.167', 'nodes': 6}), (1498386251.994596, {'compute_state': 0.949999988079071, 'resource_state': '1.21833|1880', 'nodes': 6}), (1498386263.070148, {'compute_state': 0.949999988079071, 'resource_state': '1.34|1880.67', 'nodes': 6}), (1498386274.177198, {'compute_state': 0.949999988079071, 'resource_state': '1.47667|2007.67', 'nodes': 6}), (1498386285.405309, {'compute_state': 0.949999988079071, 'resource_state': '1.6|2008', 'nodes': 6}), (1498386297.232187, {'compute_state': 0.949999988079071, 'resource_state': '1.67833|2008', 'nodes': 6}), (1498386308.51215, {'compute_state': 0.949999988079071, 'resource_state': '1.76|2008', 'nodes': 6}), (1498386319.905363, {'compute_state': 0.949999988079071, 'resource_state': '1.80167|2008', 'nodes': 6}), (1498386331.256236, {'compute_state': 0.949999988079071, 'resource_state': '1.90333|2007.83', 'nodes': 6}), (1498386342.35598, {'compute_state': 0.949999988079071, 'resource_state': '1.92167|2008.33', 'nodes': 6}), (1498386353.431669, {'compute_state': 0.949999988079071, 'resource_state': '1.94833|2008.33', 'nodes': 6}), (1498386364.602527, {'compute_state': 0.949999988079071, 'resource_state': '1.97333|2008.17', 'nodes': 6}), (1498386375.68874, {'compute_state': 0.949999988079071, 'resource_state': '1.98|2008', 'nodes': 6}), (1498386386.745758, {'compute_state': 0.949999988079071, 'resource_state': '1.99333|2008', 'nodes': 6}), (1498386398.011591, {'compute_state': 0.949999988079071, 'resource_state': '1.99667|1481.67', 'nodes': 6}), (1498386408.70203, {'compute_state': 0.949999988079071, 'resource_state': '1.73667|502.5', 'nodes': 6}), (1498386419.679459, {'compute_state': 0.949999988079071, 'resource_state': '1.47667|502.833', 'nodes': 6}), (1498386430.64323, {'compute_state': 0.949999988079071, 'resource_state': '1.28167|502.333', 'nodes': 6}), (1498386441.503395, {'compute_state': 0.949999988079071, 'resource_state': '1.205|502.5', 'nodes': 6}), (1498386452.161528, {'compute_state': 0.949999988079071, 'resource_state': '1.06167|502.167', 'nodes': 6}), (1498386462.8081, {'compute_state': 0.949999988079071, 'resource_state': '0.921667|502.667', 'nodes': 6}), (1498386473.489353, {'compute_state': 1.0, 'resource_state': '0.798333|65', 'nodes': 6})]
1498386473.502013|SYSTEM: Waiting on Computation to finish.
1498386473.502229|SYSTEM: Good bye...
