1498506687.366151|SYSTEM: Starting Platform.
1498506687.368460|SYSTEM: Starting Computation.
1498506687.370030|SYSTEM: Waiting on Platform to finish.
1498506687.374271|PLATFORM: QoS Values ={'execution_time': 1132.0, 'efficiency': 1.75, 'cost': 2264.0, 'power_consumption': 0.0, 'accuracy': 0.0}
1498506687.374404|PLATFORM: QoS Weight ={'execution_time': 0.8, 'efficiency': 0.1, 'cost': 0.1, 'power_consumption': 0.0, 'accuracy': 0.0}
1498506687.374464|PLATFORM: QoS Factor =0.1
1498506687.374507|PLATFORM: Monitor Interval = 10
1498506687.374551|PLATFORM: Sample Interval = 10
1498506687.374589|PLATFORM: Reconfiguration Interval = 60
1498506687.375107|PLATFORM: http://200.19.177.89:33004:elasticcluster:2650f199-2a08-4b6c-a2d5-1836b3bc711b
1498506689.894758|PLATFORM: Number Of Nodes = 2
1498506692.382962|COMPUTATION: Starting Computation.
1498506692.383143|COMPUTATION: Start (MatrixSize, Iteration) = |5000|0|
1498506692.383528|COMPUTATION: ['mpirun', '-n', '4', '-machinefile', '/home/ubuntu/machinefile', '/home/ubuntu/repositorios/elastichpc/beta/trials/Matrix.py', '5000', '/home/ubuntu/teste.mtr_0']
1498506700.925629|PLATFORM: Not Enough Information for Analysis.
1498506700.925838|PLATFORM: State = |0.0|0.275|790|2|
1498506711.894118|PLATFORM: Not Enough Information for Analysis.
1498506711.894302|PLATFORM: State = |0.0|0.545|790.5|2|
1498506722.848195|PLATFORM: Not Enough Information for Analysis.
1498506722.848388|PLATFORM: State = |0.0|0.765|790|2|
1498506733.815797|PLATFORM: Not Enough Information for Analysis.
1498506733.815966|PLATFORM: State = |0.0|1.035|791|2|
1498506744.344283|PLATFORM: Not Enough Information for Analysis.
1498506744.344458|PLATFORM: State = |0.0|1.07|457.5|2|
1498506752.651289|COMPUTATION: End (MatrixSize, Iteration) = |5000|0|
1498506752.728815|COMPUTATION: Execution = Warning: Permanently added '10.10.10.4' (ECDSA) to the list of known hosts.
|None
1498506752.729105|COMPUTATION: Progress = 0.047619047619
1498506752.729214|COMPUTATION: Start (MatrixSize, Iteration) = |5000|1|
1498506752.730181|COMPUTATION: ['mpirun', '-n', '4', '-machinefile', '/home/ubuntu/machinefile', '/home/ubuntu/repositorios/elastichpc/beta/trials/Matrix.py', '5000', '/home/ubuntu/teste.mtr_1']
1498506755.255833|PLATFORM: (predicted_time, predicted_cost) = 1140.92833993|2260.03408187
1498506755.256870|PLATFORM: QoS Sample = {'execution_time': 1140.928339925998, 'efficiency': 0.7975, 'cost': 2260.0340818714967}
1498506755.256958|PLATFORM: Contract breached = {'efficiency': 0.05442857142857143}
1498506755.257010|PLATFORM: Parameter to Reconfigure: efficiency
1498506755.257065|PLATFORM: Scale Down = efficiency|0.7975|1.75
1498506755.257106|PLATFORM: N Value =-1
1498506755.259189|PLATFORM: RECONFIGURATION BEFORE: 2
1498506755.259451|PLATFORM: Waiting to Scale Down.
1498506755.259522|PLATFORM: State = |0.047619048506|1.095|693.5|2|
1498506765.266564|PLATFORM: Waiting to Scale Down.
1498506765.266711|PLATFORM: State = |0.047619048506|1.095|693.5|2|
1498506775.275229|PLATFORM: Waiting to Scale Down.
1498506775.275395|PLATFORM: State = |0.047619048506|1.095|693.5|2|
1498506785.282556|PLATFORM: Waiting to Scale Down.
1498506785.282697|PLATFORM: State = |0.047619048506|1.095|693.5|2|
1498506795.290518|PLATFORM: Waiting to Scale Down.
1498506795.290644|PLATFORM: State = |0.047619048506|1.095|693.5|2|
1498506805.290973|PLATFORM: Waiting to Scale Down.
1498506805.291098|PLATFORM: State = |0.047619048506|1.095|693.5|2|
1498506809.536929|COMPUTATION: End (MatrixSize, Iteration) = |5000|1|
1498506809.611046|COMPUTATION: Execution = Warning: Permanently added '10.10.10.4' (ECDSA) to the list of known hosts.
|None
1498506809.611193|COMPUTATION: Progress = 0.0952380952381
1498506809.611245|COMPUTATION: Start (MatrixSize, Iteration) = |5000|2|
1498506809.611475|COMPUTATION: Waiting to Scale Down.
1498506814.616730|COMPUTATION: Waiting to Scale Down.
1498506815.301571|PLATFORM: Readyto Scale Down.
1498506819.622047|COMPUTATION: Waiting to Scale Down.
1498506824.627429|COMPUTATION: Waiting to Scale Down.
1498506829.632860|COMPUTATION: Waiting to Scale Down.
1498506834.678197|COMPUTATION: Waiting to Scale Down.
1498506839.720063|COMPUTATION: Waiting to Scale Down.
1498506844.747900|COMPUTATION: Waiting to Scale Down.
1498506849.789644|COMPUTATION: Waiting to Scale Down.
1498506854.837001|COMPUTATION: Waiting to Scale Down.
1498506859.885653|COMPUTATION: Waiting to Scale Down.
1498506864.931801|COMPUTATION: Waiting to Scale Down.
1498506869.979345|COMPUTATION: Waiting to Scale Down.
1498506874.982566|COMPUTATION: Waiting to Scale Down.
1498506880.021237|COMPUTATION: Waiting to Scale Down.
1498506885.063231|COMPUTATION: Waiting to Scale Down.
1498506890.110573|COMPUTATION: Waiting to Scale Down.
1498506892.657338|PLATFORM: Scaled Down.
1498506892.657518|PLATFORM: Computation Did Not Accept Scale Down.
1498506896.997283|PLATFORM: RECONFIGURATION AFTER: 4|BUILDING
1498506896.997400|PLATFORM: State = |0.047619048506|1.095|693.5|4|
1498506896.997413|COMPUTATION: ['mpirun', '-n', '8', '-machinefile', '/home/ubuntu/machinefile', '/home/ubuntu/repositorios/elastichpc/beta/trials/Matrix.py', '5000', '/home/ubuntu/teste.mtr_2']
1498506908.057387|PLATFORM: (predicted_time, predicted_cost) = 2174.88031151|8263.13852175
1498506908.057601|PLATFORM: QoS Sample = {'execution_time': 2174.880311509961, 'efficiency': 0.9186538461538464, 'cost': 8263.138521754718}
1498506908.057668|PLATFORM: Contract breached = {'execution_time': 0.7370178879929052, 'efficiency': 0.047505494505494496, 'cost': 0.2649796166852791}
1498506908.057723|PLATFORM: Parameter to Reconfigure: execution_time
1498506908.057765|PLATFORM: Scale Up = execution_time|2174.88031151|1132.0
1498506908.057798|PLATFORM: N Value =1
1498506908.057832|PLATFORM: RECONFIGURATION INTERVAL NOT DONE.
1498506908.057866|PLATFORM: State = |0.095238097012|0.5875|626.75|4|
1498506919.035335|PLATFORM: Not Enough Information for Analysis.
1498506919.035506|PLATFORM: State = |0.095238097012|0.8875|626.5|4|
1498506929.584222|PLATFORM: Not Enough Information for Analysis.
1498506929.584402|PLATFORM: State = |0.095238097012|1.035|257.25|4|
1498506937.362282|COMPUTATION: End (MatrixSize, Iteration) = |5000|2|
1498506938.787228|COMPUTATION: Execution = Warning: Permanently added '10.10.10.4' (ECDSA) to the list of known hosts.
Warning: Permanently added '10.10.10.10' (ECDSA) to the list of known hosts.
Warning: Permanently added '10.10.10.11' (ECDSA) to the list of known hosts.
|None
1498506938.787513|COMPUTATION: Progress = 0.142857142857
1498506938.787637|COMPUTATION: Start (MatrixSize, Iteration) = |5000|3|
1498506938.788124|COMPUTATION: ['mpirun', '-n', '8', '-machinefile', '/home/ubuntu/machinefile', '/home/ubuntu/repositorios/elastichpc/beta/trials/Matrix.py', '5000', '/home/ubuntu/teste.mtr_3']
1498506940.717069|PLATFORM: (predicted_time, predicted_cost) = 1678.53803069|6277.47858312
1498506940.717254|PLATFORM: QoS Sample = {'execution_time': 1678.5380306897448, 'efficiency': 0.9248437500000002, 'cost': 6277.47858312046}
1498506940.717331|PLATFORM: Contract breached = {'execution_time': 0.38624595808462536, 'efficiency': 0.04715178571428571, 'cost': 0.17727378900708746}
1498506940.717377|PLATFORM: Parameter to Reconfigure: execution_time
1498506940.717417|PLATFORM: Scale Up = execution_time|1678.53803069|1132.0
1498506940.717450|PLATFORM: N Value =1
1498506940.717496|PLATFORM: RECONFIGURATION INTERVAL NOT DONE.
1498506940.717532|PLATFORM: State = |0.142857149243|0.9325|552.75|4|
1498506951.795767|PLATFORM: Not Enough Information for Analysis.
1498506951.795965|PLATFORM: State = |0.142857149243|1.1225|626.75|4|
1498506962.814253|PLATFORM: Not Enough Information for Analysis.
1498506962.814462|PLATFORM: State = |0.142857149243|1.26|575.5|4|
1498506973.418752|PLATFORM: Not Enough Information for Analysis.
1498506973.418914|PLATFORM: State = |0.142857149243|1.1975|257.25|4|
1498506979.016695|COMPUTATION: End (MatrixSize, Iteration) = |5000|3|
1498506979.968807|COMPUTATION: Execution = Warning: Permanently added '10.10.10.4' (ECDSA) to the list of known hosts.
Warning: Permanently added '10.10.10.10' (ECDSA) to the list of known hosts.
Warning: Permanently added '10.10.10.11' (ECDSA) to the list of known hosts.
|None
1498506979.969009|COMPUTATION: Progress = 0.190476190476
1498506979.969089|COMPUTATION: Start (MatrixSize, Iteration) = |5000|4|
1498506979.969481|COMPUTATION: ['mpirun', '-n', '8', '-machinefile', '/home/ubuntu/machinefile', '/home/ubuntu/repositorios/elastichpc/beta/trials/Matrix.py', '5000', '/home/ubuntu/teste.mtr_4']
1498506984.417510|PLATFORM: (predicted_time, predicted_cost) = 1488.33084118|5517.18617628
1498506984.417696|PLATFORM: QoS Sample = {'execution_time': 1488.3308411775, 'efficiency': 0.9771250000000002, 'cost': 5517.186176275399}
1498506984.417765|PLATFORM: Contract breached = {'execution_time': 0.2518239160265017, 'efficiency': 0.044164285714285705, 'cost': 0.14369196891675792}
1498506984.417813|PLATFORM: Parameter to Reconfigure: execution_time
1498506984.417854|PLATFORM: Scale Up = execution_time|1488.33084118|1132.0
1498506984.417889|PLATFORM: N Value =1
1498506984.417925|PLATFORM: RECONFIGURATION BEFORE: 4
1498507015.770294|COMPUTATION: End (MatrixSize, Iteration) = |5000|4|
1498507017.370231|COMPUTATION: Execution = Warning: Permanently added '10.10.10.10' (ECDSA) to the list of known hosts.
Warning: Permanently added '10.10.10.4' (ECDSA) to the list of known hosts.
Warning: Permanently added '10.10.10.11' (ECDSA) to the list of known hosts.
|None
1498507017.370556|COMPUTATION: Progress = 0.238095238095
1498507017.370647|COMPUTATION: Start (MatrixSize, Iteration) = |6000|5|
1498507017.371062|COMPUTATION: ['mpirun', '-n', '8', '-machinefile', '/home/ubuntu/machinefile', '/home/ubuntu/repositorios/elastichpc/beta/trials/Matrix.py', '6000', '/home/ubuntu/teste.mtr_5']
1498507066.307635|PLATFORM: RECONFIGURATION AFTER: 5|BUILDING
1498507066.307757|PLATFORM: State = |0.190476194024|1.165|579|5|
1498507077.239234|COMPUTATION: End (MatrixSize, Iteration) = |6000|5|
1498507077.571972|PLATFORM: (predicted_time, predicted_cost) = 1581.91339217|7095.72129038
1498507077.572181|PLATFORM: QoS Sample = {'execution_time': 1581.9133921685416, 'efficiency': 0.9830714285714288, 'cost': 7095.721290381053}
1498507077.572255|PLATFORM: Contract breached = {'execution_time': 0.3179599944654004, 'efficiency': 0.04382448979591835, 'cost': 0.21341525134191933}
1498507077.572302|PLATFORM: Parameter to Reconfigure: execution_time
1498507077.572345|PLATFORM: Scale Up = execution_time|1581.91339217|1132.0
1498507077.572380|PLATFORM: N Value =1
1498507077.572416|PLATFORM: RECONFIGURATION INTERVAL NOT DONE.
1498507077.572453|PLATFORM: State = |0.238095238805|1.102|272.2|5|
1498507079.360814|COMPUTATION: Execution = Warning: Permanently added '10.10.10.4' (ECDSA) to the list of known hosts.
Warning: Permanently added '10.10.10.10' (ECDSA) to the list of known hosts.
Warning: Permanently added '10.10.10.11' (ECDSA) to the list of known hosts.
|None
1498507079.361136|COMPUTATION: Progress = 0.285714285714
1498507079.361207|COMPUTATION: Start (MatrixSize, Iteration) = |7000|6|
1498507079.361641|COMPUTATION: ['mpirun', '-n', '10', '-machinefile', '/home/ubuntu/machinefile', '/home/ubuntu/repositorios/elastichpc/beta/trials/Matrix.py', '7000', '/home/ubuntu/teste.mtr_6']
1498507088.616223|PLATFORM: (predicted_time, predicted_cost) = 1356.91599597|5971.83652446
1498507088.616416|PLATFORM: QoS Sample = {'execution_time': 1356.9159959741237, 'efficiency': 0.9913863636363639, 'cost': 5971.836524460615}
1498507088.616482|PLATFORM: Contract breached = {'execution_time': 0.15895123390397436, 'efficiency': 0.04334935064935064, 'cost': 0.16377369807688227}
1498507088.616526|PLATFORM: Parameter to Reconfigure: cost
1498507088.616564|PLATFORM: Scale Down = cost|5971.83652446|2264.0
1498507088.616597|PLATFORM: N Value =-1
1498507088.616630|PLATFORM: RECONFIGURATION INTERVAL NOT DONE.
1498507088.616677|PLATFORM: State = |0.285714298487|1.166|996.6|5|
1498507099.683638|PLATFORM: Not Enough Information for Analysis.
1498507099.683841|PLATFORM: State = |0.285714298487|1.378|1071|5|
1498507110.753671|PLATFORM: Not Enough Information for Analysis.
1498507110.753902|PLATFORM: State = |0.285714298487|1.484|1072|5|
1498507121.821871|PLATFORM: Not Enough Information for Analysis.
1498507121.822067|PLATFORM: State = |0.285714298487|1.586|1071.8|5|
1498507132.926877|PLATFORM: Not Enough Information for Analysis.
1498507132.927063|PLATFORM: State = |0.285714298487|1.65|1072|5|
1498507143.519658|PLATFORM: Not Enough Information for Analysis.
1498507143.519857|PLATFORM: State = |0.285714298487|1.516|338.4|5|
1498507154.092377|PLATFORM: Not Enough Information for Analysis.
1498507154.092587|PLATFORM: State = |0.285714298487|1.394|338.4|5|
1498507159.763512|COMPUTATION: End (MatrixSize, Iteration) = |7000|6|
1498507160.605481|COMPUTATION: Execution = Warning: Permanently added '10.10.10.4' (ECDSA) to the list of known hosts.
Warning: Permanently added '10.10.10.12' (ECDSA) to the list of known hosts.
Warning: Permanently added '10.10.10.10' (ECDSA) to the list of known hosts.
Warning: Permanently added '10.10.10.11' (ECDSA) to the list of known hosts.
|None
1498507160.605743|COMPUTATION: Progress = 0.333333333333
1498507160.605876|COMPUTATION: Start (MatrixSize, Iteration) = |8000|7|
1498507160.606396|COMPUTATION: ['mpirun', '-n', '10', '-machinefile', '/home/ubuntu/machinefile', '/home/ubuntu/repositorios/elastichpc/beta/trials/Matrix.py', '8000', '/home/ubuntu/teste.mtr_7']
1498507165.138674|PLATFORM: (predicted_time, predicted_cost) = 1392.63819979|6150.43596234
1498507165.138883|PLATFORM: QoS Sample = {'execution_time': 1392.6381997871936, 'efficiency': 1.1101551724137932, 'cost': 6150.435962343485}
1498507165.138956|PLATFORM: Contract breached = {'execution_time': 0.18419660762345835, 'efficiency': 0.03656256157635467, 'cost': 0.17166236582789243}
1498507165.139004|PLATFORM: Parameter to Reconfigure: execution_time
1498507165.139046|PLATFORM: Scale Up = execution_time|1392.63819979|1132.0
1498507165.139082|PLATFORM: N Value =1
1498507165.139120|PLATFORM: RECONFIGURATION BEFORE: 5
1498507248.469531|PLATFORM: RECONFIGURATION AFTER: 6|BUILDING
1498507248.469663|PLATFORM: State = |0.333333343267|1.376|1254.2|6|
1498507260.244758|PLATFORM: Not Enough Information for Analysis.
1498507260.245001|PLATFORM: State = |0.333333343267|1.33333|353.167|6|
1498507270.884105|PLATFORM: Not Enough Information for Analysis.
1498507270.884299|PLATFORM: State = |0.333333343267|1.205|351.667|6|
1498507276.032530|COMPUTATION: End (MatrixSize, Iteration) = |8000|7|
1498507276.214839|COMPUTATION: Execution = Warning: Permanently added '10.10.10.4' (ECDSA) to the list of known hosts.
Warning: Permanently added '10.10.10.12' (ECDSA) to the list of known hosts.
Warning: Permanently added '10.10.10.10' (ECDSA) to the list of known hosts.
Warning: Permanently added '10.10.10.11' (ECDSA) to the list of known hosts.
|None
1498507276.215024|COMPUTATION: Progress = 0.380952380952
1498507276.215088|COMPUTATION: Start (MatrixSize, Iteration) = |9000|8|
1498507276.215400|COMPUTATION: ['mpirun', '-n', '12', '-machinefile', '/home/ubuntu/machinefile', '/home/ubuntu/repositorios/elastichpc/beta/trials/Matrix.py', '9000', '/home/ubuntu/teste.mtr_8']
1498507281.898651|PLATFORM: (predicted_time, predicted_cost) = 1525.05334571|7779.16567794
1498507281.898906|PLATFORM: QoS Sample = {'execution_time': 1525.0533457053202, 'efficiency': 1.1222759375000002, 'cost': 7779.165677936374}
1498507281.899008|PLATFORM: Contract breached = {'execution_time': 0.2777762160461627, 'efficiency': 0.035869946428571414, 'cost': 0.24360272429047589}
1498507281.899085|PLATFORM: Parameter to Reconfigure: execution_time
1498507281.899164|PLATFORM: Scale Up = execution_time|1525.05334571|1132.0
1498507281.899225|PLATFORM: N Value =1
1498507281.899285|PLATFORM: RECONFIGURATION INTERVAL NOT DONE.
1498507281.899348|PLATFORM: State = |0.380952388048|1.18|1496|6|
1498507292.975806|PLATFORM: Not Enough Information for Analysis.
1498507292.976494|PLATFORM: State = |0.380952388048|1.305|1540.67|6|
1498507304.053319|PLATFORM: Not Enough Information for Analysis.
1498507304.053516|PLATFORM: State = |0.380952388048|1.41333|1643.67|6|
1498507315.147031|PLATFORM: Not Enough Information for Analysis.
1498507315.147253|PLATFORM: State = |0.380952388048|1.65333|1643.83|6|
1498507326.227981|PLATFORM: Not Enough Information for Analysis.
1498507326.228203|PLATFORM: State = |0.380952388048|1.72667|1643.5|6|
1498507337.265367|PLATFORM: Not Enough Information for Analysis.
1498507337.265571|PLATFORM: State = |0.380952388048|1.76833|1644|6|
1498507348.379092|PLATFORM: Not Enough Information for Analysis.
1498507348.379268|PLATFORM: State = |0.380952388048|1.80667|1643.5|6|
1498507359.463091|PLATFORM: Not Enough Information for Analysis.
1498507359.463265|PLATFORM: State = |0.380952388048|1.865|1643.67|6|
1498507370.496469|PLATFORM: Not Enough Information for Analysis.
1498507370.496726|PLATFORM: State = |0.380952388048|1.90667|1446.83|6|
1498507381.103726|PLATFORM: Not Enough Information for Analysis.
1498507381.373424|PLATFORM: State = |0.380952388048|1.665|423|6|
1498507391.931509|PLATFORM: Not Enough Information for Analysis.
1498507391.931661|PLATFORM: State = |0.380952388048|1.46167|422.5|6|
1498507402.520293|PLATFORM: Not Enough Information for Analysis.
1498507402.601786|PLATFORM: State = |0.380952388048|1.29|423|6|
1498507415.959875|PLATFORM: Not Enough Information for Analysis.
1498507415.960033|PLATFORM: State = |0.380952388048|1.15167|422.333|6|
1498507416.961604|COMPUTATION: End (MatrixSize, Iteration) = |9000|8|
1498507418.813663|COMPUTATION: Execution = Warning: Permanently added '10.10.10.4' (ECDSA) to the list of known hosts.
Warning: Permanently added '10.10.10.12' (ECDSA) to the list of known hosts.
Warning: Permanently added '10.10.10.10' (ECDSA) to the list of known hosts.
Warning: Permanently added '10.10.10.13' (ECDSA) to the list of known hosts.
Warning: Permanently added '10.10.10.11' (ECDSA) to the list of known hosts.
|None
1498507418.813941|COMPUTATION: Progress = 0.428571428571
1498507418.814008|COMPUTATION: Start (MatrixSize, Iteration) = |10000|9|
1498507418.814410|COMPUTATION: ['mpirun', '-n', '12', '-machinefile', '/home/ubuntu/machinefile', '/home/ubuntu/repositorios/elastichpc/beta/trials/Matrix.py', '10000', '/home/ubuntu/teste.mtr_9']
1498507427.020416|PLATFORM: (predicted_time, predicted_cost) = 1694.22045272|8793.89209114
1498507427.020611|PLATFORM: QoS Sample = {'execution_time': 1694.2204527236972, 'efficiency': 1.2471742222222217, 'cost': 8793.892091141912}
1498507427.020679|PLATFORM: Contract breached = {'execution_time': 0.397328941854203, 'efficiency': 0.028732901587301615, 'cost': 0.28842279554513744}
1498507427.020734|PLATFORM: Parameter to Reconfigure: execution_time
1498507427.020771|PLATFORM: Scale Up = execution_time|1694.22045272|1132.0
1498507427.020814|PLATFORM: N Value =1
1498507427.020850|PLATFORM: RECONFIGURATION BEFORE: 6
1498507511.057533|PLATFORM: RECONFIGURATION AFTER: 7|BUILDING
1498507511.057665|PLATFORM: State = |0.428571432829|1.19667|1877.67|7|
1498507522.114876|PLATFORM: Not Enough Information for Analysis.
1498507522.115040|PLATFORM: State = |0.428571432829|1.65714|1726.43|7|
1498507533.182656|PLATFORM: Not Enough Information for Analysis.
1498507533.182834|PLATFORM: State = |0.428571432829|1.68714|1725.86|7|
1498507544.452423|PLATFORM: Not Enough Information for Analysis.
1498507544.452610|PLATFORM: State = |0.428571432829|1.66429|1528.57|7|
1498507555.083782|PLATFORM: Not Enough Information for Analysis.
1498507555.083934|PLATFORM: State = |0.428571432829|1.46143|435.571|7|
1498507565.679912|PLATFORM: Not Enough Information for Analysis.
1498507565.680067|PLATFORM: State = |0.428571432829|1.25714|435.857|7|
1498507580.310087|PLATFORM: Not Enough Information for Analysis.
1498507580.310241|PLATFORM: State = |0.428571432829|1.06429|435.143|7|
1498507590.939699|PLATFORM: Not Enough Information for Analysis.
1498507590.939914|PLATFORM: State = |0.428571432829|0.955714|435.429|7|
1498507595.760807|COMPUTATION: End (MatrixSize, Iteration) = |10000|9|
1498507595.909305|COMPUTATION: Execution = Warning: Permanently added '10.10.10.4' (ECDSA) to the list of known hosts.
Warning: Permanently added '10.10.10.10' (ECDSA) to the list of known hosts.
Warning: Permanently added '10.10.10.12' (ECDSA) to the list of known hosts.
Warning: Permanently added '10.10.10.13' (ECDSA) to the list of known hosts.
Warning: Permanently added '10.10.10.11' (ECDSA) to the list of known hosts.
|None
1498507595.909581|COMPUTATION: Progress = 0.47619047619
1498507595.909659|COMPUTATION: Start (MatrixSize, Iteration) = |10000|10|
1498507595.910106|COMPUTATION: ['mpirun', '-n', '14', '-machinefile', '/home/ubuntu/machinefile', '/home/ubuntu/repositorios/elastichpc/beta/trials/Matrix.py', '10000', '/home/ubuntu/teste.mtr_10']
1498507602.029081|PLATFORM: (predicted_time, predicted_cost) = 1892.31655456|11053.3917609
1498507602.029321|PLATFORM: QoS Sample = {'execution_time': 1892.3165545573338, 'efficiency': 1.2615630377358487, 'cost': 11053.391760902954}
1498507602.029424|PLATFORM: Contract breached = {'execution_time': 0.5373261869663136, 'efficiency': 0.027910683557951507, 'cost': 0.38822401770772763}
1498507602.029476|PLATFORM: Parameter to Reconfigure: execution_time
1498507602.029519|PLATFORM: Scale Up = execution_time|1892.31655456|1132.0
1498507602.029579|PLATFORM: N Value =1
1498507602.029621|PLATFORM: RECONFIGURATION BEFORE: 7
1498507688.092934|PLATFORM: RECONFIGURATION AFTER: 8|BUILDING
1498507688.093084|PLATFORM: State = |0.47619047761|0.992857|1777|8|
1498507699.167554|PLATFORM: Not Enough Information for Analysis.
1498507699.167750|PLATFORM: State = |0.47619047761|1.63375|1711.75|8|
1498507710.962187|PLATFORM: Not Enough Information for Analysis.
1498507710.962490|PLATFORM: State = |0.47619047761|1.64125|1635.75|8|
1498507721.579639|PLATFORM: Not Enough Information for Analysis.
1498507721.579798|PLATFORM: State = |0.47619047761|1.43|388.375|8|
1498507732.175923|PLATFORM: Not Enough Information for Analysis.
1498507732.176149|PLATFORM: State = |0.47619047761|1.24375|388|8|
1498507743.786817|PLATFORM: Not Enough Information for Analysis.
1498507743.787020|PLATFORM: State = |0.47619047761|1.11|387.75|8|
1498507754.455129|PLATFORM: Not Enough Information for Analysis.
1498507754.455348|PLATFORM: State = |0.47619047761|0.96375|388.625|8|
1498507765.042630|PLATFORM: Not Enough Information for Analysis.
1498507765.042815|PLATFORM: State = |0.47619047761|0.91375|388|8|
1498507770.244547|COMPUTATION: End (MatrixSize, Iteration) = |10000|10|
1498507770.410174|COMPUTATION: Execution = Warning: Permanently added '10.10.10.4' (ECDSA) to the list of known hosts.
Warning: Permanently added '10.10.10.10' (ECDSA) to the list of known hosts.
Warning: Permanently added '10.10.10.12' (ECDSA) to the list of known hosts.
Warning: Permanently added '10.10.10.13' (ECDSA) to the list of known hosts.
Warning: Permanently added '10.10.10.11' (ECDSA) to the list of known hosts.
Warning: Permanently added '10.10.10.14' (ECDSA) to the list of known hosts.
|None
1498507770.410454|COMPUTATION: Progress = 0.52380952381
1498507770.410554|COMPUTATION: Start (MatrixSize, Iteration) = |9000|11|
1498507770.410927|COMPUTATION: ['mpirun', '-n', '16', '-machinefile', '/home/ubuntu/machinefile', '/home/ubuntu/repositorios/elastichpc/beta/trials/Matrix.py', '9000', '/home/ubuntu/teste.mtr_11']
1498507776.116382|PLATFORM: (predicted_time, predicted_cost) = 2052.63616819|13230.1337545
1498507776.116635|PLATFORM: QoS Sample = {'execution_time': 2052.636168185355, 'efficiency': 1.2576285409836065, 'cost': 13230.133754519476}
1498507776.116704|PLATFORM: Contract breached = {'execution_time': 0.6506262672688021, 'efficiency': 0.028135511943793913, 'cost': 0.4843698654823091}
1498507776.116759|PLATFORM: Parameter to Reconfigure: execution_time
1498507776.116800|PLATFORM: Scale Up = execution_time|2052.63616819|1132.0
1498507776.116834|PLATFORM: N Value =1
1498507776.116868|PLATFORM: RECONFIGURATION BEFORE: 8
1498507863.357474|PLATFORM: RECONFIGURATION AFTER: 9|BUILDING
1498507863.357599|PLATFORM: State = |0.523809552193|0.91625|1436.75|9|
1498507874.560539|PLATFORM: Not Enough Information for Analysis.
1498507874.585203|PLATFORM: State = |0.523809552193|1.18333|303|9|
1498507885.195085|PLATFORM: Not Enough Information for Analysis.
1498507885.195269|PLATFORM: State = |0.523809552193|1.07556|302|9|
1498507898.095524|PLATFORM: Not Enough Information for Analysis.
1498507898.219315|PLATFORM: State = |0.523809552193|0.927778|301.778|9|
1498507898.830494|COMPUTATION: End (MatrixSize, Iteration) = |9000|11|
1498507899.038215|COMPUTATION: Execution = Warning: Permanently added '10.10.10.4' (ECDSA) to the list of known hosts.
Warning: Permanently added '10.10.10.12' (ECDSA) to the list of known hosts.
Warning: Permanently added '10.10.10.10' (ECDSA) to the list of known hosts.
Warning: Permanently added '10.10.10.13' (ECDSA) to the list of known hosts.
Warning: Permanently added '10.10.10.11' (ECDSA) to the list of known hosts.
Warning: Permanently added '10.10.10.14' (ECDSA) to the list of known hosts.
Warning: Permanently added '10.10.10.15' (ECDSA) to the list of known hosts.
|None
1498507899.038491|COMPUTATION: Progress = 0.571428571429
1498507899.038586|COMPUTATION: Start (MatrixSize, Iteration) = |8000|12|
1498507899.038978|COMPUTATION: ['mpirun', '-n', '18', '-machinefile', '/home/ubuntu/machinefile', '/home/ubuntu/repositorios/elastichpc/beta/trials/Matrix.py', '8000', '/home/ubuntu/teste.mtr_12']
1498507909.504855|PLATFORM: (predicted_time, predicted_cost) = 2115.01299439|14668.7482145
1498507909.505075|PLATFORM: QoS Sample = {'execution_time': 2115.0129943931256, 'efficiency': 1.245449676923077, 'cost': 14668.748214463134}
1498507909.505156|PLATFORM: Contract breached = {'execution_time': 0.6947088299598061, 'efficiency': 0.028831447032967035, 'cost': 0.5479129069992551}
1498507909.505202|PLATFORM: Parameter to Reconfigure: execution_time
1498507909.505243|PLATFORM: Scale Up = execution_time|2115.01299439|1132.0
1498507909.505278|PLATFORM: N Value =1
1498507909.505313|PLATFORM: RECONFIGURATION INTERVAL NOT DONE.
1498507909.505348|PLATFORM: State = |0.571428596973|1.05222|1176|9|
1498507920.657362|PLATFORM: Not Enough Information for Analysis.
1498507920.657534|PLATFORM: State = |0.571428596973|1.30667|1176.44|9|
1498507931.756436|PLATFORM: Not Enough Information for Analysis.
1498507931.756626|PLATFORM: State = |0.571428596973|1.46444|1230.67|9|
1498507942.866704|PLATFORM: Not Enough Information for Analysis.
1498507942.866911|PLATFORM: State = |0.571428596973|1.54778|1230.78|9|
1498507953.962278|PLATFORM: Not Enough Information for Analysis.
1498507953.962481|PLATFORM: State = |0.571428596973|1.62889|1230.89|9|
1498507964.595451|PLATFORM: Not Enough Information for Analysis.
1498507965.020181|PLATFORM: State = |0.571428596973|1.52444|260.556|9|
1498507975.624794|PLATFORM: Not Enough Information for Analysis.
1498507975.624974|PLATFORM: State = |0.571428596973|1.33111|260.667|9|
1498507986.235809|PLATFORM: Not Enough Information for Analysis.
1498507986.236007|PLATFORM: State = |0.571428596973|1.15222|261|9|
1498507993.189585|COMPUTATION: End (MatrixSize, Iteration) = |8000|12|
1498507994.780700|COMPUTATION: Execution = Warning: Permanently added '10.10.10.10' (ECDSA) to the list of known hosts.
Warning: Permanently added '10.10.10.4' (ECDSA) to the list of known hosts.
Warning: Permanently added '10.10.10.16' (ECDSA) to the list of known hosts.
Warning: Permanently added '10.10.10.12' (ECDSA) to the list of known hosts.
Warning: Permanently added '10.10.10.13' (ECDSA) to the list of known hosts.
Warning: Permanently added '10.10.10.11' (ECDSA) to the list of known hosts.
Warning: Permanently added '10.10.10.14' (ECDSA) to the list of known hosts.
Warning: Permanently added '10.10.10.15' (ECDSA) to the list of known hosts.
|None
1498507994.781032|COMPUTATION: Progress = 0.619047619048
1498507994.781153|COMPUTATION: Start (MatrixSize, Iteration) = |7000|13|
1498507994.781568|COMPUTATION: ['mpirun', '-n', '18', '-machinefile', '/home/ubuntu/machinefile', '/home/ubuntu/repositorios/elastichpc/beta/trials/Matrix.py', '7000', '/home/ubuntu/teste.mtr_13']
1498507997.313038|PLATFORM: (predicted_time, predicted_cost) = 2094.16367736|14482.9811221
1498507997.313260|PLATFORM: QoS Sample = {'execution_time': 2094.163677356292, 'efficiency': 1.2595708082191779, 'cost': 14482.981122091254}
1498507997.313338|PLATFORM: Contract breached = {'execution_time': 0.6799743302871321, 'efficiency': 0.02802452524461841, 'cost': 0.5397076467354794}
1498507997.313382|PLATFORM: Parameter to Reconfigure: execution_time
1498507997.313420|PLATFORM: Scale Up = execution_time|2094.16367736|1132.0
1498507997.313453|PLATFORM: N Value =1
1498507997.313487|PLATFORM: RECONFIGURATION BEFORE: 9
1498508066.729427|COMPUTATION: End (MatrixSize, Iteration) = |7000|13|
1498508066.887685|COMPUTATION: Execution = Warning: Permanently added '10.10.10.4' (ECDSA) to the list of known hosts.
Warning: Permanently added '10.10.10.12' (ECDSA) to the list of known hosts.
Warning: Permanently added '10.10.10.10' (ECDSA) to the list of known hosts.
Warning: Permanently added '10.10.10.16' (ECDSA) to the list of known hosts.
Warning: Permanently added '10.10.10.13' (ECDSA) to the list of known hosts.
Warning: Permanently added '10.10.10.14' (ECDSA) to the list of known hosts.
Warning: Permanently added '10.10.10.11' (ECDSA) to the list of known hosts.
Warning: Permanently added '10.10.10.15' (ECDSA) to the list of known hosts.
|None
1498508066.887898|COMPUTATION: Progress = 0.666666666667
1498508066.887957|COMPUTATION: Start (MatrixSize, Iteration) = |6000|14|
1498508066.888332|COMPUTATION: ['mpirun', '-n', '18', '-machinefile', '/home/ubuntu/machinefile', '/home/ubuntu/repositorios/elastichpc/beta/trials/Matrix.py', '6000', '/home/ubuntu/teste.mtr_14']
1498508085.723074|PLATFORM: RECONFIGURATION AFTER: 10|BUILDING
1498508085.723210|PLATFORM: State = |0.619047641754|1.03889|888.889|10|
1498508097.879750|PLATFORM: (predicted_time, predicted_cost) = 2095.43061818|15183.1449639
1498508097.880032|PLATFORM: QoS Sample = {'execution_time': 2095.4306181838924, 'efficiency': 1.2585495810810807, 'cost': 15183.144963910992}
1498508097.880141|PLATFORM: Contract breached = {'execution_time': 0.680869694829606, 'efficiency': 0.028082881081081104, 'cost': 0.5706336114801676}
1498508097.880207|PLATFORM: Parameter to Reconfigure: execution_time
1498508097.880271|PLATFORM: Scale Up = execution_time|2095.43061818|1132.0
1498508097.880314|PLATFORM: N Value =1
1498508097.880353|PLATFORM: RECONFIGURATION INTERVAL NOT DONE.
1498508097.880390|PLATFORM: State = |0.666666686535|1.184|175.1|10|
1498508108.519298|PLATFORM: Not Enough Information for Analysis.
1498508108.519489|PLATFORM: State = |0.666666686535|1.072|173.7|10|
1498508112.786944|COMPUTATION: End (MatrixSize, Iteration) = |6000|14|
1498508114.582864|COMPUTATION: Execution = Warning: Permanently added '10.10.10.4' (ECDSA) to the list of known hosts.
Warning: Permanently added '10.10.10.10' (ECDSA) to the list of known hosts.
Warning: Permanently added '10.10.10.12' (ECDSA) to the list of known hosts.
Warning: Permanently added '10.10.10.16' (ECDSA) to the list of known hosts.
Warning: Permanently added '10.10.10.14' (ECDSA) to the list of known hosts.
Warning: Permanently added '10.10.10.13' (ECDSA) to the list of known hosts.
Warning: Permanently added '10.10.10.11' (ECDSA) to the list of known hosts.
Warning: Permanently added '10.10.10.15' (ECDSA) to the list of known hosts.
|None
1498508114.583084|COMPUTATION: Progress = 0.714285714286
1498508114.583345|COMPUTATION: Start (MatrixSize, Iteration) = |5000|15|
1498508114.583779|COMPUTATION: ['mpirun', '-n', '20', '-machinefile', '/home/ubuntu/machinefile', '/home/ubuntu/repositorios/elastichpc/beta/trials/Matrix.py', '5000', '/home/ubuntu/teste.mtr_15']
1498508119.594506|PLATFORM: (predicted_time, predicted_cost) = 1986.13585691|14101.0129621
1498508119.594751|PLATFORM: QoS Sample = {'execution_time': 1986.1358569112813, 'efficiency': 1.2524166973684208, 'cost': 14101.012962070501}
1498508119.594834|PLATFORM: Contract breached = {'execution_time': 0.6036295808560292, 'efficiency': 0.028433331578947386, 'cost': 0.5228362615755522}
1498508119.594884|PLATFORM: Parameter to Reconfigure: execution_time
1498508119.594936|PLATFORM: Scale Up = execution_time|1986.13585691|1132.0
1498508119.594987|PLATFORM: N Value =1
1498508119.595026|PLATFORM: RECONFIGURATION INTERVAL NOT DONE.
1498508119.595063|PLATFORM: State = |0.714285731316|0.979|509.7|10|
1498508130.697078|PLATFORM: Not Enough Information for Analysis.
1498508130.697278|PLATFORM: State = |0.714285731316|1.218|528.9|10|
1498508141.352515|PLATFORM: Not Enough Information for Analysis.
1498508141.526251|PLATFORM: State = |0.714285731316|1.138|149.7|10|
1498508145.625903|COMPUTATION: End (MatrixSize, Iteration) = |5000|15|
1498508145.700777|COMPUTATION: Execution = Warning: Permanently added '10.10.10.4' (ECDSA) to the list of known hosts.
Warning: Permanently added '10.10.10.12' (ECDSA) to the list of known hosts.
Warning: Permanently added '10.10.10.10' (ECDSA) to the list of known hosts.
Warning: Permanently added '10.10.10.16' (ECDSA) to the list of known hosts.
Warning: Permanently added '10.10.10.11' (ECDSA) to the list of known hosts.
Warning: Permanently added '10.10.10.14' (ECDSA) to the list of known hosts.
Warning: Permanently added '10.10.10.13' (ECDSA) to the list of known hosts.
Warning: Permanently added '10.10.10.17' (ECDSA) to the list of known hosts.
Warning: Permanently added '10.10.10.15' (ECDSA) to the list of known hosts.
|None
1498508145.700999|COMPUTATION: Progress = 0.761904761905
1498508145.701099|COMPUTATION: Start (MatrixSize, Iteration) = |5000|16|
1498508145.701916|COMPUTATION: ['mpirun', '-n', '20', '-machinefile', '/home/ubuntu/machinefile', '/home/ubuntu/repositorios/elastichpc/beta/trials/Matrix.py', '5000', '/home/ubuntu/teste.mtr_16']
1498508152.611818|PLATFORM: (predicted_time, predicted_cost) = 1905.33766754|13292.9247075
1498508152.612067|PLATFORM: QoS Sample = {'execution_time': 1905.337667544602, 'efficiency': 1.2495654303797468, 'cost': 13292.924707491384}
1498508152.612160|PLATFORM: Contract breached = {'execution_time': 0.546528386957316, 'efficiency': 0.028596261121157332, 'cost': 0.4871433174687007}
1498508152.612211|PLATFORM: Parameter to Reconfigure: execution_time
1498508152.612262|PLATFORM: Scale Up = execution_time|1905.33766754|1132.0
1498508152.612314|PLATFORM: N Value =1
1498508152.612355|PLATFORM: RECONFIGURATION BEFORE: 10
1498508160.515999|PLATFORM: RECONFIGURATION AFTER: 10|OUTOFRANGE
1498508160.516315|PLATFORM: State = |0.761904776096|1.176|510.2|10|
1498508172.383366|PLATFORM: Not Enough Information for Analysis.
1498508172.383553|PLATFORM: State = |0.761904776096|1.133|150|10|
1498508175.479563|COMPUTATION: End (MatrixSize, Iteration) = |5000|16|
1498508175.565829|COMPUTATION: Execution = Warning: Permanently added '10.10.10.4' (ECDSA) to the list of known hosts.
Warning: Permanently added '10.10.10.12' (ECDSA) to the list of known hosts.
Warning: Permanently added '10.10.10.10' (ECDSA) to the list of known hosts.
Warning: Permanently added '10.10.10.16' (ECDSA) to the list of known hosts.
Warning: Permanently added '10.10.10.17' (ECDSA) to the list of known hosts.
Warning: Permanently added '10.10.10.11' (ECDSA) to the list of known hosts.
Warning: Permanently added '10.10.10.13' (ECDSA) to the list of known hosts.
Warning: Permanently added '10.10.10.14' (ECDSA) to the list of known hosts.
Warning: Permanently added '10.10.10.15' (ECDSA) to the list of known hosts.
|None
1498508175.566027|COMPUTATION: Progress = 0.809523809524
1498508175.566099|COMPUTATION: Start (MatrixSize, Iteration) = |5000|17|
1498508175.566471|COMPUTATION: ['mpirun', '-n', '20', '-machinefile', '/home/ubuntu/machinefile', '/home/ubuntu/repositorios/elastichpc/beta/trials/Matrix.py', '5000', '/home/ubuntu/teste.mtr_17']
1498508183.468056|PLATFORM: (predicted_time, predicted_cost) = 1831.37549217|12553.3141356
1498508183.468343|PLATFORM: QoS Sample = {'execution_time': 1831.3754921748289, 'efficiency': 1.2470946790123456, 'cost': 12553.314135625013}
1498508183.468415|PLATFORM: Contract breached = {'execution_time': 0.4942582983567696, 'efficiency': 0.028737446913580253, 'cost': 0.45447500599050406}
1498508183.468460|PLATFORM: Parameter to Reconfigure: execution_time
1498508183.468499|PLATFORM: Scale Up = execution_time|1831.37549217|1132.0
1498508183.468549|PLATFORM: N Value =1
1498508183.468592|PLATFORM: RECONFIGURATION INTERVAL NOT DONE.
1498508183.468629|PLATFORM: State = |0.809523820877|1.166|509.8|10|
1498508194.323816|PLATFORM: Not Enough Information for Analysis.
1498508194.324005|PLATFORM: State = |0.809523820877|1.307|358.1|10|
1498508204.926805|PLATFORM: Not Enough Information for Analysis.
1498508204.926989|PLATFORM: State = |0.809523820877|1.131|149.3|10|
1498508207.323710|COMPUTATION: End (MatrixSize, Iteration) = |5000|17|
1498508208.640558|COMPUTATION: Execution = Warning: Permanently added '10.10.10.16' (ECDSA) to the list of known hosts.
Warning: Permanently added '10.10.10.4' (ECDSA) to the list of known hosts.
Warning: Permanently added '10.10.10.12' (ECDSA) to the list of known hosts.
Warning: Permanently added '10.10.10.10' (ECDSA) to the list of known hosts.
Warning: Permanently added '10.10.10.13' (ECDSA) to the list of known hosts.
Warning: Permanently added '10.10.10.11' (ECDSA) to the list of known hosts.
Warning: Permanently added '10.10.10.17' (ECDSA) to the list of known hosts.
Warning: Permanently added '10.10.10.14' (ECDSA) to the list of known hosts.
Warning: Permanently added '10.10.10.15' (ECDSA) to the list of known hosts.
|None
1498508208.648028|COMPUTATION: Progress = 0.857142857143
1498508208.648141|COMPUTATION: Start (MatrixSize, Iteration) = |5000|18|
1498508208.648803|COMPUTATION: ['mpirun', '-n', '20', '-machinefile', '/home/ubuntu/machinefile', '/home/ubuntu/repositorios/elastichpc/beta/trials/Matrix.py', '5000', '/home/ubuntu/teste.mtr_18']
1498508216.028229|PLATFORM: (predicted_time, predicted_cost) = 1767.6192987|11915.5846999
1498508216.028453|PLATFORM: QoS Sample = {'execution_time': 1767.6192987002999, 'efficiency': 1.2461151071428571, 'cost': 11915.584699906974}
1498508216.028536|PLATFORM: Contract breached = {'execution_time': 0.4492009178093992, 'efficiency': 0.028793422448979596, 'cost': 0.42630674469553775}
1498508216.028584|PLATFORM: Parameter to Reconfigure: execution_time
1498508216.028625|PLATFORM: Scale Up = execution_time|1767.6192987|1132.0
1498508216.028659|PLATFORM: N Value =1
1498508216.028694|PLATFORM: RECONFIGURATION INTERVAL NOT DONE.
1498508216.028729|PLATFORM: State = |0.857142865658|1.221|509.7|10|
1498508226.646195|PLATFORM: Not Enough Information for Analysis.
1498508226.647447|PLATFORM: State = |0.857142865658|1.291|148.3|10|
1498508237.283518|PLATFORM: Not Enough Information for Analysis.
1498508237.283716|PLATFORM: State = |0.857142865658|1.113|149.7|10|
1498508240.525488|COMPUTATION: End (MatrixSize, Iteration) = |5000|18|
1498508240.598780|COMPUTATION: Execution = Warning: Permanently added '10.10.10.12' (ECDSA) to the list of known hosts.
Warning: Permanently added '10.10.10.4' (ECDSA) to the list of known hosts.
Warning: Permanently added '10.10.10.16' (ECDSA) to the list of known hosts.
Warning: Permanently added '10.10.10.10' (ECDSA) to the list of known hosts.
Warning: Permanently added '10.10.10.13' (ECDSA) to the list of known hosts.
Warning: Permanently added '10.10.10.11' (ECDSA) to the list of known hosts.
Warning: Permanently added '10.10.10.17' (ECDSA) to the list of known hosts.
Warning: Permanently added '10.10.10.14' (ECDSA) to the list of known hosts.
Warning: Permanently added '10.10.10.15' (ECDSA) to the list of known hosts.
|None
1498508240.599010|COMPUTATION: Progress = 0.904761904762
1498508240.599082|COMPUTATION: Start (MatrixSize, Iteration) = |5000|19|
1498508240.599425|COMPUTATION: ['mpirun', '-n', '20', '-machinefile', '/home/ubuntu/machinefile', '/home/ubuntu/repositorios/elastichpc/beta/trials/Matrix.py', '5000', '/home/ubuntu/teste.mtr_19']
1498508248.368698|PLATFORM: (predicted_time, predicted_cost) = 1710.33145978|11342.8686404
1498508248.368910|PLATFORM: QoS Sample = {'execution_time': 1710.331459783683, 'efficiency': 1.2442260804597707, 'cost': 11342.868640414574}
1498508248.368974|PLATFORM: Contract breached = {'execution_time': 0.4087148125679738, 'efficiency': 0.028901366830870245, 'cost': 0.40101009895824086}
1498508248.369025|PLATFORM: Parameter to Reconfigure: execution_time
1498508248.369076|PLATFORM: Scale Up = execution_time|1710.33145978|1132.0
1498508248.369109|PLATFORM: N Value =1
1498508248.369143|PLATFORM: RECONFIGURATION BEFORE: 10
1498508255.137478|PLATFORM: RECONFIGURATION AFTER: 10|OUTOFRANGE
1498508255.137593|PLATFORM: State = |0.904761910439|1.17|510.3|10|
1498508267.591798|PLATFORM: Not Enough Information for Analysis.
1498508267.591962|PLATFORM: State = |0.904761910439|1.12|149.8|10|
1498508270.668731|COMPUTATION: End (MatrixSize, Iteration) = |5000|19|
1498508270.861875|COMPUTATION: Execution = Warning: Permanently added '10.10.10.10' (ECDSA) to the list of known hosts.
Warning: Permanently added '10.10.10.4' (ECDSA) to the list of known hosts.
Warning: Permanently added '10.10.10.12' (ECDSA) to the list of known hosts.
Warning: Permanently added '10.10.10.16' (ECDSA) to the list of known hosts.
Warning: Permanently added '10.10.10.11' (ECDSA) to the list of known hosts.
Warning: Permanently added '10.10.10.14' (ECDSA) to the list of known hosts.
Warning: Permanently added '10.10.10.13' (ECDSA) to the list of known hosts.
Warning: Permanently added '10.10.10.17' (ECDSA) to the list of known hosts.
Warning: Permanently added '10.10.10.15' (ECDSA) to the list of known hosts.
|None
1498508270.868728|COMPUTATION: Progress = 0.952380952381
1498508270.868820|COMPUTATION: Start (MatrixSize, Iteration) = |5000|20|
1498508270.869199|COMPUTATION: ['mpirun', '-n', '20', '-machinefile', '/home/ubuntu/machinefile', '/home/ubuntu/repositorios/elastichpc/beta/trials/Matrix.py', '5000', '/home/ubuntu/teste.mtr_20']
1498508278.704224|PLATFORM: (predicted_time, predicted_cost) = 1656.66715228|10805.9532366
1498508278.704501|PLATFORM: QoS Sample = {'execution_time': 1656.6671522835877, 'efficiency': 1.2417266179775286, 'cost': 10805.953236560013}
1498508278.704576|PLATFORM: Contract breached = {'execution_time': 0.37078950691419627, 'efficiency': 0.02904419325842694, 'cost': 0.3772947542650183}
1498508278.704624|PLATFORM: Parameter to Reconfigure: cost
1498508278.704667|PLATFORM: Scale Down = cost|10805.9532366|2264.0
1498508278.704703|PLATFORM: N Value =-1
1498508278.704739|PLATFORM: RECONFIGURATION INTERVAL NOT DONE.
1498508278.704775|PLATFORM: State = |0.952380955219|1.146|510|10|
1498508289.987398|PLATFORM: Not Enough Information for Analysis.
1498508289.987672|PLATFORM: State = |0.952380955219|1.29|475.2|10|
1498508300.627750|PLATFORM: Not Enough Information for Analysis.
1498508300.627909|PLATFORM: State = |0.952380955219|1.156|150|10|
1498508302.216291|COMPUTATION: End (MatrixSize, Iteration) = |5000|20|
1498508304.015770|COMPUTATION: Execution = Warning: Permanently added '10.10.10.4' (ECDSA) to the list of known hosts.
Warning: Permanently added '10.10.10.16' (ECDSA) to the list of known hosts.
Warning: Permanently added '10.10.10.10' (ECDSA) to the list of known hosts.
Warning: Permanently added '10.10.10.12' (ECDSA) to the list of known hosts.
Warning: Permanently added '10.10.10.13' (ECDSA) to the list of known hosts.
Warning: Permanently added '10.10.10.11' (ECDSA) to the list of known hosts.
Warning: Permanently added '10.10.10.17' (ECDSA) to the list of known hosts.
Warning: Permanently added '10.10.10.14' (ECDSA) to the list of known hosts.
Warning: Permanently added '10.10.10.15' (ECDSA) to the list of known hosts.
|None
1498508304.018526|COMPUTATION: Progress = 1.0
1498508304.018799|COMPUTATION: Finish Computation.
1498508311.284983|PLATFORM: (predicted_time, predicted_cost) = 1610.35899496|10347.4236438
1498508311.285245|PLATFORM: QoS Sample = {'execution_time': 1610.358994960785, 'efficiency': 1.238452923913044, 'cost': 10347.423643827438}
1498508311.285314|PLATFORM: Contract breached = {'execution_time': 0.33806289396521905, 'efficiency': 0.029231261490683204, 'cost': 0.3570416803810706}
1498508311.285383|PLATFORM: Parameter to Reconfigure: cost
1498508311.285429|PLATFORM: Scale Down = cost|10347.4236438|2264.0
1498508311.285463|PLATFORM: N Value =-1
1498508311.285508|PLATFORM: RECONFIGURATION INTERVAL NOT DONE.
1498508311.285544|PLATFORM: State = |1.0|0.978|57.3|10|
1498508311.285596|PLATFORM: Finish Platform.
1498508311.286510|PLATFORM: Elapsed = 1610.35971403
1498508311.286907|PLATFORM: Execution Log = [(1498506700.925822, {'compute_state': 0.0, 'resource_state': '0.275|790', 'nodes': 2}), (1498506711.894288, {'compute_state': 0.0, 'resource_state': '0.545|790.5', 'nodes': 2}), (1498506722.848372, {'compute_state': 0.0, 'resource_state': '0.765|790', 'nodes': 2}), (1498506733.815952, {'compute_state': 0.0, 'resource_state': '1.035|791', 'nodes': 2}), (1498506744.344445, {'compute_state': 0.0, 'resource_state': '1.07|457.5', 'nodes': 2}), (1498506755.259509, {'compute_state': 0.0476190485060215, 'resource_state': '1.095|693.5', 'nodes': 2}), (1498506765.266694, {'compute_state': 0.0476190485060215, 'resource_state': '1.095|693.5', 'nodes': 2}), (1498506775.27538, {'compute_state': 0.0476190485060215, 'resource_state': '1.095|693.5', 'nodes': 2}), (1498506785.282682, {'compute_state': 0.0476190485060215, 'resource_state': '1.095|693.5', 'nodes': 2}), (1498506795.290629, {'compute_state': 0.0476190485060215, 'resource_state': '1.095|693.5', 'nodes': 2}), (1498506805.291084, {'compute_state': 0.0476190485060215, 'resource_state': '1.095|693.5', 'nodes': 2}), (1498506896.997384, {'compute_state': 0.0476190485060215, 'resource_state': '1.095|693.5', 'nodes': 4}), (1498506908.057858, {'compute_state': 0.095238097012043, 'resource_state': '0.5875|626.75', 'nodes': 4}), (1498506919.035491, {'compute_state': 0.095238097012043, 'resource_state': '0.8875|626.5', 'nodes': 4}), (1498506929.584376, {'compute_state': 0.095238097012043, 'resource_state': '1.035|257.25', 'nodes': 4}), (1498506940.717524, {'compute_state': 0.1428571492433548, 'resource_state': '0.9325|552.75', 'nodes': 4}), (1498506951.795949, {'compute_state': 0.1428571492433548, 'resource_state': '1.1225|626.75', 'nodes': 4}), (1498506962.814446, {'compute_state': 0.1428571492433548, 'resource_state': '1.26|575.5', 'nodes': 4}), (1498506973.4189, {'compute_state': 0.1428571492433548, 'resource_state': '1.1975|257.25', 'nodes': 4}), (1498507066.307744, {'compute_state': 0.190476194024086, 'resource_state': '1.165|579', 'nodes': 5}), (1498507077.572442, {'compute_state': 0.2380952388048172, 'resource_state': '1.102|272.2', 'nodes': 5}), (1498507088.616655, {'compute_state': 0.2857142984867096, 'resource_state': '1.166|996.6', 'nodes': 5}), (1498507099.683824, {'compute_state': 0.2857142984867096, 'resource_state': '1.378|1071', 'nodes': 5}), (1498507110.753884, {'compute_state': 0.2857142984867096, 'resource_state': '1.484|1072', 'nodes': 5}), (1498507121.82205, {'compute_state': 0.2857142984867096, 'resource_state': '1.586|1071.8', 'nodes': 5}), (1498507132.927046, {'compute_state': 0.2857142984867096, 'resource_state': '1.65|1072', 'nodes': 5}), (1498507143.519829, {'compute_state': 0.2857142984867096, 'resource_state': '1.516|338.4', 'nodes': 5}), (1498507154.092571, {'compute_state': 0.2857142984867096, 'resource_state': '1.394|338.4', 'nodes': 5}), (1498507248.469649, {'compute_state': 0.3333333432674408, 'resource_state': '1.376|1254.2', 'nodes': 6}), (1498507260.244959, {'compute_state': 0.3333333432674408, 'resource_state': '1.33333|353.167', 'nodes': 6}), (1498507270.884282, {'compute_state': 0.3333333432674408, 'resource_state': '1.205|351.667', 'nodes': 6}), (1498507281.89933, {'compute_state': 0.380952388048172, 'resource_state': '1.18|1496', 'nodes': 6}), (1498507292.976477, {'compute_state': 0.380952388048172, 'resource_state': '1.305|1540.67', 'nodes': 6}), (1498507304.053499, {'compute_state': 0.380952388048172, 'resource_state': '1.41333|1643.67', 'nodes': 6}), (1498507315.147223, {'compute_state': 0.380952388048172, 'resource_state': '1.65333|1643.83', 'nodes': 6}), (1498507326.228187, {'compute_state': 0.380952388048172, 'resource_state': '1.72667|1643.5', 'nodes': 6}), (1498507337.265554, {'compute_state': 0.380952388048172, 'resource_state': '1.76833|1644', 'nodes': 6}), (1498507348.379252, {'compute_state': 0.380952388048172, 'resource_state': '1.80667|1643.5', 'nodes': 6}), (1498507359.46325, {'compute_state': 0.380952388048172, 'resource_state': '1.865|1643.67', 'nodes': 6}), (1498507370.496695, {'compute_state': 0.380952388048172, 'resource_state': '1.90667|1446.83', 'nodes': 6}), (1498507381.37339, {'compute_state': 0.380952388048172, 'resource_state': '1.665|423', 'nodes': 6}), (1498507391.931647, {'compute_state': 0.380952388048172, 'resource_state': '1.46167|422.5', 'nodes': 6}), (1498507402.601751, {'compute_state': 0.380952388048172, 'resource_state': '1.29|423', 'nodes': 6}), (1498507415.960017, {'compute_state': 0.380952388048172, 'resource_state': '1.15167|422.333', 'nodes': 6}), (1498507511.057651, {'compute_state': 0.4285714328289032, 'resource_state': '1.19667|1877.67', 'nodes': 7}), (1498507522.115024, {'compute_state': 0.4285714328289032, 'resource_state': '1.65714|1726.43', 'nodes': 7}), (1498507533.182819, {'compute_state': 0.4285714328289032, 'resource_state': '1.68714|1725.86', 'nodes': 7}), (1498507544.452594, {'compute_state': 0.4285714328289032, 'resource_state': '1.66429|1528.57', 'nodes': 7}), (1498507555.083919, {'compute_state': 0.4285714328289032, 'resource_state': '1.46143|435.571', 'nodes': 7}), (1498507565.680051, {'compute_state': 0.4285714328289032, 'resource_state': '1.25714|435.857', 'nodes': 7}), (1498507580.310226, {'compute_state': 0.4285714328289032, 'resource_state': '1.06429|435.143', 'nodes': 7}), (1498507590.939886, {'compute_state': 0.4285714328289032, 'resource_state': '0.955714|435.429', 'nodes': 7}), (1498507688.09307, {'compute_state': 0.4761904776096344, 'resource_state': '0.992857|1777', 'nodes': 8}), (1498507699.167734, {'compute_state': 0.4761904776096344, 'resource_state': '1.63375|1711.75', 'nodes': 8}), (1498507710.962471, {'compute_state': 0.4761904776096344, 'resource_state': '1.64125|1635.75', 'nodes': 8}), (1498507721.579783, {'compute_state': 0.4761904776096344, 'resource_state': '1.43|388.375', 'nodes': 8}), (1498507732.176133, {'compute_state': 0.4761904776096344, 'resource_state': '1.24375|388', 'nodes': 8}), (1498507743.787005, {'compute_state': 0.4761904776096344, 'resource_state': '1.11|387.75', 'nodes': 8}), (1498507754.455332, {'compute_state': 0.4761904776096344, 'resource_state': '0.96375|388.625', 'nodes': 8}), (1498507765.042799, {'compute_state': 0.4761904776096344, 'resource_state': '0.91375|388', 'nodes': 8}), (1498507863.357585, {'compute_state': 0.523809552192688, 'resource_state': '0.91625|1436.75', 'nodes': 9}), (1498507874.585175, {'compute_state': 0.523809552192688, 'resource_state': '1.18333|303', 'nodes': 9}), (1498507885.195252, {'compute_state': 0.523809552192688, 'resource_state': '1.07556|302', 'nodes': 9}), (1498507898.219283, {'compute_state': 0.523809552192688, 'resource_state': '0.927778|301.778', 'nodes': 9}), (1498507909.505339, {'compute_state': 0.5714285969734192, 'resource_state': '1.05222|1176', 'nodes': 9}), (1498507920.657517, {'compute_state': 0.5714285969734192, 'resource_state': '1.30667|1176.44', 'nodes': 9}), (1498507931.75661, {'compute_state': 0.5714285969734192, 'resource_state': '1.46444|1230.67', 'nodes': 9}), (1498507942.866892, {'compute_state': 0.5714285969734192, 'resource_state': '1.54778|1230.78', 'nodes': 9}), (1498507953.962464, {'compute_state': 0.5714285969734192, 'resource_state': '1.62889|1230.89', 'nodes': 9}), (1498507965.020153, {'compute_state': 0.5714285969734192, 'resource_state': '1.52444|260.556', 'nodes': 9}), (1498507975.624959, {'compute_state': 0.5714285969734192, 'resource_state': '1.33111|260.667', 'nodes': 9}), (1498507986.23599, {'compute_state': 0.5714285969734192, 'resource_state': '1.15222|261', 'nodes': 9}), (1498508085.723196, {'compute_state': 0.6190476417541504, 'resource_state': '1.03889|888.889', 'nodes': 10}), (1498508097.880381, {'compute_state': 0.6666666865348816, 'resource_state': '1.184|175.1', 'nodes': 10}), (1498508108.519473, {'compute_state': 0.6666666865348816, 'resource_state': '1.072|173.7', 'nodes': 10}), (1498508119.595053, {'compute_state': 0.7142857313156128, 'resource_state': '0.979|509.7', 'nodes': 10}), (1498508130.697262, {'compute_state': 0.7142857313156128, 'resource_state': '1.218|528.9', 'nodes': 10}), (1498508141.526203, {'compute_state': 0.7142857313156128, 'resource_state': '1.138|149.7', 'nodes': 10}), (1498508160.516291, {'compute_state': 0.761904776096344, 'resource_state': '1.176|510.2', 'nodes': 10}), (1498508172.383538, {'compute_state': 0.761904776096344, 'resource_state': '1.133|150', 'nodes': 10}), (1498508183.46862, {'compute_state': 0.8095238208770752, 'resource_state': '1.166|509.8', 'nodes': 10}), (1498508194.323988, {'compute_state': 0.8095238208770752, 'resource_state': '1.307|358.1', 'nodes': 10}), (1498508204.926973, {'compute_state': 0.8095238208770752, 'resource_state': '1.131|149.3', 'nodes': 10}), (1498508216.02872, {'compute_state': 0.8571428656578064, 'resource_state': '1.221|509.7', 'nodes': 10}), (1498508226.647422, {'compute_state': 0.8571428656578064, 'resource_state': '1.291|148.3', 'nodes': 10}), (1498508237.283694, {'compute_state': 0.8571428656578064, 'resource_state': '1.113|149.7', 'nodes': 10}), (1498508255.13758, {'compute_state': 0.9047619104385376, 'resource_state': '1.17|510.3', 'nodes': 10}), (1498508267.591947, {'compute_state': 0.9047619104385376, 'resource_state': '1.12|149.8', 'nodes': 10}), (1498508278.704766, {'compute_state': 0.9523809552192688, 'resource_state': '1.146|510', 'nodes': 10}), (1498508289.987653, {'compute_state': 0.9523809552192688, 'resource_state': '1.29|475.2', 'nodes': 10}), (1498508300.627895, {'compute_state': 0.9523809552192688, 'resource_state': '1.156|150', 'nodes': 10}), (1498508311.285536, {'compute_state': 1.0, 'resource_state': '0.978|57.3', 'nodes': 10})]
1498508311.290541|SYSTEM: Waiting on Computation to finish.
1498508311.290682|SYSTEM: Good bye...
