1497932879.791707|SYSTEM: Starting Platform.
1497932879.793788|SYSTEM: Starting Computation.
1497932879.795918|SYSTEM: Waiting on Platform to finish.
1497932879.801118|PLATFORM: QoS Values ={'execution_time': 0.0, 'resource_efficiency': 0.0, 'cost': 0.0, 'power_consumption': 0.0, 'accuracy': 0.0}
1497932879.801243|PLATFORM: QoS Weight ={'execution_time': 0.0, 'resource_efficiency': 0.0, 'cost': 0.0, 'power_consumption': 0.0, 'accuracy': 0.0}
1497932879.801293|PLATFORM: QoS Factor =0.0
1497932879.801351|PLATFORM: Monitor Interval = 10
1497932879.801401|PLATFORM: Sample Interval = 10
1497932879.801461|PLATFORM: Reconfiguration Interval = 10
1497932879.801510|PLATFORM: http://200.19.177.89:33004:elastic_cluster_aef04289-cb96-41e4-97c6-a91b48fe4048:4f82f8e9-bcf5-46f2-9e7e-341b5622bad7
1497932884.813569|PLATFORM: Number Of Nodes = 6
1497932889.814208|COMPUTATION: Starting Computation.
1497932889.814457|COMPUTATION: Start (MatrixSize, Iteration) = |10000|0|
1497932889.814710|COMPUTATION: ['mpirun', '-n', '12', '-machinefile', '/home/ubuntu/machinefile', '/home/ubuntu/repositorios/elastichpc/beta/trials/Matrix.py', '10000', '/home/ubuntu/teste.mtr_0']
1497932896.047868|PLATFORM: State = |0.0|0.661667|122.667|6|
1497932907.103169|PLATFORM: State = |0.0|1.06|1913.83|6|
1497932918.140030|PLATFORM: State = |0.0|1.43333|2041.33|6|
1497932929.856101|PLATFORM: State = |0.0|1.73|2048.83|6|
1497932940.918619|PLATFORM: State = |0.0|1.89833|2046.83|6|
1497932952.043737|PLATFORM: State = |0.0|2.06833|2049|6|
1497932963.152616|PLATFORM: State = |0.0|2.28167|2046.33|6|
1497932974.288495|PLATFORM: State = |0.0|2.41|2042|6|
1497932985.339502|PLATFORM: State = |0.0|2.44|2030|6|
1497932996.395649|PLATFORM: State = |0.0|2.45167|2006.33|6|
1497933007.477048|PLATFORM: State = |0.0|2.40333|2006.5|6|
1497933018.513584|PLATFORM: State = |0.0|2.34667|1731.17|6|
1497933030.505874|PLATFORM: State = |0.0|2.265|1737.67|6|
1497933041.504101|PLATFORM: State = |0.0|2|766.333|6|
1497933052.116211|PLATFORM: State = |0.0|1.74333|501|6|
1497933071.082305|PLATFORM: State = |0.0|1.38667|500.333|6|
1497933086.080491|PLATFORM: State = |0.0|1.22333|500.167|6|
1497933098.120709|COMPUTATION: End (MatrixSize, Iteration) = |10000|0|
1497933098.278576|COMPUTATION: Execution = Warning: Permanently added '10.10.10.5' (ECDSA) to the list of known hosts.
Warning: Permanently added '10.10.10.6' (ECDSA) to the list of known hosts.
Warning: Permanently added '10.10.10.4' (ECDSA) to the list of known hosts.
Warning: Permanently added '10.10.10.8' (ECDSA) to the list of known hosts.
Warning: Permanently added '10.10.10.7' (ECDSA) to the list of known hosts.
|None
1497933098.278731|COMPUTATION: Progress = 0.05
1497933098.278801|COMPUTATION: Start (MatrixSize, Iteration) = |10000|1|
1497933098.278989|COMPUTATION: ['mpirun', '-n', '12', '-machinefile', '/home/ubuntu/machinefile', '/home/ubuntu/repositorios/elastichpc/beta/trials/Matrix.py', '10000', '/home/ubuntu/teste.mtr_1']
1497933098.721035|PLATFORM: State = |0.0|1.07833|64.5|6|
1497933109.790574|PLATFORM: State = |0.0500000007451|1.215|1878.83|6|
1497933120.834623|PLATFORM: State = |0.0500000007451|1.33833|2006.17|6|
1497933131.880356|PLATFORM: State = |0.0500000007451|1.44667|2006.5|6|
1497933142.944172|PLATFORM: State = |0.0500000007451|1.60167|2006.17|6|
1497933154.014858|PLATFORM: State = |0.0500000007451|1.665|2006.33|6|
1497933165.080971|PLATFORM: State = |0.0500000007451|1.75167|2006.5|6|
1497933176.174596|PLATFORM: State = |0.0500000007451|1.80667|2006.5|6|
1497933187.209374|PLATFORM: State = |0.0500000007451|1.83667|2006.67|6|
1497933198.284186|PLATFORM: State = |0.0500000007451|1.92|2006.5|6|
1497933209.354404|PLATFORM: State = |0.0500000007451|1.935|1869|6|
1497933220.362125|PLATFORM: State = |0.0500000007451|1.935|1869.17|6|
1497933231.361967|PLATFORM: State = |0.0500000007451|1.88167|1317.33|6|
1497933241.968620|PLATFORM: State = |0.0500000007451|1.66333|500.5|6|
1497933252.596759|PLATFORM: State = |0.0500000007451|1.42667|500.667|6|
1497933264.084502|PLATFORM: State = |0.0500000007451|1.205|500.167|6|
1497933274.749776|PLATFORM: State = |0.0500000007451|1.04|501.167|6|
1497933284.006007|COMPUTATION: End (MatrixSize, Iteration) = |10000|1|
1497933284.145814|COMPUTATION: Execution = Warning: Permanently added '10.10.10.5' (ECDSA) to the list of known hosts.
Warning: Permanently added '10.10.10.6' (ECDSA) to the list of known hosts.
Warning: Permanently added '10.10.10.4' (ECDSA) to the list of known hosts.
Warning: Permanently added '10.10.10.8' (ECDSA) to the list of known hosts.
Warning: Permanently added '10.10.10.7' (ECDSA) to the list of known hosts.
|None
1497933284.145942|COMPUTATION: Progress = 0.1
1497933284.145984|COMPUTATION: Start (MatrixSize, Iteration) = |10000|2|
1497933284.146170|COMPUTATION: ['mpirun', '-n', '12', '-machinefile', '/home/ubuntu/machinefile', '/home/ubuntu/repositorios/elastichpc/beta/trials/Matrix.py', '10000', '/home/ubuntu/teste.mtr_2']
1497933285.436057|PLATFORM: State = |0.10000000149|0.92|68.6667|6|
1497933296.489379|PLATFORM: State = |0.10000000149|1.085|1878|6|
1497933307.528030|PLATFORM: State = |0.10000000149|1.24667|2005.83|6|
1497933318.621601|PLATFORM: State = |0.10000000149|1.42333|2006|6|
1497933329.728629|PLATFORM: State = |0.10000000149|1.535|2005.67|6|
1497933340.784902|PLATFORM: State = |0.10000000149|1.61333|2005.67|6|
1497933351.890668|PLATFORM: State = |0.10000000149|1.69|2006.17|6|
1497933362.948389|PLATFORM: State = |0.10000000149|1.78833|2005.5|6|
1497933373.983817|PLATFORM: State = |0.10000000149|1.82333|2006|6|
1497933385.027634|PLATFORM: State = |0.10000000149|1.895|2005.83|6|
1497933396.067344|PLATFORM: State = |0.10000000149|1.91167|2004.33|6|
1497933407.101177|PLATFORM: State = |0.10000000149|1.91333|1867.5|6|
1497933417.923203|PLATFORM: State = |0.10000000149|1.89333|1384.17|6|
1497933428.537185|PLATFORM: State = |0.10000000149|1.64333|499.333|6|
1497933439.504652|PLATFORM: State = |0.10000000149|1.42167|499|6|
1497933450.343901|PLATFORM: State = |0.10000000149|1.29|499.333|6|
1497933461.068492|PLATFORM: State = |0.10000000149|1.14333|499.167|6|
1497933464.847019|COMPUTATION: End (MatrixSize, Iteration) = |10000|2|
1497933464.986520|COMPUTATION: Execution = Warning: Permanently added '10.10.10.5' (ECDSA) to the list of known hosts.
Warning: Permanently added '10.10.10.4' (ECDSA) to the list of known hosts.
Warning: Permanently added '10.10.10.6' (ECDSA) to the list of known hosts.
Warning: Permanently added '10.10.10.8' (ECDSA) to the list of known hosts.
Warning: Permanently added '10.10.10.7' (ECDSA) to the list of known hosts.
|None
1497933464.986648|COMPUTATION: Progress = 0.15
1497933464.986690|COMPUTATION: Start (MatrixSize, Iteration) = |10000|3|
1497933464.986879|COMPUTATION: ['mpirun', '-n', '12', '-machinefile', '/home/ubuntu/machinefile', '/home/ubuntu/repositorios/elastichpc/beta/trials/Matrix.py', '10000', '/home/ubuntu/teste.mtr_3']
1497933472.131649|PLATFORM: State = |0.15000000596|1.16333|1854.67|6|
1497933483.152562|PLATFORM: State = |0.15000000596|1.35833|2004.17|6|
1497933494.200364|PLATFORM: State = |0.15000000596|1.45667|2004.5|6|
1497933505.246712|PLATFORM: State = |0.15000000596|1.57|2004.67|6|
1497933516.315234|PLATFORM: State = |0.15000000596|1.655|2004.33|6|
1497933527.367137|PLATFORM: State = |0.15000000596|1.71|2004.67|6|
1497933538.420028|PLATFORM: State = |0.15000000596|1.765|2005|6|
1497933549.493966|PLATFORM: State = |0.15000000596|1.815|2005.17|6|
1497933560.595139|PLATFORM: State = |0.15000000596|1.84667|2004.67|6|
1497933571.670267|PLATFORM: State = |0.15000000596|1.90167|2005.17|6|
1497933582.676966|PLATFORM: State = |0.15000000596|1.91667|1867.83|6|
1497933594.452443|PLATFORM: State = |0.15000000596|1.89667|1223.5|6|
1497933605.068371|PLATFORM: State = |0.15000000596|1.60667|499.667|6|
1497933615.644739|PLATFORM: State = |0.15000000596|1.37833|500|6|
1497933627.976598|PLATFORM: State = |0.15000000596|1.20833|499.167|6|
1497933638.572579|PLATFORM: State = |0.15000000596|1.045|499.667|6|
1497933645.303148|COMPUTATION: End (MatrixSize, Iteration) = |10000|3|
1497933645.464037|COMPUTATION: Execution = Warning: Permanently added '10.10.10.5' (ECDSA) to the list of known hosts.
Warning: Permanently added '10.10.10.6' (ECDSA) to the list of known hosts.
Warning: Permanently added '10.10.10.4' (ECDSA) to the list of known hosts.
Warning: Permanently added '10.10.10.8' (ECDSA) to the list of known hosts.
Warning: Permanently added '10.10.10.7' (ECDSA) to the list of known hosts.
|None
1497933645.464192|COMPUTATION: Progress = 0.2
1497933645.464240|COMPUTATION: Start (MatrixSize, Iteration) = |10000|4|
1497933645.464475|COMPUTATION: ['mpirun', '-n', '12', '-machinefile', '/home/ubuntu/machinefile', '/home/ubuntu/repositorios/elastichpc/beta/trials/Matrix.py', '10000', '/home/ubuntu/teste.mtr_4']
1497933649.593561|PLATFORM: State = |0.20000000298|1.045|1804.17|6|
1497933660.612570|PLATFORM: State = |0.20000000298|1.22|1877.67|6|
1497933671.735265|PLATFORM: State = |0.20000000298|1.36333|2005.33|6|
1497933682.829705|PLATFORM: State = |0.20000000298|1.48|2005.5|6|
1497933693.922911|PLATFORM: State = |0.20000000298|1.6|2005.5|6|
1497933704.967208|PLATFORM: State = |0.20000000298|1.695|2005.17|6|
1497933716.070034|PLATFORM: State = |0.20000000298|1.78667|2005|6|
1497933727.206442|PLATFORM: State = |0.20000000298|1.835|2005.17|6|
1497933738.282228|PLATFORM: State = |0.20000000298|1.89667|2005.5|6|
1497933749.359884|PLATFORM: State = |0.20000000298|1.91167|2005.67|6|
1497933760.470593|PLATFORM: State = |0.20000000298|1.94167|2005|6|
1497933771.462840|PLATFORM: State = |0.20000000298|1.925|1595.17|6|
1497933782.055451|PLATFORM: State = |0.20000000298|1.74333|499.167|6|
1497933792.672418|PLATFORM: State = |0.20000000298|1.52667|499.667|6|
1497933803.665598|PLATFORM: State = |0.20000000298|1.395|499.333|6|
1497933815.121151|PLATFORM: State = |0.20000000298|1.21667|499.667|6|
1497933823.366596|COMPUTATION: End (MatrixSize, Iteration) = |10000|4|
1497933823.522146|COMPUTATION: Execution = Warning: Permanently added '10.10.10.5' (ECDSA) to the list of known hosts.
Warning: Permanently added '10.10.10.4' (ECDSA) to the list of known hosts.
Warning: Permanently added '10.10.10.6' (ECDSA) to the list of known hosts.
Warning: Permanently added '10.10.10.8' (ECDSA) to the list of known hosts.
Warning: Permanently added '10.10.10.7' (ECDSA) to the list of known hosts.
|None
1497933823.522290|COMPUTATION: Progress = 0.25
1497933823.522333|COMPUTATION: Start (MatrixSize, Iteration) = |10000|5|
1497933823.522527|COMPUTATION: ['mpirun', '-n', '12', '-machinefile', '/home/ubuntu/machinefile', '/home/ubuntu/repositorios/elastichpc/beta/trials/Matrix.py', '10000', '/home/ubuntu/teste.mtr_5']
1497933826.119924|PLATFORM: State = |0.25|1.15|1776.67|6|
1497933837.185266|PLATFORM: State = |0.25|1.30333|1877.67|6|
1497933848.219719|PLATFORM: State = |0.25|1.49667|2005|6|
1497933859.263927|PLATFORM: State = |0.25|1.61667|2005.33|6|
1497933870.322266|PLATFORM: State = |0.25|1.695|2005.33|6|
1497933881.373658|PLATFORM: State = |0.25|1.77|2005.17|6|
1497933892.430439|PLATFORM: State = |0.25|1.82333|2005.5|6|
1497933903.496286|PLATFORM: State = |0.25|1.92167|2005|6|
1497933914.575562|PLATFORM: State = |0.25|1.95833|2005.33|6|
1497933925.642991|PLATFORM: State = |0.25|2.005|2005.33|6|
1497933936.743769|PLATFORM: State = |0.25|2.02833|2005.17|6|
1497933947.730579|PLATFORM: State = |0.25|2.01167|1867.83|6|
1497933958.778658|PLATFORM: State = |0.25|1.97167|1867.67|6|
1497933969.449096|PLATFORM: State = |0.25|1.845|500.167|6|
1497933980.080715|PLATFORM: State = |0.25|1.575|500.5|6|
1497933992.376502|PLATFORM: State = |0.25|1.33833|500.333|6|
1497934003.393291|PLATFORM: State = |0.25|1.205|499.833|6|
1497934012.660877|COMPUTATION: End (MatrixSize, Iteration) = |10000|5|
1497934012.895727|COMPUTATION: Execution = Warning: Permanently added '10.10.10.5' (ECDSA) to the list of known hosts.
Warning: Permanently added '10.10.10.6' (ECDSA) to the list of known hosts.
Warning: Permanently added '10.10.10.4' (ECDSA) to the list of known hosts.
Warning: Permanently added '10.10.10.8' (ECDSA) to the list of known hosts.
Warning: Permanently added '10.10.10.7' (ECDSA) to the list of known hosts.
|None
1497934012.895905|COMPUTATION: Progress = 0.3
1497934012.895952|COMPUTATION: Start (MatrixSize, Iteration) = |10000|6|
1497934012.896152|COMPUTATION: ['mpirun', '-n', '12', '-machinefile', '/home/ubuntu/machinefile', '/home/ubuntu/repositorios/elastichpc/beta/trials/Matrix.py', '10000', '/home/ubuntu/teste.mtr_6']
1497934014.156577|PLATFORM: State = |0.300000011921|1.03333|67.1667|6|
1497934025.199022|PLATFORM: State = |0.300000011921|1.205|1877.67|6|
1497934036.267155|PLATFORM: State = |0.300000011921|1.35|2004.67|6|
1497934047.342925|PLATFORM: State = |0.300000011921|1.45833|2004.83|6|
1497934058.410140|PLATFORM: State = |0.300000011921|1.61333|2005|6|
1497934069.448215|PLATFORM: State = |0.300000011921|1.72167|2005|6|
1497934080.516474|PLATFORM: State = |0.300000011921|1.81|2005|6|
1497934091.567363|PLATFORM: State = |0.300000011921|1.84167|2004.83|6|
1497934102.636909|PLATFORM: State = |0.300000011921|1.895|2005|6|
1497934113.736689|PLATFORM: State = |0.300000011921|1.96833|2005|6|
1497934124.777715|PLATFORM: State = |0.300000011921|1.97333|2004.67|6|
1497934135.795718|PLATFORM: State = |0.300000011921|1.98833|1867.5|6|
1497934146.785962|PLATFORM: State = |0.300000011921|1.96667|1867.67|6|
1497934157.372049|PLATFORM: State = |0.300000011921|1.78833|499.167|6|
1497934167.993615|PLATFORM: State = |0.300000011921|1.565|500|6|
1497934178.724977|PLATFORM: State = |0.300000011921|1.44|499.833|6|
1497934189.340740|PLATFORM: State = |0.300000011921|1.26833|500|6|
1497934200.316120|PLATFORM: State = |0.300000011921|1.13833|499.833|6|
1497934201.800550|COMPUTATION: End (MatrixSize, Iteration) = |10000|6|
1497934201.958588|COMPUTATION: Execution = Warning: Permanently added '10.10.10.5' (ECDSA) to the list of known hosts.
Warning: Permanently added '10.10.10.6' (ECDSA) to the list of known hosts.
Warning: Permanently added '10.10.10.4' (ECDSA) to the list of known hosts.
Warning: Permanently added '10.10.10.7' (ECDSA) to the list of known hosts.
Warning: Permanently added '10.10.10.8' (ECDSA) to the list of known hosts.
|None
1497934201.958732|COMPUTATION: Progress = 0.35
1497934201.958777|COMPUTATION: Start (MatrixSize, Iteration) = |10000|7|
1497934201.958982|COMPUTATION: ['mpirun', '-n', '12', '-machinefile', '/home/ubuntu/machinefile', '/home/ubuntu/repositorios/elastichpc/beta/trials/Matrix.py', '10000', '/home/ubuntu/teste.mtr_7']
1497934211.351035|PLATFORM: State = |0.34999999404|1.23333|1877.5|6|
1497934222.425217|PLATFORM: State = |0.34999999404|1.38|2005|6|
1497934233.496379|PLATFORM: State = |0.34999999404|1.50167|2005.5|6|
1497934244.588266|PLATFORM: State = |0.34999999404|1.59167|2005.33|6|
1497934255.672680|PLATFORM: State = |0.34999999404|1.675|2004.33|6|
1497934266.797704|PLATFORM: State = |0.34999999404|1.73|2005.17|6|
1497934277.862187|PLATFORM: State = |0.34999999404|1.79167|2005.17|6|
1497934288.945278|PLATFORM: State = |0.34999999404|1.895|2005|6|
1497934300.033741|PLATFORM: State = |0.34999999404|1.92667|2004.83|6|
1497934311.060949|PLATFORM: State = |0.34999999404|1.94167|2005|6|
1497934322.039873|PLATFORM: State = |0.34999999404|1.95|1868.17|6|
1497934333.044388|PLATFORM: State = |0.34999999404|1.93333|1868|6|
1497934343.669421|PLATFORM: State = |0.34999999404|1.815|499.667|6|
1497934354.284217|PLATFORM: State = |0.34999999404|1.53|500|6|
1497934365.892184|PLATFORM: State = |0.34999999404|1.29833|500.5|6|
1497934376.520607|PLATFORM: State = |0.34999999404|1.12333|500.667|6|
1497934386.237351|COMPUTATION: End (MatrixSize, Iteration) = |10000|7|
1497934386.465705|COMPUTATION: Execution = Warning: Permanently added '10.10.10.5' (ECDSA) to the list of known hosts.
Warning: Permanently added '10.10.10.4' (ECDSA) to the list of known hosts.
Warning: Permanently added '10.10.10.6' (ECDSA) to the list of known hosts.
Warning: Permanently added '10.10.10.8' (ECDSA) to the list of known hosts.
Warning: Permanently added '10.10.10.7' (ECDSA) to the list of known hosts.
|None
1497934386.465896|COMPUTATION: Progress = 0.4
1497934386.465941|COMPUTATION: Start (MatrixSize, Iteration) = |10000|8|
1497934386.466223|COMPUTATION: ['mpirun', '-n', '12', '-machinefile', '/home/ubuntu/machinefile', '/home/ubuntu/repositorios/elastichpc/beta/trials/Matrix.py', '10000', '/home/ubuntu/teste.mtr_8']
1497934387.163164|PLATFORM: State = |0.40000000596|0.988333|64.8333|6|
1497934398.199569|PLATFORM: State = |0.40000000596|1.14667|1877.5|6|
1497934409.266839|PLATFORM: State = |0.40000000596|1.33|2004.83|6|
1497934420.290426|PLATFORM: State = |0.40000000596|1.45833|2005.33|6|
1497934431.318748|PLATFORM: State = |0.40000000596|1.56333|2005.5|6|
1497934442.377428|PLATFORM: State = |0.40000000596|1.64833|2005.17|6|
1497934453.438223|PLATFORM: State = |0.40000000596|1.71833|2005.17|6|
1497934464.508275|PLATFORM: State = |0.40000000596|1.81167|2005.17|6|
1497934475.606118|PLATFORM: State = |0.40000000596|1.86833|2005.17|6|
1497934486.680319|PLATFORM: State = |0.40000000596|1.92|2005|6|
1497934497.748316|PLATFORM: State = |0.40000000596|1.93333|2005|6|
1497934509.021200|PLATFORM: State = |0.40000000596|1.94333|2005.17|6|
1497934519.629031|PLATFORM: State = |0.40000000596|1.78333|499.833|6|
1497934530.228895|PLATFORM: State = |0.40000000596|1.54167|500.333|6|
1497934541.048353|PLATFORM: State = |0.40000000596|1.31333|500.333|6|
1497934551.689212|PLATFORM: State = |0.40000000596|1.13667|500.333|6|
1497934562.297101|PLATFORM: State = |0.40000000596|1.02667|500.833|6|
1497934562.347776|COMPUTATION: End (MatrixSize, Iteration) = |10000|8|
1497934563.701057|COMPUTATION: Execution = Warning: Permanently added '10.10.10.5' (ECDSA) to the list of known hosts.
Warning: Permanently added '10.10.10.4' (ECDSA) to the list of known hosts.
Warning: Permanently added '10.10.10.6' (ECDSA) to the list of known hosts.
Warning: Permanently added '10.10.10.7' (ECDSA) to the list of known hosts.
Warning: Permanently added '10.10.10.8' (ECDSA) to the list of known hosts.
|None
1497934563.701215|COMPUTATION: Progress = 0.45
1497934563.701261|COMPUTATION: Start (MatrixSize, Iteration) = |10000|9|
1497934563.701502|COMPUTATION: ['mpirun', '-n', '12', '-machinefile', '/home/ubuntu/machinefile', '/home/ubuntu/repositorios/elastichpc/beta/trials/Matrix.py', '10000', '/home/ubuntu/teste.mtr_9']
1497934573.342230|PLATFORM: State = |0.449999988079|1.075|1877.17|6|
1497934584.434340|PLATFORM: State = |0.449999988079|1.31167|2004.17|6|
1497934595.529115|PLATFORM: State = |0.449999988079|1.44167|2004.83|6|
1497934606.608507|PLATFORM: State = |0.449999988079|1.54667|2005.33|6|
1497934617.653776|PLATFORM: State = |0.449999988079|1.65|2005.33|6|
1497934628.725096|PLATFORM: State = |0.449999988079|1.72|2005.33|6|
1497934639.810427|PLATFORM: State = |0.449999988079|1.825|2005.33|6|
1497934650.865720|PLATFORM: State = |0.449999988079|1.87|2005.33|6|
1497934661.936748|PLATFORM: State = |0.449999988079|1.89333|2005.33|6|
1497934673.005220|PLATFORM: State = |0.449999988079|1.925|2005.33|6|
1497934684.229100|PLATFORM: State = |0.449999988079|1.95167|1870.17|6|
1497934694.877926|PLATFORM: State = |0.449999988079|1.75|500|6|
1497934705.510245|PLATFORM: State = |0.449999988079|1.55167|500.333|6|
1497934717.048996|PLATFORM: State = |0.449999988079|1.37167|500.667|6|
1497934727.924733|PLATFORM: State = |0.449999988079|1.19833|499.5|6|
1497934737.766345|COMPUTATION: End (MatrixSize, Iteration) = |10000|9|
1497934738.102941|COMPUTATION: Execution = Warning: Permanently added '10.10.10.5' (ECDSA) to the list of known hosts.
Warning: Permanently added '10.10.10.4' (ECDSA) to the list of known hosts.
Warning: Permanently added '10.10.10.6' (ECDSA) to the list of known hosts.
Warning: Permanently added '10.10.10.7' (ECDSA) to the list of known hosts.
Warning: Permanently added '10.10.10.8' (ECDSA) to the list of known hosts.
|None
1497934738.103074|COMPUTATION: Progress = 0.5
1497934738.103146|COMPUTATION: Start (MatrixSize, Iteration) = |10000|10|
1497934738.103322|COMPUTATION: ['mpirun', '-n', '12', '-machinefile', '/home/ubuntu/machinefile', '/home/ubuntu/repositorios/elastichpc/beta/trials/Matrix.py', '10000', '/home/ubuntu/teste.mtr_10']
1497934738.577032|PLATFORM: State = |0.449999988079|1.065|63.1667|6|
1497934749.658812|PLATFORM: State = |0.5|1.175|1877.67|6|
1497934760.795169|PLATFORM: State = |0.5|1.31333|2005|6|
1497934771.854725|PLATFORM: State = |0.5|1.45|2005.17|6|
1497934782.941753|PLATFORM: State = |0.5|1.55833|2005|6|
1497934794.054851|PLATFORM: State = |0.5|1.68167|2005.17|6|
1497934805.104293|PLATFORM: State = |0.5|1.74333|2005.33|6|
1497934816.183034|PLATFORM: State = |0.5|1.81833|2005.33|6|
1497934827.241010|PLATFORM: State = |0.5|1.84333|2005.17|6|
1497934838.338675|PLATFORM: State = |0.5|1.87167|2005.33|6|
1497934849.415013|PLATFORM: State = |0.5|1.92167|2005|6|
1497934861.649629|PLATFORM: State = |0.5|1.95|1929.67|6|
1497934872.269083|PLATFORM: State = |0.5|1.715|499.667|6|
1497934882.892950|PLATFORM: State = |0.5|1.51|499.833|6|
1497934894.961475|PLATFORM: State = |0.5|1.32167|500|6|
1497934905.633029|PLATFORM: State = |0.5|1.15667|500|6|
1497934911.046499|COMPUTATION: End (MatrixSize, Iteration) = |10000|10|
1497934911.263408|COMPUTATION: Execution = Warning: Permanently added '10.10.10.6' (ECDSA) to the list of known hosts.
Warning: Permanently added '10.10.10.5' (ECDSA) to the list of known hosts.
Warning: Permanently added '10.10.10.4' (ECDSA) to the list of known hosts.
Warning: Permanently added '10.10.10.8' (ECDSA) to the list of known hosts.
Warning: Permanently added '10.10.10.7' (ECDSA) to the list of known hosts.
|None
1497934911.263553|COMPUTATION: Progress = 0.55
1497934911.263609|COMPUTATION: Start (MatrixSize, Iteration) = |10000|11|
1497934911.263826|COMPUTATION: ['mpirun', '-n', '12', '-machinefile', '/home/ubuntu/machinefile', '/home/ubuntu/repositorios/elastichpc/beta/trials/Matrix.py', '10000', '/home/ubuntu/teste.mtr_11']
1497934916.714130|PLATFORM: State = |0.550000011921|1.16|1827.33|6|
1497934927.754321|PLATFORM: State = |0.550000011921|1.315|1877.83|6|
1497934938.828446|PLATFORM: State = |0.550000011921|1.435|2005.17|6|
1497934949.891816|PLATFORM: State = |0.550000011921|1.56833|2005.17|6|
1497934960.986682|PLATFORM: State = |0.550000011921|1.66667|2005|6|
1497934972.074264|PLATFORM: State = |0.550000011921|1.725|2005|6|
1497934983.151425|PLATFORM: State = |0.550000011921|1.785|2004.83|6|
1497934994.231381|PLATFORM: State = |0.550000011921|1.88667|2005|6|
1497935005.312835|PLATFORM: State = |0.550000011921|1.90833|2005.17|6|
1497935016.383198|PLATFORM: State = |0.550000011921|1.98|2005|6|
1497935027.472138|PLATFORM: State = |0.550000011921|1.985|2005|6|
1497935038.104512|PLATFORM: State = |0.550000011921|1.96167|646.333|6|
1497935048.721060|PLATFORM: State = |0.550000011921|1.71|499.833|6|
1497935059.357646|PLATFORM: State = |0.550000011921|1.49333|499.667|6|
1497935070.009922|PLATFORM: State = |0.550000011921|1.32833|499.667|6|
1497935080.620442|PLATFORM: State = |0.550000011921|1.18167|499.667|6|
1497935087.920734|COMPUTATION: End (MatrixSize, Iteration) = |10000|11|
1497935088.136501|COMPUTATION: Execution = Warning: Permanently added '10.10.10.4' (ECDSA) to the list of known hosts.
Warning: Permanently added '10.10.10.6' (ECDSA) to the list of known hosts.
Warning: Permanently added '10.10.10.5' (ECDSA) to the list of known hosts.
Warning: Permanently added '10.10.10.8' (ECDSA) to the list of known hosts.
Warning: Permanently added '10.10.10.7' (ECDSA) to the list of known hosts.
|None
1497935088.136662|COMPUTATION: Progress = 0.6
1497935088.136712|COMPUTATION: Start (MatrixSize, Iteration) = |10000|12|
1497935088.136929|COMPUTATION: ['mpirun', '-n', '12', '-machinefile', '/home/ubuntu/machinefile', '/home/ubuntu/repositorios/elastichpc/beta/trials/Matrix.py', '10000', '/home/ubuntu/teste.mtr_12']
1497935091.639576|PLATFORM: State = |0.600000023842|1.14333|1791.5|6|
1497935102.734281|PLATFORM: State = |0.600000023842|1.30167|1877.5|6|
1497935113.863772|PLATFORM: State = |0.600000023842|1.44|2004.67|6|
1497935124.996625|PLATFORM: State = |0.600000023842|1.59333|2005|6|
1497935136.083623|PLATFORM: State = |0.600000023842|1.66333|2004.67|6|
1497935147.165322|PLATFORM: State = |0.600000023842|1.745|2004.67|6|
1497935158.230799|PLATFORM: State = |0.600000023842|1.80167|2004.67|6|
1497935169.299815|PLATFORM: State = |0.600000023842|1.91333|2005|6|
1497935180.378273|PLATFORM: State = |0.600000023842|2.00333|2005.17|6|
1497935191.467542|PLATFORM: State = |0.600000023842|2.045|2005|6|
1497935202.521378|PLATFORM: State = |0.600000023842|2.03833|2004.83|6|
1497935214.293670|PLATFORM: State = |0.600000023842|2.03167|1917|6|
1497935224.918022|PLATFORM: State = |0.600000023842|1.80667|499.833|6|
1497935235.549973|PLATFORM: State = |0.600000023842|1.56667|499.667|6|
1497935246.273065|PLATFORM: State = |0.600000023842|1.36167|499.5|6|
1497935257.145413|PLATFORM: State = |0.600000023842|1.20333|499.167|6|
1497935264.077687|COMPUTATION: End (MatrixSize, Iteration) = |10000|12|
1497935265.557417|COMPUTATION: Execution = Warning: Permanently added '10.10.10.5' (ECDSA) to the list of known hosts.
Warning: Permanently added '10.10.10.6' (ECDSA) to the list of known hosts.
Warning: Permanently added '10.10.10.4' (ECDSA) to the list of known hosts.
Warning: Permanently added '10.10.10.8' (ECDSA) to the list of known hosts.
Warning: Permanently added '10.10.10.7' (ECDSA) to the list of known hosts.
|None
1497935265.557591|COMPUTATION: Progress = 0.65
1497935265.557640|COMPUTATION: Start (MatrixSize, Iteration) = |10000|13|
1497935265.557862|COMPUTATION: ['mpirun', '-n', '12', '-machinefile', '/home/ubuntu/machinefile', '/home/ubuntu/repositorios/elastichpc/beta/trials/Matrix.py', '10000', '/home/ubuntu/teste.mtr_13']
1497935268.219964|PLATFORM: State = |0.649999976158|1.08333|1774|6|
1497935279.267145|PLATFORM: State = |0.649999976158|1.23167|1877.33|6|
1497935290.351867|PLATFORM: State = |0.649999976158|1.39833|2005.17|6|
1497935301.450769|PLATFORM: State = |0.649999976158|1.515|2005.33|6|
1497935312.528090|PLATFORM: State = |0.649999976158|1.59833|2005|6|
1497935323.605075|PLATFORM: State = |0.649999976158|1.67833|2005.33|6|
1497935334.698585|PLATFORM: State = |0.649999976158|1.77833|2005.5|6|
1497935345.751682|PLATFORM: State = |0.649999976158|1.81333|2004.83|6|
1497935356.844419|PLATFORM: State = |0.649999976158|1.86|2005|6|
1497935367.899979|PLATFORM: State = |0.649999976158|1.89833|2005.5|6|
1497935378.989054|PLATFORM: State = |0.649999976158|1.91333|2005.33|6|
1497935391.543598|PLATFORM: State = |0.649999976158|1.93167|1889.5|6|
1497935402.208919|PLATFORM: State = |0.649999976158|1.72167|499.5|6|
1497935412.852960|PLATFORM: State = |0.649999976158|1.48333|499.833|6|
1497935423.744450|PLATFORM: State = |0.649999976158|1.26333|500|6|
1497935434.453739|PLATFORM: State = |0.649999976158|1.175|499.333|6|
1497935444.622834|COMPUTATION: End (MatrixSize, Iteration) = |10000|13|
1497935444.781036|COMPUTATION: Execution = Warning: Permanently added '10.10.10.5' (ECDSA) to the list of known hosts.
Warning: Permanently added '10.10.10.6' (ECDSA) to the list of known hosts.
Warning: Permanently added '10.10.10.4' (ECDSA) to the list of known hosts.
Warning: Permanently added '10.10.10.8' (ECDSA) to the list of known hosts.
Warning: Permanently added '10.10.10.7' (ECDSA) to the list of known hosts.
|None
1497935444.808514|COMPUTATION: Progress = 0.7
1497935444.808576|COMPUTATION: Start (MatrixSize, Iteration) = |10000|14|
1497935444.808815|COMPUTATION: ['mpirun', '-n', '12', '-machinefile', '/home/ubuntu/machinefile', '/home/ubuntu/repositorios/elastichpc/beta/trials/Matrix.py', '10000', '/home/ubuntu/teste.mtr_14']
1497935445.090429|PLATFORM: State = |0.649999976158|1.00833|63.8333|6|
1497935456.186863|PLATFORM: State = |0.699999988079|1.2|1877.83|6|
1497935467.252812|PLATFORM: State = |0.699999988079|1.34833|2005.17|6|
1497935478.457192|PLATFORM: State = |0.699999988079|1.48333|2005.17|6|
1497935489.521428|PLATFORM: State = |0.699999988079|1.605|2004.67|6|
1497935500.597478|PLATFORM: State = |0.699999988079|1.69333|2005|6|
1497935511.674201|PLATFORM: State = |0.699999988079|1.75667|2005.17|6|
1497935522.776288|PLATFORM: State = |0.699999988079|1.82333|2005.17|6|
1497935533.850554|PLATFORM: State = |0.699999988079|1.85167|2005.17|6|
1497935544.948144|PLATFORM: State = |0.699999988079|1.93333|2004.83|6|
1497935556.040328|PLATFORM: State = |0.699999988079|1.95833|2005.33|6|
1497935567.228172|PLATFORM: State = |0.699999988079|1.92833|1346|6|
1497935577.848888|PLATFORM: State = |0.699999988079|1.69|499.5|6|
1497935588.489401|PLATFORM: State = |0.699999988079|1.49167|500|6|
1497935599.504539|PLATFORM: State = |0.699999988079|1.29|500.167|6|
1497935610.101178|PLATFORM: State = |0.699999988079|1.17167|499.833|6|
1497935614.462828|COMPUTATION: End (MatrixSize, Iteration) = |10000|14|
1497935614.614842|COMPUTATION: Execution = Warning: Permanently added '10.10.10.4' (ECDSA) to the list of known hosts.
Warning: Permanently added '10.10.10.6' (ECDSA) to the list of known hosts.
Warning: Permanently added '10.10.10.5' (ECDSA) to the list of known hosts.
Warning: Permanently added '10.10.10.8' (ECDSA) to the list of known hosts.
Warning: Permanently added '10.10.10.7' (ECDSA) to the list of known hosts.
|None
1497935614.615008|COMPUTATION: Progress = 0.75
1497935614.615052|COMPUTATION: Start (MatrixSize, Iteration) = |10000|15|
1497935614.616761|COMPUTATION: ['mpirun', '-n', '12', '-machinefile', '/home/ubuntu/machinefile', '/home/ubuntu/repositorios/elastichpc/beta/trials/Matrix.py', '10000', '/home/ubuntu/teste.mtr_15']
1497935621.148773|PLATFORM: State = |0.75|1.20333|1849.17|6|
1497935632.174650|PLATFORM: State = |0.75|1.335|1877.17|6|
1497935643.264890|PLATFORM: State = |0.75|1.475|2005.17|6|
1497935654.337196|PLATFORM: State = |0.75|1.57167|2005|6|
1497935665.404945|PLATFORM: State = |0.75|1.69167|2004.67|6|
1497935676.483495|PLATFORM: State = |0.75|1.75667|2004.67|6|
1497935687.578807|PLATFORM: State = |0.75|1.81333|2005.17|6|
1497935698.641341|PLATFORM: State = |0.75|1.845|2005|6|
1497935709.724924|PLATFORM: State = |0.75|1.99|2004.67|6|
1497935720.872474|PLATFORM: State = |0.75|1.99333|2005.17|6|
1497935731.957896|PLATFORM: State = |0.75|2.025|2005|6|
1497935743.410714|PLATFORM: State = |0.75|2.04833|1517.67|6|
1497935754.008643|PLATFORM: State = |0.75|1.75833|499.833|6|
1497935764.632196|PLATFORM: State = |0.75|1.51333|499.667|6|
1497935775.505159|PLATFORM: State = |0.75|1.27667|499.833|6|
1497935786.128785|PLATFORM: State = |0.75|1.105|499.667|6|
1497935792.392878|COMPUTATION: End (MatrixSize, Iteration) = |10000|15|
1497935792.940944|COMPUTATION: Execution = Warning: Permanently added '10.10.10.5' (ECDSA) to the list of known hosts.
Warning: Permanently added '10.10.10.4' (ECDSA) to the list of known hosts.
Warning: Permanently added '10.10.10.6' (ECDSA) to the list of known hosts.
Warning: Permanently added '10.10.10.8' (ECDSA) to the list of known hosts.
Warning: Permanently added '10.10.10.7' (ECDSA) to the list of known hosts.
|None
1497935792.941095|COMPUTATION: Progress = 0.8
1497935792.941141|COMPUTATION: Start (MatrixSize, Iteration) = |10000|16|
1497935792.941354|COMPUTATION: ['mpirun', '-n', '12', '-machinefile', '/home/ubuntu/machinefile', '/home/ubuntu/repositorios/elastichpc/beta/trials/Matrix.py', '10000', '/home/ubuntu/teste.mtr_16']
1497935797.171340|PLATFORM: State = |0.800000011921|1.10667|1806.17|6|
1497935808.246588|PLATFORM: State = |0.800000011921|1.25833|1877.5|6|
1497935819.301546|PLATFORM: State = |0.800000011921|1.37|2004.83|6|
1497935830.382870|PLATFORM: State = |0.800000011921|1.52667|2005|6|
1497935841.451584|PLATFORM: State = |0.800000011921|1.63333|2005.17|6|
1497935852.497209|PLATFORM: State = |0.800000011921|1.70833|2005.33|6|
1497935863.546412|PLATFORM: State = |0.800000011921|1.77167|2005.17|6|
1497935874.654725|PLATFORM: State = |0.800000011921|1.82167|2005.33|6|
1497935885.721676|PLATFORM: State = |0.800000011921|1.88|2005.17|6|
1497935896.846025|PLATFORM: State = |0.800000011921|1.90167|2005.33|6|
1497935907.914054|PLATFORM: State = |0.800000011921|1.92|2005.33|6|
1497935918.524984|PLATFORM: State = |0.800000011921|1.855|499.167|6|
1497935929.141351|PLATFORM: State = |0.800000011921|1.60833|499.667|6|
1497935939.760946|PLATFORM: State = |0.800000011921|1.39167|500.167|6|
1497935951.812969|PLATFORM: State = |0.800000011921|1.21|499.333|6|
1497935962.428611|PLATFORM: State = |0.800000011921|1.11167|500|6|
1497935966.122212|COMPUTATION: End (MatrixSize, Iteration) = |10000|16|
1497935967.018400|COMPUTATION: Execution = Warning: Permanently added '10.10.10.5' (ECDSA) to the list of known hosts.
Warning: Permanently added '10.10.10.6' (ECDSA) to the list of known hosts.
Warning: Permanently added '10.10.10.4' (ECDSA) to the list of known hosts.
Warning: Permanently added '10.10.10.8' (ECDSA) to the list of known hosts.
Warning: Permanently added '10.10.10.7' (ECDSA) to the list of known hosts.
|None
1497935967.018539|COMPUTATION: Progress = 0.85
1497935967.018582|COMPUTATION: Start (MatrixSize, Iteration) = |10000|17|
1497935967.020468|COMPUTATION: ['mpirun', '-n', '12', '-machinefile', '/home/ubuntu/machinefile', '/home/ubuntu/repositorios/elastichpc/beta/trials/Matrix.py', '10000', '/home/ubuntu/teste.mtr_17']
1497935973.496261|PLATFORM: State = |0.850000023842|1.125|1847.5|6|
1497935984.548512|PLATFORM: State = |0.850000023842|1.27667|1877.5|6|
1497935995.580697|PLATFORM: State = |0.850000023842|1.435|2005.5|6|
1497936006.680627|PLATFORM: State = |0.850000023842|1.57|2005.5|6|
1497936017.771028|PLATFORM: State = |0.850000023842|1.655|2005.33|6|
1497936028.826360|PLATFORM: State = |0.850000023842|1.72833|2005|6|
1497936039.876568|PLATFORM: State = |0.850000023842|1.79667|2005.33|6|
1497936050.943938|PLATFORM: State = |0.850000023842|1.87667|2005.33|6|
1497936061.978281|PLATFORM: State = |0.850000023842|1.91|2005.33|6|
1497936073.179629|PLATFORM: State = |0.850000023842|1.92833|2005.5|6|
1497936084.233680|PLATFORM: State = |0.850000023842|1.955|2005|6|
1497936095.458364|PLATFORM: State = |0.850000023842|1.95333|1630.67|6|
1497936106.085062|PLATFORM: State = |0.850000023842|1.74167|499.833|6|
1497936116.682137|PLATFORM: State = |0.850000023842|1.505|499.833|6|
1497936127.777609|PLATFORM: State = |0.850000023842|1.28167|499.833|6|
1497936138.412599|PLATFORM: State = |0.850000023842|1.13333|500|6|
1497936149.680801|COMPUTATION: End (MatrixSize, Iteration) = |10000|17|
1497936149.833910|COMPUTATION: Execution = Warning: Permanently added '10.10.10.5' (ECDSA) to the list of known hosts.
Warning: Permanently added '10.10.10.6' (ECDSA) to the list of known hosts.
Warning: Permanently added '10.10.10.4' (ECDSA) to the list of known hosts.
Warning: Permanently added '10.10.10.7' (ECDSA) to the list of known hosts.
Warning: Permanently added '10.10.10.8' (ECDSA) to the list of known hosts.
|None
1497936149.834053|COMPUTATION: Progress = 0.9
1497936149.834101|COMPUTATION: Start (MatrixSize, Iteration) = |10000|18|
1497936149.834306|COMPUTATION: ['mpirun', '-n', '12', '-machinefile', '/home/ubuntu/machinefile', '/home/ubuntu/repositorios/elastichpc/beta/trials/Matrix.py', '10000', '/home/ubuntu/teste.mtr_18']
1497936150.189274|PLATFORM: State = |0.850000023842|1.02667|90.1667|6|
1497936161.213220|PLATFORM: State = |0.899999976158|1.215|1878|6|
1497936172.259253|PLATFORM: State = |0.899999976158|1.38333|2004.83|6|
1497936183.368068|PLATFORM: State = |0.899999976158|1.47833|2005|6|
1497936194.421905|PLATFORM: State = |0.899999976158|1.59333|2005|6|
1497936205.508610|PLATFORM: State = |0.899999976158|1.72333|2005.33|6|
1497936216.592088|PLATFORM: State = |0.899999976158|1.78167|2005.17|6|
1497936227.643807|PLATFORM: State = |0.899999976158|1.835|2005.33|6|
1497936238.704281|PLATFORM: State = |0.899999976158|1.87667|2005|6|
1497936249.792617|PLATFORM: State = |0.899999976158|1.895|2005|6|
1497936260.874631|PLATFORM: State = |0.899999976158|1.94167|2004.83|6|
1497936271.884906|PLATFORM: State = |0.899999976158|1.94|1591.83|6|
1497936282.828314|PLATFORM: State = |0.899999976158|1.87333|1454.17|6|
1497936293.441506|PLATFORM: State = |0.899999976158|1.65833|499.667|6|
1497936304.041266|PLATFORM: State = |0.899999976158|1.42|499.667|6|
1497936314.677087|PLATFORM: State = |0.899999976158|1.24167|499.5|6|
1497936325.281208|PLATFORM: State = |0.899999976158|1.10167|499.667|6|
1497936335.929507|PLATFORM: State = |0.899999976158|0.978333|499.667|6|
1497936341.015806|COMPUTATION: End (MatrixSize, Iteration) = |10000|18|
1497936341.173826|COMPUTATION: Execution = Warning: Permanently added '10.10.10.4' (ECDSA) to the list of known hosts.
Warning: Permanently added '10.10.10.5' (ECDSA) to the list of known hosts.
Warning: Permanently added '10.10.10.6' (ECDSA) to the list of known hosts.
Warning: Permanently added '10.10.10.8' (ECDSA) to the list of known hosts.
Warning: Permanently added '10.10.10.7' (ECDSA) to the list of known hosts.
|None
1497936341.173966|COMPUTATION: Progress = 0.95
1497936341.174007|COMPUTATION: Start (MatrixSize, Iteration) = |10000|19|
1497936341.174209|COMPUTATION: ['mpirun', '-n', '12', '-machinefile', '/home/ubuntu/machinefile', '/home/ubuntu/repositorios/elastichpc/beta/trials/Matrix.py', '10000', '/home/ubuntu/teste.mtr_19']
1497936346.960189|PLATFORM: State = |0.949999988079|1.02833|1831|6|
1497936358.020832|PLATFORM: State = |0.949999988079|1.23|1878|6|
1497936369.118722|PLATFORM: State = |0.949999988079|1.37|2005.17|6|
1497936380.200038|PLATFORM: State = |0.949999988079|1.485|2005|6|
1497936391.247310|PLATFORM: State = |0.949999988079|1.605|2005.33|6|
1497936402.318764|PLATFORM: State = |0.949999988079|1.685|2004.83|6|
1497936413.393480|PLATFORM: State = |0.949999988079|1.775|2005.17|6|
1497936424.496056|PLATFORM: State = |0.949999988079|1.82667|2004.83|6|
1497936435.516296|PLATFORM: State = |0.949999988079|1.90167|2004.83|6|
1497936446.579638|PLATFORM: State = |0.949999988079|1.92667|2005.33|6|
1497936457.725822|PLATFORM: State = |0.949999988079|1.955|2005|6|
1497936468.720100|PLATFORM: State = |0.949999988079|1.90833|1592.17|6|
1497936480.022772|PLATFORM: State = |0.949999988079|1.77333|498.667|6|
1497936490.649584|PLATFORM: State = |0.949999988079|1.535|499.5|6|
1497936501.277075|PLATFORM: State = |0.949999988079|1.365|499.667|6|
1497936511.933413|PLATFORM: State = |0.949999988079|1.18833|499|6|
1497936522.549148|PLATFORM: State = |0.949999988079|1.04333|499.5|6|
1497936526.810856|COMPUTATION: End (MatrixSize, Iteration) = |10000|19|
1497936526.963555|COMPUTATION: Execution = Warning: Permanently added '10.10.10.5' (ECDSA) to the list of known hosts.
Warning: Permanently added '10.10.10.6' (ECDSA) to the list of known hosts.
Warning: Permanently added '10.10.10.4' (ECDSA) to the list of known hosts.
Warning: Permanently added '10.10.10.8' (ECDSA) to the list of known hosts.
Warning: Permanently added '10.10.10.7' (ECDSA) to the list of known hosts.
|None
1497936526.963703|COMPUTATION: Progress = 1.0
1497936526.963882|COMPUTATION: Finish Computation.
1497936533.181321|PLATFORM: State = |1.0|0.908333|62.6667|6|
1497936533.181487|PLATFORM: Finish Platform.
1497936533.185090|PLATFORM: Execution Log = [(1497932896.047789, {'compute_state': 0.0, 'resource_state': '0.661667|122.667', 'nodes': 6}), (1497932907.103028, {'compute_state': 0.0, 'resource_state': '1.06|1913.83', 'nodes': 6}), (1497932918.139937, {'compute_state': 0.0, 'resource_state': '1.43333|2041.33', 'nodes': 6}), (1497932929.85602, {'compute_state': 0.0, 'resource_state': '1.73|2048.83', 'nodes': 6}), (1497932940.918544, {'compute_state': 0.0, 'resource_state': '1.89833|2046.83', 'nodes': 6}), (1497932952.043645, {'compute_state': 0.0, 'resource_state': '2.06833|2049', 'nodes': 6}), (1497932963.15254, {'compute_state': 0.0, 'resource_state': '2.28167|2046.33', 'nodes': 6}), (1497932974.288403, {'compute_state': 0.0, 'resource_state': '2.41|2042', 'nodes': 6}), (1497932985.339427, {'compute_state': 0.0, 'resource_state': '2.44|2030', 'nodes': 6}), (1497932996.395572, {'compute_state': 0.0, 'resource_state': '2.45167|2006.33', 'nodes': 6}), (1497933007.47697, {'compute_state': 0.0, 'resource_state': '2.40333|2006.5', 'nodes': 6}), (1497933018.513505, {'compute_state': 0.0, 'resource_state': '2.34667|1731.17', 'nodes': 6}), (1497933030.505788, {'compute_state': 0.0, 'resource_state': '2.265|1737.67', 'nodes': 6}), (1497933041.50403, {'compute_state': 0.0, 'resource_state': '2|766.333', 'nodes': 6}), (1497933052.11614, {'compute_state': 0.0, 'resource_state': '1.74333|501', 'nodes': 6}), (1497933071.082231, {'compute_state': 0.0, 'resource_state': '1.38667|500.333', 'nodes': 6}), (1497933086.08042, {'compute_state': 0.0, 'resource_state': '1.22333|500.167', 'nodes': 6}), (1497933098.720959, {'compute_state': 0.0, 'resource_state': '1.07833|64.5', 'nodes': 6}), (1497933109.790468, {'compute_state': 0.05000000074505806, 'resource_state': '1.215|1878.83', 'nodes': 6}), (1497933120.834548, {'compute_state': 0.05000000074505806, 'resource_state': '1.33833|2006.17', 'nodes': 6}), (1497933131.880265, {'compute_state': 0.05000000074505806, 'resource_state': '1.44667|2006.5', 'nodes': 6}), (1497933142.94409, {'compute_state': 0.05000000074505806, 'resource_state': '1.60167|2006.17', 'nodes': 6}), (1497933154.014764, {'compute_state': 0.05000000074505806, 'resource_state': '1.665|2006.33', 'nodes': 6}), (1497933165.080894, {'compute_state': 0.05000000074505806, 'resource_state': '1.75167|2006.5', 'nodes': 6}), (1497933176.174518, {'compute_state': 0.05000000074505806, 'resource_state': '1.80667|2006.5', 'nodes': 6}), (1497933187.209293, {'compute_state': 0.05000000074505806, 'resource_state': '1.83667|2006.67', 'nodes': 6}), (1497933198.284071, {'compute_state': 0.05000000074505806, 'resource_state': '1.92|2006.5', 'nodes': 6}), (1497933209.354327, {'compute_state': 0.05000000074505806, 'resource_state': '1.935|1869', 'nodes': 6}), (1497933220.362027, {'compute_state': 0.05000000074505806, 'resource_state': '1.935|1869.17', 'nodes': 6}), (1497933231.361885, {'compute_state': 0.05000000074505806, 'resource_state': '1.88167|1317.33', 'nodes': 6}), (1497933241.968545, {'compute_state': 0.05000000074505806, 'resource_state': '1.66333|500.5', 'nodes': 6}), (1497933252.596674, {'compute_state': 0.05000000074505806, 'resource_state': '1.42667|500.667', 'nodes': 6}), (1497933264.084427, {'compute_state': 0.05000000074505806, 'resource_state': '1.205|500.167', 'nodes': 6}), (1497933274.749701, {'compute_state': 0.05000000074505806, 'resource_state': '1.04|501.167', 'nodes': 6}), (1497933285.435974, {'compute_state': 0.10000000149011612, 'resource_state': '0.92|68.6667', 'nodes': 6}), (1497933296.489298, {'compute_state': 0.10000000149011612, 'resource_state': '1.085|1878', 'nodes': 6}), (1497933307.527944, {'compute_state': 0.10000000149011612, 'resource_state': '1.24667|2005.83', 'nodes': 6}), (1497933318.621509, {'compute_state': 0.10000000149011612, 'resource_state': '1.42333|2006', 'nodes': 6}), (1497933329.728538, {'compute_state': 0.10000000149011612, 'resource_state': '1.535|2005.67', 'nodes': 6}), (1497933340.784814, {'compute_state': 0.10000000149011612, 'resource_state': '1.61333|2005.67', 'nodes': 6}), (1497933351.890588, {'compute_state': 0.10000000149011612, 'resource_state': '1.69|2006.17', 'nodes': 6}), (1497933362.948309, {'compute_state': 0.10000000149011612, 'resource_state': '1.78833|2005.5', 'nodes': 6}), (1497933373.983728, {'compute_state': 0.10000000149011612, 'resource_state': '1.82333|2006', 'nodes': 6}), (1497933385.027557, {'compute_state': 0.10000000149011612, 'resource_state': '1.895|2005.83', 'nodes': 6}), (1497933396.067258, {'compute_state': 0.10000000149011612, 'resource_state': '1.91167|2004.33', 'nodes': 6}), (1497933407.101093, {'compute_state': 0.10000000149011612, 'resource_state': '1.91333|1867.5', 'nodes': 6}), (1497933417.923127, {'compute_state': 0.10000000149011612, 'resource_state': '1.89333|1384.17', 'nodes': 6}), (1497933428.53711, {'compute_state': 0.10000000149011612, 'resource_state': '1.64333|499.333', 'nodes': 6}), (1497933439.504571, {'compute_state': 0.10000000149011612, 'resource_state': '1.42167|499', 'nodes': 6}), (1497933450.343827, {'compute_state': 0.10000000149011612, 'resource_state': '1.29|499.333', 'nodes': 6}), (1497933461.068422, {'compute_state': 0.10000000149011612, 'resource_state': '1.14333|499.167', 'nodes': 6}), (1497933472.131569, {'compute_state': 0.15000000596046448, 'resource_state': '1.16333|1854.67', 'nodes': 6}), (1497933483.152464, {'compute_state': 0.15000000596046448, 'resource_state': '1.35833|2004.17', 'nodes': 6}), (1497933494.200273, {'compute_state': 0.15000000596046448, 'resource_state': '1.45667|2004.5', 'nodes': 6}), (1497933505.246625, {'compute_state': 0.15000000596046448, 'resource_state': '1.57|2004.67', 'nodes': 6}), (1497933516.315147, {'compute_state': 0.15000000596046448, 'resource_state': '1.655|2004.33', 'nodes': 6}), (1497933527.367031, {'compute_state': 0.15000000596046448, 'resource_state': '1.71|2004.67', 'nodes': 6}), (1497933538.419939, {'compute_state': 0.15000000596046448, 'resource_state': '1.765|2005', 'nodes': 6}), (1497933549.493877, {'compute_state': 0.15000000596046448, 'resource_state': '1.815|2005.17', 'nodes': 6}), (1497933560.595039, {'compute_state': 0.15000000596046448, 'resource_state': '1.84667|2004.67', 'nodes': 6}), (1497933571.670178, {'compute_state': 0.15000000596046448, 'resource_state': '1.90167|2005.17', 'nodes': 6}), (1497933582.67687, {'compute_state': 0.15000000596046448, 'resource_state': '1.91667|1867.83', 'nodes': 6}), (1497933594.452361, {'compute_state': 0.15000000596046448, 'resource_state': '1.89667|1223.5', 'nodes': 6}), (1497933605.068292, {'compute_state': 0.15000000596046448, 'resource_state': '1.60667|499.667', 'nodes': 6}), (1497933615.644647, {'compute_state': 0.15000000596046448, 'resource_state': '1.37833|500', 'nodes': 6}), (1497933627.976504, {'compute_state': 0.15000000596046448, 'resource_state': '1.20833|499.167', 'nodes': 6}), (1497933638.572489, {'compute_state': 0.15000000596046448, 'resource_state': '1.045|499.667', 'nodes': 6}), (1497933649.593475, {'compute_state': 0.20000000298023224, 'resource_state': '1.045|1804.17', 'nodes': 6}), (1497933660.612457, {'compute_state': 0.20000000298023224, 'resource_state': '1.22|1877.67', 'nodes': 6}), (1497933671.735166, {'compute_state': 0.20000000298023224, 'resource_state': '1.36333|2005.33', 'nodes': 6}), (1497933682.829618, {'compute_state': 0.20000000298023224, 'resource_state': '1.48|2005.5', 'nodes': 6}), (1497933693.922822, {'compute_state': 0.20000000298023224, 'resource_state': '1.6|2005.5', 'nodes': 6}), (1497933704.967037, {'compute_state': 0.20000000298023224, 'resource_state': '1.695|2005.17', 'nodes': 6}), (1497933716.06995, {'compute_state': 0.20000000298023224, 'resource_state': '1.78667|2005', 'nodes': 6}), (1497933727.206329, {'compute_state': 0.20000000298023224, 'resource_state': '1.835|2005.17', 'nodes': 6}), (1497933738.282141, {'compute_state': 0.20000000298023224, 'resource_state': '1.89667|2005.5', 'nodes': 6}), (1497933749.359791, {'compute_state': 0.20000000298023224, 'resource_state': '1.91167|2005.67', 'nodes': 6}), (1497933760.470496, {'compute_state': 0.20000000298023224, 'resource_state': '1.94167|2005', 'nodes': 6}), (1497933771.462754, {'compute_state': 0.20000000298023224, 'resource_state': '1.925|1595.17', 'nodes': 6}), (1497933782.055374, {'compute_state': 0.20000000298023224, 'resource_state': '1.74333|499.167', 'nodes': 6}), (1497933792.672327, {'compute_state': 0.20000000298023224, 'resource_state': '1.52667|499.667', 'nodes': 6}), (1497933803.665524, {'compute_state': 0.20000000298023224, 'resource_state': '1.395|499.333', 'nodes': 6}), (1497933815.121075, {'compute_state': 0.20000000298023224, 'resource_state': '1.21667|499.667', 'nodes': 6}), (1497933826.119845, {'compute_state': 0.25, 'resource_state': '1.15|1776.67', 'nodes': 6}), (1497933837.185187, {'compute_state': 0.25, 'resource_state': '1.30333|1877.67', 'nodes': 6}), (1497933848.219627, {'compute_state': 0.25, 'resource_state': '1.49667|2005', 'nodes': 6}), (1497933859.263842, {'compute_state': 0.25, 'resource_state': '1.61667|2005.33', 'nodes': 6}), (1497933870.322175, {'compute_state': 0.25, 'resource_state': '1.695|2005.33', 'nodes': 6}), (1497933881.373562, {'compute_state': 0.25, 'resource_state': '1.77|2005.17', 'nodes': 6}), (1497933892.430358, {'compute_state': 0.25, 'resource_state': '1.82333|2005.5', 'nodes': 6}), (1497933903.496204, {'compute_state': 0.25, 'resource_state': '1.92167|2005', 'nodes': 6}), (1497933914.575475, {'compute_state': 0.25, 'resource_state': '1.95833|2005.33', 'nodes': 6}), (1497933925.642906, {'compute_state': 0.25, 'resource_state': '2.005|2005.33', 'nodes': 6}), (1497933936.74368, {'compute_state': 0.25, 'resource_state': '2.02833|2005.17', 'nodes': 6}), (1497933947.730497, {'compute_state': 0.25, 'resource_state': '2.01167|1867.83', 'nodes': 6}), (1497933958.778574, {'compute_state': 0.25, 'resource_state': '1.97167|1867.67', 'nodes': 6}), (1497933969.449008, {'compute_state': 0.25, 'resource_state': '1.845|500.167', 'nodes': 6}), (1497933980.080636, {'compute_state': 0.25, 'resource_state': '1.575|500.5', 'nodes': 6}), (1497933992.376426, {'compute_state': 0.25, 'resource_state': '1.33833|500.333', 'nodes': 6}), (1497934003.393201, {'compute_state': 0.25, 'resource_state': '1.205|499.833', 'nodes': 6}), (1497934014.156487, {'compute_state': 0.30000001192092896, 'resource_state': '1.03333|67.1667', 'nodes': 6}), (1497934025.198937, {'compute_state': 0.30000001192092896, 'resource_state': '1.205|1877.67', 'nodes': 6}), (1497934036.267043, {'compute_state': 0.30000001192092896, 'resource_state': '1.35|2004.67', 'nodes': 6}), (1497934047.342837, {'compute_state': 0.30000001192092896, 'resource_state': '1.45833|2004.83', 'nodes': 6}), (1497934058.410052, {'compute_state': 0.30000001192092896, 'resource_state': '1.61333|2005', 'nodes': 6}), (1497934069.448105, {'compute_state': 0.30000001192092896, 'resource_state': '1.72167|2005', 'nodes': 6}), (1497934080.516378, {'compute_state': 0.30000001192092896, 'resource_state': '1.81|2005', 'nodes': 6}), (1497934091.567276, {'compute_state': 0.30000001192092896, 'resource_state': '1.84167|2004.83', 'nodes': 6}), (1497934102.63682, {'compute_state': 0.30000001192092896, 'resource_state': '1.895|2005', 'nodes': 6}), (1497934113.736605, {'compute_state': 0.30000001192092896, 'resource_state': '1.96833|2005', 'nodes': 6}), (1497934124.777624, {'compute_state': 0.30000001192092896, 'resource_state': '1.97333|2004.67', 'nodes': 6}), (1497934135.795622, {'compute_state': 0.30000001192092896, 'resource_state': '1.98833|1867.5', 'nodes': 6}), (1497934146.785874, {'compute_state': 0.30000001192092896, 'resource_state': '1.96667|1867.67', 'nodes': 6}), (1497934157.37195, {'compute_state': 0.30000001192092896, 'resource_state': '1.78833|499.167', 'nodes': 6}), (1497934167.993525, {'compute_state': 0.30000001192092896, 'resource_state': '1.565|500', 'nodes': 6}), (1497934178.724893, {'compute_state': 0.30000001192092896, 'resource_state': '1.44|499.833', 'nodes': 6}), (1497934189.340661, {'compute_state': 0.30000001192092896, 'resource_state': '1.26833|500', 'nodes': 6}), (1497934200.31604, {'compute_state': 0.30000001192092896, 'resource_state': '1.13833|499.833', 'nodes': 6}), (1497934211.35095, {'compute_state': 0.3499999940395355, 'resource_state': '1.23333|1877.5', 'nodes': 6}), (1497934222.42513, {'compute_state': 0.3499999940395355, 'resource_state': '1.38|2005', 'nodes': 6}), (1497934233.496292, {'compute_state': 0.3499999940395355, 'resource_state': '1.50167|2005.5', 'nodes': 6}), (1497934244.587708, {'compute_state': 0.3499999940395355, 'resource_state': '1.59167|2005.33', 'nodes': 6}), (1497934255.672555, {'compute_state': 0.3499999940395355, 'resource_state': '1.675|2004.33', 'nodes': 6}), (1497934266.79761, {'compute_state': 0.3499999940395355, 'resource_state': '1.73|2005.17', 'nodes': 6}), (1497934277.86209, {'compute_state': 0.3499999940395355, 'resource_state': '1.79167|2005.17', 'nodes': 6}), (1497934288.945192, {'compute_state': 0.3499999940395355, 'resource_state': '1.895|2005', 'nodes': 6}), (1497934300.033655, {'compute_state': 0.3499999940395355, 'resource_state': '1.92667|2004.83', 'nodes': 6}), (1497934311.060409, {'compute_state': 0.3499999940395355, 'resource_state': '1.94167|2005', 'nodes': 6}), (1497934322.039795, {'compute_state': 0.3499999940395355, 'resource_state': '1.95|1868.17', 'nodes': 6}), (1497934333.044302, {'compute_state': 0.3499999940395355, 'resource_state': '1.93333|1868', 'nodes': 6}), (1497934343.669324, {'compute_state': 0.3499999940395355, 'resource_state': '1.815|499.667', 'nodes': 6}), (1497934354.284132, {'compute_state': 0.3499999940395355, 'resource_state': '1.53|500', 'nodes': 6}), (1497934365.892096, {'compute_state': 0.3499999940395355, 'resource_state': '1.29833|500.5', 'nodes': 6}), (1497934376.520513, {'compute_state': 0.3499999940395355, 'resource_state': '1.12333|500.667', 'nodes': 6}), (1497934387.163051, {'compute_state': 0.4000000059604645, 'resource_state': '0.988333|64.8333', 'nodes': 6}), (1497934398.199485, {'compute_state': 0.4000000059604645, 'resource_state': '1.14667|1877.5', 'nodes': 6}), (1497934409.266756, {'compute_state': 0.4000000059604645, 'resource_state': '1.33|2004.83', 'nodes': 6}), (1497934420.290342, {'compute_state': 0.4000000059604645, 'resource_state': '1.45833|2005.33', 'nodes': 6}), (1497934431.318664, {'compute_state': 0.4000000059604645, 'resource_state': '1.56333|2005.5', 'nodes': 6}), (1497934442.377319, {'compute_state': 0.4000000059604645, 'resource_state': '1.64833|2005.17', 'nodes': 6}), (1497934453.438109, {'compute_state': 0.4000000059604645, 'resource_state': '1.71833|2005.17', 'nodes': 6}), (1497934464.508165, {'compute_state': 0.4000000059604645, 'resource_state': '1.81167|2005.17', 'nodes': 6}), (1497934475.606014, {'compute_state': 0.4000000059604645, 'resource_state': '1.86833|2005.17', 'nodes': 6}), (1497934486.6802, {'compute_state': 0.4000000059604645, 'resource_state': '1.92|2005', 'nodes': 6}), (1497934497.748211, {'compute_state': 0.4000000059604645, 'resource_state': '1.93333|2005', 'nodes': 6}), (1497934509.021095, {'compute_state': 0.4000000059604645, 'resource_state': '1.94333|2005.17', 'nodes': 6}), (1497934519.628938, {'compute_state': 0.4000000059604645, 'resource_state': '1.78333|499.833', 'nodes': 6}), (1497934530.228808, {'compute_state': 0.4000000059604645, 'resource_state': '1.54167|500.333', 'nodes': 6}), (1497934541.048272, {'compute_state': 0.4000000059604645, 'resource_state': '1.31333|500.333', 'nodes': 6}), (1497934551.689131, {'compute_state': 0.4000000059604645, 'resource_state': '1.13667|500.333', 'nodes': 6}), (1497934562.297009, {'compute_state': 0.4000000059604645, 'resource_state': '1.02667|500.833', 'nodes': 6}), (1497934573.342146, {'compute_state': 0.44999998807907104, 'resource_state': '1.075|1877.17', 'nodes': 6}), (1497934584.434257, {'compute_state': 0.44999998807907104, 'resource_state': '1.31167|2004.17', 'nodes': 6}), (1497934595.529034, {'compute_state': 0.44999998807907104, 'resource_state': '1.44167|2004.83', 'nodes': 6}), (1497934606.608407, {'compute_state': 0.44999998807907104, 'resource_state': '1.54667|2005.33', 'nodes': 6}), (1497934617.65368, {'compute_state': 0.44999998807907104, 'resource_state': '1.65|2005.33', 'nodes': 6}), (1497934628.725009, {'compute_state': 0.44999998807907104, 'resource_state': '1.72|2005.33', 'nodes': 6}), (1497934639.810338, {'compute_state': 0.44999998807907104, 'resource_state': '1.825|2005.33', 'nodes': 6}), (1497934650.865617, {'compute_state': 0.44999998807907104, 'resource_state': '1.87|2005.33', 'nodes': 6}), (1497934661.936662, {'compute_state': 0.44999998807907104, 'resource_state': '1.89333|2005.33', 'nodes': 6}), (1497934673.005124, {'compute_state': 0.44999998807907104, 'resource_state': '1.925|2005.33', 'nodes': 6}), (1497934684.229009, {'compute_state': 0.44999998807907104, 'resource_state': '1.95167|1870.17', 'nodes': 6}), (1497934694.877855, {'compute_state': 0.44999998807907104, 'resource_state': '1.75|500', 'nodes': 6}), (1497934705.510161, {'compute_state': 0.44999998807907104, 'resource_state': '1.55167|500.333', 'nodes': 6}), (1497934717.048916, {'compute_state': 0.44999998807907104, 'resource_state': '1.37167|500.667', 'nodes': 6}), (1497934727.924652, {'compute_state': 0.44999998807907104, 'resource_state': '1.19833|499.5', 'nodes': 6}), (1497934738.576957, {'compute_state': 0.44999998807907104, 'resource_state': '1.065|63.1667', 'nodes': 6}), (1497934749.658738, {'compute_state': 0.5, 'resource_state': '1.175|1877.67', 'nodes': 6}), (1497934760.795023, {'compute_state': 0.5, 'resource_state': '1.31333|2005', 'nodes': 6}), (1497934771.854628, {'compute_state': 0.5, 'resource_state': '1.45|2005.17', 'nodes': 6}), (1497934782.941658, {'compute_state': 0.5, 'resource_state': '1.55833|2005', 'nodes': 6}), (1497934794.054759, {'compute_state': 0.5, 'resource_state': '1.68167|2005.17', 'nodes': 6}), (1497934805.104202, {'compute_state': 0.5, 'resource_state': '1.74333|2005.33', 'nodes': 6}), (1497934816.18293, {'compute_state': 0.5, 'resource_state': '1.81833|2005.33', 'nodes': 6}), (1497934827.240918, {'compute_state': 0.5, 'resource_state': '1.84333|2005.17', 'nodes': 6}), (1497934838.338017, {'compute_state': 0.5, 'resource_state': '1.87167|2005.33', 'nodes': 6}), (1497934849.414922, {'compute_state': 0.5, 'resource_state': '1.92167|2005', 'nodes': 6}), (1497934861.64954, {'compute_state': 0.5, 'resource_state': '1.95|1929.67', 'nodes': 6}), (1497934872.269006, {'compute_state': 0.5, 'resource_state': '1.715|499.667', 'nodes': 6}), (1497934882.892869, {'compute_state': 0.5, 'resource_state': '1.51|499.833', 'nodes': 6}), (1497934894.961394, {'compute_state': 0.5, 'resource_state': '1.32167|500', 'nodes': 6}), (1497934905.632953, {'compute_state': 0.5, 'resource_state': '1.15667|500', 'nodes': 6}), (1497934916.714039, {'compute_state': 0.550000011920929, 'resource_state': '1.16|1827.33', 'nodes': 6}), (1497934927.754218, {'compute_state': 0.550000011920929, 'resource_state': '1.315|1877.83', 'nodes': 6}), (1497934938.828357, {'compute_state': 0.550000011920929, 'resource_state': '1.435|2005.17', 'nodes': 6}), (1497934949.891734, {'compute_state': 0.550000011920929, 'resource_state': '1.56833|2005.17', 'nodes': 6}), (1497934960.986591, {'compute_state': 0.550000011920929, 'resource_state': '1.66667|2005', 'nodes': 6}), (1497934972.074157, {'compute_state': 0.550000011920929, 'resource_state': '1.725|2005', 'nodes': 6}), (1497934983.151325, {'compute_state': 0.550000011920929, 'resource_state': '1.785|2004.83', 'nodes': 6}), (1497934994.231284, {'compute_state': 0.550000011920929, 'resource_state': '1.88667|2005', 'nodes': 6}), (1497935005.312742, {'compute_state': 0.550000011920929, 'resource_state': '1.90833|2005.17', 'nodes': 6}), (1497935016.383107, {'compute_state': 0.550000011920929, 'resource_state': '1.98|2005', 'nodes': 6}), (1497935027.472055, {'compute_state': 0.550000011920929, 'resource_state': '1.985|2005', 'nodes': 6}), (1497935038.10443, {'compute_state': 0.550000011920929, 'resource_state': '1.96167|646.333', 'nodes': 6}), (1497935048.720972, {'compute_state': 0.550000011920929, 'resource_state': '1.71|499.833', 'nodes': 6}), (1497935059.357569, {'compute_state': 0.550000011920929, 'resource_state': '1.49333|499.667', 'nodes': 6}), (1497935070.009848, {'compute_state': 0.550000011920929, 'resource_state': '1.32833|499.667', 'nodes': 6}), (1497935080.620362, {'compute_state': 0.550000011920929, 'resource_state': '1.18167|499.667', 'nodes': 6}), (1497935091.63949, {'compute_state': 0.6000000238418579, 'resource_state': '1.14333|1791.5', 'nodes': 6}), (1497935102.734197, {'compute_state': 0.6000000238418579, 'resource_state': '1.30167|1877.5', 'nodes': 6}), (1497935113.863668, {'compute_state': 0.6000000238418579, 'resource_state': '1.44|2004.67', 'nodes': 6}), (1497935124.996538, {'compute_state': 0.6000000238418579, 'resource_state': '1.59333|2005', 'nodes': 6}), (1497935136.083512, {'compute_state': 0.6000000238418579, 'resource_state': '1.66333|2004.67', 'nodes': 6}), (1497935147.165217, {'compute_state': 0.6000000238418579, 'resource_state': '1.745|2004.67', 'nodes': 6}), (1497935158.230689, {'compute_state': 0.6000000238418579, 'resource_state': '1.80167|2004.67', 'nodes': 6}), (1497935169.299725, {'compute_state': 0.6000000238418579, 'resource_state': '1.91333|2005', 'nodes': 6}), (1497935180.37819, {'compute_state': 0.6000000238418579, 'resource_state': '2.00333|2005.17', 'nodes': 6}), (1497935191.46746, {'compute_state': 0.6000000238418579, 'resource_state': '2.045|2005', 'nodes': 6}), (1497935202.5213, {'compute_state': 0.6000000238418579, 'resource_state': '2.03833|2004.83', 'nodes': 6}), (1497935214.293579, {'compute_state': 0.6000000238418579, 'resource_state': '2.03167|1917', 'nodes': 6}), (1497935224.917925, {'compute_state': 0.6000000238418579, 'resource_state': '1.80667|499.833', 'nodes': 6}), (1497935235.549885, {'compute_state': 0.6000000238418579, 'resource_state': '1.56667|499.667', 'nodes': 6}), (1497935246.272975, {'compute_state': 0.6000000238418579, 'resource_state': '1.36167|499.5', 'nodes': 6}), (1497935257.145328, {'compute_state': 0.6000000238418579, 'resource_state': '1.20333|499.167', 'nodes': 6}), (1497935268.219867, {'compute_state': 0.6499999761581421, 'resource_state': '1.08333|1774', 'nodes': 6}), (1497935279.267027, {'compute_state': 0.6499999761581421, 'resource_state': '1.23167|1877.33', 'nodes': 6}), (1497935290.35177, {'compute_state': 0.6499999761581421, 'resource_state': '1.39833|2005.17', 'nodes': 6}), (1497935301.450677, {'compute_state': 0.6499999761581421, 'resource_state': '1.515|2005.33', 'nodes': 6}), (1497935312.528001, {'compute_state': 0.6499999761581421, 'resource_state': '1.59833|2005', 'nodes': 6}), (1497935323.604985, {'compute_state': 0.6499999761581421, 'resource_state': '1.67833|2005.33', 'nodes': 6}), (1497935334.698486, {'compute_state': 0.6499999761581421, 'resource_state': '1.77833|2005.5', 'nodes': 6}), (1497935345.75158, {'compute_state': 0.6499999761581421, 'resource_state': '1.81333|2004.83', 'nodes': 6}), (1497935356.844321, {'compute_state': 0.6499999761581421, 'resource_state': '1.86|2005', 'nodes': 6}), (1497935367.899876, {'compute_state': 0.6499999761581421, 'resource_state': '1.89833|2005.5', 'nodes': 6}), (1497935378.988951, {'compute_state': 0.6499999761581421, 'resource_state': '1.91333|2005.33', 'nodes': 6}), (1497935391.543483, {'compute_state': 0.6499999761581421, 'resource_state': '1.93167|1889.5', 'nodes': 6}), (1497935402.208835, {'compute_state': 0.6499999761581421, 'resource_state': '1.72167|499.5', 'nodes': 6}), (1497935412.852882, {'compute_state': 0.6499999761581421, 'resource_state': '1.48333|499.833', 'nodes': 6}), (1497935423.744362, {'compute_state': 0.6499999761581421, 'resource_state': '1.26333|500', 'nodes': 6}), (1497935434.453666, {'compute_state': 0.6499999761581421, 'resource_state': '1.175|499.333', 'nodes': 6}), (1497935445.090336, {'compute_state': 0.6499999761581421, 'resource_state': '1.00833|63.8333', 'nodes': 6}), (1497935456.186765, {'compute_state': 0.699999988079071, 'resource_state': '1.2|1877.83', 'nodes': 6}), (1497935467.252717, {'compute_state': 0.699999988079071, 'resource_state': '1.34833|2005.17', 'nodes': 6}), (1497935478.457102, {'compute_state': 0.699999988079071, 'resource_state': '1.48333|2005.17', 'nodes': 6}), (1497935489.521324, {'compute_state': 0.699999988079071, 'resource_state': '1.605|2004.67', 'nodes': 6}), (1497935500.59737, {'compute_state': 0.699999988079071, 'resource_state': '1.69333|2005', 'nodes': 6}), (1497935511.674106, {'compute_state': 0.699999988079071, 'resource_state': '1.75667|2005.17', 'nodes': 6}), (1497935522.776198, {'compute_state': 0.699999988079071, 'resource_state': '1.82333|2005.17', 'nodes': 6}), (1497935533.850463, {'compute_state': 0.699999988079071, 'resource_state': '1.85167|2005.17', 'nodes': 6}), (1497935544.948046, {'compute_state': 0.699999988079071, 'resource_state': '1.93333|2004.83', 'nodes': 6}), (1497935556.040239, {'compute_state': 0.699999988079071, 'resource_state': '1.95833|2005.33', 'nodes': 6}), (1497935567.228053, {'compute_state': 0.699999988079071, 'resource_state': '1.92833|1346', 'nodes': 6}), (1497935577.848805, {'compute_state': 0.699999988079071, 'resource_state': '1.69|499.5', 'nodes': 6}), (1497935588.489294, {'compute_state': 0.699999988079071, 'resource_state': '1.49167|500', 'nodes': 6}), (1497935599.504453, {'compute_state': 0.699999988079071, 'resource_state': '1.29|500.167', 'nodes': 6}), (1497935610.101091, {'compute_state': 0.699999988079071, 'resource_state': '1.17167|499.833', 'nodes': 6}), (1497935621.148639, {'compute_state': 0.75, 'resource_state': '1.20333|1849.17', 'nodes': 6}), (1497935632.174566, {'compute_state': 0.75, 'resource_state': '1.335|1877.17', 'nodes': 6}), (1497935643.264797, {'compute_state': 0.75, 'resource_state': '1.475|2005.17', 'nodes': 6}), (1497935654.337094, {'compute_state': 0.75, 'resource_state': '1.57167|2005', 'nodes': 6}), (1497935665.404852, {'compute_state': 0.75, 'resource_state': '1.69167|2004.67', 'nodes': 6}), (1497935676.483408, {'compute_state': 0.75, 'resource_state': '1.75667|2004.67', 'nodes': 6}), (1497935687.578714, {'compute_state': 0.75, 'resource_state': '1.81333|2005.17', 'nodes': 6}), (1497935698.641239, {'compute_state': 0.75, 'resource_state': '1.845|2005', 'nodes': 6}), (1497935709.724831, {'compute_state': 0.75, 'resource_state': '1.99|2004.67', 'nodes': 6}), (1497935720.872381, {'compute_state': 0.75, 'resource_state': '1.99333|2005.17', 'nodes': 6}), (1497935731.957803, {'compute_state': 0.75, 'resource_state': '2.025|2005', 'nodes': 6}), (1497935743.410604, {'compute_state': 0.75, 'resource_state': '2.04833|1517.67', 'nodes': 6}), (1497935754.008563, {'compute_state': 0.75, 'resource_state': '1.75833|499.833', 'nodes': 6}), (1497935764.632113, {'compute_state': 0.75, 'resource_state': '1.51333|499.667', 'nodes': 6}), (1497935775.505082, {'compute_state': 0.75, 'resource_state': '1.27667|499.833', 'nodes': 6}), (1497935786.128684, {'compute_state': 0.75, 'resource_state': '1.105|499.667', 'nodes': 6}), (1497935797.171238, {'compute_state': 0.800000011920929, 'resource_state': '1.10667|1806.17', 'nodes': 6}), (1497935808.246498, {'compute_state': 0.800000011920929, 'resource_state': '1.25833|1877.5', 'nodes': 6}), (1497935819.301453, {'compute_state': 0.800000011920929, 'resource_state': '1.37|2004.83', 'nodes': 6}), (1497935830.382776, {'compute_state': 0.800000011920929, 'resource_state': '1.52667|2005', 'nodes': 6}), (1497935841.451495, {'compute_state': 0.800000011920929, 'resource_state': '1.63333|2005.17', 'nodes': 6}), (1497935852.497122, {'compute_state': 0.800000011920929, 'resource_state': '1.70833|2005.33', 'nodes': 6}), (1497935863.546333, {'compute_state': 0.800000011920929, 'resource_state': '1.77167|2005.17', 'nodes': 6}), (1497935874.654635, {'compute_state': 0.800000011920929, 'resource_state': '1.82167|2005.33', 'nodes': 6}), (1497935885.72159, {'compute_state': 0.800000011920929, 'resource_state': '1.88|2005.17', 'nodes': 6}), (1497935896.84594, {'compute_state': 0.800000011920929, 'resource_state': '1.90167|2005.33', 'nodes': 6}), (1497935907.913969, {'compute_state': 0.800000011920929, 'resource_state': '1.92|2005.33', 'nodes': 6}), (1497935918.5249, {'compute_state': 0.800000011920929, 'resource_state': '1.855|499.167', 'nodes': 6}), (1497935929.14128, {'compute_state': 0.800000011920929, 'resource_state': '1.60833|499.667', 'nodes': 6}), (1497935939.760877, {'compute_state': 0.800000011920929, 'resource_state': '1.39167|500.167', 'nodes': 6}), (1497935951.812887, {'compute_state': 0.800000011920929, 'resource_state': '1.21|499.333', 'nodes': 6}), (1497935962.428539, {'compute_state': 0.800000011920929, 'resource_state': '1.11167|500', 'nodes': 6}), (1497935973.496174, {'compute_state': 0.8500000238418579, 'resource_state': '1.125|1847.5', 'nodes': 6}), (1497935984.548397, {'compute_state': 0.8500000238418579, 'resource_state': '1.27667|1877.5', 'nodes': 6}), (1497935995.580611, {'compute_state': 0.8500000238418579, 'resource_state': '1.435|2005.5', 'nodes': 6}), (1497936006.680537, {'compute_state': 0.8500000238418579, 'resource_state': '1.57|2005.5', 'nodes': 6}), (1497936017.770939, {'compute_state': 0.8500000238418579, 'resource_state': '1.655|2005.33', 'nodes': 6}), (1497936028.826272, {'compute_state': 0.8500000238418579, 'resource_state': '1.72833|2005', 'nodes': 6}), (1497936039.876479, {'compute_state': 0.8500000238418579, 'resource_state': '1.79667|2005.33', 'nodes': 6}), (1497936050.943851, {'compute_state': 0.8500000238418579, 'resource_state': '1.87667|2005.33', 'nodes': 6}), (1497936061.978186, {'compute_state': 0.8500000238418579, 'resource_state': '1.91|2005.33', 'nodes': 6}), (1497936073.179545, {'compute_state': 0.8500000238418579, 'resource_state': '1.92833|2005.5', 'nodes': 6}), (1497936084.23359, {'compute_state': 0.8500000238418579, 'resource_state': '1.955|2005', 'nodes': 6}), (1497936095.45824, {'compute_state': 0.8500000238418579, 'resource_state': '1.95333|1630.67', 'nodes': 6}), (1497936106.084979, {'compute_state': 0.8500000238418579, 'resource_state': '1.74167|499.833', 'nodes': 6}), (1497936116.682048, {'compute_state': 0.8500000238418579, 'resource_state': '1.505|499.833', 'nodes': 6}), (1497936127.777509, {'compute_state': 0.8500000238418579, 'resource_state': '1.28167|499.833', 'nodes': 6}), (1497936138.412523, {'compute_state': 0.8500000238418579, 'resource_state': '1.13333|500', 'nodes': 6}), (1497936150.189195, {'compute_state': 0.8500000238418579, 'resource_state': '1.02667|90.1667', 'nodes': 6}), (1497936161.213136, {'compute_state': 0.8999999761581421, 'resource_state': '1.215|1878', 'nodes': 6}), (1497936172.259165, {'compute_state': 0.8999999761581421, 'resource_state': '1.38333|2004.83', 'nodes': 6}), (1497936183.367979, {'compute_state': 0.8999999761581421, 'resource_state': '1.47833|2005', 'nodes': 6}), (1497936194.421815, {'compute_state': 0.8999999761581421, 'resource_state': '1.59333|2005', 'nodes': 6}), (1497936205.508522, {'compute_state': 0.8999999761581421, 'resource_state': '1.72333|2005.33', 'nodes': 6}), (1497936216.591999, {'compute_state': 0.8999999761581421, 'resource_state': '1.78167|2005.17', 'nodes': 6}), (1497936227.643717, {'compute_state': 0.8999999761581421, 'resource_state': '1.835|2005.33', 'nodes': 6}), (1497936238.704191, {'compute_state': 0.8999999761581421, 'resource_state': '1.87667|2005', 'nodes': 6}), (1497936249.792527, {'compute_state': 0.8999999761581421, 'resource_state': '1.895|2005', 'nodes': 6}), (1497936260.874534, {'compute_state': 0.8999999761581421, 'resource_state': '1.94167|2004.83', 'nodes': 6}), (1497936271.884811, {'compute_state': 0.8999999761581421, 'resource_state': '1.94|1591.83', 'nodes': 6}), (1497936282.828228, {'compute_state': 0.8999999761581421, 'resource_state': '1.87333|1454.17', 'nodes': 6}), (1497936293.441424, {'compute_state': 0.8999999761581421, 'resource_state': '1.65833|499.667', 'nodes': 6}), (1497936304.041188, {'compute_state': 0.8999999761581421, 'resource_state': '1.42|499.667', 'nodes': 6}), (1497936314.677004, {'compute_state': 0.8999999761581421, 'resource_state': '1.24167|499.5', 'nodes': 6}), (1497936325.281128, {'compute_state': 0.8999999761581421, 'resource_state': '1.10167|499.667', 'nodes': 6}), (1497936335.92943, {'compute_state': 0.8999999761581421, 'resource_state': '0.978333|499.667', 'nodes': 6}), (1497936346.960102, {'compute_state': 0.949999988079071, 'resource_state': '1.02833|1831', 'nodes': 6}), (1497936358.020745, {'compute_state': 0.949999988079071, 'resource_state': '1.23|1878', 'nodes': 6}), (1497936369.118623, {'compute_state': 0.949999988079071, 'resource_state': '1.37|2005.17', 'nodes': 6}), (1497936380.199948, {'compute_state': 0.949999988079071, 'resource_state': '1.485|2005', 'nodes': 6}), (1497936391.247207, {'compute_state': 0.949999988079071, 'resource_state': '1.605|2005.33', 'nodes': 6}), (1497936402.318674, {'compute_state': 0.949999988079071, 'resource_state': '1.685|2004.83', 'nodes': 6}), (1497936413.393392, {'compute_state': 0.949999988079071, 'resource_state': '1.775|2005.17', 'nodes': 6}), (1497936424.495969, {'compute_state': 0.949999988079071, 'resource_state': '1.82667|2004.83', 'nodes': 6}), (1497936435.516209, {'compute_state': 0.949999988079071, 'resource_state': '1.90167|2004.83', 'nodes': 6}), (1497936446.579549, {'compute_state': 0.949999988079071, 'resource_state': '1.92667|2005.33', 'nodes': 6}), (1497936457.725735, {'compute_state': 0.949999988079071, 'resource_state': '1.955|2005', 'nodes': 6}), (1497936468.720017, {'compute_state': 0.949999988079071, 'resource_state': '1.90833|1592.17', 'nodes': 6}), (1497936480.02269, {'compute_state': 0.949999988079071, 'resource_state': '1.77333|498.667', 'nodes': 6}), (1497936490.649506, {'compute_state': 0.949999988079071, 'resource_state': '1.535|499.5', 'nodes': 6}), (1497936501.276998, {'compute_state': 0.949999988079071, 'resource_state': '1.365|499.667', 'nodes': 6}), (1497936511.933322, {'compute_state': 0.949999988079071, 'resource_state': '1.18833|499', 'nodes': 6}), (1497936522.549068, {'compute_state': 0.949999988079071, 'resource_state': '1.04333|499.5', 'nodes': 6}), (1497936533.181235, {'compute_state': 1.0, 'resource_state': '0.908333|62.6667', 'nodes': 6})]
1497936533.187133|SYSTEM: Waiting on Computation to finish.
1497936533.187249|SYSTEM: Good bye...
