1497905112.057199|SYSTEM: Starting Platform.
1497905112.059538|SYSTEM: Starting Computation.
1497905112.062671|SYSTEM: Waiting on Platform to finish.
1497905112.068624|PLATFORM: QoS Values ={'execution_time': 0.0, 'resource_efficiency': 0.0, 'cost': 0.0, 'power_consumption': 0.0, 'accuracy': 0.0}
1497905112.068853|PLATFORM: QoS Weight ={'execution_time': 0.0, 'resource_efficiency': 0.0, 'cost': 0.0, 'power_consumption': 0.0, 'accuracy': 0.0}
1497905112.068954|PLATFORM: QoS Factor =0.0
1497905112.069045|PLATFORM: Monitor Interval = 10
1497905112.069118|PLATFORM: Sample Interval = 10
1497905112.069192|PLATFORM: Reconfiguration Interval = 10
1497905112.069262|PLATFORM: http://200.19.177.89:33004:elastic_cluster_30524f64-2172-4b0c-a21d-18ade60f1e74:3cbcdfa0-cb1a-44c9-8860-92223484b3ee
1497905113.886935|PLATFORM: Number Of Nodes = 2
1497905117.079415|COMPUTATION: Starting Computation.
1497905117.079794|COMPUTATION: Start (MatrixSize, Iteration) = |8000|0|
1497905117.080311|COMPUTATION: ['mpirun', '-n', '4', '-machinefile', '/home/ubuntu/machinefile', '/home/ubuntu/repositorios/elastichpc/beta/trials/Matrix.py', '8000', '/home/ubuntu/teste.mtr_0']
1497905124.887204|PLATFORM: State = |0.0|0.515|1581.5|2|
1497905135.898805|PLATFORM: State = |0.0|0.835|1827.5|2|
1497905146.862738|PLATFORM: State = |0.0|1.05|1827|2|
1497905157.847945|PLATFORM: State = |0.0|1.195|1827.5|2|
1497905168.869227|PLATFORM: State = |0.0|1.32|1827.5|2|
1497905179.843486|PLATFORM: State = |0.0|1.425|1827.5|2|
1497905190.871302|PLATFORM: State = |0.0|1.535|1827.5|2|
1497905201.824037|PLATFORM: State = |0.0|1.655|1827|2|
1497905212.827597|PLATFORM: State = |0.0|1.71|1827|2|
1497905223.789871|PLATFORM: State = |0.0|1.755|1827.5|2|
1497905234.778028|PLATFORM: State = |0.0|1.795|1827|2|
1497905245.719352|PLATFORM: State = |0.0|1.83|1827.5|2|
1497905256.716302|PLATFORM: State = |0.0|1.905|1827.5|2|
1497905267.699327|PLATFORM: State = |0.0|1.915|1827|2|
1497905278.670384|PLATFORM: State = |0.0|1.935|1827|2|
1497905289.577987|PLATFORM: State = |0.0|1.945|1673.5|2|
1497905300.153155|PLATFORM: State = |0.0|1.7|971.5|2|
1497905310.730924|PLATFORM: State = |0.0|1.515|971.5|2|
1497905321.256181|PLATFORM: State = |0.0|1.405|971.5|2|
1497905329.049335|COMPUTATION: End (MatrixSize, Iteration) = |8000|0|
1497905329.470707|COMPUTATION: Execution = Warning: Permanently added '10.10.10.4' (ECDSA) to the list of known hosts.
|None
1497905329.471570|COMPUTATION: Progress = 0.05
1497905329.471638|COMPUTATION: Start (MatrixSize, Iteration) = |8000|1|
1497905329.471980|COMPUTATION: ['mpirun', '-n', '4', '-machinefile', '/home/ubuntu/machinefile', '/home/ubuntu/repositorios/elastichpc/beta/trials/Matrix.py', '8000', '/home/ubuntu/teste.mtr_1']
1497905332.219780|PLATFORM: State = |0.0500000007451|1.385|1533.5|2|
1497905343.169883|PLATFORM: State = |0.0500000007451|1.48|1827|2|
1497905354.192497|PLATFORM: State = |0.0500000007451|1.565|1826.5|2|
1497905365.188880|PLATFORM: State = |0.0500000007451|1.69|1828|2|
1497905376.161527|PLATFORM: State = |0.0500000007451|1.79|1828|2|
1497905387.144413|PLATFORM: State = |0.0500000007451|1.82|1828|2|
1497905398.108031|PLATFORM: State = |0.0500000007451|1.85|1828|2|
1497905409.095579|PLATFORM: State = |0.0500000007451|1.875|1828|2|
1497905420.094460|PLATFORM: State = |0.0500000007451|1.89|1827.5|2|
1497905431.095881|PLATFORM: State = |0.0500000007451|1.915|1827.5|2|
1497905442.081916|PLATFORM: State = |0.0500000007451|1.96|1828|2|
1497905453.103639|PLATFORM: State = |0.0500000007451|1.97|1827.5|2|
1497905464.101757|PLATFORM: State = |0.0500000007451|1.975|1827.5|2|
1497905475.068094|PLATFORM: State = |0.0500000007451|1.98|1827.5|2|
1497905486.025533|PLATFORM: State = |0.0500000007451|1.985|1828|2|
1497905496.982824|PLATFORM: State = |0.0500000007451|2.025|1827|2|
1497905507.463368|PLATFORM: State = |0.0500000007451|1.83|972|2|
1497905517.988052|PLATFORM: State = |0.0500000007451|1.665|972.5|2|
1497905528.531323|PLATFORM: State = |0.0500000007451|1.52|973|2|
1497905529.437677|COMPUTATION: End (MatrixSize, Iteration) = |8000|1|
1497905530.537834|COMPUTATION: Execution = Warning: Permanently added '10.10.10.4' (ECDSA) to the list of known hosts.
|None
1497905530.538168|COMPUTATION: Progress = 0.1
1497905530.538268|COMPUTATION: Start (MatrixSize, Iteration) = |8000|2|
1497905530.538812|COMPUTATION: ['mpirun', '-n', '4', '-machinefile', '/home/ubuntu/machinefile', '/home/ubuntu/repositorios/elastichpc/beta/trials/Matrix.py', '8000', '/home/ubuntu/teste.mtr_2']
1497905539.483740|PLATFORM: State = |0.10000000149|1.485|1583|2|
1497905550.477076|PLATFORM: State = |0.10000000149|1.635|1826.5|2|
1497905561.633317|PLATFORM: State = |0.10000000149|1.855|1827|2|
1497905572.538491|PLATFORM: State = |0.10000000149|1.875|1828|2|
1497905583.515401|PLATFORM: State = |0.10000000149|1.895|1827.5|2|
1497905594.582984|PLATFORM: State = |0.10000000149|1.91|1828|2|
1497905605.555914|PLATFORM: State = |0.10000000149|1.935|1827|2|
1497905616.487532|PLATFORM: State = |0.10000000149|1.985|1827.5|2|
1497905627.433112|PLATFORM: State = |0.10000000149|1.985|1827.5|2|
1497905638.393633|PLATFORM: State = |0.10000000149|1.985|1827|2|
1497905649.366987|PLATFORM: State = |0.10000000149|1.99|1827|2|
1497905660.369353|PLATFORM: State = |0.10000000149|2.035|1827|2|
1497905671.313918|PLATFORM: State = |0.10000000149|2.065|1827.5|2|
1497905682.274570|PLATFORM: State = |0.10000000149|2.055|1827|2|
1497905693.293275|PLATFORM: State = |0.10000000149|2.045|1827|2|
1497905703.819243|PLATFORM: State = |0.10000000149|2|970.5|2|
1497905714.456536|PLATFORM: State = |0.10000000149|1.85|970.5|2|
1497905724.989042|PLATFORM: State = |0.10000000149|1.755|971.5|2|
1497905732.436017|COMPUTATION: End (MatrixSize, Iteration) = |8000|2|
1497905733.217586|COMPUTATION: Execution = Warning: Permanently added '10.10.10.4' (ECDSA) to the list of known hosts.
|None
1497905733.218830|COMPUTATION: Progress = 0.15
1497905733.218949|COMPUTATION: Start (MatrixSize, Iteration) = |8000|3|
1497905733.219350|COMPUTATION: ['mpirun', '-n', '4', '-machinefile', '/home/ubuntu/machinefile', '/home/ubuntu/repositorios/elastichpc/beta/trials/Matrix.py', '8000', '/home/ubuntu/teste.mtr_3']
1497905735.967556|PLATFORM: State = |0.15000000596|1.75|1525|2|
1497905746.939473|PLATFORM: State = |0.15000000596|1.825|1825.5|2|
1497905757.945181|PLATFORM: State = |0.15000000596|1.85|1825.5|2|
1497905768.959734|PLATFORM: State = |0.15000000596|1.88|1825|2|
1497905779.924966|PLATFORM: State = |0.15000000596|1.895|1826.5|2|
1497905790.865166|PLATFORM: State = |0.15000000596|2|1826|2|
1497905801.831989|PLATFORM: State = |0.15000000596|2|1826.5|2|
1497905812.818171|PLATFORM: State = |0.15000000596|1.995|1826|2|
1497905823.804925|PLATFORM: State = |0.15000000596|2|1826|2|
1497905834.852049|PLATFORM: State = |0.15000000596|2|1826|2|
1497905845.765988|PLATFORM: State = |0.15000000596|2.04|1826.5|2|
1497905856.693275|PLATFORM: State = |0.15000000596|2.075|1827|2|
1497905867.684111|PLATFORM: State = |0.15000000596|2.06|1827|2|
1497905878.603517|PLATFORM: State = |0.15000000596|2.05|1827|2|
1497905889.525246|PLATFORM: State = |0.15000000596|2.045|1826.5|2|
1497905900.459364|PLATFORM: State = |0.15000000596|2.075|1826.5|2|
1497905910.961627|PLATFORM: State = |0.15000000596|2.06|970.5|2|
1497905921.576573|PLATFORM: State = |0.15000000596|1.905|971|2|
1497905932.096148|PLATFORM: State = |0.15000000596|1.765|971|2|
1497905942.673416|PLATFORM: State = |0.15000000596|1.57|971|2|
1497905947.271507|COMPUTATION: End (MatrixSize, Iteration) = |8000|3|
1497905947.527896|COMPUTATION: Execution = Warning: Permanently added '10.10.10.4' (ECDSA) to the list of known hosts.
|None
1497905947.528088|COMPUTATION: Progress = 0.2
1497905947.528145|COMPUTATION: Start (MatrixSize, Iteration) = |8000|4|
1497905947.528479|COMPUTATION: ['mpirun', '-n', '4', '-machinefile', '/home/ubuntu/machinefile', '/home/ubuntu/repositorios/elastichpc/beta/trials/Matrix.py', '8000', '/home/ubuntu/teste.mtr_4']
1497905953.604684|PLATFORM: State = |0.20000000298|1.565|1581|2|
1497905964.508792|PLATFORM: State = |0.20000000298|1.63|1826.5|2|
1497905975.448341|PLATFORM: State = |0.20000000298|1.745|1826.5|2|
1497905986.407610|PLATFORM: State = |0.20000000298|1.79|1826|2|
1497905997.387428|PLATFORM: State = |0.20000000298|1.865|1827|2|
1497906008.338700|PLATFORM: State = |0.20000000298|1.885|1826|2|
1497906019.344001|PLATFORM: State = |0.20000000298|1.905|1827|2|
1497906030.289874|PLATFORM: State = |0.20000000298|1.915|1827|2|
1497906041.266432|PLATFORM: State = |0.20000000298|1.935|1826|2|
1497906052.256295|PLATFORM: State = |0.20000000298|1.985|1826|2|
1497906063.171924|PLATFORM: State = |0.20000000298|1.99|1826|2|
1497906074.101859|PLATFORM: State = |0.20000000298|1.99|1826|2|
1497906085.113435|PLATFORM: State = |0.20000000298|1.99|1826|2|
1497906096.084178|PLATFORM: State = |0.20000000298|2.035|1826|2|
1497906107.036137|PLATFORM: State = |0.20000000298|2.105|1826.5|2|
1497906118.013321|PLATFORM: State = |0.20000000298|2.125|1632|2|
1497906128.583479|PLATFORM: State = |0.20000000298|2.03|971|2|
1497906139.186331|PLATFORM: State = |0.20000000298|1.83|971|2|
1497906149.786569|PLATFORM: State = |0.20000000298|1.745|972|2|
1497906153.372300|COMPUTATION: End (MatrixSize, Iteration) = |8000|4|
1497906155.488663|COMPUTATION: Execution = Warning: Permanently added '10.10.10.4' (ECDSA) to the list of known hosts.
|None
1497906155.488978|COMPUTATION: Progress = 0.25
1497906155.489083|COMPUTATION: Start (MatrixSize, Iteration) = |8000|5|
1497906155.489476|COMPUTATION: ['mpirun', '-n', '4', '-machinefile', '/home/ubuntu/machinefile', '/home/ubuntu/repositorios/elastichpc/beta/trials/Matrix.py', '8000', '/home/ubuntu/teste.mtr_5']
1497906160.725993|PLATFORM: State = |0.25|1.665|1581|2|
1497906171.696768|PLATFORM: State = |0.25|1.715|1825.5|2|
1497906182.695598|PLATFORM: State = |0.25|1.795|1826.5|2|
1497906193.625421|PLATFORM: State = |0.25|1.825|1826.5|2|
1497906204.563292|PLATFORM: State = |0.25|1.89|1826|2|
1497906215.507879|PLATFORM: State = |0.25|1.905|1826.5|2|
1497906226.481782|PLATFORM: State = |0.25|1.995|1826.5|2|
1497906237.438878|PLATFORM: State = |0.25|2.07|1826.5|2|
1497906248.376770|PLATFORM: State = |0.25|2.06|1826|2|
1497906259.300033|PLATFORM: State = |0.25|2.055|1826.5|2|
1497906270.268483|PLATFORM: State = |0.25|2.045|1826|2|
1497906281.242549|PLATFORM: State = |0.25|2.08|1826|2|
1497906292.275421|PLATFORM: State = |0.25|2.065|1826|2|
1497906303.195419|PLATFORM: State = |0.25|2.05|1826.5|2|
1497906314.177944|PLATFORM: State = |0.25|2.045|1826.5|2|
1497906325.134743|PLATFORM: State = |0.25|2.035|1826|2|
1497906336.124553|PLATFORM: State = |0.25|2.07|1826|2|
1497906346.664903|PLATFORM: State = |0.25|1.91|970|2|
1497906357.199184|PLATFORM: State = |0.25|1.88|970.5|2|
1497906367.871742|PLATFORM: State = |0.25|1.825|970.5|2|
1497906369.492251|COMPUTATION: End (MatrixSize, Iteration) = |8000|5|
1497906371.459058|COMPUTATION: Execution = Warning: Permanently added '10.10.10.4' (ECDSA) to the list of known hosts.
|None
1497906371.459356|COMPUTATION: Progress = 0.3
1497906371.459461|COMPUTATION: Start (MatrixSize, Iteration) = |8000|6|
1497906371.459893|COMPUTATION: ['mpirun', '-n', '4', '-machinefile', '/home/ubuntu/machinefile', '/home/ubuntu/repositorios/elastichpc/beta/trials/Matrix.py', '8000', '/home/ubuntu/teste.mtr_6']
1497906378.879646|PLATFORM: State = |0.300000011921|1.78|1581.5|2|
1497906389.865668|PLATFORM: State = |0.300000011921|1.815|1826.5|2|
1497906400.855819|PLATFORM: State = |0.300000011921|1.84|1827|2|
1497906411.848649|PLATFORM: State = |0.300000011921|1.88|1827|2|
1497906422.808184|PLATFORM: State = |0.300000011921|1.975|1826.5|2|
1497906433.775954|PLATFORM: State = |0.300000011921|1.98|1827|2|
1497906444.792129|PLATFORM: State = |0.300000011921|1.985|1826.5|2|
1497906455.804798|PLATFORM: State = |0.300000011921|1.985|1826.5|2|
1497906466.804445|PLATFORM: State = |0.300000011921|1.99|1827|2|
1497906477.778708|PLATFORM: State = |0.300000011921|2.15|1827|2|
1497906488.837543|PLATFORM: State = |0.300000011921|2.125|1827|2|
1497906499.793593|PLATFORM: State = |0.300000011921|2.105|1827.5|2|
1497906510.766879|PLATFORM: State = |0.300000011921|2.09|1826.5|2|
1497906521.730947|PLATFORM: State = |0.300000011921|2.16|1827|2|
1497906532.682525|PLATFORM: State = |0.300000011921|2.17|1827|2|
1497906543.650265|PLATFORM: State = |0.300000011921|2.14|1827|2|
1497906554.190856|PLATFORM: State = |0.300000011921|1.965|970.5|2|
1497906564.729525|PLATFORM: State = |0.300000011921|1.815|972|2|
1497906575.382887|PLATFORM: State = |0.300000011921|1.645|971.5|2|
1497906580.899864|COMPUTATION: End (MatrixSize, Iteration) = |8000|6|
1497906582.065565|COMPUTATION: Execution = Warning: Permanently added '10.10.10.4' (ECDSA) to the list of known hosts.
|None
1497906582.065815|COMPUTATION: Progress = 0.35
1497906582.065904|COMPUTATION: Start (MatrixSize, Iteration) = |8000|7|
1497906582.066274|COMPUTATION: ['mpirun', '-n', '4', '-machinefile', '/home/ubuntu/machinefile', '/home/ubuntu/repositorios/elastichpc/beta/trials/Matrix.py', '8000', '/home/ubuntu/teste.mtr_7']
1497906586.312560|PLATFORM: State = |0.34999999404|1.69|1581|2|
1497906597.329504|PLATFORM: State = |0.34999999404|1.785|1825.5|2|
1497906608.302558|PLATFORM: State = |0.34999999404|1.82|1826|2|
1497906619.255251|PLATFORM: State = |0.34999999404|1.85|1826.5|2|
1497906630.222513|PLATFORM: State = |0.34999999404|1.875|1826.5|2|
1497906641.278603|PLATFORM: State = |0.34999999404|1.94|1826.5|2|
1497906652.217947|PLATFORM: State = |0.34999999404|1.995|1826.5|2|
1497906663.206654|PLATFORM: State = |0.34999999404|1.995|1826.5|2|
1497906674.215044|PLATFORM: State = |0.34999999404|1.99|1826.5|2|
1497906685.169619|PLATFORM: State = |0.34999999404|1.995|1826|2|
1497906696.122695|PLATFORM: State = |0.34999999404|1.995|1826.5|2|
1497906707.046618|PLATFORM: State = |0.34999999404|2|1826|2|
1497906717.985890|PLATFORM: State = |0.34999999404|2.07|1826.5|2|
1497906728.924723|PLATFORM: State = |0.34999999404|2.06|1826|2|
1497906739.877939|PLATFORM: State = |0.34999999404|2.055|1826.5|2|
1497906750.808624|PLATFORM: State = |0.34999999404|2.045|1601|2|
1497906761.385452|PLATFORM: State = |0.34999999404|1.885|970.5|2|
1497906771.939365|PLATFORM: State = |0.34999999404|1.75|971|2|
1497906782.699341|PLATFORM: State = |0.34999999404|1.815|970.5|2|
1497906784.713446|COMPUTATION: End (MatrixSize, Iteration) = |8000|7|
1497906785.585134|COMPUTATION: Execution = Warning: Permanently added '10.10.10.4' (ECDSA) to the list of known hosts.
|None
1497906785.585489|COMPUTATION: Progress = 0.4
1497906785.585587|COMPUTATION: Start (MatrixSize, Iteration) = |8000|8|
1497906785.585972|COMPUTATION: ['mpirun', '-n', '4', '-machinefile', '/home/ubuntu/machinefile', '/home/ubuntu/repositorios/elastichpc/beta/trials/Matrix.py', '8000', '/home/ubuntu/teste.mtr_8']
1497906793.648186|PLATFORM: State = |0.40000000596|1.845|1581|2|
1497906804.643750|PLATFORM: State = |0.40000000596|1.865|1826|2|
1497906815.616670|PLATFORM: State = |0.40000000596|1.89|1827|2|
1497906826.602439|PLATFORM: State = |0.40000000596|1.92|1826.5|2|
1497906837.558111|PLATFORM: State = |0.40000000596|1.93|1827|2|
1497906848.534821|PLATFORM: State = |0.40000000596|1.94|1827|2|
1497906859.493949|PLATFORM: State = |0.40000000596|1.945|1826.5|2|
1497906870.435573|PLATFORM: State = |0.40000000596|1.955|1827|2|
1497906881.376909|PLATFORM: State = |0.40000000596|2.01|1827|2|
1497906892.322486|PLATFORM: State = |0.40000000596|2.04|1827|2|
1497906903.267934|PLATFORM: State = |0.40000000596|2.04|1827|2|
1497906914.226418|PLATFORM: State = |0.40000000596|2.03|1827|2|
1497906925.211293|PLATFORM: State = |0.40000000596|2.025|1827|2|
1497906936.101368|PLATFORM: State = |0.40000000596|2.02|1827|2|
1497906947.028029|PLATFORM: State = |0.40000000596|2.06|1826.5|2|
1497906957.570793|PLATFORM: State = |0.40000000596|1.975|971|2|
1497906968.028957|PLATFORM: State = |0.40000000596|1.82|971.5|2|
1497906979.363941|PLATFORM: State = |0.40000000596|1.655|971.5|2|
1497906987.108396|COMPUTATION: End (MatrixSize, Iteration) = |8000|8|
1497906987.287708|COMPUTATION: Execution = Warning: Permanently added '10.10.10.4' (ECDSA) to the list of known hosts.
|None
1497906987.287863|COMPUTATION: Progress = 0.45
1497906987.287906|COMPUTATION: Start (MatrixSize, Iteration) = |8000|9|
1497906987.288250|COMPUTATION: ['mpirun', '-n', '4', '-machinefile', '/home/ubuntu/machinefile', '/home/ubuntu/repositorios/elastichpc/beta/trials/Matrix.py', '8000', '/home/ubuntu/teste.mtr_9']
1497906992.061631|PLATFORM: State = |0.449999988079|1.555|1581|2|
1497907002.995723|PLATFORM: State = |0.449999988079|1.665|1826|2|
1497907013.947271|PLATFORM: State = |0.449999988079|1.715|1827|2|
1497907024.915531|PLATFORM: State = |0.449999988079|1.805|1827|2|
1497907035.838131|PLATFORM: State = |0.449999988079|1.835|1827|2|
1497907046.811552|PLATFORM: State = |0.449999988079|1.91|1826.5|2|
1497907057.743779|PLATFORM: State = |0.449999988079|2.005|1827|2|
1497907068.738949|PLATFORM: State = |0.449999988079|2|1826.5|2|
1497907079.707808|PLATFORM: State = |0.449999988079|2|1827|2|
1497907090.649061|PLATFORM: State = |0.449999988079|2.005|1827|2|
1497907101.622161|PLATFORM: State = |0.449999988079|2.045|1827|2|
1497907112.589527|PLATFORM: State = |0.449999988079|2.075|1827|2|
1497907123.559624|PLATFORM: State = |0.449999988079|2.065|1826.5|2|
1497907134.503579|PLATFORM: State = |0.449999988079|2.055|1827|2|
1497907145.466894|PLATFORM: State = |0.449999988079|2.04|1827|2|
1497907155.979947|PLATFORM: State = |0.449999988079|1.88|972|2|
1497907166.498463|PLATFORM: State = |0.449999988079|1.76|973|2|
1497907177.459352|PLATFORM: State = |0.449999988079|1.685|973|2|
1497907180.731861|COMPUTATION: End (MatrixSize, Iteration) = |8000|9|
1497907182.931176|COMPUTATION: Execution = Warning: Permanently added '10.10.10.4' (ECDSA) to the list of known hosts.
|None
1497907182.931564|COMPUTATION: Progress = 0.5
1497907182.931676|COMPUTATION: Start (MatrixSize, Iteration) = |8000|10|
1497907182.932139|COMPUTATION: ['mpirun', '-n', '4', '-machinefile', '/home/ubuntu/machinefile', '/home/ubuntu/repositorios/elastichpc/beta/trials/Matrix.py', '8000', '/home/ubuntu/teste.mtr_10']
1497907188.868083|PLATFORM: State = |0.5|1.69|1581|2|
1497907199.840144|PLATFORM: State = |0.5|1.74|1825|2|
1497907210.799290|PLATFORM: State = |0.5|1.78|1826.5|2|
1497907221.756577|PLATFORM: State = |0.5|1.87|1826.5|2|
1497907232.782380|PLATFORM: State = |0.5|1.97|1826|2|
1497907243.759813|PLATFORM: State = |0.5|1.975|1826.5|2|
1497907254.730285|PLATFORM: State = |0.5|1.975|1826.5|2|
1497907265.738765|PLATFORM: State = |0.5|1.98|1826.5|2|
1497907276.721016|PLATFORM: State = |0.5|2.03|1826.5|2|
1497907287.691879|PLATFORM: State = |0.5|2.065|1826|2|
1497907298.687995|PLATFORM: State = |0.5|2.05|1826|2|
1497907309.658285|PLATFORM: State = |0.5|2.045|1826.5|2|
1497907320.603931|PLATFORM: State = |0.5|2.035|1826.5|2|
1497907331.527967|PLATFORM: State = |0.5|2.03|1826.5|2|
1497907342.515881|PLATFORM: State = |0.5|2.1|1826.5|2|
1497907353.515736|PLATFORM: State = |0.5|2.2|1826|2|
1497907364.449586|PLATFORM: State = |0.5|2.17|1826.5|2|
1497907374.952158|PLATFORM: State = |0.5|2.025|971|2|
1497907385.477432|PLATFORM: State = |0.5|1.945|971|2|
1497907396.059237|PLATFORM: State = |0.5|1.8|971|2|
1497907398.577014|COMPUTATION: End (MatrixSize, Iteration) = |8000|10|
1497907399.318596|COMPUTATION: Execution = Warning: Permanently added '10.10.10.4' (ECDSA) to the list of known hosts.
|None
1497907399.319766|COMPUTATION: Progress = 0.55
1497907399.319875|COMPUTATION: Start (MatrixSize, Iteration) = |8000|11|
1497907399.320298|COMPUTATION: ['mpirun', '-n', '4', '-machinefile', '/home/ubuntu/machinefile', '/home/ubuntu/repositorios/elastichpc/beta/trials/Matrix.py', '8000', '/home/ubuntu/teste.mtr_11']
1497907407.008708|PLATFORM: State = |0.550000011921|1.925|1581.5|2|
1497907417.975164|PLATFORM: State = |0.550000011921|2.01|1826.5|2|
1497907428.947493|PLATFORM: State = |0.550000011921|2.045|1826.5|2|
1497907439.887266|PLATFORM: State = |0.550000011921|2.04|1826.5|2|
1497907450.882483|PLATFORM: State = |0.550000011921|2.035|1826.5|2|
1497907461.836307|PLATFORM: State = |0.550000011921|2.115|1826.5|2|
1497907472.782452|PLATFORM: State = |0.550000011921|2.125|1826|2|
1497907483.710738|PLATFORM: State = |0.550000011921|2.14|1826.5|2|
1497907494.722030|PLATFORM: State = |0.550000011921|2.12|1826.5|2|
1497907505.684274|PLATFORM: State = |0.550000011921|2.105|1826.5|2|
1497907516.640067|PLATFORM: State = |0.550000011921|2.085|1826.5|2|
1497907527.620722|PLATFORM: State = |0.550000011921|2.11|1826.5|2|
1497907538.559567|PLATFORM: State = |0.550000011921|2.09|1826.5|2|
1497907549.476030|PLATFORM: State = |0.550000011921|2.07|1826.5|2|
1497907560.410318|PLATFORM: State = |0.550000011921|2.065|1826.5|2|
1497907570.936080|PLATFORM: State = |0.550000011921|1.93|970.5|2|
1497907581.471165|PLATFORM: State = |0.550000011921|1.865|970.5|2|
1497907593.251496|PLATFORM: State = |0.550000011921|1.67|970.5|2|
1497907598.130193|COMPUTATION: End (MatrixSize, Iteration) = |8000|11|
1497907598.653684|COMPUTATION: Execution = Warning: Permanently added '10.10.10.4' (ECDSA) to the list of known hosts.
|None
1497907598.653995|COMPUTATION: Progress = 0.6
1497907598.654118|COMPUTATION: Start (MatrixSize, Iteration) = |8000|12|
1497907598.654549|COMPUTATION: ['mpirun', '-n', '4', '-machinefile', '/home/ubuntu/machinefile', '/home/ubuntu/repositorios/elastichpc/beta/trials/Matrix.py', '8000', '/home/ubuntu/teste.mtr_12']
1497907604.199808|PLATFORM: State = |0.600000023842|1.685|1581|2|
1497907615.155548|PLATFORM: State = |0.600000023842|1.73|1826|2|
1497907626.100563|PLATFORM: State = |0.600000023842|1.775|1826.5|2|
1497907637.049787|PLATFORM: State = |0.600000023842|1.865|1827|2|
1497907648.048821|PLATFORM: State = |0.600000023842|1.925|1827|2|
1497907658.999943|PLATFORM: State = |0.600000023842|1.935|1827|2|
1497907669.944808|PLATFORM: State = |0.600000023842|1.945|1827|2|
1497907680.895459|PLATFORM: State = |0.600000023842|2.035|1827|2|
1497907691.847234|PLATFORM: State = |0.600000023842|2.03|1827|2|
1497907702.795854|PLATFORM: State = |0.600000023842|2.025|1827|2|
1497907713.793356|PLATFORM: State = |0.600000023842|2.1|1827|2|
1497907724.795771|PLATFORM: State = |0.600000023842|2.085|1826.5|2|
1497907735.791960|PLATFORM: State = |0.600000023842|2.075|1826.5|2|
1497907746.710157|PLATFORM: State = |0.600000023842|2.06|1826.5|2|
1497907757.651735|PLATFORM: State = |0.600000023842|2.095|1826.5|2|
1497907768.586412|PLATFORM: State = |0.600000023842|2.115|1827|2|
1497907779.552110|PLATFORM: State = |0.600000023842|2.095|1826.5|2|
1497907790.073960|PLATFORM: State = |0.600000023842|2.04|971|2|
1497907800.644676|PLATFORM: State = |0.600000023842|1.845|970.5|2|
1497907811.170899|PLATFORM: State = |0.600000023842|1.76|970.5|2|
1497907812.806955|COMPUTATION: End (MatrixSize, Iteration) = |8000|12|
1497907815.270846|COMPUTATION: Execution = Warning: Permanently added '10.10.10.4' (ECDSA) to the list of known hosts.
|None
1497907815.282331|COMPUTATION: Progress = 0.65
1497907815.282485|COMPUTATION: Start (MatrixSize, Iteration) = |8000|13|
1497907815.282959|COMPUTATION: ['mpirun', '-n', '4', '-machinefile', '/home/ubuntu/machinefile', '/home/ubuntu/repositorios/elastichpc/beta/trials/Matrix.py', '8000', '/home/ubuntu/teste.mtr_13']
1497907822.202188|PLATFORM: State = |0.649999976158|1.855|1580.5|2|
1497907833.172645|PLATFORM: State = |0.649999976158|1.915|1825|2|
1497907844.174178|PLATFORM: State = |0.649999976158|1.925|1826.5|2|
1497907855.179505|PLATFORM: State = |0.649999976158|1.94|1827|2|
1497907866.169070|PLATFORM: State = |0.649999976158|1.985|1850|2|
1497907877.130336|PLATFORM: State = |0.649999976158|2.15|1840|2|
1497907888.072293|PLATFORM: State = |0.649999976158|2.23|1841|2|
1497907899.023954|PLATFORM: State = |0.649999976158|2.23|1840.5|2|
1497907910.018804|PLATFORM: State = |0.649999976158|2.27|1853.5|2|
1497907921.022837|PLATFORM: State = |0.649999976158|2.35|1845|2|
1497907931.970917|PLATFORM: State = |0.649999976158|2.41|1844.5|2|
1497907943.068129|PLATFORM: State = |0.649999976158|2.46|1860|2|
1497907954.095805|PLATFORM: State = |0.649999976158|2.505|1856|2|
1497907965.105594|PLATFORM: State = |0.649999976158|2.54|1858|2|
1497907976.078776|PLATFORM: State = |0.649999976158|2.57|1858.5|2|
1497907987.126699|PLATFORM: State = |0.649999976158|2.595|1847|2|
1497907998.298516|PLATFORM: State = |0.649999976158|2.695|1846.5|2|
1497908009.380323|PLATFORM: State = |0.649999976158|2.625|1827.5|2|
1497908020.342011|PLATFORM: State = |0.649999976158|2.53|1596|2|
1497908030.880561|PLATFORM: State = |0.649999976158|2.255|971.5|2|
1497908041.621641|PLATFORM: State = |0.649999976158|2.02|972|2|
1497908057.654056|COMPUTATION: End (MatrixSize, Iteration) = |8000|13|
1497908057.872760|COMPUTATION: Execution = Warning: Permanently added '10.10.10.4' (ECDSA) to the list of known hosts.
|None
1497908057.872980|COMPUTATION: Progress = 0.7
1497908057.873040|COMPUTATION: Start (MatrixSize, Iteration) = |8000|14|
1497908057.873285|COMPUTATION: ['mpirun', '-n', '4', '-machinefile', '/home/ubuntu/machinefile', '/home/ubuntu/repositorios/elastichpc/beta/trials/Matrix.py', '8000', '/home/ubuntu/teste.mtr_14']
1497908058.687197|PLATFORM: State = |0.649999976158|1.77|84.5|2|
1497908069.756160|PLATFORM: State = |0.699999988079|1.77|1826.5|2|
1497908080.741761|PLATFORM: State = |0.699999988079|1.805|1826|2|
1497908091.743811|PLATFORM: State = |0.699999988079|1.835|1826.5|2|
1497908102.756464|PLATFORM: State = |0.699999988079|1.88|1826|2|
1497908113.813640|PLATFORM: State = |0.699999988079|1.975|1826|2|
1497908124.776925|PLATFORM: State = |0.699999988079|1.975|1826|2|
1497908135.797587|PLATFORM: State = |0.699999988079|1.98|1826|2|
1497908146.822168|PLATFORM: State = |0.699999988079|1.98|1826.5|2|
1497908157.766450|PLATFORM: State = |0.699999988079|1.995|1826|2|
1497908168.770313|PLATFORM: State = |0.699999988079|2.025|1826|2|
1497908179.761940|PLATFORM: State = |0.699999988079|2.025|1826.5|2|
1497908190.747452|PLATFORM: State = |0.699999988079|2.02|1826|2|
1497908201.721783|PLATFORM: State = |0.699999988079|2.015|1825.5|2|
1497908212.754822|PLATFORM: State = |0.699999988079|2.015|1826.5|2|
1497908223.800744|PLATFORM: State = |0.699999988079|2.01|1826|2|
1497908234.785115|PLATFORM: State = |0.699999988079|2.005|1826|2|
1497908245.481696|PLATFORM: State = |0.699999988079|1.965|965.5|2|
1497908256.006777|PLATFORM: State = |0.699999988079|1.86|970|2|
1497908266.512136|PLATFORM: State = |0.699999988079|1.725|970|2|
1497908276.096011|COMPUTATION: End (MatrixSize, Iteration) = |8000|14|
1497908277.413571|COMPUTATION: Execution = Warning: Permanently added '10.10.10.4' (ECDSA) to the list of known hosts.
|None
1497908277.413847|COMPUTATION: Progress = 0.75
1497908277.413929|COMPUTATION: Start (MatrixSize, Iteration) = |8000|15|
1497908277.414295|COMPUTATION: ['mpirun', '-n', '4', '-machinefile', '/home/ubuntu/machinefile', '/home/ubuntu/repositorios/elastichpc/beta/trials/Matrix.py', '8000', '/home/ubuntu/teste.mtr_15']
1497908278.016314|PLATFORM: State = |0.699999988079|1.53|85|2|
1497908289.060728|PLATFORM: State = |0.75|1.61|1826|2|
1497908300.052414|PLATFORM: State = |0.75|1.67|1826.5|2|
1497908310.978071|PLATFORM: State = |0.75|1.715|1827|2|
1497908321.966026|PLATFORM: State = |0.75|1.76|1827|2|
1497908333.004553|PLATFORM: State = |0.75|1.855|1827|2|
1497908344.047857|PLATFORM: State = |0.75|1.92|1826.5|2|
1497908355.028797|PLATFORM: State = |0.75|1.93|1826|2|
1497908366.052041|PLATFORM: State = |0.75|1.94|1827|2|
1497908377.019560|PLATFORM: State = |0.75|1.95|1827|2|
1497908387.935689|PLATFORM: State = |0.75|2|1827|2|
1497908398.940291|PLATFORM: State = |0.75|2|1826.5|2|
1497908409.975974|PLATFORM: State = |0.75|2|1826|2|
1497908420.950210|PLATFORM: State = |0.75|2|1826.5|2|
1497908431.932588|PLATFORM: State = |0.75|2|1826.5|2|
1497908442.928499|PLATFORM: State = |0.75|2.045|1827|2|
1497908453.916096|PLATFORM: State = |0.75|2.195|1826.5|2|
1497908464.908957|PLATFORM: State = |0.75|2.165|1659|2|
1497908475.398436|PLATFORM: State = |0.75|1.945|971|2|
1497908485.931969|PLATFORM: State = |0.75|1.915|970.5|2|
1497908496.493798|COMPUTATION: End (MatrixSize, Iteration) = |8000|15|
1497908497.436390|COMPUTATION: Execution = Warning: Permanently added '10.10.10.4' (ECDSA) to the list of known hosts.
|None
1497908497.436666|COMPUTATION: Progress = 0.8
1497908497.436760|COMPUTATION: Start (MatrixSize, Iteration) = |8000|16|
1497908497.437307|COMPUTATION: ['mpirun', '-n', '4', '-machinefile', '/home/ubuntu/machinefile', '/home/ubuntu/repositorios/elastichpc/beta/trials/Matrix.py', '8000', '/home/ubuntu/teste.mtr_16']
1497908497.892549|PLATFORM: State = |0.75|1.765|84|2|
1497908508.902041|PLATFORM: State = |0.800000011921|1.785|1827|2|
1497908519.904259|PLATFORM: State = |0.800000011921|1.82|1826.5|2|
1497908530.876324|PLATFORM: State = |0.800000011921|1.85|1826|2|
1497908541.862155|PLATFORM: State = |0.800000011921|1.87|1827|2|
1497908552.847680|PLATFORM: State = |0.800000011921|1.945|1826.5|2|
1497908563.860730|PLATFORM: State = |0.800000011921|1.99|1826.5|2|
1497908574.863879|PLATFORM: State = |0.800000011921|1.99|1826.5|2|
1497908585.852630|PLATFORM: State = |0.800000011921|1.99|1826.5|2|
1497908596.879924|PLATFORM: State = |0.800000011921|1.995|1826|2|
1497908607.863126|PLATFORM: State = |0.800000011921|2.04|1826.5|2|
1497908618.892846|PLATFORM: State = |0.800000011921|2.105|1826.5|2|
1497908629.882092|PLATFORM: State = |0.800000011921|2.09|1826.5|2|
1497908640.846006|PLATFORM: State = |0.800000011921|2.075|1826.5|2|
1497908651.840626|PLATFORM: State = |0.800000011921|2.065|1826|2|
1497908662.777653|PLATFORM: State = |0.800000011921|2.09|1826.5|2|
1497908673.789917|PLATFORM: State = |0.800000011921|2.15|1826.5|2|
1497908684.399716|PLATFORM: State = |0.800000011921|2.09|971|2|
1497908694.981518|PLATFORM: State = |0.800000011921|1.995|971|2|
1497908705.563072|PLATFORM: State = |0.800000011921|1.995|971|2|
1497908716.598051|COMPUTATION: End (MatrixSize, Iteration) = |8000|16|
1497908718.032319|COMPUTATION: Execution = Warning: Permanently added '10.10.10.4' (ECDSA) to the list of known hosts.
|None
1497908718.032608|COMPUTATION: Progress = 0.85
1497908718.032715|COMPUTATION: Start (MatrixSize, Iteration) = |8000|17|
1497908718.033120|COMPUTATION: ['mpirun', '-n', '4', '-machinefile', '/home/ubuntu/machinefile', '/home/ubuntu/repositorios/elastichpc/beta/trials/Matrix.py', '8000', '/home/ubuntu/teste.mtr_17']
1497908719.165093|PLATFORM: State = |0.800000011921|1.775|98|2|
1497908730.126482|PLATFORM: State = |0.850000023842|1.81|1826.5|2|
1497908741.156051|PLATFORM: State = |0.850000023842|1.84|1826.5|2|
1497908752.140713|PLATFORM: State = |0.850000023842|1.865|1827|2|
1497908763.128889|PLATFORM: State = |0.850000023842|1.9|1826.5|2|
1497908774.175223|PLATFORM: State = |0.850000023842|1.91|1827|2|
1497908785.145643|PLATFORM: State = |0.850000023842|1.925|1827|2|
1497908796.156409|PLATFORM: State = |0.850000023842|1.94|1826.5|2|
1497908807.131630|PLATFORM: State = |0.850000023842|1.95|1826.5|2|
1497908818.115854|PLATFORM: State = |0.850000023842|2|1827|2|
1497908829.139196|PLATFORM: State = |0.850000023842|2.08|1827|2|
1497908840.114824|PLATFORM: State = |0.850000023842|2.065|1826.5|2|
1497908851.123952|PLATFORM: State = |0.850000023842|2.06|1827|2|
1497908862.124288|PLATFORM: State = |0.850000023842|2.045|1826.5|2|
1497908873.133947|PLATFORM: State = |0.850000023842|2.085|1826.5|2|
1497908884.080462|PLATFORM: State = |0.850000023842|2.105|1827.5|2|
1497908894.989757|PLATFORM: State = |0.850000023842|2.09|1826.5|2|
1497908905.872738|PLATFORM: State = |0.850000023842|2.075|1606.5|2|
1497908916.388846|PLATFORM: State = |0.850000023842|1.945|971|2|
1497908926.955248|PLATFORM: State = |0.850000023842|1.875|971|2|
1497908939.415400|COMPUTATION: End (MatrixSize, Iteration) = |8000|17|
1497908940.656163|COMPUTATION: Execution = Warning: Permanently added '10.10.10.4' (ECDSA) to the list of known hosts.
|None
1497908940.656466|COMPUTATION: Progress = 0.9
1497908940.656554|COMPUTATION: Start (MatrixSize, Iteration) = |8000|18|
1497908940.656890|COMPUTATION: ['mpirun', '-n', '4', '-machinefile', '/home/ubuntu/machinefile', '/home/ubuntu/repositorios/elastichpc/beta/trials/Matrix.py', '8000', '/home/ubuntu/teste.mtr_18']
1497908940.962586|PLATFORM: State = |0.850000023842|1.84|99.5|2|
1497908951.876613|PLATFORM: State = |0.899999976158|1.825|1826.5|2|
1497908962.892886|PLATFORM: State = |0.899999976158|1.85|1827|2|
1497908973.916816|PLATFORM: State = |0.899999976158|1.89|1826.5|2|
1497908984.944518|PLATFORM: State = |0.899999976158|1.935|1826.5|2|
1497908995.955106|PLATFORM: State = |0.899999976158|1.95|1826.5|2|
1497909006.961596|PLATFORM: State = |0.899999976158|1.955|1827|2|
1497909017.947459|PLATFORM: State = |0.899999976158|1.96|1826.5|2|
1497909028.955778|PLATFORM: State = |0.899999976158|1.975|1826.5|2|
1497909039.990718|PLATFORM: State = |0.899999976158|1.975|1826|2|
1497909051.022234|PLATFORM: State = |0.899999976158|1.975|1826.5|2|
1497909062.015870|PLATFORM: State = |0.899999976158|1.98|1826.5|2|
1497909072.984111|PLATFORM: State = |0.899999976158|1.985|1826.5|2|
1497909083.991588|PLATFORM: State = |0.899999976158|2.06|1826.5|2|
1497909094.992866|PLATFORM: State = |0.899999976158|2.045|1826|2|
1497909106.049225|PLATFORM: State = |0.899999976158|2.035|1826.5|2|
1497909117.100823|PLATFORM: State = |0.899999976158|2.03|1826|2|
1497909127.860325|PLATFORM: State = |0.899999976158|2.03|964|2|
1497909138.406549|PLATFORM: State = |0.899999976158|1.8|971|2|
1497909148.904263|PLATFORM: State = |0.899999976158|1.68|971.5|2|
1497909160.186371|COMPUTATION: End (MatrixSize, Iteration) = |8000|18|
1497909161.396282|COMPUTATION: Execution = Warning: Permanently added '10.10.10.4' (ECDSA) to the list of known hosts.
|None
1497909161.396498|COMPUTATION: Progress = 0.95
1497909161.396570|COMPUTATION: Start (MatrixSize, Iteration) = |8000|19|
1497909161.397009|COMPUTATION: ['mpirun', '-n', '4', '-machinefile', '/home/ubuntu/machinefile', '/home/ubuntu/repositorios/elastichpc/beta/trials/Matrix.py', '8000', '/home/ubuntu/teste.mtr_19']
1497909161.608893|PLATFORM: State = |0.899999976158|1.62|99|2|
1497909172.569196|PLATFORM: State = |0.949999988079|1.675|1827.5|2|
1497909183.553148|PLATFORM: State = |0.949999988079|1.75|1827|2|
1497909194.567799|PLATFORM: State = |0.949999988079|1.785|1827|2|
1497909205.566927|PLATFORM: State = |0.949999988079|1.82|1827|2|
1497909216.564856|PLATFORM: State = |0.949999988079|1.85|1827|2|
1497909227.568408|PLATFORM: State = |0.949999988079|1.87|1827|2|
1497909238.569103|PLATFORM: State = |0.949999988079|1.98|1827.5|2|
1497909249.484533|PLATFORM: State = |0.949999988079|1.985|1827.5|2|
1497909260.512038|PLATFORM: State = |0.949999988079|1.99|1827.5|2|
1497909271.487877|PLATFORM: State = |0.949999988079|1.99|1827.5|2|
1497909282.500093|PLATFORM: State = |0.949999988079|1.995|1827|2|
1497909293.464728|PLATFORM: State = |0.949999988079|2.035|1827.5|2|
1497909304.526835|PLATFORM: State = |0.949999988079|2.15|1827|2|
1497909315.496764|PLATFORM: State = |0.949999988079|2.125|1827|2|
1497909326.483786|PLATFORM: State = |0.949999988079|2.105|1827.5|2|
1497909337.415599|PLATFORM: State = |0.949999988079|2.085|1827.5|2|
1497909347.951371|PLATFORM: State = |0.949999988079|1.955|971|2|
1497909358.464033|PLATFORM: State = |0.949999988079|1.785|972|2|
1497909369.103285|PLATFORM: State = |0.949999988079|1.705|971.5|2|
1497909373.904190|COMPUTATION: End (MatrixSize, Iteration) = |8000|19|
1497909374.687549|COMPUTATION: Execution = Warning: Permanently added '10.10.10.4' (ECDSA) to the list of known hosts.
|None
1497909374.687869|COMPUTATION: Progress = 1.0
1497909374.688196|COMPUTATION: Finish Computation.
1497909379.708009|PLATFORM: State = |1.0|1.51|80.5|2|
1497909379.708437|PLATFORM: Finish Platform.
1497909379.717690|PLATFORM: Execution Log = [(1497905124.88711, {'compute_state': 0.0, 'resource_state': '0.515|1581.5', 'nodes': 2}), (1497905135.898672, {'compute_state': 0.0, 'resource_state': '0.835|1827.5', 'nodes': 2}), (1497905146.862662, {'compute_state': 0.0, 'resource_state': '1.05|1827', 'nodes': 2}), (1497905157.847829, {'compute_state': 0.0, 'resource_state': '1.195|1827.5', 'nodes': 2}), (1497905168.868527, {'compute_state': 0.0, 'resource_state': '1.32|1827.5', 'nodes': 2}), (1497905179.843378, {'compute_state': 0.0, 'resource_state': '1.425|1827.5', 'nodes': 2}), (1497905190.871197, {'compute_state': 0.0, 'resource_state': '1.535|1827.5', 'nodes': 2}), (1497905201.823955, {'compute_state': 0.0, 'resource_state': '1.655|1827', 'nodes': 2}), (1497905212.8275, {'compute_state': 0.0, 'resource_state': '1.71|1827', 'nodes': 2}), (1497905223.789789, {'compute_state': 0.0, 'resource_state': '1.755|1827.5', 'nodes': 2}), (1497905234.777935, {'compute_state': 0.0, 'resource_state': '1.795|1827', 'nodes': 2}), (1497905245.71925, {'compute_state': 0.0, 'resource_state': '1.83|1827.5', 'nodes': 2}), (1497905256.716181, {'compute_state': 0.0, 'resource_state': '1.905|1827.5', 'nodes': 2}), (1497905267.699221, {'compute_state': 0.0, 'resource_state': '1.915|1827', 'nodes': 2}), (1497905278.670277, {'compute_state': 0.0, 'resource_state': '1.935|1827', 'nodes': 2}), (1497905289.577895, {'compute_state': 0.0, 'resource_state': '1.945|1673.5', 'nodes': 2}), (1497905300.15302, {'compute_state': 0.0, 'resource_state': '1.7|971.5', 'nodes': 2}), (1497905310.730805, {'compute_state': 0.0, 'resource_state': '1.515|971.5', 'nodes': 2}), (1497905321.25609, {'compute_state': 0.0, 'resource_state': '1.405|971.5', 'nodes': 2}), (1497905332.219664, {'compute_state': 0.05000000074505806, 'resource_state': '1.385|1533.5', 'nodes': 2}), (1497905343.169797, {'compute_state': 0.05000000074505806, 'resource_state': '1.48|1827', 'nodes': 2}), (1497905354.192369, {'compute_state': 0.05000000074505806, 'resource_state': '1.565|1826.5', 'nodes': 2}), (1497905365.188793, {'compute_state': 0.05000000074505806, 'resource_state': '1.69|1828', 'nodes': 2}), (1497905376.161396, {'compute_state': 0.05000000074505806, 'resource_state': '1.79|1828', 'nodes': 2}), (1497905387.144314, {'compute_state': 0.05000000074505806, 'resource_state': '1.82|1828', 'nodes': 2}), (1497905398.107921, {'compute_state': 0.05000000074505806, 'resource_state': '1.85|1828', 'nodes': 2}), (1497905409.095475, {'compute_state': 0.05000000074505806, 'resource_state': '1.875|1828', 'nodes': 2}), (1497905420.094373, {'compute_state': 0.05000000074505806, 'resource_state': '1.89|1827.5', 'nodes': 2}), (1497905431.095793, {'compute_state': 0.05000000074505806, 'resource_state': '1.915|1827.5', 'nodes': 2}), (1497905442.081834, {'compute_state': 0.05000000074505806, 'resource_state': '1.96|1828', 'nodes': 2}), (1497905453.103552, {'compute_state': 0.05000000074505806, 'resource_state': '1.97|1827.5', 'nodes': 2}), (1497905464.101653, {'compute_state': 0.05000000074505806, 'resource_state': '1.975|1827.5', 'nodes': 2}), (1497905475.068008, {'compute_state': 0.05000000074505806, 'resource_state': '1.98|1827.5', 'nodes': 2}), (1497905486.025433, {'compute_state': 0.05000000074505806, 'resource_state': '1.985|1828', 'nodes': 2}), (1497905496.98274, {'compute_state': 0.05000000074505806, 'resource_state': '2.025|1827', 'nodes': 2}), (1497905507.460974, {'compute_state': 0.05000000074505806, 'resource_state': '1.83|972', 'nodes': 2}), (1497905517.987964, {'compute_state': 0.05000000074505806, 'resource_state': '1.665|972.5', 'nodes': 2}), (1497905528.5312, {'compute_state': 0.05000000074505806, 'resource_state': '1.52|973', 'nodes': 2}), (1497905539.483636, {'compute_state': 0.10000000149011612, 'resource_state': '1.485|1583', 'nodes': 2}), (1497905550.476927, {'compute_state': 0.10000000149011612, 'resource_state': '1.635|1826.5', 'nodes': 2}), (1497905561.631794, {'compute_state': 0.10000000149011612, 'resource_state': '1.855|1827', 'nodes': 2}), (1497905572.538387, {'compute_state': 0.10000000149011612, 'resource_state': '1.875|1828', 'nodes': 2}), (1497905583.515309, {'compute_state': 0.10000000149011612, 'resource_state': '1.895|1827.5', 'nodes': 2}), (1497905594.582882, {'compute_state': 0.10000000149011612, 'resource_state': '1.91|1828', 'nodes': 2}), (1497905605.555792, {'compute_state': 0.10000000149011612, 'resource_state': '1.935|1827', 'nodes': 2}), (1497905616.487425, {'compute_state': 0.10000000149011612, 'resource_state': '1.985|1827.5', 'nodes': 2}), (1497905627.433019, {'compute_state': 0.10000000149011612, 'resource_state': '1.985|1827.5', 'nodes': 2}), (1497905638.393545, {'compute_state': 0.10000000149011612, 'resource_state': '1.985|1827', 'nodes': 2}), (1497905649.366868, {'compute_state': 0.10000000149011612, 'resource_state': '1.99|1827', 'nodes': 2}), (1497905660.369254, {'compute_state': 0.10000000149011612, 'resource_state': '2.035|1827', 'nodes': 2}), (1497905671.313832, {'compute_state': 0.10000000149011612, 'resource_state': '2.065|1827.5', 'nodes': 2}), (1497905682.274459, {'compute_state': 0.10000000149011612, 'resource_state': '2.055|1827', 'nodes': 2}), (1497905693.293165, {'compute_state': 0.10000000149011612, 'resource_state': '2.045|1827', 'nodes': 2}), (1497905703.819147, {'compute_state': 0.10000000149011612, 'resource_state': '2|970.5', 'nodes': 2}), (1497905714.45638, {'compute_state': 0.10000000149011612, 'resource_state': '1.85|970.5', 'nodes': 2}), (1497905724.988925, {'compute_state': 0.10000000149011612, 'resource_state': '1.755|971.5', 'nodes': 2}), (1497905735.967441, {'compute_state': 0.15000000596046448, 'resource_state': '1.75|1525', 'nodes': 2}), (1497905746.939387, {'compute_state': 0.15000000596046448, 'resource_state': '1.825|1825.5', 'nodes': 2}), (1497905757.945059, {'compute_state': 0.15000000596046448, 'resource_state': '1.85|1825.5', 'nodes': 2}), (1497905768.959635, {'compute_state': 0.15000000596046448, 'resource_state': '1.88|1825', 'nodes': 2}), (1497905779.924872, {'compute_state': 0.15000000596046448, 'resource_state': '1.895|1826.5', 'nodes': 2}), (1497905790.865065, {'compute_state': 0.15000000596046448, 'resource_state': '2|1826', 'nodes': 2}), (1497905801.831773, {'compute_state': 0.15000000596046448, 'resource_state': '2|1826.5', 'nodes': 2}), (1497905812.81808, {'compute_state': 0.15000000596046448, 'resource_state': '1.995|1826', 'nodes': 2}), (1497905823.804836, {'compute_state': 0.15000000596046448, 'resource_state': '2|1826', 'nodes': 2}), (1497905834.851961, {'compute_state': 0.15000000596046448, 'resource_state': '2|1826', 'nodes': 2}), (1497905845.765908, {'compute_state': 0.15000000596046448, 'resource_state': '2.04|1826.5', 'nodes': 2}), (1497905856.693183, {'compute_state': 0.15000000596046448, 'resource_state': '2.075|1827', 'nodes': 2}), (1497905867.684007, {'compute_state': 0.15000000596046448, 'resource_state': '2.06|1827', 'nodes': 2}), (1497905878.603426, {'compute_state': 0.15000000596046448, 'resource_state': '2.05|1827', 'nodes': 2}), (1497905889.525161, {'compute_state': 0.15000000596046448, 'resource_state': '2.045|1826.5', 'nodes': 2}), (1497905900.459279, {'compute_state': 0.15000000596046448, 'resource_state': '2.075|1826.5', 'nodes': 2}), (1497905910.960218, {'compute_state': 0.15000000596046448, 'resource_state': '2.06|970.5', 'nodes': 2}), (1497905921.576398, {'compute_state': 0.15000000596046448, 'resource_state': '1.905|971', 'nodes': 2}), (1497905932.096041, {'compute_state': 0.15000000596046448, 'resource_state': '1.765|971', 'nodes': 2}), (1497905942.673304, {'compute_state': 0.15000000596046448, 'resource_state': '1.57|971', 'nodes': 2}), (1497905953.604581, {'compute_state': 0.20000000298023224, 'resource_state': '1.565|1581', 'nodes': 2}), (1497905964.508702, {'compute_state': 0.20000000298023224, 'resource_state': '1.63|1826.5', 'nodes': 2}), (1497905975.448252, {'compute_state': 0.20000000298023224, 'resource_state': '1.745|1826.5', 'nodes': 2}), (1497905986.407028, {'compute_state': 0.20000000298023224, 'resource_state': '1.79|1826', 'nodes': 2}), (1497905997.387344, {'compute_state': 0.20000000298023224, 'resource_state': '1.865|1827', 'nodes': 2}), (1497906008.338618, {'compute_state': 0.20000000298023224, 'resource_state': '1.885|1826', 'nodes': 2}), (1497906019.343904, {'compute_state': 0.20000000298023224, 'resource_state': '1.905|1827', 'nodes': 2}), (1497906030.289777, {'compute_state': 0.20000000298023224, 'resource_state': '1.915|1827', 'nodes': 2}), (1497906041.266339, {'compute_state': 0.20000000298023224, 'resource_state': '1.935|1826', 'nodes': 2}), (1497906052.256158, {'compute_state': 0.20000000298023224, 'resource_state': '1.985|1826', 'nodes': 2}), (1497906063.171839, {'compute_state': 0.20000000298023224, 'resource_state': '1.99|1826', 'nodes': 2}), (1497906074.101765, {'compute_state': 0.20000000298023224, 'resource_state': '1.99|1826', 'nodes': 2}), (1497906085.113326, {'compute_state': 0.20000000298023224, 'resource_state': '1.99|1826', 'nodes': 2}), (1497906096.084066, {'compute_state': 0.20000000298023224, 'resource_state': '2.035|1826', 'nodes': 2}), (1497906107.036025, {'compute_state': 0.20000000298023224, 'resource_state': '2.105|1826.5', 'nodes': 2}), (1497906118.013087, {'compute_state': 0.20000000298023224, 'resource_state': '2.125|1632', 'nodes': 2}), (1497906128.583382, {'compute_state': 0.20000000298023224, 'resource_state': '2.03|971', 'nodes': 2}), (1497906139.186189, {'compute_state': 0.20000000298023224, 'resource_state': '1.83|971', 'nodes': 2}), (1497906149.786414, {'compute_state': 0.20000000298023224, 'resource_state': '1.745|972', 'nodes': 2}), (1497906160.725891, {'compute_state': 0.25, 'resource_state': '1.665|1581', 'nodes': 2}), (1497906171.696673, {'compute_state': 0.25, 'resource_state': '1.715|1825.5', 'nodes': 2}), (1497906182.695448, {'compute_state': 0.25, 'resource_state': '1.795|1826.5', 'nodes': 2}), (1497906193.625338, {'compute_state': 0.25, 'resource_state': '1.825|1826.5', 'nodes': 2}), (1497906204.563204, {'compute_state': 0.25, 'resource_state': '1.89|1826', 'nodes': 2}), (1497906215.507373, {'compute_state': 0.25, 'resource_state': '1.905|1826.5', 'nodes': 2}), (1497906226.481694, {'compute_state': 0.25, 'resource_state': '1.995|1826.5', 'nodes': 2}), (1497906237.438774, {'compute_state': 0.25, 'resource_state': '2.07|1826.5', 'nodes': 2}), (1497906248.376659, {'compute_state': 0.25, 'resource_state': '2.06|1826', 'nodes': 2}), (1497906259.299957, {'compute_state': 0.25, 'resource_state': '2.055|1826.5', 'nodes': 2}), (1497906270.268377, {'compute_state': 0.25, 'resource_state': '2.045|1826', 'nodes': 2}), (1497906281.242448, {'compute_state': 0.25, 'resource_state': '2.08|1826', 'nodes': 2}), (1497906292.275317, {'compute_state': 0.25, 'resource_state': '2.065|1826', 'nodes': 2}), (1497906303.195343, {'compute_state': 0.25, 'resource_state': '2.05|1826.5', 'nodes': 2}), (1497906314.177839, {'compute_state': 0.25, 'resource_state': '2.045|1826.5', 'nodes': 2}), (1497906325.134633, {'compute_state': 0.25, 'resource_state': '2.035|1826', 'nodes': 2}), (1497906336.124376, {'compute_state': 0.25, 'resource_state': '2.07|1826', 'nodes': 2}), (1497906346.664189, {'compute_state': 0.25, 'resource_state': '1.91|970', 'nodes': 2}), (1497906357.199043, {'compute_state': 0.25, 'resource_state': '1.88|970.5', 'nodes': 2}), (1497906367.87088, {'compute_state': 0.25, 'resource_state': '1.825|970.5', 'nodes': 2}), (1497906378.879544, {'compute_state': 0.30000001192092896, 'resource_state': '1.78|1581.5', 'nodes': 2}), (1497906389.865559, {'compute_state': 0.30000001192092896, 'resource_state': '1.815|1826.5', 'nodes': 2}), (1497906400.855701, {'compute_state': 0.30000001192092896, 'resource_state': '1.84|1827', 'nodes': 2}), (1497906411.848527, {'compute_state': 0.30000001192092896, 'resource_state': '1.88|1827', 'nodes': 2}), (1497906422.808089, {'compute_state': 0.30000001192092896, 'resource_state': '1.975|1826.5', 'nodes': 2}), (1497906433.775856, {'compute_state': 0.30000001192092896, 'resource_state': '1.98|1827', 'nodes': 2}), (1497906444.792038, {'compute_state': 0.30000001192092896, 'resource_state': '1.985|1826.5', 'nodes': 2}), (1497906455.804681, {'compute_state': 0.30000001192092896, 'resource_state': '1.985|1826.5', 'nodes': 2}), (1497906466.804322, {'compute_state': 0.30000001192092896, 'resource_state': '1.99|1827', 'nodes': 2}), (1497906477.778591, {'compute_state': 0.30000001192092896, 'resource_state': '2.15|1827', 'nodes': 2}), (1497906488.837425, {'compute_state': 0.30000001192092896, 'resource_state': '2.125|1827', 'nodes': 2}), (1497906499.7935, {'compute_state': 0.30000001192092896, 'resource_state': '2.105|1827.5', 'nodes': 2}), (1497906510.766769, {'compute_state': 0.30000001192092896, 'resource_state': '2.09|1826.5', 'nodes': 2}), (1497906521.730857, {'compute_state': 0.30000001192092896, 'resource_state': '2.16|1827', 'nodes': 2}), (1497906532.682412, {'compute_state': 0.30000001192092896, 'resource_state': '2.17|1827', 'nodes': 2}), (1497906543.648672, {'compute_state': 0.30000001192092896, 'resource_state': '2.14|1827', 'nodes': 2}), (1497906554.190752, {'compute_state': 0.30000001192092896, 'resource_state': '1.965|970.5', 'nodes': 2}), (1497906564.729427, {'compute_state': 0.30000001192092896, 'resource_state': '1.815|972', 'nodes': 2}), (1497906575.382518, {'compute_state': 0.30000001192092896, 'resource_state': '1.645|971.5', 'nodes': 2}), (1497906586.312461, {'compute_state': 0.3499999940395355, 'resource_state': '1.69|1581', 'nodes': 2}), (1497906597.329386, {'compute_state': 0.3499999940395355, 'resource_state': '1.785|1825.5', 'nodes': 2}), (1497906608.301301, {'compute_state': 0.3499999940395355, 'resource_state': '1.82|1826', 'nodes': 2}), (1497906619.255166, {'compute_state': 0.3499999940395355, 'resource_state': '1.85|1826.5', 'nodes': 2}), (1497906630.222425, {'compute_state': 0.3499999940395355, 'resource_state': '1.875|1826.5', 'nodes': 2}), (1497906641.27849, {'compute_state': 0.3499999940395355, 'resource_state': '1.94|1826.5', 'nodes': 2}), (1497906652.2178, {'compute_state': 0.3499999940395355, 'resource_state': '1.995|1826.5', 'nodes': 2}), (1497906663.206549, {'compute_state': 0.3499999940395355, 'resource_state': '1.995|1826.5', 'nodes': 2}), (1497906674.214947, {'compute_state': 0.3499999940395355, 'resource_state': '1.99|1826.5', 'nodes': 2}), (1497906685.169408, {'compute_state': 0.3499999940395355, 'resource_state': '1.995|1826', 'nodes': 2}), (1497906696.122612, {'compute_state': 0.3499999940395355, 'resource_state': '1.995|1826.5', 'nodes': 2}), (1497906707.046536, {'compute_state': 0.3499999940395355, 'resource_state': '2|1826', 'nodes': 2}), (1497906717.985802, {'compute_state': 0.3499999940395355, 'resource_state': '2.07|1826.5', 'nodes': 2}), (1497906728.924615, {'compute_state': 0.3499999940395355, 'resource_state': '2.06|1826', 'nodes': 2}), (1497906739.87786, {'compute_state': 0.3499999940395355, 'resource_state': '2.055|1826.5', 'nodes': 2}), (1497906750.808533, {'compute_state': 0.3499999940395355, 'resource_state': '2.045|1601', 'nodes': 2}), (1497906761.384736, {'compute_state': 0.3499999940395355, 'resource_state': '1.885|970.5', 'nodes': 2}), (1497906771.939198, {'compute_state': 0.3499999940395355, 'resource_state': '1.75|971', 'nodes': 2}), (1497906782.699236, {'compute_state': 0.3499999940395355, 'resource_state': '1.815|970.5', 'nodes': 2}), (1497906793.648112, {'compute_state': 0.4000000059604645, 'resource_state': '1.845|1581', 'nodes': 2}), (1497906804.64364, {'compute_state': 0.4000000059604645, 'resource_state': '1.865|1826', 'nodes': 2}), (1497906815.616568, {'compute_state': 0.4000000059604645, 'resource_state': '1.89|1827', 'nodes': 2}), (1497906826.602354, {'compute_state': 0.4000000059604645, 'resource_state': '1.92|1826.5', 'nodes': 2}), (1497906837.558009, {'compute_state': 0.4000000059604645, 'resource_state': '1.93|1827', 'nodes': 2}), (1497906848.534735, {'compute_state': 0.4000000059604645, 'resource_state': '1.94|1827', 'nodes': 2}), (1497906859.493848, {'compute_state': 0.4000000059604645, 'resource_state': '1.945|1826.5', 'nodes': 2}), (1497906870.435486, {'compute_state': 0.4000000059604645, 'resource_state': '1.955|1827', 'nodes': 2}), (1497906881.376815, {'compute_state': 0.4000000059604645, 'resource_state': '2.01|1827', 'nodes': 2}), (1497906892.322408, {'compute_state': 0.4000000059604645, 'resource_state': '2.04|1827', 'nodes': 2}), (1497906903.267849, {'compute_state': 0.4000000059604645, 'resource_state': '2.04|1827', 'nodes': 2}), (1497906914.226333, {'compute_state': 0.4000000059604645, 'resource_state': '2.03|1827', 'nodes': 2}), (1497906925.211214, {'compute_state': 0.4000000059604645, 'resource_state': '2.025|1827', 'nodes': 2}), (1497906936.10127, {'compute_state': 0.4000000059604645, 'resource_state': '2.02|1827', 'nodes': 2}), (1497906947.02793, {'compute_state': 0.4000000059604645, 'resource_state': '2.06|1826.5', 'nodes': 2}), (1497906957.570646, {'compute_state': 0.4000000059604645, 'resource_state': '1.975|971', 'nodes': 2}), (1497906968.028827, {'compute_state': 0.4000000059604645, 'resource_state': '1.82|971.5', 'nodes': 2}), (1497906979.363769, {'compute_state': 0.4000000059604645, 'resource_state': '1.655|971.5', 'nodes': 2}), (1497906992.061547, {'compute_state': 0.44999998807907104, 'resource_state': '1.555|1581', 'nodes': 2}), (1497907002.995614, {'compute_state': 0.44999998807907104, 'resource_state': '1.665|1826', 'nodes': 2}), (1497907013.947158, {'compute_state': 0.44999998807907104, 'resource_state': '1.715|1827', 'nodes': 2}), (1497907024.915446, {'compute_state': 0.44999998807907104, 'resource_state': '1.805|1827', 'nodes': 2}), (1497907035.838034, {'compute_state': 0.44999998807907104, 'resource_state': '1.835|1827', 'nodes': 2}), (1497907046.811467, {'compute_state': 0.44999998807907104, 'resource_state': '1.91|1826.5', 'nodes': 2}), (1497907057.743692, {'compute_state': 0.44999998807907104, 'resource_state': '2.005|1827', 'nodes': 2}), (1497907068.738845, {'compute_state': 0.44999998807907104, 'resource_state': '2|1826.5', 'nodes': 2}), (1497907079.707725, {'compute_state': 0.44999998807907104, 'resource_state': '2|1827', 'nodes': 2}), (1497907090.648981, {'compute_state': 0.44999998807907104, 'resource_state': '2.005|1827', 'nodes': 2}), (1497907101.622063, {'compute_state': 0.44999998807907104, 'resource_state': '2.045|1827', 'nodes': 2}), (1497907112.589442, {'compute_state': 0.44999998807907104, 'resource_state': '2.075|1827', 'nodes': 2}), (1497907123.559523, {'compute_state': 0.44999998807907104, 'resource_state': '2.065|1826.5', 'nodes': 2}), (1497907134.503484, {'compute_state': 0.44999998807907104, 'resource_state': '2.055|1827', 'nodes': 2}), (1497907145.466811, {'compute_state': 0.44999998807907104, 'resource_state': '2.04|1827', 'nodes': 2}), (1497907155.97987, {'compute_state': 0.44999998807907104, 'resource_state': '1.88|972', 'nodes': 2}), (1497907166.498313, {'compute_state': 0.44999998807907104, 'resource_state': '1.76|973', 'nodes': 2}), (1497907177.45917, {'compute_state': 0.44999998807907104, 'resource_state': '1.685|973', 'nodes': 2}), (1497907188.867956, {'compute_state': 0.5, 'resource_state': '1.69|1581', 'nodes': 2}), (1497907199.84004, {'compute_state': 0.5, 'resource_state': '1.74|1825', 'nodes': 2}), (1497907210.799158, {'compute_state': 0.5, 'resource_state': '1.78|1826.5', 'nodes': 2}), (1497907221.756479, {'compute_state': 0.5, 'resource_state': '1.87|1826.5', 'nodes': 2}), (1497907232.782292, {'compute_state': 0.5, 'resource_state': '1.97|1826', 'nodes': 2}), (1497907243.759708, {'compute_state': 0.5, 'resource_state': '1.975|1826.5', 'nodes': 2}), (1497907254.730197, {'compute_state': 0.5, 'resource_state': '1.975|1826.5', 'nodes': 2}), (1497907265.738634, {'compute_state': 0.5, 'resource_state': '1.98|1826.5', 'nodes': 2}), (1497907276.72092, {'compute_state': 0.5, 'resource_state': '2.03|1826.5', 'nodes': 2}), (1497907287.69179, {'compute_state': 0.5, 'resource_state': '2.065|1826', 'nodes': 2}), (1497907298.687911, {'compute_state': 0.5, 'resource_state': '2.05|1826', 'nodes': 2}), (1497907309.65819, {'compute_state': 0.5, 'resource_state': '2.045|1826.5', 'nodes': 2}), (1497907320.603822, {'compute_state': 0.5, 'resource_state': '2.035|1826.5', 'nodes': 2}), (1497907331.527875, {'compute_state': 0.5, 'resource_state': '2.03|1826.5', 'nodes': 2}), (1497907342.515802, {'compute_state': 0.5, 'resource_state': '2.1|1826.5', 'nodes': 2}), (1497907353.51564, {'compute_state': 0.5, 'resource_state': '2.2|1826', 'nodes': 2}), (1497907364.449493, {'compute_state': 0.5, 'resource_state': '2.17|1826.5', 'nodes': 2}), (1497907374.952055, {'compute_state': 0.5, 'resource_state': '2.025|971', 'nodes': 2}), (1497907385.47611, {'compute_state': 0.5, 'resource_state': '1.945|971', 'nodes': 2}), (1497907396.058441, {'compute_state': 0.5, 'resource_state': '1.8|971', 'nodes': 2}), (1497907407.008613, {'compute_state': 0.550000011920929, 'resource_state': '1.925|1581.5', 'nodes': 2}), (1497907417.975042, {'compute_state': 0.550000011920929, 'resource_state': '2.01|1826.5', 'nodes': 2}), (1497907428.947392, {'compute_state': 0.550000011920929, 'resource_state': '2.045|1826.5', 'nodes': 2}), (1497907439.887173, {'compute_state': 0.550000011920929, 'resource_state': '2.04|1826.5', 'nodes': 2}), (1497907450.882367, {'compute_state': 0.550000011920929, 'resource_state': '2.035|1826.5', 'nodes': 2}), (1497907461.836185, {'compute_state': 0.550000011920929, 'resource_state': '2.115|1826.5', 'nodes': 2}), (1497907472.782353, {'compute_state': 0.550000011920929, 'resource_state': '2.125|1826', 'nodes': 2}), (1497907483.710611, {'compute_state': 0.550000011920929, 'resource_state': '2.14|1826.5', 'nodes': 2}), (1497907494.721931, {'compute_state': 0.550000011920929, 'resource_state': '2.12|1826.5', 'nodes': 2}), (1497907505.684155, {'compute_state': 0.550000011920929, 'resource_state': '2.105|1826.5', 'nodes': 2}), (1497907516.639977, {'compute_state': 0.550000011920929, 'resource_state': '2.085|1826.5', 'nodes': 2}), (1497907527.620635, {'compute_state': 0.550000011920929, 'resource_state': '2.11|1826.5', 'nodes': 2}), (1497907538.559479, {'compute_state': 0.550000011920929, 'resource_state': '2.09|1826.5', 'nodes': 2}), (1497907549.475933, {'compute_state': 0.550000011920929, 'resource_state': '2.07|1826.5', 'nodes': 2}), (1497907560.410227, {'compute_state': 0.550000011920929, 'resource_state': '2.065|1826.5', 'nodes': 2}), (1497907570.935993, {'compute_state': 0.550000011920929, 'resource_state': '1.93|970.5', 'nodes': 2}), (1497907581.471032, {'compute_state': 0.550000011920929, 'resource_state': '1.865|970.5', 'nodes': 2}), (1497907593.251418, {'compute_state': 0.550000011920929, 'resource_state': '1.67|970.5', 'nodes': 2}), (1497907604.199723, {'compute_state': 0.6000000238418579, 'resource_state': '1.685|1581', 'nodes': 2}), (1497907615.155463, {'compute_state': 0.6000000238418579, 'resource_state': '1.73|1826', 'nodes': 2}), (1497907626.100465, {'compute_state': 0.6000000238418579, 'resource_state': '1.775|1826.5', 'nodes': 2}), (1497907637.04969, {'compute_state': 0.6000000238418579, 'resource_state': '1.865|1827', 'nodes': 2}), (1497907648.048722, {'compute_state': 0.6000000238418579, 'resource_state': '1.925|1827', 'nodes': 2}), (1497907658.999862, {'compute_state': 0.6000000238418579, 'resource_state': '1.935|1827', 'nodes': 2}), (1497907669.944714, {'compute_state': 0.6000000238418579, 'resource_state': '1.945|1827', 'nodes': 2}), (1497907680.895379, {'compute_state': 0.6000000238418579, 'resource_state': '2.035|1827', 'nodes': 2}), (1497907691.847149, {'compute_state': 0.6000000238418579, 'resource_state': '2.03|1827', 'nodes': 2}), (1497907702.795741, {'compute_state': 0.6000000238418579, 'resource_state': '2.025|1827', 'nodes': 2}), (1497907713.793249, {'compute_state': 0.6000000238418579, 'resource_state': '2.1|1827', 'nodes': 2}), (1497907724.795648, {'compute_state': 0.6000000238418579, 'resource_state': '2.085|1826.5', 'nodes': 2}), (1497907735.791874, {'compute_state': 0.6000000238418579, 'resource_state': '2.075|1826.5', 'nodes': 2}), (1497907746.71007, {'compute_state': 0.6000000238418579, 'resource_state': '2.06|1826.5', 'nodes': 2}), (1497907757.651647, {'compute_state': 0.6000000238418579, 'resource_state': '2.095|1826.5', 'nodes': 2}), (1497907768.586307, {'compute_state': 0.6000000238418579, 'resource_state': '2.115|1827', 'nodes': 2}), (1497907779.551984, {'compute_state': 0.6000000238418579, 'resource_state': '2.095|1826.5', 'nodes': 2}), (1497907790.073821, {'compute_state': 0.6000000238418579, 'resource_state': '2.04|971', 'nodes': 2}), (1497907800.644569, {'compute_state': 0.6000000238418579, 'resource_state': '1.845|970.5', 'nodes': 2}), (1497907811.170734, {'compute_state': 0.6000000238418579, 'resource_state': '1.76|970.5', 'nodes': 2}), (1497907822.202034, {'compute_state': 0.6499999761581421, 'resource_state': '1.855|1580.5', 'nodes': 2}), (1497907833.17256, {'compute_state': 0.6499999761581421, 'resource_state': '1.915|1825', 'nodes': 2}), (1497907844.174071, {'compute_state': 0.6499999761581421, 'resource_state': '1.925|1826.5', 'nodes': 2}), (1497907855.179402, {'compute_state': 0.6499999761581421, 'resource_state': '1.94|1827', 'nodes': 2}), (1497907866.166279, {'compute_state': 0.6499999761581421, 'resource_state': '1.985|1850', 'nodes': 2}), (1497907877.130243, {'compute_state': 0.6499999761581421, 'resource_state': '2.15|1840', 'nodes': 2}), (1497907888.072168, {'compute_state': 0.6499999761581421, 'resource_state': '2.23|1841', 'nodes': 2}), (1497907899.02386, {'compute_state': 0.6499999761581421, 'resource_state': '2.23|1840.5', 'nodes': 2}), (1497907910.01869, {'compute_state': 0.6499999761581421, 'resource_state': '2.27|1853.5', 'nodes': 2}), (1497907921.022723, {'compute_state': 0.6499999761581421, 'resource_state': '2.35|1845', 'nodes': 2}), (1497907931.970814, {'compute_state': 0.6499999761581421, 'resource_state': '2.41|1844.5', 'nodes': 2}), (1497907943.068018, {'compute_state': 0.6499999761581421, 'resource_state': '2.46|1860', 'nodes': 2}), (1497907954.095668, {'compute_state': 0.6499999761581421, 'resource_state': '2.505|1856', 'nodes': 2}), (1497907965.105489, {'compute_state': 0.6499999761581421, 'resource_state': '2.54|1858', 'nodes': 2}), (1497907976.078669, {'compute_state': 0.6499999761581421, 'resource_state': '2.57|1858.5', 'nodes': 2}), (1497907987.126611, {'compute_state': 0.6499999761581421, 'resource_state': '2.595|1847', 'nodes': 2}), (1497907998.298402, {'compute_state': 0.6499999761581421, 'resource_state': '2.695|1846.5', 'nodes': 2}), (1497908009.380227, {'compute_state': 0.6499999761581421, 'resource_state': '2.625|1827.5', 'nodes': 2}), (1497908020.34182, {'compute_state': 0.6499999761581421, 'resource_state': '2.53|1596', 'nodes': 2}), (1497908030.879432, {'compute_state': 0.6499999761581421, 'resource_state': '2.255|971.5', 'nodes': 2}), (1497908041.62145, {'compute_state': 0.6499999761581421, 'resource_state': '2.02|972', 'nodes': 2}), (1497908058.687043, {'compute_state': 0.6499999761581421, 'resource_state': '1.77|84.5', 'nodes': 2}), (1497908069.756047, {'compute_state': 0.699999988079071, 'resource_state': '1.77|1826.5', 'nodes': 2}), (1497908080.741036, {'compute_state': 0.699999988079071, 'resource_state': '1.805|1826', 'nodes': 2}), (1497908091.743717, {'compute_state': 0.699999988079071, 'resource_state': '1.835|1826.5', 'nodes': 2}), (1497908102.756347, {'compute_state': 0.699999988079071, 'resource_state': '1.88|1826', 'nodes': 2}), (1497908113.812162, {'compute_state': 0.699999988079071, 'resource_state': '1.975|1826', 'nodes': 2}), (1497908124.776817, {'compute_state': 0.699999988079071, 'resource_state': '1.975|1826', 'nodes': 2}), (1497908135.797492, {'compute_state': 0.699999988079071, 'resource_state': '1.98|1826', 'nodes': 2}), (1497908146.822077, {'compute_state': 0.699999988079071, 'resource_state': '1.98|1826.5', 'nodes': 2}), (1497908157.766369, {'compute_state': 0.699999988079071, 'resource_state': '1.995|1826', 'nodes': 2}), (1497908168.770228, {'compute_state': 0.699999988079071, 'resource_state': '2.025|1826', 'nodes': 2}), (1497908179.761095, {'compute_state': 0.699999988079071, 'resource_state': '2.025|1826.5', 'nodes': 2}), (1497908190.747319, {'compute_state': 0.699999988079071, 'resource_state': '2.02|1826', 'nodes': 2}), (1497908201.721705, {'compute_state': 0.699999988079071, 'resource_state': '2.015|1825.5', 'nodes': 2}), (1497908212.754699, {'compute_state': 0.699999988079071, 'resource_state': '2.015|1826.5', 'nodes': 2}), (1497908223.800632, {'compute_state': 0.699999988079071, 'resource_state': '2.01|1826', 'nodes': 2}), (1497908234.78501, {'compute_state': 0.699999988079071, 'resource_state': '2.005|1826', 'nodes': 2}), (1497908245.480136, {'compute_state': 0.699999988079071, 'resource_state': '1.965|965.5', 'nodes': 2}), (1497908256.004151, {'compute_state': 0.699999988079071, 'resource_state': '1.86|970', 'nodes': 2}), (1497908266.512038, {'compute_state': 0.699999988079071, 'resource_state': '1.725|970', 'nodes': 2}), (1497908278.016113, {'compute_state': 0.699999988079071, 'resource_state': '1.53|85', 'nodes': 2}), (1497908289.060632, {'compute_state': 0.75, 'resource_state': '1.61|1826', 'nodes': 2}), (1497908300.052314, {'compute_state': 0.75, 'resource_state': '1.67|1826.5', 'nodes': 2}), (1497908310.977984, {'compute_state': 0.75, 'resource_state': '1.715|1827', 'nodes': 2}), (1497908321.965925, {'compute_state': 0.75, 'resource_state': '1.76|1827', 'nodes': 2}), (1497908333.00443, {'compute_state': 0.75, 'resource_state': '1.855|1827', 'nodes': 2}), (1497908344.047761, {'compute_state': 0.75, 'resource_state': '1.92|1826.5', 'nodes': 2}), (1497908355.02869, {'compute_state': 0.75, 'resource_state': '1.93|1826', 'nodes': 2}), (1497908366.051943, {'compute_state': 0.75, 'resource_state': '1.94|1827', 'nodes': 2}), (1497908377.019462, {'compute_state': 0.75, 'resource_state': '1.95|1827', 'nodes': 2}), (1497908387.935084, {'compute_state': 0.75, 'resource_state': '2|1827', 'nodes': 2}), (1497908398.940171, {'compute_state': 0.75, 'resource_state': '2|1826.5', 'nodes': 2}), (1497908409.975881, {'compute_state': 0.75, 'resource_state': '2|1826', 'nodes': 2}), (1497908420.95011, {'compute_state': 0.75, 'resource_state': '2|1826.5', 'nodes': 2}), (1497908431.93249, {'compute_state': 0.75, 'resource_state': '2|1826.5', 'nodes': 2}), (1497908442.92838, {'compute_state': 0.75, 'resource_state': '2.045|1827', 'nodes': 2}), (1497908453.915978, {'compute_state': 0.75, 'resource_state': '2.195|1826.5', 'nodes': 2}), (1497908464.908772, {'compute_state': 0.75, 'resource_state': '2.165|1659', 'nodes': 2}), (1497908475.398314, {'compute_state': 0.75, 'resource_state': '1.945|971', 'nodes': 2}), (1497908485.931876, {'compute_state': 0.75, 'resource_state': '1.915|970.5', 'nodes': 2}), (1497908497.892391, {'compute_state': 0.75, 'resource_state': '1.765|84', 'nodes': 2}), (1497908508.90193, {'compute_state': 0.800000011920929, 'resource_state': '1.785|1827', 'nodes': 2}), (1497908519.904143, {'compute_state': 0.800000011920929, 'resource_state': '1.82|1826.5', 'nodes': 2}), (1497908530.876229, {'compute_state': 0.800000011920929, 'resource_state': '1.85|1826', 'nodes': 2}), (1497908541.862061, {'compute_state': 0.800000011920929, 'resource_state': '1.87|1827', 'nodes': 2}), (1497908552.847587, {'compute_state': 0.800000011920929, 'resource_state': '1.945|1826.5', 'nodes': 2}), (1497908563.860638, {'compute_state': 0.800000011920929, 'resource_state': '1.99|1826.5', 'nodes': 2}), (1497908574.863765, {'compute_state': 0.800000011920929, 'resource_state': '1.99|1826.5', 'nodes': 2}), (1497908585.852538, {'compute_state': 0.800000011920929, 'resource_state': '1.99|1826.5', 'nodes': 2}), (1497908596.879832, {'compute_state': 0.800000011920929, 'resource_state': '1.995|1826', 'nodes': 2}), (1497908607.863023, {'compute_state': 0.800000011920929, 'resource_state': '2.04|1826.5', 'nodes': 2}), (1497908618.892751, {'compute_state': 0.800000011920929, 'resource_state': '2.105|1826.5', 'nodes': 2}), (1497908629.881215, {'compute_state': 0.800000011920929, 'resource_state': '2.09|1826.5', 'nodes': 2}), (1497908640.845914, {'compute_state': 0.800000011920929, 'resource_state': '2.075|1826.5', 'nodes': 2}), (1497908651.840533, {'compute_state': 0.800000011920929, 'resource_state': '2.065|1826', 'nodes': 2}), (1497908662.777563, {'compute_state': 0.800000011920929, 'resource_state': '2.09|1826.5', 'nodes': 2}), (1497908673.789833, {'compute_state': 0.800000011920929, 'resource_state': '2.15|1826.5', 'nodes': 2}), (1497908684.399564, {'compute_state': 0.800000011920929, 'resource_state': '2.09|971', 'nodes': 2}), (1497908694.981384, {'compute_state': 0.800000011920929, 'resource_state': '1.995|971', 'nodes': 2}), (1497908705.56291, {'compute_state': 0.800000011920929, 'resource_state': '1.995|971', 'nodes': 2}), (1497908719.164983, {'compute_state': 0.800000011920929, 'resource_state': '1.775|98', 'nodes': 2}), (1497908730.126345, {'compute_state': 0.8500000238418579, 'resource_state': '1.81|1826.5', 'nodes': 2}), (1497908741.155959, {'compute_state': 0.8500000238418579, 'resource_state': '1.84|1826.5', 'nodes': 2}), (1497908752.140625, {'compute_state': 0.8500000238418579, 'resource_state': '1.865|1827', 'nodes': 2}), (1497908763.128808, {'compute_state': 0.8500000238418579, 'resource_state': '1.9|1826.5', 'nodes': 2}), (1497908774.17511, {'compute_state': 0.8500000238418579, 'resource_state': '1.91|1827', 'nodes': 2}), (1497908785.145559, {'compute_state': 0.8500000238418579, 'resource_state': '1.925|1827', 'nodes': 2}), (1497908796.156306, {'compute_state': 0.8500000238418579, 'resource_state': '1.94|1826.5', 'nodes': 2}), (1497908807.131547, {'compute_state': 0.8500000238418579, 'resource_state': '1.95|1826.5', 'nodes': 2}), (1497908818.115763, {'compute_state': 0.8500000238418579, 'resource_state': '2|1827', 'nodes': 2}), (1497908829.139112, {'compute_state': 0.8500000238418579, 'resource_state': '2.08|1827', 'nodes': 2}), (1497908840.114733, {'compute_state': 0.8500000238418579, 'resource_state': '2.065|1826.5', 'nodes': 2}), (1497908851.123843, {'compute_state': 0.8500000238418579, 'resource_state': '2.06|1827', 'nodes': 2}), (1497908862.124163, {'compute_state': 0.8500000238418579, 'resource_state': '2.045|1826.5', 'nodes': 2}), (1497908873.133773, {'compute_state': 0.8500000238418579, 'resource_state': '2.085|1826.5', 'nodes': 2}), (1497908884.080363, {'compute_state': 0.8500000238418579, 'resource_state': '2.105|1827.5', 'nodes': 2}), (1497908894.989673, {'compute_state': 0.8500000238418579, 'resource_state': '2.09|1826.5', 'nodes': 2}), (1497908905.872546, {'compute_state': 0.8500000238418579, 'resource_state': '2.075|1606.5', 'nodes': 2}), (1497908916.38874, {'compute_state': 0.8500000238418579, 'resource_state': '1.945|971', 'nodes': 2}), (1497908926.955069, {'compute_state': 0.8500000238418579, 'resource_state': '1.875|971', 'nodes': 2}), (1497908940.962416, {'compute_state': 0.8500000238418579, 'resource_state': '1.84|99.5', 'nodes': 2}), (1497908951.876523, {'compute_state': 0.8999999761581421, 'resource_state': '1.825|1826.5', 'nodes': 2}), (1497908962.892797, {'compute_state': 0.8999999761581421, 'resource_state': '1.85|1827', 'nodes': 2}), (1497908973.916228, {'compute_state': 0.8999999761581421, 'resource_state': '1.89|1826.5', 'nodes': 2}), (1497908984.944316, {'compute_state': 0.8999999761581421, 'resource_state': '1.935|1826.5', 'nodes': 2}), (1497908995.954991, {'compute_state': 0.8999999761581421, 'resource_state': '1.95|1826.5', 'nodes': 2}), (1497909006.961497, {'compute_state': 0.8999999761581421, 'resource_state': '1.955|1827', 'nodes': 2}), (1497909017.94737, {'compute_state': 0.8999999761581421, 'resource_state': '1.96|1826.5', 'nodes': 2}), (1497909028.955666, {'compute_state': 0.8999999761581421, 'resource_state': '1.975|1826.5', 'nodes': 2}), (1497909039.990608, {'compute_state': 0.8999999761581421, 'resource_state': '1.975|1826', 'nodes': 2}), (1497909051.022141, {'compute_state': 0.8999999761581421, 'resource_state': '1.975|1826.5', 'nodes': 2}), (1497909062.015757, {'compute_state': 0.8999999761581421, 'resource_state': '1.98|1826.5', 'nodes': 2}), (1497909072.984003, {'compute_state': 0.8999999761581421, 'resource_state': '1.985|1826.5', 'nodes': 2}), (1497909083.991494, {'compute_state': 0.8999999761581421, 'resource_state': '2.06|1826.5', 'nodes': 2}), (1497909094.992771, {'compute_state': 0.8999999761581421, 'resource_state': '2.045|1826', 'nodes': 2}), (1497909106.049108, {'compute_state': 0.8999999761581421, 'resource_state': '2.035|1826.5', 'nodes': 2}), (1497909117.100714, {'compute_state': 0.8999999761581421, 'resource_state': '2.03|1826', 'nodes': 2}), (1497909127.860228, {'compute_state': 0.8999999761581421, 'resource_state': '2.03|964', 'nodes': 2}), (1497909138.406428, {'compute_state': 0.8999999761581421, 'resource_state': '1.8|971', 'nodes': 2}), (1497909148.904148, {'compute_state': 0.8999999761581421, 'resource_state': '1.68|971.5', 'nodes': 2}), (1497909161.608756, {'compute_state': 0.8999999761581421, 'resource_state': '1.62|99', 'nodes': 2}), (1497909172.569084, {'compute_state': 0.949999988079071, 'resource_state': '1.675|1827.5', 'nodes': 2}), (1497909183.553039, {'compute_state': 0.949999988079071, 'resource_state': '1.75|1827', 'nodes': 2}), (1497909194.567701, {'compute_state': 0.949999988079071, 'resource_state': '1.785|1827', 'nodes': 2}), (1497909205.566833, {'compute_state': 0.949999988079071, 'resource_state': '1.82|1827', 'nodes': 2}), (1497909216.564744, {'compute_state': 0.949999988079071, 'resource_state': '1.85|1827', 'nodes': 2}), (1497909227.568315, {'compute_state': 0.949999988079071, 'resource_state': '1.87|1827', 'nodes': 2}), (1497909238.568987, {'compute_state': 0.949999988079071, 'resource_state': '1.98|1827.5', 'nodes': 2}), (1497909249.484445, {'compute_state': 0.949999988079071, 'resource_state': '1.985|1827.5', 'nodes': 2}), (1497909260.511943, {'compute_state': 0.949999988079071, 'resource_state': '1.99|1827.5', 'nodes': 2}), (1497909271.487751, {'compute_state': 0.949999988079071, 'resource_state': '1.99|1827.5', 'nodes': 2}), (1497909282.499978, {'compute_state': 0.949999988079071, 'resource_state': '1.995|1827', 'nodes': 2}), (1497909293.464628, {'compute_state': 0.949999988079071, 'resource_state': '2.035|1827.5', 'nodes': 2}), (1497909304.525974, {'compute_state': 0.949999988079071, 'resource_state': '2.15|1827', 'nodes': 2}), (1497909315.496672, {'compute_state': 0.949999988079071, 'resource_state': '2.125|1827', 'nodes': 2}), (1497909326.483692, {'compute_state': 0.949999988079071, 'resource_state': '2.105|1827.5', 'nodes': 2}), (1497909337.415503, {'compute_state': 0.949999988079071, 'resource_state': '2.085|1827.5', 'nodes': 2}), (1497909347.951206, {'compute_state': 0.949999988079071, 'resource_state': '1.955|971', 'nodes': 2}), (1497909358.463872, {'compute_state': 0.949999988079071, 'resource_state': '1.785|972', 'nodes': 2}), (1497909369.102904, {'compute_state': 0.949999988079071, 'resource_state': '1.705|971.5', 'nodes': 2}), (1497909379.707831, {'compute_state': 1.0, 'resource_state': '1.51|80.5', 'nodes': 2})]
1497909379.723585|SYSTEM: Waiting on Computation to finish.
1497909379.723827|SYSTEM: Good bye...
