1497909463.102352|SYSTEM: Starting Platform.
1497909463.104140|SYSTEM: Starting Computation.
1497909463.106739|SYSTEM: Waiting on Platform to finish.
1497909463.109712|PLATFORM: QoS Values ={'execution_time': 0.0, 'resource_efficiency': 0.0, 'cost': 0.0, 'power_consumption': 0.0, 'accuracy': 0.0}
1497909463.109829|PLATFORM: QoS Weight ={'execution_time': 0.0, 'resource_efficiency': 0.0, 'cost': 0.0, 'power_consumption': 0.0, 'accuracy': 0.0}
1497909463.109890|PLATFORM: QoS Factor =0.0
1497909463.109964|PLATFORM: Monitor Interval = 10
1497909463.110025|PLATFORM: Sample Interval = 10
1497909463.110064|PLATFORM: Reconfiguration Interval = 10
1497909463.110101|PLATFORM: http://200.19.177.89:33004:elastic_cluster_dd35b744-5aec-41fa-982b-a54d9661b39c:2afe57fb-7de2-47e0-8475-3fc27987a110
1497909465.147742|PLATFORM: Number Of Nodes = 2
1497909468.118312|COMPUTATION: Starting Computation.
1497909468.118565|COMPUTATION: Start (MatrixSize, Iteration) = |9000|0|
1497909468.118903|COMPUTATION: ['mpirun', '-n', '4', '-machinefile', '/home/ubuntu/machinefile', '/home/ubuntu/repositorios/elastichpc/beta/trials/Matrix.py', '9000', '/home/ubuntu/teste.mtr_0']
1497909476.133556|PLATFORM: State = |0.0|0.59|1977|2|
1497909487.081962|PLATFORM: State = |0.0|0.805|2287.5|2|
1497909498.072174|PLATFORM: State = |0.0|0.99|2287.5|2|
1497909509.048480|PLATFORM: State = |0.0|1.145|2286.5|2|
1497909520.034142|PLATFORM: State = |0.0|1.28|2287|2|
1497909530.979994|PLATFORM: State = |0.0|1.425|2287|2|
1497909542.008646|PLATFORM: State = |0.0|1.66|2287|2|
1497909552.968104|PLATFORM: State = |0.0|1.715|2287.5|2|
1497909563.912040|PLATFORM: State = |0.0|1.755|2287.5|2|
1497909574.936547|PLATFORM: State = |0.0|1.795|2287.5|2|
1497909585.886164|PLATFORM: State = |0.0|1.825|2287.5|2|
1497909596.904045|PLATFORM: State = |0.0|1.945|2288|2|
1497909607.866096|PLATFORM: State = |0.0|1.955|2288|2|
1497909618.816905|PLATFORM: State = |0.0|1.965|2287.5|2|
1497909629.728191|PLATFORM: State = |0.0|1.97|2288|2|
1497909640.667039|PLATFORM: State = |0.0|1.975|2288|2|
1497909651.625670|PLATFORM: State = |0.0|1.98|2288|2|
1497909662.562413|PLATFORM: State = |0.0|1.98|2287.5|2|
1497909673.509503|PLATFORM: State = |0.0|1.99|2288|2|
1497909684.489683|PLATFORM: State = |0.0|1.99|2288|2|
1497909695.352577|PLATFORM: State = |0.0|1.99|1902|2|
1497909705.881497|PLATFORM: State = |0.0|1.955|1605|2|
1497909716.365387|PLATFORM: State = |0.0|1.825|1205|2|
1497909726.913347|PLATFORM: State = |0.0|1.74|1205|2|
1497909738.630282|PLATFORM: State = |0.0|1.625|1204.5|2|
1497909747.017217|COMPUTATION: End (MatrixSize, Iteration) = |9000|0|
1497909747.215807|COMPUTATION: Execution = Warning: Permanently added '10.10.10.4' (ECDSA) to the list of known hosts.
|None
1497909747.216075|COMPUTATION: Progress = 0.05
1497909747.216124|COMPUTATION: Start (MatrixSize, Iteration) = |9000|1|
1497909747.216598|COMPUTATION: ['mpirun', '-n', '4', '-machinefile', '/home/ubuntu/machinefile', '/home/ubuntu/repositorios/elastichpc/beta/trials/Matrix.py', '9000', '/home/ubuntu/teste.mtr_1']
1497909749.659003|PLATFORM: State = |0.0500000007451|1.53|1849.5|2|
1497909760.627678|PLATFORM: State = |0.0500000007451|1.6|2287.5|2|
1497909771.633767|PLATFORM: State = |0.0500000007451|1.775|2287|2|
1497909782.572109|PLATFORM: State = |0.0500000007451|1.805|2287.5|2|
1497909793.500502|PLATFORM: State = |0.0500000007451|1.835|2287.5|2|
1497909804.449804|PLATFORM: State = |0.0500000007451|1.86|2287.5|2|
1497909815.448314|PLATFORM: State = |0.0500000007451|1.885|2287.5|2|
1497909826.392285|PLATFORM: State = |0.0500000007451|1.99|2287.5|2|
1497909837.352400|PLATFORM: State = |0.0500000007451|1.99|2287.5|2|
1497909848.326885|PLATFORM: State = |0.0500000007451|1.995|2287.5|2|
1497909859.316718|PLATFORM: State = |0.0500000007451|1.99|2287.5|2|
1497909870.302893|PLATFORM: State = |0.0500000007451|1.99|2287.5|2|
1497909881.247704|PLATFORM: State = |0.0500000007451|1.995|2287.5|2|
1497909892.272913|PLATFORM: State = |0.0500000007451|2.16|2287|2|
1497909903.273332|PLATFORM: State = |0.0500000007451|2.13|2287.5|2|
1497909914.237096|PLATFORM: State = |0.0500000007451|2.11|2287|2|
1497909925.224956|PLATFORM: State = |0.0500000007451|2.09|2287|2|
1497909936.170651|PLATFORM: State = |0.0500000007451|2.08|2287.5|2|
1497909947.119852|PLATFORM: State = |0.0500000007451|2.18|2287.5|2|
1497909958.033515|PLATFORM: State = |0.0500000007451|2.155|2287.5|2|
1497909968.698186|PLATFORM: State = |0.0500000007451|2.13|1510.5|2|
1497909979.225733|PLATFORM: State = |0.0500000007451|1.995|1204|2|
1497909989.786447|PLATFORM: State = |0.0500000007451|1.88|1203.5|2|
1497910000.746600|PLATFORM: State = |0.0500000007451|1.825|1203|2|
1497910016.213508|PLATFORM: State = |0.0500000007451|1.68|1202.5|2|
1497910020.436289|COMPUTATION: End (MatrixSize, Iteration) = |9000|1|
1497910020.635558|COMPUTATION: Execution = Warning: Permanently added '10.10.10.4' (ECDSA) to the list of known hosts.
|None
1497910020.635770|COMPUTATION: Progress = 0.1
1497910020.635829|COMPUTATION: Start (MatrixSize, Iteration) = |9000|2|
1497910020.636160|COMPUTATION: ['mpirun', '-n', '4', '-machinefile', '/home/ubuntu/machinefile', '/home/ubuntu/repositorios/elastichpc/beta/trials/Matrix.py', '9000', '/home/ubuntu/teste.mtr_2']
1497910027.237949|PLATFORM: State = |0.10000000149|1.69|1975.5|2|
1497910038.229763|PLATFORM: State = |0.10000000149|1.735|2286|2|
1497910049.221946|PLATFORM: State = |0.10000000149|1.775|2285.5|2|
1497910060.199726|PLATFORM: State = |0.10000000149|1.81|2286|2|
1497910071.217060|PLATFORM: State = |0.10000000149|1.84|2286|2|
1497910082.184806|PLATFORM: State = |0.10000000149|2.035|2285.5|2|
1497910093.217241|PLATFORM: State = |0.10000000149|2.03|2285.5|2|
1497910104.209762|PLATFORM: State = |0.10000000149|2.025|2285|2|
1497910115.177323|PLATFORM: State = |0.10000000149|2.025|2285|2|
1497910126.193494|PLATFORM: State = |0.10000000149|2.02|2285|2|
1497910137.165821|PLATFORM: State = |0.10000000149|2.095|2286|2|
1497910148.135034|PLATFORM: State = |0.10000000149|2.08|2285.5|2|
1497910159.083949|PLATFORM: State = |0.10000000149|2.065|2285.5|2|
1497910170.086629|PLATFORM: State = |0.10000000149|2.055|2285.5|2|
1497910181.046907|PLATFORM: State = |0.10000000149|2.045|2286|2|
1497910192.067632|PLATFORM: State = |0.10000000149|2.12|2285.5|2|
1497910203.028189|PLATFORM: State = |0.10000000149|2.095|2286|2|
1497910214.008265|PLATFORM: State = |0.10000000149|2.085|2285.5|2|
1497910224.976892|PLATFORM: State = |0.10000000149|2.07|2285.5|2|
1497910235.923345|PLATFORM: State = |0.10000000149|2.06|2286.5|2|
1497910246.899578|PLATFORM: State = |0.10000000149|2.125|2286|2|
1497910257.486164|PLATFORM: State = |0.10000000149|1.95|1202.5|2|
1497910268.013755|PLATFORM: State = |0.10000000149|1.88|1202.5|2|
1497910278.538464|PLATFORM: State = |0.10000000149|1.78|1203|2|
1497910293.340274|COMPUTATION: End (MatrixSize, Iteration) = |9000|2|
1497910294.885069|COMPUTATION: Execution = Warning: Permanently added '10.10.10.4' (ECDSA) to the list of known hosts.
|None
1497910294.885209|COMPUTATION: Progress = 0.15
1497910294.885251|COMPUTATION: Start (MatrixSize, Iteration) = |9000|3|
1497910294.887316|COMPUTATION: ['mpirun', '-n', '4', '-machinefile', '/home/ubuntu/machinefile', '/home/ubuntu/repositorios/elastichpc/beta/trials/Matrix.py', '9000', '/home/ubuntu/teste.mtr_3']
1497910295.749766|PLATFORM: State = |0.10000000149|1.62|92|2|
1497910306.679517|PLATFORM: State = |0.15000000596|1.745|1977.5|2|
1497910317.659636|PLATFORM: State = |0.15000000596|1.78|2286.5|2|
1497910328.643831|PLATFORM: State = |0.15000000596|1.815|2286.5|2|
1497910339.584896|PLATFORM: State = |0.15000000596|1.84|2286.5|2|
1497910350.576697|PLATFORM: State = |0.15000000596|1.87|2286|2|
1497910361.547405|PLATFORM: State = |0.15000000596|1.89|2286.5|2|
1497910372.559077|PLATFORM: State = |0.15000000596|2.185|2286.5|2|
1497910383.507932|PLATFORM: State = |0.15000000596|2.16|2286.5|2|
1497910394.455727|PLATFORM: State = |0.15000000596|2.135|2286.5|2|
1497910405.392793|PLATFORM: State = |0.15000000596|2.11|2286|2|
1497910416.424339|PLATFORM: State = |0.15000000596|2.095|2286.5|2|
1497910427.364763|PLATFORM: State = |0.15000000596|2.115|2286.5|2|
1497910438.317437|PLATFORM: State = |0.15000000596|2.1|2286.5|2|
1497910449.263033|PLATFORM: State = |0.15000000596|2.08|2286.5|2|
1497910460.251901|PLATFORM: State = |0.15000000596|2.105|2286.5|2|
1497910471.169818|PLATFORM: State = |0.15000000596|2.09|2286.5|2|
1497910482.091713|PLATFORM: State = |0.15000000596|2.15|2286.5|2|
1497910493.063320|PLATFORM: State = |0.15000000596|2.165|2286.5|2|
1497910504.039047|PLATFORM: State = |0.15000000596|2.14|2286.5|2|
1497910515.019074|PLATFORM: State = |0.15000000596|2.15|2286.5|2|
1497910525.990954|PLATFORM: State = |0.15000000596|2.13|2286.5|2|
1497910536.505716|PLATFORM: State = |0.15000000596|2.11|1203.5|2|
1497910547.029924|PLATFORM: State = |0.15000000596|1.935|1203.5|2|
1497910557.529628|PLATFORM: State = |0.15000000596|1.87|1203.5|2|
1497910572.577418|PLATFORM: State = |0.15000000596|1.75|1203|2|
1497910579.359826|COMPUTATION: End (MatrixSize, Iteration) = |9000|3|
1497910581.116648|COMPUTATION: Execution = Warning: Permanently added '10.10.10.4' (ECDSA) to the list of known hosts.
|None
1497910581.116830|COMPUTATION: Progress = 0.2
1497910581.116872|COMPUTATION: Start (MatrixSize, Iteration) = |9000|4|
1497910581.117316|COMPUTATION: ['mpirun', '-n', '4', '-machinefile', '/home/ubuntu/machinefile', '/home/ubuntu/repositorios/elastichpc/beta/trials/Matrix.py', '9000', '/home/ubuntu/teste.mtr_4']
1497910583.576096|PLATFORM: State = |0.20000000298|1.635|1857.5|2|
1497910594.555429|PLATFORM: State = |0.20000000298|1.69|2286|2|
1497910605.505381|PLATFORM: State = |0.20000000298|1.735|2286.5|2|
1497910616.521906|PLATFORM: State = |0.20000000298|1.82|2286.5|2|
1497910627.454177|PLATFORM: State = |0.20000000298|2.01|2286.5|2|
1497910638.419985|PLATFORM: State = |0.20000000298|2.01|2286.5|2|
1497910649.377942|PLATFORM: State = |0.20000000298|2.005|2286|2|
1497910660.344099|PLATFORM: State = |0.20000000298|2.005|2286.5|2|
1497910671.332851|PLATFORM: State = |0.20000000298|2.01|2286.5|2|
1497910682.368656|PLATFORM: State = |0.20000000298|2.085|2286.5|2|
1497910693.331499|PLATFORM: State = |0.20000000298|2.07|2286.5|2|
1497910704.343794|PLATFORM: State = |0.20000000298|2.06|2286.5|2|
1497910715.268616|PLATFORM: State = |0.20000000298|2.05|2286.5|2|
1497910726.228492|PLATFORM: State = |0.20000000298|2.045|2286.5|2|
1497910737.189270|PLATFORM: State = |0.20000000298|2.11|2288.5|2|
1497910748.151163|PLATFORM: State = |0.20000000298|2.095|2286.5|2|
1497910759.112975|PLATFORM: State = |0.20000000298|2.08|2286.5|2|
1497910770.074370|PLATFORM: State = |0.20000000298|2.065|2286.5|2|
1497910781.042320|PLATFORM: State = |0.20000000298|2.095|2286.5|2|
1497910792.013985|PLATFORM: State = |0.20000000298|2.085|2286|2|
1497910803.063764|PLATFORM: State = |0.20000000298|2.105|2286.5|2|
1497910814.080774|PLATFORM: State = |0.20000000298|2.085|2286.5|2|
1497910824.624913|PLATFORM: State = |0.20000000298|1.955|1203|2|
1497910835.161796|PLATFORM: State = |0.20000000298|1.8|1203.5|2|
1497910845.746501|PLATFORM: State = |0.20000000298|1.68|1203.5|2|
1497910859.236686|COMPUTATION: End (MatrixSize, Iteration) = |9000|4|
1497910861.369052|COMPUTATION: Execution = Warning: Permanently added '10.10.10.4' (ECDSA) to the list of known hosts.
|None
1497910861.369269|COMPUTATION: Progress = 0.25
1497910861.369330|COMPUTATION: Start (MatrixSize, Iteration) = |9000|5|
1497910861.371791|COMPUTATION: ['mpirun', '-n', '4', '-machinefile', '/home/ubuntu/machinefile', '/home/ubuntu/repositorios/elastichpc/beta/trials/Matrix.py', '9000', '/home/ubuntu/teste.mtr_5']
1497910861.866287|PLATFORM: State = |0.20000000298|1.565|87.5|2|
1497910872.806933|PLATFORM: State = |0.25|1.82|1976|2|
1497910883.766658|PLATFORM: State = |0.25|1.88|2286.5|2|
1497910894.754218|PLATFORM: State = |0.25|1.9|2286|2|
1497910905.760782|PLATFORM: State = |0.25|1.955|2286.5|2|
1497910916.733295|PLATFORM: State = |0.25|1.96|2286.5|2|
1497910927.695096|PLATFORM: State = |0.25|2.05|2286|2|
1497910938.663399|PLATFORM: State = |0.25|2.04|2286.5|2|
1497910949.657502|PLATFORM: State = |0.25|2.035|2286.5|2|
1497910960.677159|PLATFORM: State = |0.25|2.025|2286.5|2|
1497910971.648328|PLATFORM: State = |0.25|2.025|2286.5|2|
1497910982.640518|PLATFORM: State = |0.25|2.18|2286.5|2|
1497910993.584798|PLATFORM: State = |0.25|2.15|2286.5|2|
1497911004.558256|PLATFORM: State = |0.25|2.125|2286.5|2|
1497911015.551000|PLATFORM: State = |0.25|2.11|2286|2|
1497911026.512209|PLATFORM: State = |0.25|2.09|2286.5|2|
1497911037.597931|PLATFORM: State = |0.25|2.15|2286.5|2|
1497911048.635632|PLATFORM: State = |0.25|2.13|2286|2|
1497911059.571662|PLATFORM: State = |0.25|2.105|2286.5|2|
1497911070.539133|PLATFORM: State = |0.25|2.09|2286.5|2|
1497911081.512795|PLATFORM: State = |0.25|2.075|2286|2|
1497911092.419885|PLATFORM: State = |0.25|2.1|1900|2|
1497911102.973460|PLATFORM: State = |0.25|1.895|1203.5|2|
1497911113.594023|PLATFORM: State = |0.25|1.75|1203|2|
1497911124.101515|PLATFORM: State = |0.25|1.635|1203|2|
1497911136.329377|PLATFORM: State = |0.25|1.535|1203|2|
1497911143.059076|COMPUTATION: End (MatrixSize, Iteration) = |9000|5|
1497911144.731710|COMPUTATION: Execution = Warning: Permanently added '10.10.10.4' (ECDSA) to the list of known hosts.
|None
1497911144.731951|COMPUTATION: Progress = 0.3
1497911144.732009|COMPUTATION: Start (MatrixSize, Iteration) = |9000|6|
1497911144.732270|COMPUTATION: ['mpirun', '-n', '4', '-machinefile', '/home/ubuntu/machinefile', '/home/ubuntu/repositorios/elastichpc/beta/trials/Matrix.py', '9000', '/home/ubuntu/teste.mtr_6']
1497911147.315000|PLATFORM: State = |0.300000011921|1.455|1857.5|2|
1497911158.293632|PLATFORM: State = |0.300000011921|1.61|2285.5|2|
1497911169.293358|PLATFORM: State = |0.300000011921|1.665|2286.5|2|
1497911180.276277|PLATFORM: State = |0.300000011921|1.72|2286|2|
1497911191.220616|PLATFORM: State = |0.300000011921|1.76|2286|2|
1497911202.200948|PLATFORM: State = |0.300000011921|1.8|2286|2|
1497911213.134146|PLATFORM: State = |0.300000011921|2.045|2286|2|
1497911224.070988|PLATFORM: State = |0.300000011921|2.04|2286|2|
1497911235.039876|PLATFORM: State = |0.300000011921|2.03|2286.5|2|
1497911246.000167|PLATFORM: State = |0.300000011921|2.03|2286|2|
1497911256.978825|PLATFORM: State = |0.300000011921|2.02|2286|2|
1497911267.959311|PLATFORM: State = |0.300000011921|2.095|2285.5|2|
1497911278.974279|PLATFORM: State = |0.300000011921|2.08|2285.5|2|
1497911289.937578|PLATFORM: State = |0.300000011921|2.07|2286.5|2|
1497911300.891528|PLATFORM: State = |0.300000011921|2.055|2286|2|
1497911311.897579|PLATFORM: State = |0.300000011921|2.05|2286|2|
1497911322.898083|PLATFORM: State = |0.300000011921|2.04|2286|2|
1497911333.847670|PLATFORM: State = |0.300000011921|2.035|2286.5|2|
1497911344.902978|PLATFORM: State = |0.300000011921|2.025|2285.5|2|
1497911355.887512|PLATFORM: State = |0.300000011921|2.02|2286|2|
1497911366.888287|PLATFORM: State = |0.300000011921|2.02|2286.5|2|
1497911377.849184|PLATFORM: State = |0.300000011921|2.055|2012|2|
1497911388.400997|PLATFORM: State = |0.300000011921|1.855|1203|2|
1497911398.885515|PLATFORM: State = |0.300000011921|1.765|1203|2|
1497911416.667702|COMPUTATION: End (MatrixSize, Iteration) = |9000|6|
1497911418.421916|COMPUTATION: Execution = Warning: Permanently added '10.10.10.4' (ECDSA) to the list of known hosts.
|None
1497911418.422165|COMPUTATION: Progress = 0.35
1497911418.422223|COMPUTATION: Start (MatrixSize, Iteration) = |9000|7|
1497911418.422485|COMPUTATION: ['mpirun', '-n', '4', '-machinefile', '/home/ubuntu/machinefile', '/home/ubuntu/repositorios/elastichpc/beta/trials/Matrix.py', '9000', '/home/ubuntu/teste.mtr_7']
1497911419.153404|PLATFORM: State = |0.300000011921|1.73|88.5|2|
1497911430.125620|PLATFORM: State = |0.34999999404|1.775|1976|2|
1497911441.144989|PLATFORM: State = |0.34999999404|1.81|2285.5|2|
1497911452.132858|PLATFORM: State = |0.34999999404|1.84|2285.5|2|
1497911463.169224|PLATFORM: State = |0.34999999404|1.985|2285|2|
1497911474.193688|PLATFORM: State = |0.34999999404|1.985|2286|2|
1497911485.226931|PLATFORM: State = |0.34999999404|1.99|2285.5|2|
1497911496.259508|PLATFORM: State = |0.34999999404|1.995|2286|2|
1497911507.203155|PLATFORM: State = |0.34999999404|1.99|2285.5|2|
1497911518.171767|PLATFORM: State = |0.34999999404|2.075|2285.5|2|
1497911529.114613|PLATFORM: State = |0.34999999404|2.065|2285.5|2|
1497911540.105105|PLATFORM: State = |0.34999999404|2.055|2286|2|
1497911551.100206|PLATFORM: State = |0.34999999404|2.045|2285.5|2|
1497911562.052260|PLATFORM: State = |0.34999999404|2.04|2285.5|2|
1497911573.003740|PLATFORM: State = |0.34999999404|2.19|2286|2|
1497911584.036235|PLATFORM: State = |0.34999999404|2.16|2285.5|2|
1497911595.028401|PLATFORM: State = |0.34999999404|2.135|2285.5|2|
1497911606.016750|PLATFORM: State = |0.34999999404|2.115|2285.5|2|
1497911616.972573|PLATFORM: State = |0.34999999404|2.095|2285.5|2|
1497911627.939615|PLATFORM: State = |0.34999999404|2.155|2285.5|2|
1497911638.913990|PLATFORM: State = |0.34999999404|2.13|2286|2|
1497911649.893300|PLATFORM: State = |0.34999999404|2.11|2285.5|2|
1497911660.481028|PLATFORM: State = |0.34999999404|1.94|1512|2|
1497911671.009913|PLATFORM: State = |0.34999999404|1.79|1202|2|
1497911681.605502|PLATFORM: State = |0.34999999404|1.63|1202.5|2|
1497911692.141789|PLATFORM: State = |0.34999999404|1.5|1202|2|
1497911704.774691|PLATFORM: State = |0.34999999404|1.395|1201.5|2|
1497911711.482160|COMPUTATION: End (MatrixSize, Iteration) = |9000|7|
1497911713.224373|COMPUTATION: Execution = Warning: Permanently added '10.10.10.4' (ECDSA) to the list of known hosts.
|None
1497911713.224520|COMPUTATION: Progress = 0.4
1497911713.224619|COMPUTATION: Start (MatrixSize, Iteration) = |9000|8|
1497911713.226483|COMPUTATION: ['mpirun', '-n', '4', '-machinefile', '/home/ubuntu/machinefile', '/home/ubuntu/repositorios/elastichpc/beta/trials/Matrix.py', '9000', '/home/ubuntu/teste.mtr_8']
1497911715.731626|PLATFORM: State = |0.40000000596|1.405|1858.5|2|
1497911726.674862|PLATFORM: State = |0.40000000596|1.5|2286.5|2|
1497911737.612513|PLATFORM: State = |0.40000000596|1.58|2287|2|
1497911748.576377|PLATFORM: State = |0.40000000596|1.75|2286.5|2|
1497911759.519845|PLATFORM: State = |0.40000000596|1.79|2287|2|
1497911770.488616|PLATFORM: State = |0.40000000596|1.82|2286|2|
1497911781.464453|PLATFORM: State = |0.40000000596|1.85|2286.5|2|
1497911792.433244|PLATFORM: State = |0.40000000596|1.91|2286.5|2|
1497911803.421922|PLATFORM: State = |0.40000000596|2.01|2286.5|2|
1497911814.410977|PLATFORM: State = |0.40000000596|2.05|2286.5|2|
1497911825.382104|PLATFORM: State = |0.40000000596|2.04|2287|2|
1497911836.364441|PLATFORM: State = |0.40000000596|2.03|2286.5|2|
1497911847.326755|PLATFORM: State = |0.40000000596|2.03|2287|2|
1497911858.290780|PLATFORM: State = |0.40000000596|2.1|2286.5|2|
1497911869.262949|PLATFORM: State = |0.40000000596|2.085|2287|2|
1497911880.219565|PLATFORM: State = |0.40000000596|2.07|2287|2|
1497911891.176140|PLATFORM: State = |0.40000000596|2.065|2287.5|2|
1497911902.147661|PLATFORM: State = |0.40000000596|2.055|2287.5|2|
1497911913.150365|PLATFORM: State = |0.40000000596|2.12|2287|2|
1497911924.099101|PLATFORM: State = |0.40000000596|2.14|2287|2|
1497911935.136856|PLATFORM: State = |0.40000000596|2.12|2287|2|
1497911945.673252|PLATFORM: State = |0.40000000596|1.98|1204|2|
1497911956.281768|PLATFORM: State = |0.40000000596|1.75|1204.5|2|
1497911972.869147|PLATFORM: State = |0.40000000596|1.625|1204.5|2|
1497911977.814363|COMPUTATION: End (MatrixSize, Iteration) = |9000|8|
1497911978.001774|COMPUTATION: Execution = Warning: Permanently added '10.10.10.4' (ECDSA) to the list of known hosts.
|None
1497911978.001919|COMPUTATION: Progress = 0.45
1497911978.001965|COMPUTATION: Start (MatrixSize, Iteration) = |9000|9|
1497911978.002167|COMPUTATION: ['mpirun', '-n', '4', '-machinefile', '/home/ubuntu/machinefile', '/home/ubuntu/repositorios/elastichpc/beta/trials/Matrix.py', '9000', '/home/ubuntu/teste.mtr_9']
1497911983.815678|PLATFORM: State = |0.449999988079|1.455|1976.5|2|
1497911994.754702|PLATFORM: State = |0.449999988079|1.54|2286.5|2|
1497912005.701759|PLATFORM: State = |0.449999988079|1.615|2287|2|
1497912016.682363|PLATFORM: State = |0.449999988079|1.67|2287|2|
1497912027.699174|PLATFORM: State = |0.449999988079|1.725|2287|2|
1497912038.635282|PLATFORM: State = |0.449999988079|1.94|2286.5|2|
1497912049.575152|PLATFORM: State = |0.449999988079|1.95|2287|2|
1497912060.531056|PLATFORM: State = |0.449999988079|1.96|2287|2|
1497912071.487159|PLATFORM: State = |0.449999988079|1.965|2286.5|2|
1497912082.507810|PLATFORM: State = |0.449999988079|1.97|2286.5|2|
1497912093.470527|PLATFORM: State = |0.449999988079|1.975|2287|2|
1497912104.471337|PLATFORM: State = |0.449999988079|1.98|2286.5|2|
1497912115.430849|PLATFORM: State = |0.449999988079|1.985|2286.5|2|
1497912126.458983|PLATFORM: State = |0.449999988079|1.985|2286.5|2|
1497912137.478763|PLATFORM: State = |0.449999988079|1.99|2286.5|2|
1497912148.464497|PLATFORM: State = |0.449999988079|2.07|2286.5|2|
1497912159.450571|PLATFORM: State = |0.449999988079|2.06|2286.5|2|
1497912170.450737|PLATFORM: State = |0.449999988079|2.05|2286.5|2|
1497912181.450998|PLATFORM: State = |0.449999988079|2.045|2286.5|2|
1497912192.475122|PLATFORM: State = |0.449999988079|2.035|2286.5|2|
1497912203.474705|PLATFORM: State = |0.449999988079|2.145|2286.5|2|
1497912214.467634|PLATFORM: State = |0.449999988079|2.12|1998.5|2|
1497912225.046427|PLATFORM: State = |0.449999988079|1.99|1204|2|
1497912235.837974|PLATFORM: State = |0.449999988079|1.76|1204|2|
1497912248.813789|PLATFORM: State = |0.449999988079|1.6|1203.5|2|
1497912255.713217|COMPUTATION: End (MatrixSize, Iteration) = |9000|9|
1497912258.042641|COMPUTATION: Execution = Warning: Permanently added '10.10.10.4' (ECDSA) to the list of known hosts.
|None
1497912258.042837|COMPUTATION: Progress = 0.5
1497912258.042891|COMPUTATION: Start (MatrixSize, Iteration) = |9000|10|
1497912258.043164|COMPUTATION: ['mpirun', '-n', '4', '-machinefile', '/home/ubuntu/machinefile', '/home/ubuntu/repositorios/elastichpc/beta/trials/Matrix.py', '9000', '/home/ubuntu/teste.mtr_10']
1497912259.739358|PLATFORM: State = |0.5|1.43|1687|2|
1497912270.704443|PLATFORM: State = |0.5|1.48|2287|2|
1497912281.664255|PLATFORM: State = |0.5|1.56|2287.5|2|
1497912292.628106|PLATFORM: State = |0.5|1.63|2287.5|2|
1497912303.600977|PLATFORM: State = |0.5|1.915|2287.5|2|
1497912314.617101|PLATFORM: State = |0.5|1.925|2287|2|
1497912325.617510|PLATFORM: State = |0.5|1.935|2287.5|2|
1497912336.589911|PLATFORM: State = |0.5|1.945|2287.5|2|
1497912347.534248|PLATFORM: State = |0.5|1.955|2287.5|2|
1497912358.522113|PLATFORM: State = |0.5|2.045|2287.5|2|
1497912369.515189|PLATFORM: State = |0.5|2.04|2287.5|2|
1497912380.519565|PLATFORM: State = |0.5|2.03|2287.5|2|
1497912391.508288|PLATFORM: State = |0.5|2.03|2287.5|2|
1497912402.465936|PLATFORM: State = |0.5|2.02|2287.5|2|
1497912413.481285|PLATFORM: State = |0.5|2.1|2287.5|2|
1497912424.469359|PLATFORM: State = |0.5|2.085|2287|2|
1497912435.457944|PLATFORM: State = |0.5|2.07|2287|2|
1497912446.414248|PLATFORM: State = |0.5|2.06|2287.5|2|
1497912457.388173|PLATFORM: State = |0.5|2.045|2287|2|
1497912468.333022|PLATFORM: State = |0.5|2.04|2287|2|
1497912479.295959|PLATFORM: State = |0.5|2.105|2287.5|2|
1497912489.816760|PLATFORM: State = |0.5|2.05|1514|2|
1497912500.325499|PLATFORM: State = |0.5|1.89|1204|2|
1497912510.852951|PLATFORM: State = |0.5|1.755|1204.5|2|
1497912527.885398|COMPUTATION: End (MatrixSize, Iteration) = |9000|10|
1497912529.297975|COMPUTATION: Execution = Warning: Permanently added '10.10.10.4' (ECDSA) to the list of known hosts.
|None
1497912529.298116|COMPUTATION: Progress = 0.55
1497912529.298159|COMPUTATION: Start (MatrixSize, Iteration) = |9000|11|
1497912529.298348|COMPUTATION: ['mpirun', '-n', '4', '-machinefile', '/home/ubuntu/machinefile', '/home/ubuntu/repositorios/elastichpc/beta/trials/Matrix.py', '9000', '/home/ubuntu/teste.mtr_11']
1497912530.004445|PLATFORM: State = |0.5|1.575|91|2|
1497912540.944895|PLATFORM: State = |0.550000011921|1.605|1977.5|2|
1497912551.899570|PLATFORM: State = |0.550000011921|1.665|2288|2|
1497912562.868119|PLATFORM: State = |0.550000011921|1.715|2287.5|2|
1497912573.840493|PLATFORM: State = |0.550000011921|1.815|2287.5|2|
1497912584.789426|PLATFORM: State = |0.550000011921|1.84|2288|2|
1497912595.769673|PLATFORM: State = |0.550000011921|1.865|2288|2|
1497912606.754885|PLATFORM: State = |0.550000011921|1.885|2287.5|2|
1497912617.711483|PLATFORM: State = |0.550000011921|1.905|2288|2|
1497912628.672104|PLATFORM: State = |0.550000011921|2.005|2288|2|
1497912639.665943|PLATFORM: State = |0.550000011921|2.005|2287.5|2|
1497912650.585071|PLATFORM: State = |0.550000011921|2|2287|2|
1497912661.518452|PLATFORM: State = |0.550000011921|2.005|2287|2|
1497912672.488278|PLATFORM: State = |0.550000011921|2.005|2287.5|2|
1497912683.434920|PLATFORM: State = |0.550000011921|2.005|2287.5|2|
1497912694.419786|PLATFORM: State = |0.550000011921|2.085|2288|2|
1497912705.424622|PLATFORM: State = |0.550000011921|2.07|2287.5|2|
1497912716.363451|PLATFORM: State = |0.550000011921|2.06|2288|2|
1497912727.341609|PLATFORM: State = |0.550000011921|2.05|2287.5|2|
1497912738.328506|PLATFORM: State = |0.550000011921|2.04|2287.5|2|
1497912749.299136|PLATFORM: State = |0.550000011921|2.11|2287.5|2|
1497912760.272230|PLATFORM: State = |0.550000011921|2.095|2287.5|2|
1497912770.874158|PLATFORM: State = |0.550000011921|1.96|1204.5|2|
1497912781.465922|PLATFORM: State = |0.550000011921|1.77|1205.5|2|
1497912792.062544|PLATFORM: State = |0.550000011921|1.73|1205.5|2|
1497912810.399212|COMPUTATION: End (MatrixSize, Iteration) = |9000|11|
1497912810.845140|COMPUTATION: Execution = Warning: Permanently added '10.10.10.4' (ECDSA) to the list of known hosts.
|None
1497912810.845346|COMPUTATION: Progress = 0.6
1497912810.845401|COMPUTATION: Start (MatrixSize, Iteration) = |9000|12|
1497912810.845642|COMPUTATION: ['mpirun', '-n', '4', '-machinefile', '/home/ubuntu/machinefile', '/home/ubuntu/repositorios/elastichpc/beta/trials/Matrix.py', '9000', '/home/ubuntu/teste.mtr_12']
1497912811.110302|PLATFORM: State = |0.550000011921|1.665|105|2|
1497912822.069679|PLATFORM: State = |0.600000023842|1.75|1978|2|
1497912833.011176|PLATFORM: State = |0.600000023842|1.795|2287.5|2|
1497912843.959202|PLATFORM: State = |0.600000023842|1.92|2288|2|
1497912854.945709|PLATFORM: State = |0.600000023842|1.93|2288|2|
1497912865.911925|PLATFORM: State = |0.600000023842|1.945|2287.5|2|
1497912876.878763|PLATFORM: State = |0.600000023842|1.95|2288|2|
1497912887.852116|PLATFORM: State = |0.600000023842|1.955|2287.5|2|
1497912898.815873|PLATFORM: State = |0.600000023842|2.05|2287.5|2|
1497912909.862771|PLATFORM: State = |0.600000023842|2.04|2288|2|
1497912920.826840|PLATFORM: State = |0.600000023842|2.035|2288|2|
1497912931.778862|PLATFORM: State = |0.600000023842|2.025|2287.5|2|
1497912942.777934|PLATFORM: State = |0.600000023842|2.02|2288|2|
1497912953.732473|PLATFORM: State = |0.600000023842|2.02|2287.5|2|
1497912964.712204|PLATFORM: State = |0.600000023842|2.095|2288|2|
1497912975.685873|PLATFORM: State = |0.600000023842|2.075|2288|2|
1497912986.628369|PLATFORM: State = |0.600000023842|2.065|2287.5|2|
1497912997.584469|PLATFORM: State = |0.600000023842|2.055|2287.5|2|
1497913008.548960|PLATFORM: State = |0.600000023842|2.045|2288|2|
1497913019.517841|PLATFORM: State = |0.600000023842|2.19|2288|2|
1497913030.475331|PLATFORM: State = |0.600000023842|2.2|2288|2|
1497913041.414437|PLATFORM: State = |0.600000023842|2.17|2020.5|2|
1497913051.961568|PLATFORM: State = |0.600000023842|1.95|1205|2|
1497913066.994505|PLATFORM: State = |0.600000023842|1.78|1204|2|
1497913080.641667|COMPUTATION: End (MatrixSize, Iteration) = |9000|12|
1497913082.249958|COMPUTATION: Execution = Warning: Permanently added '10.10.10.4' (ECDSA) to the list of known hosts.
|None
1497913082.250101|COMPUTATION: Progress = 0.65
1497913082.250146|COMPUTATION: Start (MatrixSize, Iteration) = |9000|13|
1497913082.250339|COMPUTATION: ['mpirun', '-n', '4', '-machinefile', '/home/ubuntu/machinefile', '/home/ubuntu/repositorios/elastichpc/beta/trials/Matrix.py', '9000', '/home/ubuntu/teste.mtr_13']
1497913082.746488|PLATFORM: State = |0.600000023842|1.65|105.5|2|
1497913093.698258|PLATFORM: State = |0.649999976158|1.74|1977.5|2|
1497913104.640929|PLATFORM: State = |0.649999976158|1.875|2287.5|2|
1497913115.673453|PLATFORM: State = |0.649999976158|1.9|2287|2|
1497913126.676107|PLATFORM: State = |0.649999976158|1.915|2287.5|2|
1497913137.651002|PLATFORM: State = |0.649999976158|1.925|2287.5|2|
1497913148.608322|PLATFORM: State = |0.649999976158|1.94|2288|2|
1497913159.609488|PLATFORM: State = |0.649999976158|2.03|2287.5|2|
1497913170.600666|PLATFORM: State = |0.649999976158|2.03|2288|2|
1497913181.544849|PLATFORM: State = |0.649999976158|2.02|2287.5|2|
1497913192.520181|PLATFORM: State = |0.649999976158|2.015|2287.5|2|
1497913203.470322|PLATFORM: State = |0.649999976158|2.02|2287.5|2|
1497913214.445724|PLATFORM: State = |0.649999976158|2.055|2287.5|2|
1497913225.392765|PLATFORM: State = |0.649999976158|2.04|2287.5|2|
1497913236.388490|PLATFORM: State = |0.649999976158|2.035|2287.5|2|
1497913247.391911|PLATFORM: State = |0.649999976158|2.035|2287.5|2|
1497913258.331184|PLATFORM: State = |0.649999976158|2.025|2287.5|2|
1497913269.274672|PLATFORM: State = |0.649999976158|2.1|2287.5|2|
1497913280.260348|PLATFORM: State = |0.649999976158|2.085|2287.5|2|
1497913291.250183|PLATFORM: State = |0.649999976158|2.115|2287.5|2|
1497913302.217938|PLATFORM: State = |0.649999976158|2.095|2287.5|2|
1497913313.173124|PLATFORM: State = |0.649999976158|2.08|2287|2|
1497913323.769851|PLATFORM: State = |0.649999976158|2.07|1204.5|2|
1497913334.369759|PLATFORM: State = |0.649999976158|1.835|1205|2|
1497913345.618667|PLATFORM: State = |0.649999976158|1.71|1205|2|
1497913356.585919|PLATFORM: State = |0.649999976158|1.6|1204.5|2|
1497913359.741778|COMPUTATION: End (MatrixSize, Iteration) = |9000|13|
1497913360.915949|COMPUTATION: Execution = Warning: Permanently added '10.10.10.4' (ECDSA) to the list of known hosts.
|None
1497913360.916095|COMPUTATION: Progress = 0.7
1497913360.916137|COMPUTATION: Start (MatrixSize, Iteration) = |9000|14|
1497913360.916316|COMPUTATION: ['mpirun', '-n', '4', '-machinefile', '/home/ubuntu/machinefile', '/home/ubuntu/repositorios/elastichpc/beta/trials/Matrix.py', '9000', '/home/ubuntu/teste.mtr_14']
1497913367.536178|PLATFORM: State = |0.699999988079|1.59|1976.5|2|
1497913378.568351|PLATFORM: State = |0.699999988079|1.655|2286.5|2|
1497913389.538365|PLATFORM: State = |0.699999988079|1.81|2287|2|
1497913400.529997|PLATFORM: State = |0.699999988079|1.835|2286.5|2|
1497913411.496109|PLATFORM: State = |0.699999988079|1.865|2286.5|2|
1497913422.480079|PLATFORM: State = |0.699999988079|1.885|2286.5|2|
1497913433.417585|PLATFORM: State = |0.699999988079|1.905|2286.5|2|
1497913444.404292|PLATFORM: State = |0.699999988079|2.005|2287|2|
1497913455.376037|PLATFORM: State = |0.699999988079|2|2286.5|2|
1497913466.330471|PLATFORM: State = |0.699999988079|2.005|2286.5|2|
1497913477.304692|PLATFORM: State = |0.699999988079|2|2286.5|2|
1497913488.268591|PLATFORM: State = |0.699999988079|2|2286.5|2|
1497913499.225616|PLATFORM: State = |0.699999988079|2|2286.5|2|
1497913510.219313|PLATFORM: State = |0.699999988079|2|2286.5|2|
1497913521.211082|PLATFORM: State = |0.699999988079|2|2286.5|2|
1497913532.182336|PLATFORM: State = |0.699999988079|2|2286|2|
1497913543.103021|PLATFORM: State = |0.699999988079|2|2287|2|
1497913554.090504|PLATFORM: State = |0.699999988079|2|2287|2|
1497913565.036596|PLATFORM: State = |0.699999988079|2.16|2287|2|
1497913575.986039|PLATFORM: State = |0.699999988079|2.135|2286.5|2|
1497913586.938311|PLATFORM: State = |0.699999988079|2.11|2286.5|2|
1497913597.894105|PLATFORM: State = |0.699999988079|2.095|1996|2|
1497913608.453339|PLATFORM: State = |0.699999988079|1.92|1205|2|
1497913619.018084|PLATFORM: State = |0.699999988079|1.745|1205.5|2|
1497913634.093573|COMPUTATION: End (MatrixSize, Iteration) = |9000|14|
1497913634.895361|COMPUTATION: Execution = Warning: Permanently added '10.10.10.4' (ECDSA) to the list of known hosts.
|None
1497913634.895518|COMPUTATION: Progress = 0.75
1497913634.895567|COMPUTATION: Start (MatrixSize, Iteration) = |9000|15|
1497913634.895769|COMPUTATION: ['mpirun', '-n', '4', '-machinefile', '/home/ubuntu/machinefile', '/home/ubuntu/repositorios/elastichpc/beta/trials/Matrix.py', '9000', '/home/ubuntu/teste.mtr_15']
1497913635.193487|PLATFORM: State = |0.699999988079|1.51|106|2|
1497913646.157385|PLATFORM: State = |0.75|1.58|1977.5|2|
1497913657.105620|PLATFORM: State = |0.75|1.65|2287.5|2|
1497913668.042475|PLATFORM: State = |0.75|1.7|2287|2|
1497913679.021687|PLATFORM: State = |0.75|1.745|2287.5|2|
1497913690.013611|PLATFORM: State = |0.75|1.885|2287.5|2|
1497913700.957591|PLATFORM: State = |0.75|1.905|2287.5|2|
1497913711.900089|PLATFORM: State = |0.75|1.92|2287|2|
1497913722.902274|PLATFORM: State = |0.75|1.93|2287.5|2|
1497913733.894745|PLATFORM: State = |0.75|1.945|2287.5|2|
1497913744.876303|PLATFORM: State = |0.75|2.035|2287.5|2|
1497913755.840253|PLATFORM: State = |0.75|2.03|2287.5|2|
1497913766.810354|PLATFORM: State = |0.75|2.025|2288|2|
1497913777.747924|PLATFORM: State = |0.75|2.02|2287.5|2|
1497913788.714128|PLATFORM: State = |0.75|2.015|2287.5|2|
1497913799.673827|PLATFORM: State = |0.75|2.09|2287|2|
1497913810.618511|PLATFORM: State = |0.75|2.08|2287.5|2|
1497913821.575500|PLATFORM: State = |0.75|2.065|2287.5|2|
1497913832.574741|PLATFORM: State = |0.75|2.055|2287.5|2|
1497913843.518831|PLATFORM: State = |0.75|2.045|2287.5|2|
1497913854.495078|PLATFORM: State = |0.75|2.04|2287.5|2|
1497913865.415206|PLATFORM: State = |0.75|2.02|1941|2|
1497913875.882464|PLATFORM: State = |0.75|1.785|1206.5|2|
1497913886.453670|PLATFORM: State = |0.75|1.625|1206|2|
1497913898.670717|COMPUTATION: End (MatrixSize, Iteration) = |9000|15|
1497913899.663466|COMPUTATION: Execution = Warning: Permanently added '10.10.10.4' (ECDSA) to the list of known hosts.
|None
1497913899.716215|COMPUTATION: Progress = 0.8
1497913899.716320|COMPUTATION: Start (MatrixSize, Iteration) = |9000|16|
1497913899.716573|COMPUTATION: ['mpirun', '-n', '4', '-machinefile', '/home/ubuntu/machinefile', '/home/ubuntu/repositorios/elastichpc/beta/trials/Matrix.py', '9000', '/home/ubuntu/teste.mtr_16']
1497913900.605937|PLATFORM: State = |0.75|1.415|91|2|
1497913911.551504|PLATFORM: State = |0.800000011921|1.51|1977.5|2|
1497913922.544133|PLATFORM: State = |0.800000011921|1.58|2287.5|2|
1497913933.496040|PLATFORM: State = |0.800000011921|1.645|2288|2|
1497913944.476785|PLATFORM: State = |0.800000011921|1.705|2288.5|2|
1497913955.472488|PLATFORM: State = |0.800000011921|1.77|2288|2|
1497913966.448754|PLATFORM: State = |0.800000011921|1.805|2287.5|2|
1497913977.388640|PLATFORM: State = |0.800000011921|1.835|2288|2|
1497913988.324850|PLATFORM: State = |0.800000011921|1.865|2287.5|2|
1497913999.245387|PLATFORM: State = |0.800000011921|1.885|2288|2|
1497914010.196010|PLATFORM: State = |0.800000011921|1.985|2288|2|
1497914021.143439|PLATFORM: State = |0.800000011921|1.99|2288|2|
1497914032.146938|PLATFORM: State = |0.800000011921|1.995|2287.5|2|
1497914043.078994|PLATFORM: State = |0.800000011921|1.99|2288|2|
1497914054.019902|PLATFORM: State = |0.800000011921|1.995|2288.5|2|
1497914064.962137|PLATFORM: State = |0.800000011921|2.075|2288|2|
1497914075.905588|PLATFORM: State = |0.800000011921|2.06|2288.5|2|
1497914086.878796|PLATFORM: State = |0.800000011921|2.05|2288.5|2|
1497914097.854990|PLATFORM: State = |0.800000011921|2.045|2288.5|2|
1497914108.727961|PLATFORM: State = |0.800000011921|1.995|1902|2|
1497914119.623815|PLATFORM: State = |0.800000011921|1.92|1901.5|2|
1497914130.265400|PLATFORM: State = |0.800000011921|1.865|1615.5|2|
1497914140.849692|PLATFORM: State = |0.800000011921|1.77|1205|2|
1497914151.374357|PLATFORM: State = |0.800000011921|1.575|1205|2|
1497914164.821367|COMPUTATION: End (MatrixSize, Iteration) = |9000|16|
1497914164.986571|COMPUTATION: Execution = Warning: Permanently added '10.10.10.4' (ECDSA) to the list of known hosts.
|None
1497914164.986698|COMPUTATION: Progress = 0.85
1497914164.986739|COMPUTATION: Start (MatrixSize, Iteration) = |9000|17|
1497914164.988279|COMPUTATION: ['mpirun', '-n', '4', '-machinefile', '/home/ubuntu/machinefile', '/home/ubuntu/repositorios/elastichpc/beta/trials/Matrix.py', '9000', '/home/ubuntu/teste.mtr_17']
1497914165.774976|PLATFORM: State = |0.800000011921|1.455|90.5|2|
1497914176.673412|PLATFORM: State = |0.850000023842|1.54|1978|2|
1497914187.615407|PLATFORM: State = |0.850000023842|1.615|2287.5|2|
1497914198.569943|PLATFORM: State = |0.850000023842|1.675|2287.5|2|
1497914209.519798|PLATFORM: State = |0.850000023842|1.725|2287.5|2|
1497914220.467243|PLATFORM: State = |0.850000023842|1.865|2287.5|2|
1497914231.417354|PLATFORM: State = |0.850000023842|1.96|2287.5|2|
1497914242.353057|PLATFORM: State = |0.850000023842|1.965|2287.5|2|
1497914253.304697|PLATFORM: State = |0.850000023842|1.97|2287.5|2|
1497914264.272709|PLATFORM: State = |0.850000023842|1.975|2287.5|2|
1497914275.200448|PLATFORM: State = |0.850000023842|1.98|2287|2|
1497914286.164293|PLATFORM: State = |0.850000023842|2.02|2287|2|
1497914297.129753|PLATFORM: State = |0.850000023842|2.055|2287.5|2|
1497914308.087739|PLATFORM: State = |0.850000023842|2.045|2287.5|2|
1497914319.041855|PLATFORM: State = |0.850000023842|2.035|2287.5|2|
1497914329.983675|PLATFORM: State = |0.850000023842|2.11|2287.5|2|
1497914340.935617|PLATFORM: State = |0.850000023842|2.09|2287.5|2|
1497914351.919394|PLATFORM: State = |0.850000023842|2.075|2287.5|2|
1497914362.883415|PLATFORM: State = |0.850000023842|2.065|2287.5|2|
1497914373.802947|PLATFORM: State = |0.850000023842|2.055|1901.5|2|
1497914384.734723|PLATFORM: State = |0.850000023842|1.97|1901|2|
1497914395.610579|PLATFORM: State = |0.850000023842|1.945|1901.5|2|
1497914406.138148|PLATFORM: State = |0.850000023842|1.875|1204.5|2|
1497914417.817975|PLATFORM: State = |0.850000023842|1.66|1204.5|2|
1497914428.386328|PLATFORM: State = |0.850000023842|1.52|1204.5|2|
1497914441.746154|PLATFORM: State = |0.850000023842|1.37|1204|2|
1497914442.074012|COMPUTATION: End (MatrixSize, Iteration) = |9000|17|
1497914442.567186|COMPUTATION: Execution = Warning: Permanently added '10.10.10.4' (ECDSA) to the list of known hosts.
|None
1497914442.567445|COMPUTATION: Progress = 0.9
1497914442.567499|COMPUTATION: Start (MatrixSize, Iteration) = |9000|18|
1497914442.567820|COMPUTATION: ['mpirun', '-n', '4', '-machinefile', '/home/ubuntu/machinefile', '/home/ubuntu/repositorios/elastichpc/beta/trials/Matrix.py', '9000', '/home/ubuntu/teste.mtr_18']
1497914452.633937|PLATFORM: State = |0.899999976158|1.47|1977|2|
1497914463.578595|PLATFORM: State = |0.899999976158|1.55|2288|2|
1497914474.510463|PLATFORM: State = |0.899999976158|1.625|2288|2|
1497914485.462968|PLATFORM: State = |0.899999976158|1.705|2287.5|2|
1497914496.478353|PLATFORM: State = |0.899999976158|1.755|2287|2|
1497914507.390579|PLATFORM: State = |0.899999976158|1.79|2287.5|2|
1497914518.334661|PLATFORM: State = |0.899999976158|1.82|2287.5|2|
1497914529.260604|PLATFORM: State = |0.899999976158|1.93|2287.5|2|
1497914540.242616|PLATFORM: State = |0.899999976158|2.025|2288|2|
1497914551.206478|PLATFORM: State = |0.899999976158|2.02|2288|2|
1497914562.200190|PLATFORM: State = |0.899999976158|2.02|2287|2|
1497914573.253185|PLATFORM: State = |0.899999976158|2.015|2287.5|2|
1497914584.226721|PLATFORM: State = |0.899999976158|2.015|2287.5|2|
1497914595.194201|PLATFORM: State = |0.899999976158|2.13|2288|2|
1497914606.194739|PLATFORM: State = |0.899999976158|2.11|2288|2|
1497914617.126633|PLATFORM: State = |0.899999976158|2.095|2288|2|
1497914628.128518|PLATFORM: State = |0.899999976158|2.08|2288|2|
1497914639.070949|PLATFORM: State = |0.899999976158|2.065|2288|2|
1497914650.052212|PLATFORM: State = |0.899999976158|2.055|2288|2|
1497914661.036392|PLATFORM: State = |0.899999976158|2.205|2288|2|
1497914672.000175|PLATFORM: State = |0.899999976158|2.17|2288|2|
1497914682.537903|PLATFORM: State = |0.899999976158|1.99|1205|2|
1497914693.085358|PLATFORM: State = |0.899999976158|1.795|1205|2|
1497914714.529982|COMPUTATION: End (MatrixSize, Iteration) = |9000|18|
1497914714.826030|COMPUTATION: Execution = Warning: Permanently added '10.10.10.4' (ECDSA) to the list of known hosts.
|None
1497914714.826233|COMPUTATION: Progress = 0.95
1497914714.826292|COMPUTATION: Start (MatrixSize, Iteration) = |9000|19|
1497914714.828391|COMPUTATION: ['mpirun', '-n', '4', '-machinefile', '/home/ubuntu/machinefile', '/home/ubuntu/repositorios/elastichpc/beta/trials/Matrix.py', '9000', '/home/ubuntu/teste.mtr_19']
1497914714.964763|PLATFORM: State = |0.899999976158|1.66|1205|2|
1497914725.860520|PLATFORM: State = |0.949999988079|1.675|1977.5|2|
1497914736.835763|PLATFORM: State = |0.949999988079|1.725|2288|2|
1497914747.838699|PLATFORM: State = |0.949999988079|1.77|2287.5|2|
1497914758.864394|PLATFORM: State = |0.949999988079|1.805|2288|2|
1497914769.880036|PLATFORM: State = |0.949999988079|1.835|2288|2|
1497914780.804108|PLATFORM: State = |0.949999988079|1.95|2288|2|
1497914791.729189|PLATFORM: State = |0.949999988079|1.955|2288|2|
1497914802.704499|PLATFORM: State = |0.949999988079|1.965|2288|2|
1497914813.637584|PLATFORM: State = |0.949999988079|1.97|2287.5|2|
1497914824.596958|PLATFORM: State = |0.949999988079|1.975|2288|2|
1497914835.568806|PLATFORM: State = |0.949999988079|2.06|2287.5|2|
1497914846.512746|PLATFORM: State = |0.949999988079|2.05|2287.5|2|
1497914857.485008|PLATFORM: State = |0.949999988079|2.04|2288|2|
1497914868.469114|PLATFORM: State = |0.949999988079|2.035|2288|2|
1497914879.405161|PLATFORM: State = |0.949999988079|2.03|2288|2|
1497914890.325407|PLATFORM: State = |0.949999988079|2.025|2287.5|2|
1497914901.249898|PLATFORM: State = |0.949999988079|2.02|2287.5|2|
1497914912.209645|PLATFORM: State = |0.949999988079|2.015|2288|2|
1497914923.160363|PLATFORM: State = |0.949999988079|2.015|2288|2|
1497914934.098600|PLATFORM: State = |0.949999988079|2.01|2288|2|
1497914945.054133|PLATFORM: State = |0.949999988079|2.01|2288|2|
1497914955.577926|PLATFORM: State = |0.949999988079|1.975|1204.5|2|
1497914967.265502|PLATFORM: State = |0.949999988079|1.905|1206|2|
1497914978.046288|PLATFORM: State = |0.949999988079|1.69|1205.5|2|
1497914991.061880|PLATFORM: State = |0.949999988079|1.61|1205|2|
1497914995.675258|COMPUTATION: End (MatrixSize, Iteration) = |9000|19|
1497914995.857131|COMPUTATION: Execution = Warning: Permanently added '10.10.10.4' (ECDSA) to the list of known hosts.
|None
1497914995.857308|COMPUTATION: Progress = 1.0
1497914995.857527|COMPUTATION: Finish Computation.
1497915001.617738|PLATFORM: State = |1.0|1.4|85.5|2|
1497915001.617932|PLATFORM: Finish Platform.
1497915001.622589|PLATFORM: Execution Log = [(1497909476.133466, {'compute_state': 0.0, 'resource_state': '0.59|1977', 'nodes': 2}), (1497909487.081884, {'compute_state': 0.0, 'resource_state': '0.805|2287.5', 'nodes': 2}), (1497909498.072098, {'compute_state': 0.0, 'resource_state': '0.99|2287.5', 'nodes': 2}), (1497909509.048388, {'compute_state': 0.0, 'resource_state': '1.145|2286.5', 'nodes': 2}), (1497909520.034059, {'compute_state': 0.0, 'resource_state': '1.28|2287', 'nodes': 2}), (1497909530.979916, {'compute_state': 0.0, 'resource_state': '1.425|2287', 'nodes': 2}), (1497909542.008523, {'compute_state': 0.0, 'resource_state': '1.66|2287', 'nodes': 2}), (1497909552.968031, {'compute_state': 0.0, 'resource_state': '1.715|2287.5', 'nodes': 2}), (1497909563.911965, {'compute_state': 0.0, 'resource_state': '1.755|2287.5', 'nodes': 2}), (1497909574.936452, {'compute_state': 0.0, 'resource_state': '1.795|2287.5', 'nodes': 2}), (1497909585.886078, {'compute_state': 0.0, 'resource_state': '1.825|2287.5', 'nodes': 2}), (1497909596.903966, {'compute_state': 0.0, 'resource_state': '1.945|2288', 'nodes': 2}), (1497909607.866023, {'compute_state': 0.0, 'resource_state': '1.955|2288', 'nodes': 2}), (1497909618.816829, {'compute_state': 0.0, 'resource_state': '1.965|2287.5', 'nodes': 2}), (1497909629.728096, {'compute_state': 0.0, 'resource_state': '1.97|2288', 'nodes': 2}), (1497909640.666963, {'compute_state': 0.0, 'resource_state': '1.975|2288', 'nodes': 2}), (1497909651.625594, {'compute_state': 0.0, 'resource_state': '1.98|2288', 'nodes': 2}), (1497909662.562325, {'compute_state': 0.0, 'resource_state': '1.98|2287.5', 'nodes': 2}), (1497909673.509428, {'compute_state': 0.0, 'resource_state': '1.99|2288', 'nodes': 2}), (1497909684.489609, {'compute_state': 0.0, 'resource_state': '1.99|2288', 'nodes': 2}), (1497909695.352487, {'compute_state': 0.0, 'resource_state': '1.99|1902', 'nodes': 2}), (1497909705.881422, {'compute_state': 0.0, 'resource_state': '1.955|1605', 'nodes': 2}), (1497909716.365314, {'compute_state': 0.0, 'resource_state': '1.825|1205', 'nodes': 2}), (1497909726.913272, {'compute_state': 0.0, 'resource_state': '1.74|1205', 'nodes': 2}), (1497909738.630211, {'compute_state': 0.0, 'resource_state': '1.625|1204.5', 'nodes': 2}), (1497909749.658919, {'compute_state': 0.05000000074505806, 'resource_state': '1.53|1849.5', 'nodes': 2}), (1497909760.627602, {'compute_state': 0.05000000074505806, 'resource_state': '1.6|2287.5', 'nodes': 2}), (1497909771.633688, {'compute_state': 0.05000000074505806, 'resource_state': '1.775|2287', 'nodes': 2}), (1497909782.572033, {'compute_state': 0.05000000074505806, 'resource_state': '1.805|2287.5', 'nodes': 2}), (1497909793.500411, {'compute_state': 0.05000000074505806, 'resource_state': '1.835|2287.5', 'nodes': 2}), (1497909804.449697, {'compute_state': 0.05000000074505806, 'resource_state': '1.86|2287.5', 'nodes': 2}), (1497909815.448199, {'compute_state': 0.05000000074505806, 'resource_state': '1.885|2287.5', 'nodes': 2}), (1497909826.39221, {'compute_state': 0.05000000074505806, 'resource_state': '1.99|2287.5', 'nodes': 2}), (1497909837.35231, {'compute_state': 0.05000000074505806, 'resource_state': '1.99|2287.5', 'nodes': 2}), (1497909848.326807, {'compute_state': 0.05000000074505806, 'resource_state': '1.995|2287.5', 'nodes': 2}), (1497909859.316641, {'compute_state': 0.05000000074505806, 'resource_state': '1.99|2287.5', 'nodes': 2}), (1497909870.302817, {'compute_state': 0.05000000074505806, 'resource_state': '1.99|2287.5', 'nodes': 2}), (1497909881.247622, {'compute_state': 0.05000000074505806, 'resource_state': '1.995|2287.5', 'nodes': 2}), (1497909892.272835, {'compute_state': 0.05000000074505806, 'resource_state': '2.16|2287', 'nodes': 2}), (1497909903.273256, {'compute_state': 0.05000000074505806, 'resource_state': '2.13|2287.5', 'nodes': 2}), (1497909914.237019, {'compute_state': 0.05000000074505806, 'resource_state': '2.11|2287', 'nodes': 2}), (1497909925.224855, {'compute_state': 0.05000000074505806, 'resource_state': '2.09|2287', 'nodes': 2}), (1497909936.170573, {'compute_state': 0.05000000074505806, 'resource_state': '2.08|2287.5', 'nodes': 2}), (1497909947.119774, {'compute_state': 0.05000000074505806, 'resource_state': '2.18|2287.5', 'nodes': 2}), (1497909958.033437, {'compute_state': 0.05000000074505806, 'resource_state': '2.155|2287.5', 'nodes': 2}), (1497909968.698103, {'compute_state': 0.05000000074505806, 'resource_state': '2.13|1510.5', 'nodes': 2}), (1497909979.225659, {'compute_state': 0.05000000074505806, 'resource_state': '1.995|1204', 'nodes': 2}), (1497909989.786376, {'compute_state': 0.05000000074505806, 'resource_state': '1.88|1203.5', 'nodes': 2}), (1497910000.746528, {'compute_state': 0.05000000074505806, 'resource_state': '1.825|1203', 'nodes': 2}), (1497910016.213426, {'compute_state': 0.05000000074505806, 'resource_state': '1.68|1202.5', 'nodes': 2}), (1497910027.237846, {'compute_state': 0.10000000149011612, 'resource_state': '1.69|1975.5', 'nodes': 2}), (1497910038.229672, {'compute_state': 0.10000000149011612, 'resource_state': '1.735|2286', 'nodes': 2}), (1497910049.221851, {'compute_state': 0.10000000149011612, 'resource_state': '1.775|2285.5', 'nodes': 2}), (1497910060.199643, {'compute_state': 0.10000000149011612, 'resource_state': '1.81|2286', 'nodes': 2}), (1497910071.216975, {'compute_state': 0.10000000149011612, 'resource_state': '1.84|2286', 'nodes': 2}), (1497910082.184723, {'compute_state': 0.10000000149011612, 'resource_state': '2.035|2285.5', 'nodes': 2}), (1497910093.217155, {'compute_state': 0.10000000149011612, 'resource_state': '2.03|2285.5', 'nodes': 2}), (1497910104.20966, {'compute_state': 0.10000000149011612, 'resource_state': '2.025|2285', 'nodes': 2}), (1497910115.177238, {'compute_state': 0.10000000149011612, 'resource_state': '2.025|2285', 'nodes': 2}), (1497910126.193409, {'compute_state': 0.10000000149011612, 'resource_state': '2.02|2285', 'nodes': 2}), (1497910137.165738, {'compute_state': 0.10000000149011612, 'resource_state': '2.095|2286', 'nodes': 2}), (1497910148.13493, {'compute_state': 0.10000000149011612, 'resource_state': '2.08|2285.5', 'nodes': 2}), (1497910159.083852, {'compute_state': 0.10000000149011612, 'resource_state': '2.065|2285.5', 'nodes': 2}), (1497910170.086543, {'compute_state': 0.10000000149011612, 'resource_state': '2.055|2285.5', 'nodes': 2}), (1497910181.046806, {'compute_state': 0.10000000149011612, 'resource_state': '2.045|2286', 'nodes': 2}), (1497910192.067546, {'compute_state': 0.10000000149011612, 'resource_state': '2.12|2285.5', 'nodes': 2}), (1497910203.028101, {'compute_state': 0.10000000149011612, 'resource_state': '2.095|2286', 'nodes': 2}), (1497910214.008169, {'compute_state': 0.10000000149011612, 'resource_state': '2.085|2285.5', 'nodes': 2}), (1497910224.976802, {'compute_state': 0.10000000149011612, 'resource_state': '2.07|2285.5', 'nodes': 2}), (1497910235.923258, {'compute_state': 0.10000000149011612, 'resource_state': '2.06|2286.5', 'nodes': 2}), (1497910246.899492, {'compute_state': 0.10000000149011612, 'resource_state': '2.125|2286', 'nodes': 2}), (1497910257.486075, {'compute_state': 0.10000000149011612, 'resource_state': '1.95|1202.5', 'nodes': 2}), (1497910268.012959, {'compute_state': 0.10000000149011612, 'resource_state': '1.88|1202.5', 'nodes': 2}), (1497910278.538384, {'compute_state': 0.10000000149011612, 'resource_state': '1.78|1203', 'nodes': 2}), (1497910295.749673, {'compute_state': 0.10000000149011612, 'resource_state': '1.62|92', 'nodes': 2}), (1497910306.679431, {'compute_state': 0.15000000596046448, 'resource_state': '1.745|1977.5', 'nodes': 2}), (1497910317.659544, {'compute_state': 0.15000000596046448, 'resource_state': '1.78|2286.5', 'nodes': 2}), (1497910328.643743, {'compute_state': 0.15000000596046448, 'resource_state': '1.815|2286.5', 'nodes': 2}), (1497910339.584801, {'compute_state': 0.15000000596046448, 'resource_state': '1.84|2286.5', 'nodes': 2}), (1497910350.576611, {'compute_state': 0.15000000596046448, 'resource_state': '1.87|2286', 'nodes': 2}), (1497910361.546872, {'compute_state': 0.15000000596046448, 'resource_state': '1.89|2286.5', 'nodes': 2}), (1497910372.558979, {'compute_state': 0.15000000596046448, 'resource_state': '2.185|2286.5', 'nodes': 2}), (1497910383.507826, {'compute_state': 0.15000000596046448, 'resource_state': '2.16|2286.5', 'nodes': 2}), (1497910394.455652, {'compute_state': 0.15000000596046448, 'resource_state': '2.135|2286.5', 'nodes': 2}), (1497910405.392717, {'compute_state': 0.15000000596046448, 'resource_state': '2.11|2286', 'nodes': 2}), (1497910416.424241, {'compute_state': 0.15000000596046448, 'resource_state': '2.095|2286.5', 'nodes': 2}), (1497910427.364681, {'compute_state': 0.15000000596046448, 'resource_state': '2.115|2286.5', 'nodes': 2}), (1497910438.317349, {'compute_state': 0.15000000596046448, 'resource_state': '2.1|2286.5', 'nodes': 2}), (1497910449.262945, {'compute_state': 0.15000000596046448, 'resource_state': '2.08|2286.5', 'nodes': 2}), (1497910460.251818, {'compute_state': 0.15000000596046448, 'resource_state': '2.105|2286.5', 'nodes': 2}), (1497910471.169739, {'compute_state': 0.15000000596046448, 'resource_state': '2.09|2286.5', 'nodes': 2}), (1497910482.091639, {'compute_state': 0.15000000596046448, 'resource_state': '2.15|2286.5', 'nodes': 2}), (1497910493.063229, {'compute_state': 0.15000000596046448, 'resource_state': '2.165|2286.5', 'nodes': 2}), (1497910504.03896, {'compute_state': 0.15000000596046448, 'resource_state': '2.14|2286.5', 'nodes': 2}), (1497910515.018996, {'compute_state': 0.15000000596046448, 'resource_state': '2.15|2286.5', 'nodes': 2}), (1497910525.990866, {'compute_state': 0.15000000596046448, 'resource_state': '2.13|2286.5', 'nodes': 2}), (1497910536.505631, {'compute_state': 0.15000000596046448, 'resource_state': '2.11|1203.5', 'nodes': 2}), (1497910547.02985, {'compute_state': 0.15000000596046448, 'resource_state': '1.935|1203.5', 'nodes': 2}), (1497910557.529545, {'compute_state': 0.15000000596046448, 'resource_state': '1.87|1203.5', 'nodes': 2}), (1497910572.577334, {'compute_state': 0.15000000596046448, 'resource_state': '1.75|1203', 'nodes': 2}), (1497910583.576004, {'compute_state': 0.20000000298023224, 'resource_state': '1.635|1857.5', 'nodes': 2}), (1497910594.555338, {'compute_state': 0.20000000298023224, 'resource_state': '1.69|2286', 'nodes': 2}), (1497910605.505287, {'compute_state': 0.20000000298023224, 'resource_state': '1.735|2286.5', 'nodes': 2}), (1497910616.521819, {'compute_state': 0.20000000298023224, 'resource_state': '1.82|2286.5', 'nodes': 2}), (1497910627.454088, {'compute_state': 0.20000000298023224, 'resource_state': '2.01|2286.5', 'nodes': 2}), (1497910638.419897, {'compute_state': 0.20000000298023224, 'resource_state': '2.01|2286.5', 'nodes': 2}), (1497910649.377843, {'compute_state': 0.20000000298023224, 'resource_state': '2.005|2286', 'nodes': 2}), (1497910660.344005, {'compute_state': 0.20000000298023224, 'resource_state': '2.005|2286.5', 'nodes': 2}), (1497910671.332762, {'compute_state': 0.20000000298023224, 'resource_state': '2.01|2286.5', 'nodes': 2}), (1497910682.36855, {'compute_state': 0.20000000298023224, 'resource_state': '2.085|2286.5', 'nodes': 2}), (1497910693.331407, {'compute_state': 0.20000000298023224, 'resource_state': '2.07|2286.5', 'nodes': 2}), (1497910704.343701, {'compute_state': 0.20000000298023224, 'resource_state': '2.06|2286.5', 'nodes': 2}), (1497910715.268499, {'compute_state': 0.20000000298023224, 'resource_state': '2.05|2286.5', 'nodes': 2}), (1497910726.22838, {'compute_state': 0.20000000298023224, 'resource_state': '2.045|2286.5', 'nodes': 2}), (1497910737.189155, {'compute_state': 0.20000000298023224, 'resource_state': '2.11|2288.5', 'nodes': 2}), (1497910748.15108, {'compute_state': 0.20000000298023224, 'resource_state': '2.095|2286.5', 'nodes': 2}), (1497910759.112897, {'compute_state': 0.20000000298023224, 'resource_state': '2.08|2286.5', 'nodes': 2}), (1497910770.074292, {'compute_state': 0.20000000298023224, 'resource_state': '2.065|2286.5', 'nodes': 2}), (1497910781.042238, {'compute_state': 0.20000000298023224, 'resource_state': '2.095|2286.5', 'nodes': 2}), (1497910792.013908, {'compute_state': 0.20000000298023224, 'resource_state': '2.085|2286', 'nodes': 2}), (1497910803.063641, {'compute_state': 0.20000000298023224, 'resource_state': '2.105|2286.5', 'nodes': 2}), (1497910814.080668, {'compute_state': 0.20000000298023224, 'resource_state': '2.085|2286.5', 'nodes': 2}), (1497910824.624814, {'compute_state': 0.20000000298023224, 'resource_state': '1.955|1203', 'nodes': 2}), (1497910835.161718, {'compute_state': 0.20000000298023224, 'resource_state': '1.8|1203.5', 'nodes': 2}), (1497910845.746422, {'compute_state': 0.20000000298023224, 'resource_state': '1.68|1203.5', 'nodes': 2}), (1497910861.866196, {'compute_state': 0.20000000298023224, 'resource_state': '1.565|87.5', 'nodes': 2}), (1497910872.806748, {'compute_state': 0.25, 'resource_state': '1.82|1976', 'nodes': 2}), (1497910883.766572, {'compute_state': 0.25, 'resource_state': '1.88|2286.5', 'nodes': 2}), (1497910894.754136, {'compute_state': 0.25, 'resource_state': '1.9|2286', 'nodes': 2}), (1497910905.760695, {'compute_state': 0.25, 'resource_state': '1.955|2286.5', 'nodes': 2}), (1497910916.73321, {'compute_state': 0.25, 'resource_state': '1.96|2286.5', 'nodes': 2}), (1497910927.695012, {'compute_state': 0.25, 'resource_state': '2.05|2286', 'nodes': 2}), (1497910938.663312, {'compute_state': 0.25, 'resource_state': '2.04|2286.5', 'nodes': 2}), (1497910949.657422, {'compute_state': 0.25, 'resource_state': '2.035|2286.5', 'nodes': 2}), (1497910960.677076, {'compute_state': 0.25, 'resource_state': '2.025|2286.5', 'nodes': 2}), (1497910971.648235, {'compute_state': 0.25, 'resource_state': '2.025|2286.5', 'nodes': 2}), (1497910982.640417, {'compute_state': 0.25, 'resource_state': '2.18|2286.5', 'nodes': 2}), (1497910993.584705, {'compute_state': 0.25, 'resource_state': '2.15|2286.5', 'nodes': 2}), (1497911004.558172, {'compute_state': 0.25, 'resource_state': '2.125|2286.5', 'nodes': 2}), (1497911015.550913, {'compute_state': 0.25, 'resource_state': '2.11|2286', 'nodes': 2}), (1497911026.512127, {'compute_state': 0.25, 'resource_state': '2.09|2286.5', 'nodes': 2}), (1497911037.597845, {'compute_state': 0.25, 'resource_state': '2.15|2286.5', 'nodes': 2}), (1497911048.635523, {'compute_state': 0.25, 'resource_state': '2.13|2286', 'nodes': 2}), (1497911059.57158, {'compute_state': 0.25, 'resource_state': '2.105|2286.5', 'nodes': 2}), (1497911070.539032, {'compute_state': 0.25, 'resource_state': '2.09|2286.5', 'nodes': 2}), (1497911081.512698, {'compute_state': 0.25, 'resource_state': '2.075|2286', 'nodes': 2}), (1497911092.419799, {'compute_state': 0.25, 'resource_state': '2.1|1900', 'nodes': 2}), (1497911102.973385, {'compute_state': 0.25, 'resource_state': '1.895|1203.5', 'nodes': 2}), (1497911113.59394, {'compute_state': 0.25, 'resource_state': '1.75|1203', 'nodes': 2}), (1497911124.101424, {'compute_state': 0.25, 'resource_state': '1.635|1203', 'nodes': 2}), (1497911136.329282, {'compute_state': 0.25, 'resource_state': '1.535|1203', 'nodes': 2}), (1497911147.314913, {'compute_state': 0.30000001192092896, 'resource_state': '1.455|1857.5', 'nodes': 2}), (1497911158.29355, {'compute_state': 0.30000001192092896, 'resource_state': '1.61|2285.5', 'nodes': 2}), (1497911169.293268, {'compute_state': 0.30000001192092896, 'resource_state': '1.665|2286.5', 'nodes': 2}), (1497911180.276166, {'compute_state': 0.30000001192092896, 'resource_state': '1.72|2286', 'nodes': 2}), (1497911191.220501, {'compute_state': 0.30000001192092896, 'resource_state': '1.76|2286', 'nodes': 2}), (1497911202.200854, {'compute_state': 0.30000001192092896, 'resource_state': '1.8|2286', 'nodes': 2}), (1497911213.134069, {'compute_state': 0.30000001192092896, 'resource_state': '2.045|2286', 'nodes': 2}), (1497911224.070912, {'compute_state': 0.30000001192092896, 'resource_state': '2.04|2286', 'nodes': 2}), (1497911235.039783, {'compute_state': 0.30000001192092896, 'resource_state': '2.03|2286.5', 'nodes': 2}), (1497911246.000074, {'compute_state': 0.30000001192092896, 'resource_state': '2.03|2286', 'nodes': 2}), (1497911256.978721, {'compute_state': 0.30000001192092896, 'resource_state': '2.02|2286', 'nodes': 2}), (1497911267.959209, {'compute_state': 0.30000001192092896, 'resource_state': '2.095|2285.5', 'nodes': 2}), (1497911278.974188, {'compute_state': 0.30000001192092896, 'resource_state': '2.08|2285.5', 'nodes': 2}), (1497911289.937489, {'compute_state': 0.30000001192092896, 'resource_state': '2.07|2286.5', 'nodes': 2}), (1497911300.891438, {'compute_state': 0.30000001192092896, 'resource_state': '2.055|2286', 'nodes': 2}), (1497911311.897489, {'compute_state': 0.30000001192092896, 'resource_state': '2.05|2286', 'nodes': 2}), (1497911322.897996, {'compute_state': 0.30000001192092896, 'resource_state': '2.04|2286', 'nodes': 2}), (1497911333.847536, {'compute_state': 0.30000001192092896, 'resource_state': '2.035|2286.5', 'nodes': 2}), (1497911344.902888, {'compute_state': 0.30000001192092896, 'resource_state': '2.025|2285.5', 'nodes': 2}), (1497911355.887434, {'compute_state': 0.30000001192092896, 'resource_state': '2.02|2286', 'nodes': 2}), (1497911366.88821, {'compute_state': 0.30000001192092896, 'resource_state': '2.02|2286.5', 'nodes': 2}), (1497911377.849105, {'compute_state': 0.30000001192092896, 'resource_state': '2.055|2012', 'nodes': 2}), (1497911388.400915, {'compute_state': 0.30000001192092896, 'resource_state': '1.855|1203', 'nodes': 2}), (1497911398.885416, {'compute_state': 0.30000001192092896, 'resource_state': '1.765|1203', 'nodes': 2}), (1497911419.153289, {'compute_state': 0.30000001192092896, 'resource_state': '1.73|88.5', 'nodes': 2}), (1497911430.125479, {'compute_state': 0.3499999940395355, 'resource_state': '1.775|1976', 'nodes': 2}), (1497911441.144877, {'compute_state': 0.3499999940395355, 'resource_state': '1.81|2285.5', 'nodes': 2}), (1497911452.132738, {'compute_state': 0.3499999940395355, 'resource_state': '1.84|2285.5', 'nodes': 2}), (1497911463.169128, {'compute_state': 0.3499999940395355, 'resource_state': '1.985|2285', 'nodes': 2}), (1497911474.193599, {'compute_state': 0.3499999940395355, 'resource_state': '1.985|2286', 'nodes': 2}), (1497911485.226842, {'compute_state': 0.3499999940395355, 'resource_state': '1.99|2285.5', 'nodes': 2}), (1497911496.25941, {'compute_state': 0.3499999940395355, 'resource_state': '1.995|2286', 'nodes': 2}), (1497911507.203068, {'compute_state': 0.3499999940395355, 'resource_state': '1.99|2285.5', 'nodes': 2}), (1497911518.171683, {'compute_state': 0.3499999940395355, 'resource_state': '2.075|2285.5', 'nodes': 2}), (1497911529.114525, {'compute_state': 0.3499999940395355, 'resource_state': '2.065|2285.5', 'nodes': 2}), (1497911540.105008, {'compute_state': 0.3499999940395355, 'resource_state': '2.055|2286', 'nodes': 2}), (1497911551.100108, {'compute_state': 0.3499999940395355, 'resource_state': '2.045|2285.5', 'nodes': 2}), (1497911562.052171, {'compute_state': 0.3499999940395355, 'resource_state': '2.04|2285.5', 'nodes': 2}), (1497911573.003655, {'compute_state': 0.3499999940395355, 'resource_state': '2.19|2286', 'nodes': 2}), (1497911584.03614, {'compute_state': 0.3499999940395355, 'resource_state': '2.16|2285.5', 'nodes': 2}), (1497911595.028303, {'compute_state': 0.3499999940395355, 'resource_state': '2.135|2285.5', 'nodes': 2}), (1497911606.016664, {'compute_state': 0.3499999940395355, 'resource_state': '2.115|2285.5', 'nodes': 2}), (1497911616.972456, {'compute_state': 0.3499999940395355, 'resource_state': '2.095|2285.5', 'nodes': 2}), (1497911627.939528, {'compute_state': 0.3499999940395355, 'resource_state': '2.155|2285.5', 'nodes': 2}), (1497911638.913893, {'compute_state': 0.3499999940395355, 'resource_state': '2.13|2286', 'nodes': 2}), (1497911649.893213, {'compute_state': 0.3499999940395355, 'resource_state': '2.11|2285.5', 'nodes': 2}), (1497911660.480942, {'compute_state': 0.3499999940395355, 'resource_state': '1.94|1512', 'nodes': 2}), (1497911671.009831, {'compute_state': 0.3499999940395355, 'resource_state': '1.79|1202', 'nodes': 2}), (1497911681.605404, {'compute_state': 0.3499999940395355, 'resource_state': '1.63|1202.5', 'nodes': 2}), (1497911692.141708, {'compute_state': 0.3499999940395355, 'resource_state': '1.5|1202', 'nodes': 2}), (1497911704.774602, {'compute_state': 0.3499999940395355, 'resource_state': '1.395|1201.5', 'nodes': 2}), (1497911715.731541, {'compute_state': 0.4000000059604645, 'resource_state': '1.405|1858.5', 'nodes': 2}), (1497911726.674775, {'compute_state': 0.4000000059604645, 'resource_state': '1.5|2286.5', 'nodes': 2}), (1497911737.612434, {'compute_state': 0.4000000059604645, 'resource_state': '1.58|2287', 'nodes': 2}), (1497911748.576279, {'compute_state': 0.4000000059604645, 'resource_state': '1.75|2286.5', 'nodes': 2}), (1497911759.519765, {'compute_state': 0.4000000059604645, 'resource_state': '1.79|2287', 'nodes': 2}), (1497911770.488507, {'compute_state': 0.4000000059604645, 'resource_state': '1.82|2286', 'nodes': 2}), (1497911781.464375, {'compute_state': 0.4000000059604645, 'resource_state': '1.85|2286.5', 'nodes': 2}), (1497911792.433148, {'compute_state': 0.4000000059604645, 'resource_state': '1.91|2286.5', 'nodes': 2}), (1497911803.421832, {'compute_state': 0.4000000059604645, 'resource_state': '2.01|2286.5', 'nodes': 2}), (1497911814.41089, {'compute_state': 0.4000000059604645, 'resource_state': '2.05|2286.5', 'nodes': 2}), (1497911825.382016, {'compute_state': 0.4000000059604645, 'resource_state': '2.04|2287', 'nodes': 2}), (1497911836.36435, {'compute_state': 0.4000000059604645, 'resource_state': '2.03|2286.5', 'nodes': 2}), (1497911847.326671, {'compute_state': 0.4000000059604645, 'resource_state': '2.03|2287', 'nodes': 2}), (1497911858.290696, {'compute_state': 0.4000000059604645, 'resource_state': '2.1|2286.5', 'nodes': 2}), (1497911869.262851, {'compute_state': 0.4000000059604645, 'resource_state': '2.085|2287', 'nodes': 2}), (1497911880.219477, {'compute_state': 0.4000000059604645, 'resource_state': '2.07|2287', 'nodes': 2}), (1497911891.176053, {'compute_state': 0.4000000059604645, 'resource_state': '2.065|2287.5', 'nodes': 2}), (1497911902.147575, {'compute_state': 0.4000000059604645, 'resource_state': '2.055|2287.5', 'nodes': 2}), (1497911913.150263, {'compute_state': 0.4000000059604645, 'resource_state': '2.12|2287', 'nodes': 2}), (1497911924.099013, {'compute_state': 0.4000000059604645, 'resource_state': '2.14|2287', 'nodes': 2}), (1497911935.136761, {'compute_state': 0.4000000059604645, 'resource_state': '2.12|2287', 'nodes': 2}), (1497911945.673182, {'compute_state': 0.4000000059604645, 'resource_state': '1.98|1204', 'nodes': 2}), (1497911956.281694, {'compute_state': 0.4000000059604645, 'resource_state': '1.75|1204.5', 'nodes': 2}), (1497911972.869066, {'compute_state': 0.4000000059604645, 'resource_state': '1.625|1204.5', 'nodes': 2}), (1497911983.815582, {'compute_state': 0.44999998807907104, 'resource_state': '1.455|1976.5', 'nodes': 2}), (1497911994.754609, {'compute_state': 0.44999998807907104, 'resource_state': '1.54|2286.5', 'nodes': 2}), (1497912005.701662, {'compute_state': 0.44999998807907104, 'resource_state': '1.615|2287', 'nodes': 2}), (1497912016.682261, {'compute_state': 0.44999998807907104, 'resource_state': '1.67|2287', 'nodes': 2}), (1497912027.699096, {'compute_state': 0.44999998807907104, 'resource_state': '1.725|2287', 'nodes': 2}), (1497912038.635196, {'compute_state': 0.44999998807907104, 'resource_state': '1.94|2286.5', 'nodes': 2}), (1497912049.575065, {'compute_state': 0.44999998807907104, 'resource_state': '1.95|2287', 'nodes': 2}), (1497912060.530968, {'compute_state': 0.44999998807907104, 'resource_state': '1.96|2287', 'nodes': 2}), (1497912071.487075, {'compute_state': 0.44999998807907104, 'resource_state': '1.965|2286.5', 'nodes': 2}), (1497912082.50771, {'compute_state': 0.44999998807907104, 'resource_state': '1.97|2286.5', 'nodes': 2}), (1497912093.470451, {'compute_state': 0.44999998807907104, 'resource_state': '1.975|2287', 'nodes': 2}), (1497912104.471244, {'compute_state': 0.44999998807907104, 'resource_state': '1.98|2286.5', 'nodes': 2}), (1497912115.430762, {'compute_state': 0.44999998807907104, 'resource_state': '1.985|2286.5', 'nodes': 2}), (1497912126.458893, {'compute_state': 0.44999998807907104, 'resource_state': '1.985|2286.5', 'nodes': 2}), (1497912137.47866, {'compute_state': 0.44999998807907104, 'resource_state': '1.99|2286.5', 'nodes': 2}), (1497912148.464406, {'compute_state': 0.44999998807907104, 'resource_state': '2.07|2286.5', 'nodes': 2}), (1497912159.450482, {'compute_state': 0.44999998807907104, 'resource_state': '2.06|2286.5', 'nodes': 2}), (1497912170.450653, {'compute_state': 0.44999998807907104, 'resource_state': '2.05|2286.5', 'nodes': 2}), (1497912181.450903, {'compute_state': 0.44999998807907104, 'resource_state': '2.045|2286.5', 'nodes': 2}), (1497912192.475029, {'compute_state': 0.44999998807907104, 'resource_state': '2.035|2286.5', 'nodes': 2}), (1497912203.474615, {'compute_state': 0.44999998807907104, 'resource_state': '2.145|2286.5', 'nodes': 2}), (1497912214.46754, {'compute_state': 0.44999998807907104, 'resource_state': '2.12|1998.5', 'nodes': 2}), (1497912225.046339, {'compute_state': 0.44999998807907104, 'resource_state': '1.99|1204', 'nodes': 2}), (1497912235.837887, {'compute_state': 0.44999998807907104, 'resource_state': '1.76|1204', 'nodes': 2}), (1497912248.813708, {'compute_state': 0.44999998807907104, 'resource_state': '1.6|1203.5', 'nodes': 2}), (1497912259.739259, {'compute_state': 0.5, 'resource_state': '1.43|1687', 'nodes': 2}), (1497912270.704355, {'compute_state': 0.5, 'resource_state': '1.48|2287', 'nodes': 2}), (1497912281.664167, {'compute_state': 0.5, 'resource_state': '1.56|2287.5', 'nodes': 2}), (1497912292.628016, {'compute_state': 0.5, 'resource_state': '1.63|2287.5', 'nodes': 2}), (1497912303.600875, {'compute_state': 0.5, 'resource_state': '1.915|2287.5', 'nodes': 2}), (1497912314.617012, {'compute_state': 0.5, 'resource_state': '1.925|2287', 'nodes': 2}), (1497912325.617414, {'compute_state': 0.5, 'resource_state': '1.935|2287.5', 'nodes': 2}), (1497912336.589822, {'compute_state': 0.5, 'resource_state': '1.945|2287.5', 'nodes': 2}), (1497912347.534172, {'compute_state': 0.5, 'resource_state': '1.955|2287.5', 'nodes': 2}), (1497912358.522032, {'compute_state': 0.5, 'resource_state': '2.045|2287.5', 'nodes': 2}), (1497912369.515103, {'compute_state': 0.5, 'resource_state': '2.04|2287.5', 'nodes': 2}), (1497912380.519471, {'compute_state': 0.5, 'resource_state': '2.03|2287.5', 'nodes': 2}), (1497912391.508203, {'compute_state': 0.5, 'resource_state': '2.03|2287.5', 'nodes': 2}), (1497912402.465842, {'compute_state': 0.5, 'resource_state': '2.02|2287.5', 'nodes': 2}), (1497912413.481182, {'compute_state': 0.5, 'resource_state': '2.1|2287.5', 'nodes': 2}), (1497912424.469282, {'compute_state': 0.5, 'resource_state': '2.085|2287', 'nodes': 2}), (1497912435.45785, {'compute_state': 0.5, 'resource_state': '2.07|2287', 'nodes': 2}), (1497912446.414163, {'compute_state': 0.5, 'resource_state': '2.06|2287.5', 'nodes': 2}), (1497912457.388082, {'compute_state': 0.5, 'resource_state': '2.045|2287', 'nodes': 2}), (1497912468.332934, {'compute_state': 0.5, 'resource_state': '2.04|2287', 'nodes': 2}), (1497912479.295861, {'compute_state': 0.5, 'resource_state': '2.105|2287.5', 'nodes': 2}), (1497912489.816675, {'compute_state': 0.5, 'resource_state': '2.05|1514', 'nodes': 2}), (1497912500.325418, {'compute_state': 0.5, 'resource_state': '1.89|1204', 'nodes': 2}), (1497912510.852871, {'compute_state': 0.5, 'resource_state': '1.755|1204.5', 'nodes': 2}), (1497912530.004368, {'compute_state': 0.5, 'resource_state': '1.575|91', 'nodes': 2}), (1497912540.944794, {'compute_state': 0.550000011920929, 'resource_state': '1.605|1977.5', 'nodes': 2}), (1497912551.899481, {'compute_state': 0.550000011920929, 'resource_state': '1.665|2288', 'nodes': 2}), (1497912562.868034, {'compute_state': 0.550000011920929, 'resource_state': '1.715|2287.5', 'nodes': 2}), (1497912573.840386, {'compute_state': 0.550000011920929, 'resource_state': '1.815|2287.5', 'nodes': 2}), (1497912584.789342, {'compute_state': 0.550000011920929, 'resource_state': '1.84|2288', 'nodes': 2}), (1497912595.769577, {'compute_state': 0.550000011920929, 'resource_state': '1.865|2288', 'nodes': 2}), (1497912606.754774, {'compute_state': 0.550000011920929, 'resource_state': '1.885|2287.5', 'nodes': 2}), (1497912617.711402, {'compute_state': 0.550000011920929, 'resource_state': '1.905|2288', 'nodes': 2}), (1497912628.672008, {'compute_state': 0.550000011920929, 'resource_state': '2.005|2288', 'nodes': 2}), (1497912639.665867, {'compute_state': 0.550000011920929, 'resource_state': '2.005|2287.5', 'nodes': 2}), (1497912650.584989, {'compute_state': 0.550000011920929, 'resource_state': '2|2287', 'nodes': 2}), (1497912661.518367, {'compute_state': 0.550000011920929, 'resource_state': '2.005|2287', 'nodes': 2}), (1497912672.488199, {'compute_state': 0.550000011920929, 'resource_state': '2.005|2287.5', 'nodes': 2}), (1497912683.434842, {'compute_state': 0.550000011920929, 'resource_state': '2.005|2287.5', 'nodes': 2}), (1497912694.419685, {'compute_state': 0.550000011920929, 'resource_state': '2.085|2288', 'nodes': 2}), (1497912705.424511, {'compute_state': 0.550000011920929, 'resource_state': '2.07|2287.5', 'nodes': 2}), (1497912716.363364, {'compute_state': 0.550000011920929, 'resource_state': '2.06|2288', 'nodes': 2}), (1497912727.341516, {'compute_state': 0.550000011920929, 'resource_state': '2.05|2287.5', 'nodes': 2}), (1497912738.328407, {'compute_state': 0.550000011920929, 'resource_state': '2.04|2287.5', 'nodes': 2}), (1497912749.299047, {'compute_state': 0.550000011920929, 'resource_state': '2.11|2287.5', 'nodes': 2}), (1497912760.272143, {'compute_state': 0.550000011920929, 'resource_state': '2.095|2287.5', 'nodes': 2}), (1497912770.874073, {'compute_state': 0.550000011920929, 'resource_state': '1.96|1204.5', 'nodes': 2}), (1497912781.465835, {'compute_state': 0.550000011920929, 'resource_state': '1.77|1205.5', 'nodes': 2}), (1497912792.062456, {'compute_state': 0.550000011920929, 'resource_state': '1.73|1205.5', 'nodes': 2}), (1497912811.110198, {'compute_state': 0.550000011920929, 'resource_state': '1.665|105', 'nodes': 2}), (1497912822.069582, {'compute_state': 0.6000000238418579, 'resource_state': '1.75|1978', 'nodes': 2}), (1497912833.011094, {'compute_state': 0.6000000238418579, 'resource_state': '1.795|2287.5', 'nodes': 2}), (1497912843.959105, {'compute_state': 0.6000000238418579, 'resource_state': '1.92|2288', 'nodes': 2}), (1497912854.945626, {'compute_state': 0.6000000238418579, 'resource_state': '1.93|2288', 'nodes': 2}), (1497912865.911837, {'compute_state': 0.6000000238418579, 'resource_state': '1.945|2287.5', 'nodes': 2}), (1497912876.878676, {'compute_state': 0.6000000238418579, 'resource_state': '1.95|2288', 'nodes': 2}), (1497912887.852027, {'compute_state': 0.6000000238418579, 'resource_state': '1.955|2287.5', 'nodes': 2}), (1497912898.815784, {'compute_state': 0.6000000238418579, 'resource_state': '2.05|2287.5', 'nodes': 2}), (1497912909.862683, {'compute_state': 0.6000000238418579, 'resource_state': '2.04|2288', 'nodes': 2}), (1497912920.826752, {'compute_state': 0.6000000238418579, 'resource_state': '2.035|2288', 'nodes': 2}), (1497912931.778766, {'compute_state': 0.6000000238418579, 'resource_state': '2.025|2287.5', 'nodes': 2}), (1497912942.777837, {'compute_state': 0.6000000238418579, 'resource_state': '2.02|2288', 'nodes': 2}), (1497912953.732377, {'compute_state': 0.6000000238418579, 'resource_state': '2.02|2287.5', 'nodes': 2}), (1497912964.712096, {'compute_state': 0.6000000238418579, 'resource_state': '2.095|2288', 'nodes': 2}), (1497912975.685785, {'compute_state': 0.6000000238418579, 'resource_state': '2.075|2288', 'nodes': 2}), (1497912986.628283, {'compute_state': 0.6000000238418579, 'resource_state': '2.065|2287.5', 'nodes': 2}), (1497912997.584385, {'compute_state': 0.6000000238418579, 'resource_state': '2.055|2287.5', 'nodes': 2}), (1497913008.548873, {'compute_state': 0.6000000238418579, 'resource_state': '2.045|2288', 'nodes': 2}), (1497913019.517745, {'compute_state': 0.6000000238418579, 'resource_state': '2.19|2288', 'nodes': 2}), (1497913030.475242, {'compute_state': 0.6000000238418579, 'resource_state': '2.2|2288', 'nodes': 2}), (1497913041.414348, {'compute_state': 0.6000000238418579, 'resource_state': '2.17|2020.5', 'nodes': 2}), (1497913051.961492, {'compute_state': 0.6000000238418579, 'resource_state': '1.95|1205', 'nodes': 2}), (1497913066.994424, {'compute_state': 0.6000000238418579, 'resource_state': '1.78|1204', 'nodes': 2}), (1497913082.746405, {'compute_state': 0.6000000238418579, 'resource_state': '1.65|105.5', 'nodes': 2}), (1497913093.698175, {'compute_state': 0.6499999761581421, 'resource_state': '1.74|1977.5', 'nodes': 2}), (1497913104.640843, {'compute_state': 0.6499999761581421, 'resource_state': '1.875|2287.5', 'nodes': 2}), (1497913115.673362, {'compute_state': 0.6499999761581421, 'resource_state': '1.9|2287', 'nodes': 2}), (1497913126.676026, {'compute_state': 0.6499999761581421, 'resource_state': '1.915|2287.5', 'nodes': 2}), (1497913137.650908, {'compute_state': 0.6499999761581421, 'resource_state': '1.925|2287.5', 'nodes': 2}), (1497913148.608239, {'compute_state': 0.6499999761581421, 'resource_state': '1.94|2288', 'nodes': 2}), (1497913159.609405, {'compute_state': 0.6499999761581421, 'resource_state': '2.03|2287.5', 'nodes': 2}), (1497913170.600567, {'compute_state': 0.6499999761581421, 'resource_state': '2.03|2288', 'nodes': 2}), (1497913181.54475, {'compute_state': 0.6499999761581421, 'resource_state': '2.02|2287.5', 'nodes': 2}), (1497913192.519297, {'compute_state': 0.6499999761581421, 'resource_state': '2.015|2287.5', 'nodes': 2}), (1497913203.470232, {'compute_state': 0.6499999761581421, 'resource_state': '2.02|2287.5', 'nodes': 2}), (1497913214.445624, {'compute_state': 0.6499999761581421, 'resource_state': '2.055|2287.5', 'nodes': 2}), (1497913225.392449, {'compute_state': 0.6499999761581421, 'resource_state': '2.04|2287.5', 'nodes': 2}), (1497913236.388404, {'compute_state': 0.6499999761581421, 'resource_state': '2.035|2287.5', 'nodes': 2}), (1497913247.39182, {'compute_state': 0.6499999761581421, 'resource_state': '2.035|2287.5', 'nodes': 2}), (1497913258.331107, {'compute_state': 0.6499999761581421, 'resource_state': '2.025|2287.5', 'nodes': 2}), (1497913269.274577, {'compute_state': 0.6499999761581421, 'resource_state': '2.1|2287.5', 'nodes': 2}), (1497913280.260258, {'compute_state': 0.6499999761581421, 'resource_state': '2.085|2287.5', 'nodes': 2}), (1497913291.250077, {'compute_state': 0.6499999761581421, 'resource_state': '2.115|2287.5', 'nodes': 2}), (1497913302.217855, {'compute_state': 0.6499999761581421, 'resource_state': '2.095|2287.5', 'nodes': 2}), (1497913313.173037, {'compute_state': 0.6499999761581421, 'resource_state': '2.08|2287', 'nodes': 2}), (1497913323.769771, {'compute_state': 0.6499999761581421, 'resource_state': '2.07|1204.5', 'nodes': 2}), (1497913334.369655, {'compute_state': 0.6499999761581421, 'resource_state': '1.835|1205', 'nodes': 2}), (1497913345.618592, {'compute_state': 0.6499999761581421, 'resource_state': '1.71|1205', 'nodes': 2}), (1497913356.585832, {'compute_state': 0.6499999761581421, 'resource_state': '1.6|1204.5', 'nodes': 2}), (1497913367.536097, {'compute_state': 0.699999988079071, 'resource_state': '1.59|1976.5', 'nodes': 2}), (1497913378.568263, {'compute_state': 0.699999988079071, 'resource_state': '1.655|2286.5', 'nodes': 2}), (1497913389.538282, {'compute_state': 0.699999988079071, 'resource_state': '1.81|2287', 'nodes': 2}), (1497913400.529902, {'compute_state': 0.699999988079071, 'resource_state': '1.835|2286.5', 'nodes': 2}), (1497913411.496007, {'compute_state': 0.699999988079071, 'resource_state': '1.865|2286.5', 'nodes': 2}), (1497913422.479997, {'compute_state': 0.699999988079071, 'resource_state': '1.885|2286.5', 'nodes': 2}), (1497913433.417495, {'compute_state': 0.699999988079071, 'resource_state': '1.905|2286.5', 'nodes': 2}), (1497913444.404207, {'compute_state': 0.699999988079071, 'resource_state': '2.005|2287', 'nodes': 2}), (1497913455.375948, {'compute_state': 0.699999988079071, 'resource_state': '2|2286.5', 'nodes': 2}), (1497913466.330381, {'compute_state': 0.699999988079071, 'resource_state': '2.005|2286.5', 'nodes': 2}), (1497913477.3046, {'compute_state': 0.699999988079071, 'resource_state': '2|2286.5', 'nodes': 2}), (1497913488.26848, {'compute_state': 0.699999988079071, 'resource_state': '2|2286.5', 'nodes': 2}), (1497913499.225521, {'compute_state': 0.699999988079071, 'resource_state': '2|2286.5', 'nodes': 2}), (1497913510.219222, {'compute_state': 0.699999988079071, 'resource_state': '2|2286.5', 'nodes': 2}), (1497913521.210993, {'compute_state': 0.699999988079071, 'resource_state': '2|2286.5', 'nodes': 2}), (1497913532.182248, {'compute_state': 0.699999988079071, 'resource_state': '2|2286', 'nodes': 2}), (1497913543.102929, {'compute_state': 0.699999988079071, 'resource_state': '2|2287', 'nodes': 2}), (1497913554.090413, {'compute_state': 0.699999988079071, 'resource_state': '2|2287', 'nodes': 2}), (1497913565.036485, {'compute_state': 0.699999988079071, 'resource_state': '2.16|2287', 'nodes': 2}), (1497913575.985942, {'compute_state': 0.699999988079071, 'resource_state': '2.135|2286.5', 'nodes': 2}), (1497913586.938221, {'compute_state': 0.699999988079071, 'resource_state': '2.11|2286.5', 'nodes': 2}), (1497913597.894008, {'compute_state': 0.699999988079071, 'resource_state': '2.095|1996', 'nodes': 2}), (1497913608.453264, {'compute_state': 0.699999988079071, 'resource_state': '1.92|1205', 'nodes': 2}), (1497913619.018003, {'compute_state': 0.699999988079071, 'resource_state': '1.745|1205.5', 'nodes': 2}), (1497913635.193406, {'compute_state': 0.699999988079071, 'resource_state': '1.51|106', 'nodes': 2}), (1497913646.1573, {'compute_state': 0.75, 'resource_state': '1.58|1977.5', 'nodes': 2}), (1497913657.105524, {'compute_state': 0.75, 'resource_state': '1.65|2287.5', 'nodes': 2}), (1497913668.042382, {'compute_state': 0.75, 'resource_state': '1.7|2287', 'nodes': 2}), (1497913679.021595, {'compute_state': 0.75, 'resource_state': '1.745|2287.5', 'nodes': 2}), (1497913690.013519, {'compute_state': 0.75, 'resource_state': '1.885|2287.5', 'nodes': 2}), (1497913700.957514, {'compute_state': 0.75, 'resource_state': '1.905|2287.5', 'nodes': 2}), (1497913711.9, {'compute_state': 0.75, 'resource_state': '1.92|2287', 'nodes': 2}), (1497913722.902155, {'compute_state': 0.75, 'resource_state': '1.93|2287.5', 'nodes': 2}), (1497913733.894656, {'compute_state': 0.75, 'resource_state': '1.945|2287.5', 'nodes': 2}), (1497913744.876189, {'compute_state': 0.75, 'resource_state': '2.035|2287.5', 'nodes': 2}), (1497913755.840166, {'compute_state': 0.75, 'resource_state': '2.03|2287.5', 'nodes': 2}), (1497913766.810254, {'compute_state': 0.75, 'resource_state': '2.025|2288', 'nodes': 2}), (1497913777.747835, {'compute_state': 0.75, 'resource_state': '2.02|2287.5', 'nodes': 2}), (1497913788.714042, {'compute_state': 0.75, 'resource_state': '2.015|2287.5', 'nodes': 2}), (1497913799.673577, {'compute_state': 0.75, 'resource_state': '2.09|2287', 'nodes': 2}), (1497913810.618437, {'compute_state': 0.75, 'resource_state': '2.08|2287.5', 'nodes': 2}), (1497913821.575426, {'compute_state': 0.75, 'resource_state': '2.065|2287.5', 'nodes': 2}), (1497913832.574666, {'compute_state': 0.75, 'resource_state': '2.055|2287.5', 'nodes': 2}), (1497913843.518756, {'compute_state': 0.75, 'resource_state': '2.045|2287.5', 'nodes': 2}), (1497913854.494972, {'compute_state': 0.75, 'resource_state': '2.04|2287.5', 'nodes': 2}), (1497913865.415131, {'compute_state': 0.75, 'resource_state': '2.02|1941', 'nodes': 2}), (1497913875.882396, {'compute_state': 0.75, 'resource_state': '1.785|1206.5', 'nodes': 2}), (1497913886.453601, {'compute_state': 0.75, 'resource_state': '1.625|1206', 'nodes': 2}), (1497913900.605847, {'compute_state': 0.75, 'resource_state': '1.415|91', 'nodes': 2}), (1497913911.551409, {'compute_state': 0.800000011920929, 'resource_state': '1.51|1977.5', 'nodes': 2}), (1497913922.544034, {'compute_state': 0.800000011920929, 'resource_state': '1.58|2287.5', 'nodes': 2}), (1497913933.49596, {'compute_state': 0.800000011920929, 'resource_state': '1.645|2288', 'nodes': 2}), (1497913944.476684, {'compute_state': 0.800000011920929, 'resource_state': '1.705|2288.5', 'nodes': 2}), (1497913955.472412, {'compute_state': 0.800000011920929, 'resource_state': '1.77|2288', 'nodes': 2}), (1497913966.448676, {'compute_state': 0.800000011920929, 'resource_state': '1.805|2287.5', 'nodes': 2}), (1497913977.388555, {'compute_state': 0.800000011920929, 'resource_state': '1.835|2288', 'nodes': 2}), (1497913988.324774, {'compute_state': 0.800000011920929, 'resource_state': '1.865|2287.5', 'nodes': 2}), (1497913999.245311, {'compute_state': 0.800000011920929, 'resource_state': '1.885|2288', 'nodes': 2}), (1497914010.195932, {'compute_state': 0.800000011920929, 'resource_state': '1.985|2288', 'nodes': 2}), (1497914021.143354, {'compute_state': 0.800000011920929, 'resource_state': '1.99|2288', 'nodes': 2}), (1497914032.146861, {'compute_state': 0.800000011920929, 'resource_state': '1.995|2287.5', 'nodes': 2}), (1497914043.078918, {'compute_state': 0.800000011920929, 'resource_state': '1.99|2288', 'nodes': 2}), (1497914054.019826, {'compute_state': 0.800000011920929, 'resource_state': '1.995|2288.5', 'nodes': 2}), (1497914064.962061, {'compute_state': 0.800000011920929, 'resource_state': '2.075|2288', 'nodes': 2}), (1497914075.905512, {'compute_state': 0.800000011920929, 'resource_state': '2.06|2288.5', 'nodes': 2}), (1497914086.878721, {'compute_state': 0.800000011920929, 'resource_state': '2.05|2288.5', 'nodes': 2}), (1497914097.854907, {'compute_state': 0.800000011920929, 'resource_state': '2.045|2288.5', 'nodes': 2}), (1497914108.727884, {'compute_state': 0.800000011920929, 'resource_state': '1.995|1902', 'nodes': 2}), (1497914119.623738, {'compute_state': 0.800000011920929, 'resource_state': '1.92|1901.5', 'nodes': 2}), (1497914130.265312, {'compute_state': 0.800000011920929, 'resource_state': '1.865|1615.5', 'nodes': 2}), (1497914140.849608, {'compute_state': 0.800000011920929, 'resource_state': '1.77|1205', 'nodes': 2}), (1497914151.374288, {'compute_state': 0.800000011920929, 'resource_state': '1.575|1205', 'nodes': 2}), (1497914165.774901, {'compute_state': 0.800000011920929, 'resource_state': '1.455|90.5', 'nodes': 2}), (1497914176.673338, {'compute_state': 0.8500000238418579, 'resource_state': '1.54|1978', 'nodes': 2}), (1497914187.61533, {'compute_state': 0.8500000238418579, 'resource_state': '1.615|2287.5', 'nodes': 2}), (1497914198.56986, {'compute_state': 0.8500000238418579, 'resource_state': '1.675|2287.5', 'nodes': 2}), (1497914209.519719, {'compute_state': 0.8500000238418579, 'resource_state': '1.725|2287.5', 'nodes': 2}), (1497914220.467157, {'compute_state': 0.8500000238418579, 'resource_state': '1.865|2287.5', 'nodes': 2}), (1497914231.417275, {'compute_state': 0.8500000238418579, 'resource_state': '1.96|2287.5', 'nodes': 2}), (1497914242.35298, {'compute_state': 0.8500000238418579, 'resource_state': '1.965|2287.5', 'nodes': 2}), (1497914253.304615, {'compute_state': 0.8500000238418579, 'resource_state': '1.97|2287.5', 'nodes': 2}), (1497914264.27263, {'compute_state': 0.8500000238418579, 'resource_state': '1.975|2287.5', 'nodes': 2}), (1497914275.200368, {'compute_state': 0.8500000238418579, 'resource_state': '1.98|2287', 'nodes': 2}), (1497914286.164196, {'compute_state': 0.8500000238418579, 'resource_state': '2.02|2287', 'nodes': 2}), (1497914297.129678, {'compute_state': 0.8500000238418579, 'resource_state': '2.055|2287.5', 'nodes': 2}), (1497914308.087663, {'compute_state': 0.8500000238418579, 'resource_state': '2.045|2287.5', 'nodes': 2}), (1497914319.041762, {'compute_state': 0.8500000238418579, 'resource_state': '2.035|2287.5', 'nodes': 2}), (1497914329.983586, {'compute_state': 0.8500000238418579, 'resource_state': '2.11|2287.5', 'nodes': 2}), (1497914340.935541, {'compute_state': 0.8500000238418579, 'resource_state': '2.09|2287.5', 'nodes': 2}), (1497914351.919316, {'compute_state': 0.8500000238418579, 'resource_state': '2.075|2287.5', 'nodes': 2}), (1497914362.883334, {'compute_state': 0.8500000238418579, 'resource_state': '2.065|2287.5', 'nodes': 2}), (1497914373.802874, {'compute_state': 0.8500000238418579, 'resource_state': '2.055|1901.5', 'nodes': 2}), (1497914384.734648, {'compute_state': 0.8500000238418579, 'resource_state': '1.97|1901', 'nodes': 2}), (1497914395.610491, {'compute_state': 0.8500000238418579, 'resource_state': '1.945|1901.5', 'nodes': 2}), (1497914406.138062, {'compute_state': 0.8500000238418579, 'resource_state': '1.875|1204.5', 'nodes': 2}), (1497914417.817892, {'compute_state': 0.8500000238418579, 'resource_state': '1.66|1204.5', 'nodes': 2}), (1497914428.386232, {'compute_state': 0.8500000238418579, 'resource_state': '1.52|1204.5', 'nodes': 2}), (1497914441.746084, {'compute_state': 0.8500000238418579, 'resource_state': '1.37|1204', 'nodes': 2}), (1497914452.633864, {'compute_state': 0.8999999761581421, 'resource_state': '1.47|1977', 'nodes': 2}), (1497914463.578514, {'compute_state': 0.8999999761581421, 'resource_state': '1.55|2288', 'nodes': 2}), (1497914474.510385, {'compute_state': 0.8999999761581421, 'resource_state': '1.625|2288', 'nodes': 2}), (1497914485.462872, {'compute_state': 0.8999999761581421, 'resource_state': '1.705|2287.5', 'nodes': 2}), (1497914496.478276, {'compute_state': 0.8999999761581421, 'resource_state': '1.755|2287', 'nodes': 2}), (1497914507.390497, {'compute_state': 0.8999999761581421, 'resource_state': '1.79|2287.5', 'nodes': 2}), (1497914518.334561, {'compute_state': 0.8999999761581421, 'resource_state': '1.82|2287.5', 'nodes': 2}), (1497914529.260507, {'compute_state': 0.8999999761581421, 'resource_state': '1.93|2287.5', 'nodes': 2}), (1497914540.242536, {'compute_state': 0.8999999761581421, 'resource_state': '2.025|2288', 'nodes': 2}), (1497914551.2064, {'compute_state': 0.8999999761581421, 'resource_state': '2.02|2288', 'nodes': 2}), (1497914562.200079, {'compute_state': 0.8999999761581421, 'resource_state': '2.02|2287', 'nodes': 2}), (1497914573.253073, {'compute_state': 0.8999999761581421, 'resource_state': '2.015|2287.5', 'nodes': 2}), (1497914584.22664, {'compute_state': 0.8999999761581421, 'resource_state': '2.015|2287.5', 'nodes': 2}), (1497914595.194108, {'compute_state': 0.8999999761581421, 'resource_state': '2.13|2288', 'nodes': 2}), (1497914606.194644, {'compute_state': 0.8999999761581421, 'resource_state': '2.11|2288', 'nodes': 2}), (1497914617.126554, {'compute_state': 0.8999999761581421, 'resource_state': '2.095|2288', 'nodes': 2}), (1497914628.128444, {'compute_state': 0.8999999761581421, 'resource_state': '2.08|2288', 'nodes': 2}), (1497914639.070852, {'compute_state': 0.8999999761581421, 'resource_state': '2.065|2288', 'nodes': 2}), (1497914650.052108, {'compute_state': 0.8999999761581421, 'resource_state': '2.055|2288', 'nodes': 2}), (1497914661.036268, {'compute_state': 0.8999999761581421, 'resource_state': '2.205|2288', 'nodes': 2}), (1497914672.000067, {'compute_state': 0.8999999761581421, 'resource_state': '2.17|2288', 'nodes': 2}), (1497914682.537833, {'compute_state': 0.8999999761581421, 'resource_state': '1.99|1205', 'nodes': 2}), (1497914693.085287, {'compute_state': 0.8999999761581421, 'resource_state': '1.795|1205', 'nodes': 2}), (1497914714.964661, {'compute_state': 0.8999999761581421, 'resource_state': '1.66|1205', 'nodes': 2}), (1497914725.860444, {'compute_state': 0.949999988079071, 'resource_state': '1.675|1977.5', 'nodes': 2}), (1497914736.835684, {'compute_state': 0.949999988079071, 'resource_state': '1.725|2288', 'nodes': 2}), (1497914747.838586, {'compute_state': 0.949999988079071, 'resource_state': '1.77|2287.5', 'nodes': 2}), (1497914758.864281, {'compute_state': 0.949999988079071, 'resource_state': '1.805|2288', 'nodes': 2}), (1497914769.879956, {'compute_state': 0.949999988079071, 'resource_state': '1.835|2288', 'nodes': 2}), (1497914780.804031, {'compute_state': 0.949999988079071, 'resource_state': '1.95|2288', 'nodes': 2}), (1497914791.729099, {'compute_state': 0.949999988079071, 'resource_state': '1.955|2288', 'nodes': 2}), (1497914802.70441, {'compute_state': 0.949999988079071, 'resource_state': '1.965|2288', 'nodes': 2}), (1497914813.637499, {'compute_state': 0.949999988079071, 'resource_state': '1.97|2287.5', 'nodes': 2}), (1497914824.596875, {'compute_state': 0.949999988079071, 'resource_state': '1.975|2288', 'nodes': 2}), (1497914835.568711, {'compute_state': 0.949999988079071, 'resource_state': '2.06|2287.5', 'nodes': 2}), (1497914846.512666, {'compute_state': 0.949999988079071, 'resource_state': '2.05|2287.5', 'nodes': 2}), (1497914857.484925, {'compute_state': 0.949999988079071, 'resource_state': '2.04|2288', 'nodes': 2}), (1497914868.469027, {'compute_state': 0.949999988079071, 'resource_state': '2.035|2288', 'nodes': 2}), (1497914879.405082, {'compute_state': 0.949999988079071, 'resource_state': '2.03|2288', 'nodes': 2}), (1497914890.325314, {'compute_state': 0.949999988079071, 'resource_state': '2.025|2287.5', 'nodes': 2}), (1497914901.249806, {'compute_state': 0.949999988079071, 'resource_state': '2.02|2287.5', 'nodes': 2}), (1497914912.209551, {'compute_state': 0.949999988079071, 'resource_state': '2.015|2288', 'nodes': 2}), (1497914923.160253, {'compute_state': 0.949999988079071, 'resource_state': '2.015|2288', 'nodes': 2}), (1497914934.098524, {'compute_state': 0.949999988079071, 'resource_state': '2.01|2288', 'nodes': 2}), (1497914945.054045, {'compute_state': 0.949999988079071, 'resource_state': '2.01|2288', 'nodes': 2}), (1497914955.577827, {'compute_state': 0.949999988079071, 'resource_state': '1.975|1204.5', 'nodes': 2}), (1497914967.265412, {'compute_state': 0.949999988079071, 'resource_state': '1.905|1206', 'nodes': 2}), (1497914978.046201, {'compute_state': 0.949999988079071, 'resource_state': '1.69|1205.5', 'nodes': 2}), (1497914991.061791, {'compute_state': 0.949999988079071, 'resource_state': '1.61|1205', 'nodes': 2}), (1497915001.617656, {'compute_state': 1.0, 'resource_state': '1.4|85.5', 'nodes': 2})]
1497915001.627591|SYSTEM: Waiting on Computation to finish.
1497915001.627729|SYSTEM: Good bye...
