1497897327.222533|SYSTEM: Starting Platform.
1497897327.224513|SYSTEM: Starting Computation.
1497897327.228404|SYSTEM: Waiting on Platform to finish.
1497897327.232735|PLATFORM: QoS Values ={'execution_time': 0.0, 'resource_efficiency': 0.0, 'cost': 0.0, 'power_consumption': 0.0, 'accuracy': 0.0}
1497897327.232876|PLATFORM: QoS Weight ={'execution_time': 0.0, 'resource_efficiency': 0.0, 'cost': 0.0, 'power_consumption': 0.0, 'accuracy': 0.0}
1497897327.232924|PLATFORM: QoS Factor =0.0
1497897327.232969|PLATFORM: Monitor Interval = 10
1497897327.233003|PLATFORM: Sample Interval = 10
1497897327.233037|PLATFORM: Reconfiguration Interval = 10
1497897327.233070|PLATFORM: http://200.19.177.89:33004:elastic_cluster_2dd775e7-b8f9-4b5c-9890-a75f92444d88:fca2838a-8f1f-4c70-8bc0-9d9dd89276c4
1497897329.546037|PLATFORM: Number Of Nodes = 2
1497897332.241110|COMPUTATION: Starting Computation.
1497897332.241320|COMPUTATION: Start (MatrixSize, Iteration) = |1000|0|
1497897332.241545|COMPUTATION: ['mpirun', '-n', '4', '-machinefile', '/home/ubuntu/machinefile', '/home/ubuntu/repositorios/elastichpc/beta/trials/Matrix.py', '1000', '/home/ubuntu/teste.mtr_0']
1497897336.658353|COMPUTATION: End (MatrixSize, Iteration) = |1000|0|
1497897336.662458|COMPUTATION: Execution = Warning: Permanently added '10.10.10.4' (ECDSA) to the list of known hosts.
|None
1497897336.662555|COMPUTATION: Progress = 0.05
1497897336.662600|COMPUTATION: Start (MatrixSize, Iteration) = |1000|1|
1497897336.662794|COMPUTATION: ['mpirun', '-n', '4', '-machinefile', '/home/ubuntu/machinefile', '/home/ubuntu/repositorios/elastichpc/beta/trials/Matrix.py', '1000', '/home/ubuntu/teste.mtr_1']
1497897337.964826|COMPUTATION: End (MatrixSize, Iteration) = |1000|1|
1497897337.968505|COMPUTATION: Execution = Warning: Permanently added '10.10.10.4' (ECDSA) to the list of known hosts.
|None
1497897337.968576|COMPUTATION: Progress = 0.1
1497897337.968615|COMPUTATION: Start (MatrixSize, Iteration) = |1000|2|
1497897337.968767|COMPUTATION: ['mpirun', '-n', '4', '-machinefile', '/home/ubuntu/machinefile', '/home/ubuntu/repositorios/elastichpc/beta/trials/Matrix.py', '1000', '/home/ubuntu/teste.mtr_2']
1497897339.215487|COMPUTATION: End (MatrixSize, Iteration) = |1000|2|
1497897339.219381|COMPUTATION: Execution = Warning: Permanently added '10.10.10.4' (ECDSA) to the list of known hosts.
|None
1497897339.219455|COMPUTATION: Progress = 0.15
1497897339.219495|COMPUTATION: Start (MatrixSize, Iteration) = |1000|3|
1497897339.219652|COMPUTATION: ['mpirun', '-n', '4', '-machinefile', '/home/ubuntu/machinefile', '/home/ubuntu/repositorios/elastichpc/beta/trials/Matrix.py', '1000', '/home/ubuntu/teste.mtr_3']
1497897340.494663|PLATFORM: State = |0.15000000596|0.39|137.5|2|
1497897340.718536|COMPUTATION: End (MatrixSize, Iteration) = |1000|3|
1497897340.722861|COMPUTATION: Execution = Warning: Permanently added '10.10.10.4' (ECDSA) to the list of known hosts.
|None
1497897340.722944|COMPUTATION: Progress = 0.2
1497897340.722987|COMPUTATION: Start (MatrixSize, Iteration) = |1000|4|
1497897340.723231|COMPUTATION: ['mpirun', '-n', '4', '-machinefile', '/home/ubuntu/machinefile', '/home/ubuntu/repositorios/elastichpc/beta/trials/Matrix.py', '1000', '/home/ubuntu/teste.mtr_4']
1497897342.075676|COMPUTATION: End (MatrixSize, Iteration) = |1000|4|
1497897342.079827|COMPUTATION: Execution = Warning: Permanently added '10.10.10.4' (ECDSA) to the list of known hosts.
|None
1497897342.079911|COMPUTATION: Progress = 0.25
1497897342.079992|COMPUTATION: Start (MatrixSize, Iteration) = |1000|5|
1497897342.080178|COMPUTATION: ['mpirun', '-n', '4', '-machinefile', '/home/ubuntu/machinefile', '/home/ubuntu/repositorios/elastichpc/beta/trials/Matrix.py', '1000', '/home/ubuntu/teste.mtr_5']
1497897343.381091|COMPUTATION: End (MatrixSize, Iteration) = |1000|5|
1497897343.385304|COMPUTATION: Execution = Warning: Permanently added '10.10.10.4' (ECDSA) to the list of known hosts.
|None
1497897343.385392|COMPUTATION: Progress = 0.3
1497897343.385442|COMPUTATION: Start (MatrixSize, Iteration) = |1000|6|
1497897343.385609|COMPUTATION: ['mpirun', '-n', '4', '-machinefile', '/home/ubuntu/machinefile', '/home/ubuntu/repositorios/elastichpc/beta/trials/Matrix.py', '1000', '/home/ubuntu/teste.mtr_6']
1497897344.624653|COMPUTATION: End (MatrixSize, Iteration) = |1000|6|
1497897344.628849|COMPUTATION: Execution = Warning: Permanently added '10.10.10.4' (ECDSA) to the list of known hosts.
|None
1497897344.628973|COMPUTATION: Progress = 0.35
1497897344.629021|COMPUTATION: Start (MatrixSize, Iteration) = |1000|7|
1497897344.629197|COMPUTATION: ['mpirun', '-n', '4', '-machinefile', '/home/ubuntu/machinefile', '/home/ubuntu/repositorios/elastichpc/beta/trials/Matrix.py', '1000', '/home/ubuntu/teste.mtr_7']
1497897346.026693|COMPUTATION: End (MatrixSize, Iteration) = |1000|7|
1497897346.030703|COMPUTATION: Execution = Warning: Permanently added '10.10.10.4' (ECDSA) to the list of known hosts.
|None
1497897346.030778|COMPUTATION: Progress = 0.4
1497897346.030817|COMPUTATION: Start (MatrixSize, Iteration) = |1000|8|
1497897346.030990|COMPUTATION: ['mpirun', '-n', '4', '-machinefile', '/home/ubuntu/machinefile', '/home/ubuntu/repositorios/elastichpc/beta/trials/Matrix.py', '1000', '/home/ubuntu/teste.mtr_8']
1497897347.347271|COMPUTATION: End (MatrixSize, Iteration) = |1000|8|
1497897347.351233|COMPUTATION: Execution = Warning: Permanently added '10.10.10.4' (ECDSA) to the list of known hosts.
|None
1497897347.351306|COMPUTATION: Progress = 0.45
1497897347.351346|COMPUTATION: Start (MatrixSize, Iteration) = |1000|9|
1497897347.351512|COMPUTATION: ['mpirun', '-n', '4', '-machinefile', '/home/ubuntu/machinefile', '/home/ubuntu/repositorios/elastichpc/beta/trials/Matrix.py', '1000', '/home/ubuntu/teste.mtr_9']
1497897348.657377|COMPUTATION: End (MatrixSize, Iteration) = |1000|9|
1497897348.661176|COMPUTATION: Execution = Warning: Permanently added '10.10.10.4' (ECDSA) to the list of known hosts.
|None
1497897348.661247|COMPUTATION: Progress = 0.5
1497897348.661286|COMPUTATION: Start (MatrixSize, Iteration) = |1000|10|
1497897348.661469|COMPUTATION: ['mpirun', '-n', '4', '-machinefile', '/home/ubuntu/machinefile', '/home/ubuntu/repositorios/elastichpc/beta/trials/Matrix.py', '1000', '/home/ubuntu/teste.mtr_10']
1497897349.994742|COMPUTATION: End (MatrixSize, Iteration) = |1000|10|
1497897349.998570|COMPUTATION: Execution = Warning: Permanently added '10.10.10.4' (ECDSA) to the list of known hosts.
|None
1497897349.998645|COMPUTATION: Progress = 0.55
1497897349.998685|COMPUTATION: Start (MatrixSize, Iteration) = |1000|11|
1497897349.998885|COMPUTATION: ['mpirun', '-n', '4', '-machinefile', '/home/ubuntu/machinefile', '/home/ubuntu/repositorios/elastichpc/beta/trials/Matrix.py', '1000', '/home/ubuntu/teste.mtr_11']
1497897351.275057|PLATFORM: State = |0.550000011921|0.575|137.5|2|
1497897351.384887|COMPUTATION: End (MatrixSize, Iteration) = |1000|11|
1497897351.389269|COMPUTATION: Execution = Warning: Permanently added '10.10.10.4' (ECDSA) to the list of known hosts.
|None
1497897351.389346|COMPUTATION: Progress = 0.6
1497897351.389401|COMPUTATION: Start (MatrixSize, Iteration) = |1000|12|
1497897351.389593|COMPUTATION: ['mpirun', '-n', '4', '-machinefile', '/home/ubuntu/machinefile', '/home/ubuntu/repositorios/elastichpc/beta/trials/Matrix.py', '1000', '/home/ubuntu/teste.mtr_12']
1497897352.706849|COMPUTATION: End (MatrixSize, Iteration) = |1000|12|
1497897352.710950|COMPUTATION: Execution = Warning: Permanently added '10.10.10.4' (ECDSA) to the list of known hosts.
|None
1497897352.711049|COMPUTATION: Progress = 0.65
1497897352.711097|COMPUTATION: Start (MatrixSize, Iteration) = |1000|13|
1497897352.711311|COMPUTATION: ['mpirun', '-n', '4', '-machinefile', '/home/ubuntu/machinefile', '/home/ubuntu/repositorios/elastichpc/beta/trials/Matrix.py', '1000', '/home/ubuntu/teste.mtr_13']
1497897354.008423|COMPUTATION: End (MatrixSize, Iteration) = |1000|13|
1497897354.012404|COMPUTATION: Execution = Warning: Permanently added '10.10.10.4' (ECDSA) to the list of known hosts.
|None
1497897354.012489|COMPUTATION: Progress = 0.7
1497897354.012532|COMPUTATION: Start (MatrixSize, Iteration) = |1000|14|
1497897354.012757|COMPUTATION: ['mpirun', '-n', '4', '-machinefile', '/home/ubuntu/machinefile', '/home/ubuntu/repositorios/elastichpc/beta/trials/Matrix.py', '1000', '/home/ubuntu/teste.mtr_14']
1497897355.354162|COMPUTATION: End (MatrixSize, Iteration) = |1000|14|
1497897355.358164|COMPUTATION: Execution = Warning: Permanently added '10.10.10.4' (ECDSA) to the list of known hosts.
|None
1497897355.358241|COMPUTATION: Progress = 0.75
1497897355.358281|COMPUTATION: Start (MatrixSize, Iteration) = |1000|15|
1497897355.358458|COMPUTATION: ['mpirun', '-n', '4', '-machinefile', '/home/ubuntu/machinefile', '/home/ubuntu/repositorios/elastichpc/beta/trials/Matrix.py', '1000', '/home/ubuntu/teste.mtr_15']
1497897356.643216|COMPUTATION: End (MatrixSize, Iteration) = |1000|15|
1497897356.647422|COMPUTATION: Execution = Warning: Permanently added '10.10.10.4' (ECDSA) to the list of known hosts.
|None
1497897356.647500|COMPUTATION: Progress = 0.8
1497897356.647544|COMPUTATION: Start (MatrixSize, Iteration) = |1000|16|
1497897356.647711|COMPUTATION: ['mpirun', '-n', '4', '-machinefile', '/home/ubuntu/machinefile', '/home/ubuntu/repositorios/elastichpc/beta/trials/Matrix.py', '1000', '/home/ubuntu/teste.mtr_16']
1497897357.984711|COMPUTATION: End (MatrixSize, Iteration) = |1000|16|
1497897357.988716|COMPUTATION: Execution = Warning: Permanently added '10.10.10.4' (ECDSA) to the list of known hosts.
|None
1497897357.988789|COMPUTATION: Progress = 0.85
1497897357.988842|COMPUTATION: Start (MatrixSize, Iteration) = |1000|17|
1497897357.989052|COMPUTATION: ['mpirun', '-n', '4', '-machinefile', '/home/ubuntu/machinefile', '/home/ubuntu/repositorios/elastichpc/beta/trials/Matrix.py', '1000', '/home/ubuntu/teste.mtr_17']
1497897359.294812|COMPUTATION: End (MatrixSize, Iteration) = |1000|17|
1497897359.298802|COMPUTATION: Execution = Warning: Permanently added '10.10.10.4' (ECDSA) to the list of known hosts.
|None
1497897359.298879|COMPUTATION: Progress = 0.9
1497897359.298932|COMPUTATION: Start (MatrixSize, Iteration) = |1000|18|
1497897359.299095|COMPUTATION: ['mpirun', '-n', '4', '-machinefile', '/home/ubuntu/machinefile', '/home/ubuntu/repositorios/elastichpc/beta/trials/Matrix.py', '1000', '/home/ubuntu/teste.mtr_18']
1497897360.541080|COMPUTATION: End (MatrixSize, Iteration) = |1000|18|
1497897360.544802|COMPUTATION: Execution = Warning: Permanently added '10.10.10.4' (ECDSA) to the list of known hosts.
|None
1497897360.544873|COMPUTATION: Progress = 0.95
1497897360.544923|COMPUTATION: Start (MatrixSize, Iteration) = |1000|19|
1497897360.545133|COMPUTATION: ['mpirun', '-n', '4', '-machinefile', '/home/ubuntu/machinefile', '/home/ubuntu/repositorios/elastichpc/beta/trials/Matrix.py', '1000', '/home/ubuntu/teste.mtr_19']
1497897361.830356|COMPUTATION: End (MatrixSize, Iteration) = |1000|19|
1497897361.834760|COMPUTATION: Execution = Warning: Permanently added '10.10.10.4' (ECDSA) to the list of known hosts.
|None
1497897361.834838|COMPUTATION: Progress = 1.0
1497897361.834994|COMPUTATION: Finish Computation.
1497897361.840967|PLATFORM: State = |0.949999988079|0.72|137.5|2|
1497897361.841120|PLATFORM: Finish Platform.
1497897361.841708|PLATFORM: Execution Log = [(1497897340.494582, {'compute_state': 0.15000000596046448, 'resource_state': '0.39|137.5', 'nodes': 2}), (1497897351.274961, {'compute_state': 0.550000011920929, 'resource_state': '0.575|137.5', 'nodes': 2}), (1497897361.840894, {'compute_state': 0.949999988079071, 'resource_state': '0.72|137.5', 'nodes': 2})]
1497897361.843650|SYSTEM: Waiting on Computation to finish.
1497897361.843786|SYSTEM: Good bye...
