1497902095.222638|SYSTEM: Starting Platform.
1497902095.225853|SYSTEM: Starting Computation.
1497902095.228703|SYSTEM: Waiting on Platform to finish.
1497902095.234217|PLATFORM: QoS Values ={'execution_time': 0.0, 'resource_efficiency': 0.0, 'cost': 0.0, 'power_consumption': 0.0, 'accuracy': 0.0}
1497902095.234428|PLATFORM: QoS Weight ={'execution_time': 0.0, 'resource_efficiency': 0.0, 'cost': 0.0, 'power_consumption': 0.0, 'accuracy': 0.0}
1497902095.234524|PLATFORM: QoS Factor =0.0
1497902095.234608|PLATFORM: Monitor Interval = 10
1497902095.234674|PLATFORM: Sample Interval = 10
1497902095.234741|PLATFORM: Reconfiguration Interval = 10
1497902095.234803|PLATFORM: http://200.19.177.89:33004:elastic_cluster_c30a0d0f-8237-466e-bd98-50ae3374c4b2:d141a950-c4f2-4f49-a92c-9eca528c4784
1497902097.492729|PLATFORM: Number Of Nodes = 2
1497902100.245781|COMPUTATION: Starting Computation.
1497902100.246257|COMPUTATION: Start (MatrixSize, Iteration) = |7000|0|
1497902100.246772|COMPUTATION: ['mpirun', '-n', '4', '-machinefile', '/home/ubuntu/machinefile', '/home/ubuntu/repositorios/elastichpc/beta/trials/Matrix.py', '7000', '/home/ubuntu/teste.mtr_0']
1497902108.513966|PLATFORM: State = |0.0|0.56|1244|2|
1497902119.452497|PLATFORM: State = |0.0|0.88|1431.5|2|
1497902130.479292|PLATFORM: State = |0.0|1.05|1431|2|
1497902141.412274|PLATFORM: State = |0.0|1.275|1431|2|
1497902152.395777|PLATFORM: State = |0.0|1.425|1431.5|2|
1497902163.349672|PLATFORM: State = |0.0|1.57|1431.5|2|
1497902174.365429|PLATFORM: State = |0.0|1.66|1431|2|
1497902185.356464|PLATFORM: State = |0.0|1.705|1432|2|
1497902196.253565|PLATFORM: State = |0.0|1.755|1432.5|2|
1497902207.271289|PLATFORM: State = |0.0|1.79|1432|2|
1497902217.797039|PLATFORM: State = |0.0|1.825|776.5|2|
1497902228.365088|PLATFORM: State = |0.0|1.895|777|2|
1497902238.934695|PLATFORM: State = |0.0|1.72|776.5|2|
1497902242.251115|COMPUTATION: End (MatrixSize, Iteration) = |7000|0|
1497902244.504462|COMPUTATION: Execution = Warning: Permanently added '10.10.10.4' (ECDSA) to the list of known hosts.
|None
1497902244.504789|COMPUTATION: Progress = 0.05
1497902244.504904|COMPUTATION: Start (MatrixSize, Iteration) = |7000|1|
1497902244.505405|COMPUTATION: ['mpirun', '-n', '4', '-machinefile', '/home/ubuntu/machinefile', '/home/ubuntu/repositorios/elastichpc/beta/trials/Matrix.py', '7000', '/home/ubuntu/teste.mtr_1']
1497902249.911378|PLATFORM: State = |0.0500000007451|1.525|1245.5|2|
1497902260.856242|PLATFORM: State = |0.0500000007451|1.6|1432.5|2|
1497902271.801964|PLATFORM: State = |0.0500000007451|1.66|1433|2|
1497902282.791970|PLATFORM: State = |0.0500000007451|1.715|1433.5|2|
1497902293.749979|PLATFORM: State = |0.0500000007451|1.76|1433.5|2|
1497902304.730348|PLATFORM: State = |0.0500000007451|1.85|1433.5|2|
1497902315.694034|PLATFORM: State = |0.0500000007451|1.875|1433.5|2|
1497902326.682030|PLATFORM: State = |0.0500000007451|1.895|1433.5|2|
1497902337.650592|PLATFORM: State = |0.0500000007451|1.91|1433|2|
1497902348.603775|PLATFORM: State = |0.0500000007451|1.965|1433|2|
1497902359.511619|PLATFORM: State = |0.0500000007451|2.015|1433|2|
1497902370.132931|PLATFORM: State = |0.0500000007451|1.89|777.5|2|
1497902380.660865|PLATFORM: State = |0.0500000007451|1.715|778.5|2|
1497902388.389101|COMPUTATION: End (MatrixSize, Iteration) = |7000|1|
1497902389.991550|COMPUTATION: Execution = Warning: Permanently added '10.10.10.4' (ECDSA) to the list of known hosts.
|None
1497902389.991756|COMPUTATION: Progress = 0.1
1497902389.991812|COMPUTATION: Start (MatrixSize, Iteration) = |7000|2|
1497902389.992779|COMPUTATION: ['mpirun', '-n', '4', '-machinefile', '/home/ubuntu/machinefile', '/home/ubuntu/repositorios/elastichpc/beta/trials/Matrix.py', '7000', '/home/ubuntu/teste.mtr_2']
1497902391.651415|PLATFORM: State = |0.10000000149|1.57|1167|2|
1497902402.563066|PLATFORM: State = |0.10000000149|1.56|1432|2|
1497902413.517698|PLATFORM: State = |0.10000000149|1.675|1432.5|2|
1497902424.446070|PLATFORM: State = |0.10000000149|1.785|1433|2|
1497902435.439596|PLATFORM: State = |0.10000000149|1.82|1433.5|2|
1497902446.356818|PLATFORM: State = |0.10000000149|1.845|1433.5|2|
1497902457.321132|PLATFORM: State = |0.10000000149|1.875|1433.5|2|
1497902468.298286|PLATFORM: State = |0.10000000149|1.97|1433|2|
1497902479.270636|PLATFORM: State = |0.10000000149|2.025|1433.5|2|
1497902490.225520|PLATFORM: State = |0.10000000149|2.02|1433|2|
1497902501.186693|PLATFORM: State = |0.10000000149|2.015|1433|2|
1497902511.716307|PLATFORM: State = |0.10000000149|1.895|778|2|
1497902522.384819|PLATFORM: State = |0.10000000149|1.795|777.5|2|
1497902528.522432|COMPUTATION: End (MatrixSize, Iteration) = |7000|2|
1497902528.724611|COMPUTATION: Execution = Warning: Permanently added '10.10.10.4' (ECDSA) to the list of known hosts.
|None
1497902528.724809|COMPUTATION: Progress = 0.15
1497902528.724865|COMPUTATION: Start (MatrixSize, Iteration) = |7000|3|
1497902528.726494|COMPUTATION: ['mpirun', '-n', '4', '-machinefile', '/home/ubuntu/machinefile', '/home/ubuntu/repositorios/elastichpc/beta/trials/Matrix.py', '7000', '/home/ubuntu/teste.mtr_3']
1497902533.396726|PLATFORM: State = |0.15000000596|1.755|1244.5|2|
1497902544.334275|PLATFORM: State = |0.15000000596|1.845|1432.5|2|
1497902555.329512|PLATFORM: State = |0.15000000596|1.875|1431.5|2|
1497902566.316146|PLATFORM: State = |0.15000000596|1.895|1432.5|2|
1497902577.309874|PLATFORM: State = |0.15000000596|1.91|1432|2|
1497902588.322817|PLATFORM: State = |0.15000000596|2.005|1432.5|2|
1497902599.320662|PLATFORM: State = |0.15000000596|2.045|1432.5|2|
1497902610.264608|PLATFORM: State = |0.15000000596|2.04|1431|2|
1497902621.303966|PLATFORM: State = |0.15000000596|2.035|1430.5|2|
1497902632.285566|PLATFORM: State = |0.15000000596|2.03|1431|2|
1497902643.250839|PLATFORM: State = |0.15000000596|2.02|1431|2|
1497902653.787937|PLATFORM: State = |0.15000000596|1.945|775|2|
1497902664.322205|PLATFORM: State = |0.15000000596|1.85|776|2|
1497902673.828506|COMPUTATION: End (MatrixSize, Iteration) = |7000|3|
1497902674.203489|COMPUTATION: Execution = Warning: Permanently added '10.10.10.4' (ECDSA) to the list of known hosts.
|None
1497902674.203794|COMPUTATION: Progress = 0.2
1497902674.203902|COMPUTATION: Start (MatrixSize, Iteration) = |7000|4|
1497902674.204303|COMPUTATION: ['mpirun', '-n', '4', '-machinefile', '/home/ubuntu/machinefile', '/home/ubuntu/repositorios/elastichpc/beta/trials/Matrix.py', '7000', '/home/ubuntu/teste.mtr_4']
1497902675.166060|PLATFORM: State = |0.20000000298|1.755|102.5|2|
1497902686.170626|PLATFORM: State = |0.20000000298|1.795|1431|2|
1497902697.120502|PLATFORM: State = |0.20000000298|1.825|1431.5|2|
1497902708.093848|PLATFORM: State = |0.20000000298|1.855|1432|2|
1497902719.044018|PLATFORM: State = |0.20000000298|1.955|1432.5|2|
1497902730.028301|PLATFORM: State = |0.20000000298|2.01|1432|2|
1497902741.006353|PLATFORM: State = |0.20000000298|2.01|1432|2|
1497902751.954433|PLATFORM: State = |0.20000000298|2.01|1432.5|2|
1497902762.926409|PLATFORM: State = |0.20000000298|2.005|1432|2|
1497902773.915541|PLATFORM: State = |0.20000000298|2.045|1432|2|
1497902784.930848|PLATFORM: State = |0.20000000298|2.035|1432|2|
1497902795.951818|PLATFORM: State = |0.20000000298|2.035|1432|2|
1497902806.469822|PLATFORM: State = |0.20000000298|1.8|777|2|
1497902817.090705|PLATFORM: State = |0.20000000298|1.635|777|2|
1497902821.505089|COMPUTATION: End (MatrixSize, Iteration) = |7000|4|
1497902822.822272|COMPUTATION: Execution = Warning: Permanently added '10.10.10.4' (ECDSA) to the list of known hosts.
|None
1497902822.822569|COMPUTATION: Progress = 0.25
1497902822.822664|COMPUTATION: Start (MatrixSize, Iteration) = |7000|5|
1497902822.825549|COMPUTATION: ['mpirun', '-n', '4', '-machinefile', '/home/ubuntu/machinefile', '/home/ubuntu/repositorios/elastichpc/beta/trials/Matrix.py', '7000', '/home/ubuntu/teste.mtr_5']
1497902828.056917|PLATFORM: State = |0.25|1.62|1243.5|2|
1497902839.029579|PLATFORM: State = |0.25|1.72|1431|2|
1497902850.080614|PLATFORM: State = |0.25|1.82|1431|2|
1497902861.085756|PLATFORM: State = |0.25|1.85|1431.5|2|
1497902872.073825|PLATFORM: State = |0.25|1.875|1431.5|2|
1497902883.061630|PLATFORM: State = |0.25|1.895|1431.5|2|
1497902894.029833|PLATFORM: State = |0.25|1.95|1431|2|
1497902904.919037|PLATFORM: State = |0.25|2.005|1431.5|2|
1497902915.888028|PLATFORM: State = |0.25|2.005|1431.5|2|
1497902926.897773|PLATFORM: State = |0.25|2.005|1431.5|2|
1497902937.873665|PLATFORM: State = |0.25|2|1431|2|
1497902948.411788|PLATFORM: State = |0.25|2|777|2|
1497902958.922648|PLATFORM: State = |0.25|1.935|778.5|2|
1497902969.507094|PLATFORM: State = |0.25|1.79|777|2|
1497902970.731395|COMPUTATION: End (MatrixSize, Iteration) = |7000|5|
1497902972.974452|COMPUTATION: Execution = Warning: Permanently added '10.10.10.4' (ECDSA) to the list of known hosts.
|None
1497902972.974748|COMPUTATION: Progress = 0.3
1497902972.974852|COMPUTATION: Start (MatrixSize, Iteration) = |7000|6|
1497902972.975429|COMPUTATION: ['mpirun', '-n', '4', '-machinefile', '/home/ubuntu/machinefile', '/home/ubuntu/repositorios/elastichpc/beta/trials/Matrix.py', '7000', '/home/ubuntu/teste.mtr_6']
1497902980.440552|PLATFORM: State = |0.300000011921|1.775|1243.5|2|
1497902991.431959|PLATFORM: State = |0.300000011921|1.81|1430.5|2|
1497903002.379388|PLATFORM: State = |0.300000011921|1.84|1430.5|2|
1497903013.369715|PLATFORM: State = |0.300000011921|1.86|1430.5|2|
1497903024.337722|PLATFORM: State = |0.300000011921|1.88|1430.5|2|
1497903035.354777|PLATFORM: State = |0.300000011921|1.945|1430.5|2|
1497903046.334788|PLATFORM: State = |0.300000011921|1.96|1430.5|2|
1497903057.308232|PLATFORM: State = |0.300000011921|1.965|1430.5|2|
1497903068.318176|PLATFORM: State = |0.300000011921|1.97|1430.5|2|
1497903079.317979|PLATFORM: State = |0.300000011921|2.01|1430.5|2|
1497903090.321218|PLATFORM: State = |0.300000011921|2.09|1430.5|2|
1497903100.845990|PLATFORM: State = |0.300000011921|2.075|775|2|
1497903111.357442|PLATFORM: State = |0.300000011921|1.87|775.5|2|
1497903122.900603|PLATFORM: State = |0.300000011921|1.74|775|2|
1497903123.557817|COMPUTATION: End (MatrixSize, Iteration) = |7000|6|
1497903125.838631|COMPUTATION: Execution = Warning: Permanently added '10.10.10.4' (ECDSA) to the list of known hosts.
|None
1497903125.838896|COMPUTATION: Progress = 0.35
1497903125.839002|COMPUTATION: Start (MatrixSize, Iteration) = |7000|7|
1497903125.839518|COMPUTATION: ['mpirun', '-n', '4', '-machinefile', '/home/ubuntu/machinefile', '/home/ubuntu/repositorios/elastichpc/beta/trials/Matrix.py', '7000', '/home/ubuntu/teste.mtr_7']
1497903133.902045|PLATFORM: State = |0.34999999404|1.71|1430.5|2|
1497903144.985329|PLATFORM: State = |0.34999999404|1.85|1431|2|
1497903155.961448|PLATFORM: State = |0.34999999404|1.91|1430.5|2|
1497903166.923806|PLATFORM: State = |0.34999999404|1.925|1430.5|2|
1497903177.905568|PLATFORM: State = |0.34999999404|1.935|1430.5|2|
1497903188.901957|PLATFORM: State = |0.34999999404|1.985|1430.5|2|
1497903199.854467|PLATFORM: State = |0.34999999404|2.07|1430.5|2|
1497903210.878656|PLATFORM: State = |0.34999999404|2.055|1430.5|2|
1497903221.857723|PLATFORM: State = |0.34999999404|2.05|1430.5|2|
1497903232.842033|PLATFORM: State = |0.34999999404|2.045|1430.5|2|
1497903243.786822|PLATFORM: State = |0.34999999404|2.035|1431|2|
1497903254.292663|PLATFORM: State = |0.34999999404|1.835|775.5|2|
1497903264.842532|PLATFORM: State = |0.34999999404|1.725|776|2|
1497903272.464527|COMPUTATION: End (MatrixSize, Iteration) = |7000|7|
1497903273.369392|COMPUTATION: Execution = Warning: Permanently added '10.10.10.4' (ECDSA) to the list of known hosts.
|None
1497903273.369673|COMPUTATION: Progress = 0.4
1497903273.369776|COMPUTATION: Start (MatrixSize, Iteration) = |7000|8|
1497903273.370262|COMPUTATION: ['mpirun', '-n', '4', '-machinefile', '/home/ubuntu/machinefile', '/home/ubuntu/repositorios/elastichpc/beta/trials/Matrix.py', '7000', '/home/ubuntu/teste.mtr_8']
1497903275.776200|PLATFORM: State = |0.40000000596|1.61|1208|2|
1497903286.767814|PLATFORM: State = |0.40000000596|1.67|1431|2|
1497903297.753579|PLATFORM: State = |0.40000000596|1.725|1431|2|
1497903308.724630|PLATFORM: State = |0.40000000596|1.765|1431.5|2|
1497903319.700885|PLATFORM: State = |0.40000000596|1.875|1431|2|
1497903330.657187|PLATFORM: State = |0.40000000596|1.945|1431|2|
1497903341.601193|PLATFORM: State = |0.40000000596|1.955|1431.5|2|
1497903352.594280|PLATFORM: State = |0.40000000596|1.965|1431|2|
1497903363.559348|PLATFORM: State = |0.40000000596|1.965|1431|2|
1497903374.550309|PLATFORM: State = |0.40000000596|2.015|1431|2|
1497903385.538285|PLATFORM: State = |0.40000000596|2.05|1431|2|
1497903396.075027|PLATFORM: State = |0.40000000596|1.925|776.5|2|
1497903406.610745|PLATFORM: State = |0.40000000596|1.78|776.5|2|
1497903417.532889|COMPUTATION: End (MatrixSize, Iteration) = |7000|8|
1497903417.784059|COMPUTATION: Execution = Warning: Permanently added '10.10.10.4' (ECDSA) to the list of known hosts.
|None
1497903417.784233|COMPUTATION: Progress = 0.45
1497903417.784290|COMPUTATION: Start (MatrixSize, Iteration) = |7000|9|
1497903417.784626|COMPUTATION: ['mpirun', '-n', '4', '-machinefile', '/home/ubuntu/machinefile', '/home/ubuntu/repositorios/elastichpc/beta/trials/Matrix.py', '7000', '/home/ubuntu/teste.mtr_9']
1497903418.059320|PLATFORM: State = |0.40000000596|1.665|90|2|
1497903428.997965|PLATFORM: State = |0.449999988079|1.755|1430.5|2|
1497903439.936072|PLATFORM: State = |0.449999988079|1.855|1430.5|2|
1497903450.940582|PLATFORM: State = |0.449999988079|1.88|1431.5|2|
1497903461.925540|PLATFORM: State = |0.449999988079|1.895|1431.5|2|
1497903472.917741|PLATFORM: State = |0.449999988079|1.91|1431.5|2|
1497903483.959056|PLATFORM: State = |0.449999988079|1.965|1431.5|2|
1497903494.945639|PLATFORM: State = |0.449999988079|1.97|1431.5|2|
1497903505.907392|PLATFORM: State = |0.449999988079|1.98|1431.5|2|
1497903516.894507|PLATFORM: State = |0.449999988079|1.985|1431|2|
1497903527.893775|PLATFORM: State = |0.449999988079|1.99|1431|2|
1497903538.866725|PLATFORM: State = |0.449999988079|1.99|1431.5|2|
1497903549.432899|PLATFORM: State = |0.449999988079|1.95|777|2|
1497903559.959650|PLATFORM: State = |0.449999988079|1.81|776.5|2|
1497903565.024947|COMPUTATION: End (MatrixSize, Iteration) = |7000|9|
1497903566.442232|COMPUTATION: Execution = Warning: Permanently added '10.10.10.4' (ECDSA) to the list of known hosts.
|None
1497903566.442484|COMPUTATION: Progress = 0.5
1497903566.442581|COMPUTATION: Start (MatrixSize, Iteration) = |7000|10|
1497903566.443061|COMPUTATION: ['mpirun', '-n', '4', '-machinefile', '/home/ubuntu/machinefile', '/home/ubuntu/repositorios/elastichpc/beta/trials/Matrix.py', '7000', '/home/ubuntu/teste.mtr_10']
1497903570.875980|PLATFORM: State = |0.5|1.75|1244|2|
1497903581.853157|PLATFORM: State = |0.5|1.785|1431.5|2|
1497903592.902499|PLATFORM: State = |0.5|1.82|1431.5|2|
1497903603.892330|PLATFORM: State = |0.5|1.85|1432.5|2|
1497903614.894755|PLATFORM: State = |0.5|2.03|1432.5|2|
1497903625.936212|PLATFORM: State = |0.5|2.035|1432.5|2|
1497903636.933733|PLATFORM: State = |0.5|2.03|1432.5|2|
1497903647.901314|PLATFORM: State = |0.5|2.025|1432.5|2|
1497903658.885272|PLATFORM: State = |0.5|2.02|1432|2|
1497903669.837799|PLATFORM: State = |0.5|2.015|1432.5|2|
1497903680.769622|PLATFORM: State = |0.5|2.055|1432|2|
1497903691.300761|PLATFORM: State = |0.5|1.925|777|2|
1497903701.821381|PLATFORM: State = |0.5|1.705|777.5|2|
1497903711.977957|COMPUTATION: End (MatrixSize, Iteration) = |7000|10|
1497903713.055902|COMPUTATION: Execution = Warning: Permanently added '10.10.10.4' (ECDSA) to the list of known hosts.
|None
1497903713.056174|COMPUTATION: Progress = 0.55
1497903713.056274|COMPUTATION: Start (MatrixSize, Iteration) = |7000|11|
1497903713.056655|COMPUTATION: ['mpirun', '-n', '4', '-machinefile', '/home/ubuntu/machinefile', '/home/ubuntu/repositorios/elastichpc/beta/trials/Matrix.py', '7000', '/home/ubuntu/teste.mtr_11']
1497903713.200309|PLATFORM: State = |0.5|1.635|89|2|
1497903724.200972|PLATFORM: State = |0.550000011921|1.73|1430.5|2|
1497903735.181557|PLATFORM: State = |0.550000011921|1.835|1430.5|2|
1497903746.222391|PLATFORM: State = |0.550000011921|1.86|1430.5|2|
1497903757.185586|PLATFORM: State = |0.550000011921|1.88|1430.5|2|
1497903768.172933|PLATFORM: State = |0.550000011921|1.9|1430.5|2|
1497903779.160426|PLATFORM: State = |0.550000011921|1.915|1430.5|2|
1497903790.160986|PLATFORM: State = |0.550000011921|1.93|1432.5|2|
1497903801.139786|PLATFORM: State = |0.550000011921|1.94|1430.5|2|
1497903812.126311|PLATFORM: State = |0.550000011921|1.95|1430.5|2|
1497903823.107524|PLATFORM: State = |0.550000011921|1.96|1430.5|2|
1497903834.004522|PLATFORM: State = |0.550000011921|1.965|1253|2|
1497903844.513973|PLATFORM: State = |0.550000011921|1.865|775.5|2|
1497903855.242139|PLATFORM: State = |0.550000011921|1.695|775.5|2|
1497903857.827228|COMPUTATION: End (MatrixSize, Iteration) = |7000|11|
1497903859.335929|COMPUTATION: Execution = Warning: Permanently added '10.10.10.4' (ECDSA) to the list of known hosts.
|None
1497903859.338976|COMPUTATION: Progress = 0.6
1497903859.339103|COMPUTATION: Start (MatrixSize, Iteration) = |7000|12|
1497903859.341340|COMPUTATION: ['mpirun', '-n', '4', '-machinefile', '/home/ubuntu/machinefile', '/home/ubuntu/repositorios/elastichpc/beta/trials/Matrix.py', '7000', '/home/ubuntu/teste.mtr_12']
1497903866.237105|PLATFORM: State = |0.600000023842|1.62|1243.5|2|
1497903877.294685|PLATFORM: State = |0.600000023842|1.68|1431|2|
1497903888.399645|PLATFORM: State = |0.600000023842|1.73|1431.5|2|
1497903899.396897|PLATFORM: State = |0.600000023842|1.815|1431.5|2|
1497903910.504539|PLATFORM: State = |0.600000023842|1.895|1432|2|
1497903921.541393|PLATFORM: State = |0.600000023842|1.91|1432|2|
1497903932.497755|PLATFORM: State = |0.600000023842|1.925|1432|2|
1497903943.458607|PLATFORM: State = |0.600000023842|1.935|1431.5|2|
1497903954.432365|PLATFORM: State = |0.600000023842|1.985|1431.5|2|
1497903965.387987|PLATFORM: State = |0.600000023842|2.035|1431.5|2|
1497903976.317803|PLATFORM: State = |0.600000023842|2.03|1262.5|2|
1497903986.843399|PLATFORM: State = |0.600000023842|1.87|776.5|2|
1497903997.353971|PLATFORM: State = |0.600000023842|1.7|776.5|2|
1497904001.680954|COMPUTATION: End (MatrixSize, Iteration) = |7000|12|
1497904001.951616|COMPUTATION: Execution = Warning: Permanently added '10.10.10.4' (ECDSA) to the list of known hosts.
|None
1497904001.951907|COMPUTATION: Progress = 0.65
1497904001.952002|COMPUTATION: Start (MatrixSize, Iteration) = |7000|13|
1497904001.952354|COMPUTATION: ['mpirun', '-n', '4', '-machinefile', '/home/ubuntu/machinefile', '/home/ubuntu/repositorios/elastichpc/beta/trials/Matrix.py', '7000', '/home/ubuntu/teste.mtr_13']
1497904008.282400|PLATFORM: State = |0.649999976158|1.675|1244|2|
1497904019.304056|PLATFORM: State = |0.649999976158|1.725|1431|2|
1497904030.334315|PLATFORM: State = |0.649999976158|1.77|1431|2|
1497904041.382043|PLATFORM: State = |0.649999976158|1.82|1430.5|2|
1497904052.451222|PLATFORM: State = |0.649999976158|1.845|1431|2|
1497904063.480380|PLATFORM: State = |0.649999976158|1.87|1431|2|
1497904074.501547|PLATFORM: State = |0.649999976158|1.935|1431|2|
1497904085.473904|PLATFORM: State = |0.649999976158|1.94|1431|2|
1497904096.467846|PLATFORM: State = |0.649999976158|1.955|1431|2|
1497904107.529303|PLATFORM: State = |0.649999976158|1.96|1430.5|2|
1497904118.542376|PLATFORM: State = |0.649999976158|1.97|1431|2|
1497904129.542456|PLATFORM: State = |0.649999976158|2.015|1431|2|
1497904140.165587|PLATFORM: State = |0.649999976158|1.855|776|2|
1497904150.732292|PLATFORM: State = |0.649999976158|1.74|775.5|2|
1497904157.496125|COMPUTATION: End (MatrixSize, Iteration) = |7000|13|
1497904158.647219|COMPUTATION: Execution = Warning: Permanently added '10.10.10.4' (ECDSA) to the list of known hosts.
|None
1497904158.647486|COMPUTATION: Progress = 0.7
1497904158.647598|COMPUTATION: Start (MatrixSize, Iteration) = |7000|14|
1497904158.647994|COMPUTATION: ['mpirun', '-n', '4', '-machinefile', '/home/ubuntu/machinefile', '/home/ubuntu/repositorios/elastichpc/beta/trials/Matrix.py', '7000', '/home/ubuntu/teste.mtr_14']
1497904161.677585|PLATFORM: State = |0.699999988079|1.71|1239.5|2|
1497904172.645706|PLATFORM: State = |0.699999988079|1.75|1431.5|2|
1497904183.607909|PLATFORM: State = |0.699999988079|1.83|1431.5|2|
1497904194.578072|PLATFORM: State = |0.699999988079|1.895|1432.5|2|
1497904205.553410|PLATFORM: State = |0.699999988079|1.91|1432|2|
1497904216.530958|PLATFORM: State = |0.699999988079|1.935|1432.5|2|
1497904227.532246|PLATFORM: State = |0.699999988079|1.945|1432|2|
1497904238.553937|PLATFORM: State = |0.699999988079|1.95|1432.5|2|
1497904249.530260|PLATFORM: State = |0.699999988079|2.04|1432|2|
1497904260.496373|PLATFORM: State = |0.699999988079|2.035|1432.5|2|
1497904271.486853|PLATFORM: State = |0.699999988079|2.03|1432|2|
1497904282.058591|PLATFORM: State = |0.699999988079|2.03|776.5|2|
1497904292.672799|PLATFORM: State = |0.699999988079|1.91|776.5|2|
1497904303.179224|PLATFORM: State = |0.699999988079|1.765|777|2|
1497904304.297590|COMPUTATION: End (MatrixSize, Iteration) = |7000|14|
1497904304.739464|COMPUTATION: Execution = Warning: Permanently added '10.10.10.4' (ECDSA) to the list of known hosts.
|None
1497904304.778217|COMPUTATION: Progress = 0.75
1497904304.778352|COMPUTATION: Start (MatrixSize, Iteration) = |7000|15|
1497904304.778790|COMPUTATION: ['mpirun', '-n', '4', '-machinefile', '/home/ubuntu/machinefile', '/home/ubuntu/repositorios/elastichpc/beta/trials/Matrix.py', '7000', '/home/ubuntu/teste.mtr_15']
1497904314.173247|PLATFORM: State = |0.75|1.72|1431|2|
1497904325.146172|PLATFORM: State = |0.75|1.81|1431|2|
1497904336.095141|PLATFORM: State = |0.75|1.855|1431|2|
1497904347.065741|PLATFORM: State = |0.75|1.91|1431|2|
1497904358.046871|PLATFORM: State = |0.75|1.93|1431|2|
1497904369.041984|PLATFORM: State = |0.75|1.935|1431|2|
1497904380.024743|PLATFORM: State = |0.75|2.025|1431|2|
1497904391.033283|PLATFORM: State = |0.75|2.065|1431|2|
1497904401.991094|PLATFORM: State = |0.75|2.05|1431|2|
1497904412.899735|PLATFORM: State = |0.75|2.045|1431|2|
1497904423.857606|PLATFORM: State = |0.75|2.04|1431.5|2|
1497904434.416046|PLATFORM: State = |0.75|1.915|775.5|2|
1497904444.957974|PLATFORM: State = |0.75|1.81|775.5|2|
1497904449.477582|COMPUTATION: End (MatrixSize, Iteration) = |7000|15|
1497904449.855112|COMPUTATION: Execution = Warning: Permanently added '10.10.10.4' (ECDSA) to the list of known hosts.
|None
1497904449.855387|COMPUTATION: Progress = 0.8
1497904449.855479|COMPUTATION: Start (MatrixSize, Iteration) = |7000|16|
1497904449.855872|COMPUTATION: ['mpirun', '-n', '4', '-machinefile', '/home/ubuntu/machinefile', '/home/ubuntu/repositorios/elastichpc/beta/trials/Matrix.py', '7000', '/home/ubuntu/teste.mtr_16']
1497904455.848579|PLATFORM: State = |0.800000011921|1.83|1243|2|
1497904466.866500|PLATFORM: State = |0.800000011921|1.855|1430.5|2|
1497904477.852527|PLATFORM: State = |0.800000011921|1.875|1430.5|2|
1497904488.813409|PLATFORM: State = |0.800000011921|1.895|1430.5|2|
1497904499.801489|PLATFORM: State = |0.800000011921|1.95|1430.5|2|
1497904510.740450|PLATFORM: State = |0.800000011921|1.995|1430.5|2|
1497904521.711241|PLATFORM: State = |0.800000011921|2.04|1430.5|2|
1497904532.668121|PLATFORM: State = |0.800000011921|2.035|1430|2|
1497904543.619625|PLATFORM: State = |0.800000011921|2.03|1430.5|2|
1497904554.561258|PLATFORM: State = |0.800000011921|2.025|1430.5|2|
1497904565.082382|PLATFORM: State = |0.800000011921|2.015|775.5|2|
1497904575.606406|PLATFORM: State = |0.800000011921|1.82|775|2|
1497904585.281429|COMPUTATION: End (MatrixSize, Iteration) = |7000|16|
1497904586.141994|PLATFORM: State = |0.800000011921|1.6|89|2|
1497904586.556234|COMPUTATION: Execution = Warning: Permanently added '10.10.10.4' (ECDSA) to the list of known hosts.
|None
1497904586.556500|COMPUTATION: Progress = 0.85
1497904586.556600|COMPUTATION: Start (MatrixSize, Iteration) = |7000|17|
1497904586.556970|COMPUTATION: ['mpirun', '-n', '4', '-machinefile', '/home/ubuntu/machinefile', '/home/ubuntu/repositorios/elastichpc/beta/trials/Matrix.py', '7000', '/home/ubuntu/teste.mtr_17']
1497904597.093677|PLATFORM: State = |0.850000023842|1.66|1430.5|2|
1497904608.095020|PLATFORM: State = |0.850000023842|1.715|1430.5|2|
1497904619.061109|PLATFORM: State = |0.850000023842|1.76|1430.5|2|
1497904630.144322|PLATFORM: State = |0.850000023842|1.88|1430.5|2|
1497904641.170687|PLATFORM: State = |0.850000023842|1.99|1430.5|2|
1497904652.113336|PLATFORM: State = |0.850000023842|1.995|1430|2|
1497904663.047977|PLATFORM: State = |0.850000023842|1.995|1430.5|2|
1497904674.005044|PLATFORM: State = |0.850000023842|1.995|1430.5|2|
1497904684.943862|PLATFORM: State = |0.850000023842|2.035|1430.5|2|
1497904695.891795|PLATFORM: State = |0.850000023842|2.025|1430.5|2|
1497904706.443677|PLATFORM: State = |0.850000023842|1.94|775.5|2|
1497904716.959168|PLATFORM: State = |0.850000023842|1.755|776|2|
1497904726.593457|COMPUTATION: End (MatrixSize, Iteration) = |7000|17|
1497904726.774140|COMPUTATION: Execution = Warning: Permanently added '10.10.10.4' (ECDSA) to the list of known hosts.
|None
1497904726.774321|COMPUTATION: Progress = 0.9
1497904726.774378|COMPUTATION: Start (MatrixSize, Iteration) = |7000|18|
1497904726.774622|COMPUTATION: ['mpirun', '-n', '4', '-machinefile', '/home/ubuntu/machinefile', '/home/ubuntu/repositorios/elastichpc/beta/trials/Matrix.py', '7000', '/home/ubuntu/teste.mtr_18']
1497904728.758647|PLATFORM: State = |0.899999976158|1.565|1189|2|
1497904739.711738|PLATFORM: State = |0.899999976158|1.63|1431|2|
1497904750.661292|PLATFORM: State = |0.899999976158|1.77|1431.5|2|
1497904761.605306|PLATFORM: State = |0.899999976158|1.865|1432|2|
1497904772.573418|PLATFORM: State = |0.899999976158|1.885|1432.5|2|
1497904783.517610|PLATFORM: State = |0.899999976158|1.905|1432.5|2|
1497904794.440242|PLATFORM: State = |0.899999976158|1.92|1431.5|2|
1497904805.424485|PLATFORM: State = |0.899999976158|1.93|1432|2|
1497904816.396011|PLATFORM: State = |0.899999976158|1.945|1432|2|
1497904827.389347|PLATFORM: State = |0.899999976158|1.955|1432|2|
1497904838.337229|PLATFORM: State = |0.899999976158|1.96|1432|2|
1497904848.835873|PLATFORM: State = |0.899999976158|1.735|777|2|
1497904859.319444|PLATFORM: State = |0.899999976158|1.66|778.5|2|
1497904866.203151|COMPUTATION: End (MatrixSize, Iteration) = |7000|18|
1497904866.392220|COMPUTATION: Execution = Warning: Permanently added '10.10.10.4' (ECDSA) to the list of known hosts.
|None
1497904866.392449|COMPUTATION: Progress = 0.95
1497904866.392503|COMPUTATION: Start (MatrixSize, Iteration) = |7000|19|
1497904866.392806|COMPUTATION: ['mpirun', '-n', '4', '-machinefile', '/home/ubuntu/machinefile', '/home/ubuntu/repositorios/elastichpc/beta/trials/Matrix.py', '7000', '/home/ubuntu/teste.mtr_19']
1497904870.269358|PLATFORM: State = |0.949999988079|1.53|1243|2|
1497904881.254771|PLATFORM: State = |0.949999988079|1.675|1430|2|
1497904892.251007|PLATFORM: State = |0.949999988079|1.725|1430.5|2|
1497904903.201350|PLATFORM: State = |0.949999988079|1.765|1431|2|
1497904914.191162|PLATFORM: State = |0.949999988079|1.805|1430.5|2|
1497904925.258947|PLATFORM: State = |0.949999988079|1.875|1430.5|2|
1497904936.262625|PLATFORM: State = |0.949999988079|1.945|1430.5|2|
1497904947.265549|PLATFORM: State = |0.949999988079|1.955|1430.5|2|
1497904958.264222|PLATFORM: State = |0.949999988079|1.96|1431|2|
1497904969.263555|PLATFORM: State = |0.949999988079|1.965|1431.5|2|
1497904980.214314|PLATFORM: State = |0.949999988079|2.015|1430.5|2|
1497904991.193211|PLATFORM: State = |0.949999988079|2.01|1290|2|
1497905001.787228|PLATFORM: State = |0.949999988079|1.82|776|2|
1497905012.347939|PLATFORM: State = |0.949999988079|1.695|776.5|2|
1497905015.137135|COMPUTATION: End (MatrixSize, Iteration) = |7000|19|
1497905015.329464|COMPUTATION: Execution = Warning: Permanently added '10.10.10.4' (ECDSA) to the list of known hosts.
|None
1497905015.329635|COMPUTATION: Progress = 1.0
1497905015.329829|COMPUTATION: Finish Computation.
1497905022.877003|PLATFORM: State = |1.0|1.47|84|2|
1497905022.877303|PLATFORM: Finish Platform.
1497905022.887818|PLATFORM: Execution Log = [(1497902108.513877, {'compute_state': 0.0, 'resource_state': '0.56|1244', 'nodes': 2}), (1497902119.452408, {'compute_state': 0.0, 'resource_state': '0.88|1431.5', 'nodes': 2}), (1497902130.479182, {'compute_state': 0.0, 'resource_state': '1.05|1431', 'nodes': 2}), (1497902141.412158, {'compute_state': 0.0, 'resource_state': '1.275|1431', 'nodes': 2}), (1497902152.395668, {'compute_state': 0.0, 'resource_state': '1.425|1431.5', 'nodes': 2}), (1497902163.349587, {'compute_state': 0.0, 'resource_state': '1.57|1431.5', 'nodes': 2}), (1497902174.365341, {'compute_state': 0.0, 'resource_state': '1.66|1431', 'nodes': 2}), (1497902185.356384, {'compute_state': 0.0, 'resource_state': '1.705|1432', 'nodes': 2}), (1497902196.253479, {'compute_state': 0.0, 'resource_state': '1.755|1432.5', 'nodes': 2}), (1497902207.271188, {'compute_state': 0.0, 'resource_state': '1.79|1432', 'nodes': 2}), (1497902217.796937, {'compute_state': 0.0, 'resource_state': '1.825|776.5', 'nodes': 2}), (1497902228.36496, {'compute_state': 0.0, 'resource_state': '1.895|777', 'nodes': 2}), (1497902238.934591, {'compute_state': 0.0, 'resource_state': '1.72|776.5', 'nodes': 2}), (1497902249.911237, {'compute_state': 0.05000000074505806, 'resource_state': '1.525|1245.5', 'nodes': 2}), (1497902260.856125, {'compute_state': 0.05000000074505806, 'resource_state': '1.6|1432.5', 'nodes': 2}), (1497902271.801869, {'compute_state': 0.05000000074505806, 'resource_state': '1.66|1433', 'nodes': 2}), (1497902282.79148, {'compute_state': 0.05000000074505806, 'resource_state': '1.715|1433.5', 'nodes': 2}), (1497902293.749895, {'compute_state': 0.05000000074505806, 'resource_state': '1.76|1433.5', 'nodes': 2}), (1497902304.730229, {'compute_state': 0.05000000074505806, 'resource_state': '1.85|1433.5', 'nodes': 2}), (1497902315.693927, {'compute_state': 0.05000000074505806, 'resource_state': '1.875|1433.5', 'nodes': 2}), (1497902326.681863, {'compute_state': 0.05000000074505806, 'resource_state': '1.895|1433.5', 'nodes': 2}), (1497902337.650482, {'compute_state': 0.05000000074505806, 'resource_state': '1.91|1433', 'nodes': 2}), (1497902348.603689, {'compute_state': 0.05000000074505806, 'resource_state': '1.965|1433', 'nodes': 2}), (1497902359.511541, {'compute_state': 0.05000000074505806, 'resource_state': '2.015|1433', 'nodes': 2}), (1497902370.132494, {'compute_state': 0.05000000074505806, 'resource_state': '1.89|777.5', 'nodes': 2}), (1497902380.660773, {'compute_state': 0.05000000074505806, 'resource_state': '1.715|778.5', 'nodes': 2}), (1497902391.651322, {'compute_state': 0.10000000149011612, 'resource_state': '1.57|1167', 'nodes': 2}), (1497902402.562974, {'compute_state': 0.10000000149011612, 'resource_state': '1.56|1432', 'nodes': 2}), (1497902413.517599, {'compute_state': 0.10000000149011612, 'resource_state': '1.675|1432.5', 'nodes': 2}), (1497902424.44595, {'compute_state': 0.10000000149011612, 'resource_state': '1.785|1433', 'nodes': 2}), (1497902435.4395, {'compute_state': 0.10000000149011612, 'resource_state': '1.82|1433.5', 'nodes': 2}), (1497902446.356734, {'compute_state': 0.10000000149011612, 'resource_state': '1.845|1433.5', 'nodes': 2}), (1497902457.321039, {'compute_state': 0.10000000149011612, 'resource_state': '1.875|1433.5', 'nodes': 2}), (1497902468.298164, {'compute_state': 0.10000000149011612, 'resource_state': '1.97|1433', 'nodes': 2}), (1497902479.270547, {'compute_state': 0.10000000149011612, 'resource_state': '2.025|1433.5', 'nodes': 2}), (1497902490.225423, {'compute_state': 0.10000000149011612, 'resource_state': '2.02|1433', 'nodes': 2}), (1497902501.186594, {'compute_state': 0.10000000149011612, 'resource_state': '2.015|1433', 'nodes': 2}), (1497902511.716156, {'compute_state': 0.10000000149011612, 'resource_state': '1.895|778', 'nodes': 2}), (1497902522.384734, {'compute_state': 0.10000000149011612, 'resource_state': '1.795|777.5', 'nodes': 2}), (1497902533.396642, {'compute_state': 0.15000000596046448, 'resource_state': '1.755|1244.5', 'nodes': 2}), (1497902544.334188, {'compute_state': 0.15000000596046448, 'resource_state': '1.845|1432.5', 'nodes': 2}), (1497902555.329415, {'compute_state': 0.15000000596046448, 'resource_state': '1.875|1431.5', 'nodes': 2}), (1497902566.316062, {'compute_state': 0.15000000596046448, 'resource_state': '1.895|1432.5', 'nodes': 2}), (1497902577.30977, {'compute_state': 0.15000000596046448, 'resource_state': '1.91|1432', 'nodes': 2}), (1497902588.322113, {'compute_state': 0.15000000596046448, 'resource_state': '2.005|1432.5', 'nodes': 2}), (1497902599.32055, {'compute_state': 0.15000000596046448, 'resource_state': '2.045|1432.5', 'nodes': 2}), (1497902610.264519, {'compute_state': 0.15000000596046448, 'resource_state': '2.04|1431', 'nodes': 2}), (1497902621.30387, {'compute_state': 0.15000000596046448, 'resource_state': '2.035|1430.5', 'nodes': 2}), (1497902632.285461, {'compute_state': 0.15000000596046448, 'resource_state': '2.03|1431', 'nodes': 2}), (1497902643.250738, {'compute_state': 0.15000000596046448, 'resource_state': '2.02|1431', 'nodes': 2}), (1497902653.787829, {'compute_state': 0.15000000596046448, 'resource_state': '1.945|775', 'nodes': 2}), (1497902664.322104, {'compute_state': 0.15000000596046448, 'resource_state': '1.85|776', 'nodes': 2}), (1497902675.165934, {'compute_state': 0.20000000298023224, 'resource_state': '1.755|102.5', 'nodes': 2}), (1497902686.170532, {'compute_state': 0.20000000298023224, 'resource_state': '1.795|1431', 'nodes': 2}), (1497902697.120399, {'compute_state': 0.20000000298023224, 'resource_state': '1.825|1431.5', 'nodes': 2}), (1497902708.093758, {'compute_state': 0.20000000298023224, 'resource_state': '1.855|1432', 'nodes': 2}), (1497902719.04388, {'compute_state': 0.20000000298023224, 'resource_state': '1.955|1432.5', 'nodes': 2}), (1497902730.027943, {'compute_state': 0.20000000298023224, 'resource_state': '2.01|1432', 'nodes': 2}), (1497902741.006258, {'compute_state': 0.20000000298023224, 'resource_state': '2.01|1432', 'nodes': 2}), (1497902751.954347, {'compute_state': 0.20000000298023224, 'resource_state': '2.01|1432.5', 'nodes': 2}), (1497902762.926316, {'compute_state': 0.20000000298023224, 'resource_state': '2.005|1432', 'nodes': 2}), (1497902773.915456, {'compute_state': 0.20000000298023224, 'resource_state': '2.045|1432', 'nodes': 2}), (1497902784.930752, {'compute_state': 0.20000000298023224, 'resource_state': '2.035|1432', 'nodes': 2}), (1497902795.951676, {'compute_state': 0.20000000298023224, 'resource_state': '2.035|1432', 'nodes': 2}), (1497902806.469737, {'compute_state': 0.20000000298023224, 'resource_state': '1.8|777', 'nodes': 2}), (1497902817.089962, {'compute_state': 0.20000000298023224, 'resource_state': '1.635|777', 'nodes': 2}), (1497902828.056815, {'compute_state': 0.25, 'resource_state': '1.62|1243.5', 'nodes': 2}), (1497902839.028451, {'compute_state': 0.25, 'resource_state': '1.72|1431', 'nodes': 2}), (1497902850.0805, {'compute_state': 0.25, 'resource_state': '1.82|1431', 'nodes': 2}), (1497902861.085658, {'compute_state': 0.25, 'resource_state': '1.85|1431.5', 'nodes': 2}), (1497902872.073705, {'compute_state': 0.25, 'resource_state': '1.875|1431.5', 'nodes': 2}), (1497902883.061532, {'compute_state': 0.25, 'resource_state': '1.895|1431.5', 'nodes': 2}), (1497902894.029742, {'compute_state': 0.25, 'resource_state': '1.95|1431', 'nodes': 2}), (1497902904.918937, {'compute_state': 0.25, 'resource_state': '2.005|1431.5', 'nodes': 2}), (1497902915.887924, {'compute_state': 0.25, 'resource_state': '2.005|1431.5', 'nodes': 2}), (1497902926.897673, {'compute_state': 0.25, 'resource_state': '2.005|1431.5', 'nodes': 2}), (1497902937.87357, {'compute_state': 0.25, 'resource_state': '2|1431', 'nodes': 2}), (1497902948.411671, {'compute_state': 0.25, 'resource_state': '2|777', 'nodes': 2}), (1497902958.922553, {'compute_state': 0.25, 'resource_state': '1.935|778.5', 'nodes': 2}), (1497902969.506975, {'compute_state': 0.25, 'resource_state': '1.79|777', 'nodes': 2}), (1497902980.440459, {'compute_state': 0.30000001192092896, 'resource_state': '1.775|1243.5', 'nodes': 2}), (1497902991.431826, {'compute_state': 0.30000001192092896, 'resource_state': '1.81|1430.5', 'nodes': 2}), (1497903002.379293, {'compute_state': 0.30000001192092896, 'resource_state': '1.84|1430.5', 'nodes': 2}), (1497903013.369596, {'compute_state': 0.30000001192092896, 'resource_state': '1.86|1430.5', 'nodes': 2}), (1497903024.337624, {'compute_state': 0.30000001192092896, 'resource_state': '1.88|1430.5', 'nodes': 2}), (1497903035.354672, {'compute_state': 0.30000001192092896, 'resource_state': '1.945|1430.5', 'nodes': 2}), (1497903046.334528, {'compute_state': 0.30000001192092896, 'resource_state': '1.96|1430.5', 'nodes': 2}), (1497903057.308094, {'compute_state': 0.30000001192092896, 'resource_state': '1.965|1430.5', 'nodes': 2}), (1497903068.318079, {'compute_state': 0.30000001192092896, 'resource_state': '1.97|1430.5', 'nodes': 2}), (1497903079.31788, {'compute_state': 0.30000001192092896, 'resource_state': '2.01|1430.5', 'nodes': 2}), (1497903090.320453, {'compute_state': 0.30000001192092896, 'resource_state': '2.09|1430.5', 'nodes': 2}), (1497903100.845889, {'compute_state': 0.30000001192092896, 'resource_state': '2.075|775', 'nodes': 2}), (1497903111.357282, {'compute_state': 0.30000001192092896, 'resource_state': '1.87|775.5', 'nodes': 2}), (1497903122.90048, {'compute_state': 0.30000001192092896, 'resource_state': '1.74|775', 'nodes': 2}), (1497903133.901925, {'compute_state': 0.3499999940395355, 'resource_state': '1.71|1430.5', 'nodes': 2}), (1497903144.985196, {'compute_state': 0.3499999940395355, 'resource_state': '1.85|1431', 'nodes': 2}), (1497903155.961343, {'compute_state': 0.3499999940395355, 'resource_state': '1.91|1430.5', 'nodes': 2}), (1497903166.923693, {'compute_state': 0.3499999940395355, 'resource_state': '1.925|1430.5', 'nodes': 2}), (1497903177.905472, {'compute_state': 0.3499999940395355, 'resource_state': '1.935|1430.5', 'nodes': 2}), (1497903188.901848, {'compute_state': 0.3499999940395355, 'resource_state': '1.985|1430.5', 'nodes': 2}), (1497903199.854364, {'compute_state': 0.3499999940395355, 'resource_state': '2.07|1430.5', 'nodes': 2}), (1497903210.878557, {'compute_state': 0.3499999940395355, 'resource_state': '2.055|1430.5', 'nodes': 2}), (1497903221.857632, {'compute_state': 0.3499999940395355, 'resource_state': '2.05|1430.5', 'nodes': 2}), (1497903232.84191, {'compute_state': 0.3499999940395355, 'resource_state': '2.045|1430.5', 'nodes': 2}), (1497903243.786635, {'compute_state': 0.3499999940395355, 'resource_state': '2.035|1431', 'nodes': 2}), (1497903254.292561, {'compute_state': 0.3499999940395355, 'resource_state': '1.835|775.5', 'nodes': 2}), (1497903264.842198, {'compute_state': 0.3499999940395355, 'resource_state': '1.725|776', 'nodes': 2}), (1497903275.776094, {'compute_state': 0.4000000059604645, 'resource_state': '1.61|1208', 'nodes': 2}), (1497903286.767718, {'compute_state': 0.4000000059604645, 'resource_state': '1.67|1431', 'nodes': 2}), (1497903297.753475, {'compute_state': 0.4000000059604645, 'resource_state': '1.725|1431', 'nodes': 2}), (1497903308.724486, {'compute_state': 0.4000000059604645, 'resource_state': '1.765|1431.5', 'nodes': 2}), (1497903319.700794, {'compute_state': 0.4000000059604645, 'resource_state': '1.875|1431', 'nodes': 2}), (1497903330.657105, {'compute_state': 0.4000000059604645, 'resource_state': '1.945|1431', 'nodes': 2}), (1497903341.601111, {'compute_state': 0.4000000059604645, 'resource_state': '1.955|1431.5', 'nodes': 2}), (1497903352.594172, {'compute_state': 0.4000000059604645, 'resource_state': '1.965|1431', 'nodes': 2}), (1497903363.559232, {'compute_state': 0.4000000059604645, 'resource_state': '1.965|1431', 'nodes': 2}), (1497903374.550181, {'compute_state': 0.4000000059604645, 'resource_state': '2.015|1431', 'nodes': 2}), (1497903385.538188, {'compute_state': 0.4000000059604645, 'resource_state': '2.05|1431', 'nodes': 2}), (1497903396.074912, {'compute_state': 0.4000000059604645, 'resource_state': '1.925|776.5', 'nodes': 2}), (1497903406.610574, {'compute_state': 0.4000000059604645, 'resource_state': '1.78|776.5', 'nodes': 2}), (1497903418.059153, {'compute_state': 0.4000000059604645, 'resource_state': '1.665|90', 'nodes': 2}), (1497903428.997857, {'compute_state': 0.44999998807907104, 'resource_state': '1.755|1430.5', 'nodes': 2}), (1497903439.935959, {'compute_state': 0.44999998807907104, 'resource_state': '1.855|1430.5', 'nodes': 2}), (1497903450.940489, {'compute_state': 0.44999998807907104, 'resource_state': '1.88|1431.5', 'nodes': 2}), (1497903461.925429, {'compute_state': 0.44999998807907104, 'resource_state': '1.895|1431.5', 'nodes': 2}), (1497903472.917651, {'compute_state': 0.44999998807907104, 'resource_state': '1.91|1431.5', 'nodes': 2}), (1497903483.958948, {'compute_state': 0.44999998807907104, 'resource_state': '1.965|1431.5', 'nodes': 2}), (1497903494.945527, {'compute_state': 0.44999998807907104, 'resource_state': '1.97|1431.5', 'nodes': 2}), (1497903505.907289, {'compute_state': 0.44999998807907104, 'resource_state': '1.98|1431.5', 'nodes': 2}), (1497903516.894417, {'compute_state': 0.44999998807907104, 'resource_state': '1.985|1431', 'nodes': 2}), (1497903527.893669, {'compute_state': 0.44999998807907104, 'resource_state': '1.99|1431', 'nodes': 2}), (1497903538.866637, {'compute_state': 0.44999998807907104, 'resource_state': '1.99|1431.5', 'nodes': 2}), (1497903549.432757, {'compute_state': 0.44999998807907104, 'resource_state': '1.95|777', 'nodes': 2}), (1497903559.957779, {'compute_state': 0.44999998807907104, 'resource_state': '1.81|776.5', 'nodes': 2}), (1497903570.875894, {'compute_state': 0.5, 'resource_state': '1.75|1244', 'nodes': 2}), (1497903581.85306, {'compute_state': 0.5, 'resource_state': '1.785|1431.5', 'nodes': 2}), (1497903592.902394, {'compute_state': 0.5, 'resource_state': '1.82|1431.5', 'nodes': 2}), (1497903603.8922, {'compute_state': 0.5, 'resource_state': '1.85|1432.5', 'nodes': 2}), (1497903614.894667, {'compute_state': 0.5, 'resource_state': '2.03|1432.5', 'nodes': 2}), (1497903625.936116, {'compute_state': 0.5, 'resource_state': '2.035|1432.5', 'nodes': 2}), (1497903636.932203, {'compute_state': 0.5, 'resource_state': '2.03|1432.5', 'nodes': 2}), (1497903647.901197, {'compute_state': 0.5, 'resource_state': '2.025|1432.5', 'nodes': 2}), (1497903658.885165, {'compute_state': 0.5, 'resource_state': '2.02|1432', 'nodes': 2}), (1497903669.837715, {'compute_state': 0.5, 'resource_state': '2.015|1432.5', 'nodes': 2}), (1497903680.769526, {'compute_state': 0.5, 'resource_state': '2.055|1432', 'nodes': 2}), (1497903691.300628, {'compute_state': 0.5, 'resource_state': '1.925|777', 'nodes': 2}), (1497903701.821258, {'compute_state': 0.5, 'resource_state': '1.705|777.5', 'nodes': 2}), (1497903713.200129, {'compute_state': 0.5, 'resource_state': '1.635|89', 'nodes': 2}), (1497903724.200828, {'compute_state': 0.550000011920929, 'resource_state': '1.73|1430.5', 'nodes': 2}), (1497903735.181455, {'compute_state': 0.550000011920929, 'resource_state': '1.835|1430.5', 'nodes': 2}), (1497903746.222285, {'compute_state': 0.550000011920929, 'resource_state': '1.86|1430.5', 'nodes': 2}), (1497903757.185463, {'compute_state': 0.550000011920929, 'resource_state': '1.88|1430.5', 'nodes': 2}), (1497903768.172839, {'compute_state': 0.550000011920929, 'resource_state': '1.9|1430.5', 'nodes': 2}), (1497903779.159738, {'compute_state': 0.550000011920929, 'resource_state': '1.915|1430.5', 'nodes': 2}), (1497903790.160897, {'compute_state': 0.550000011920929, 'resource_state': '1.93|1432.5', 'nodes': 2}), (1497903801.139696, {'compute_state': 0.550000011920929, 'resource_state': '1.94|1430.5', 'nodes': 2}), (1497903812.12622, {'compute_state': 0.550000011920929, 'resource_state': '1.95|1430.5', 'nodes': 2}), (1497903823.107388, {'compute_state': 0.550000011920929, 'resource_state': '1.96|1430.5', 'nodes': 2}), (1497903834.004434, {'compute_state': 0.550000011920929, 'resource_state': '1.965|1253', 'nodes': 2}), (1497903844.513784, {'compute_state': 0.550000011920929, 'resource_state': '1.865|775.5', 'nodes': 2}), (1497903855.242046, {'compute_state': 0.550000011920929, 'resource_state': '1.695|775.5', 'nodes': 2}), (1497903866.23701, {'compute_state': 0.6000000238418579, 'resource_state': '1.62|1243.5', 'nodes': 2}), (1497903877.293951, {'compute_state': 0.6000000238418579, 'resource_state': '1.68|1431', 'nodes': 2}), (1497903888.398987, {'compute_state': 0.6000000238418579, 'resource_state': '1.73|1431.5', 'nodes': 2}), (1497903899.396776, {'compute_state': 0.6000000238418579, 'resource_state': '1.815|1431.5', 'nodes': 2}), (1497903910.503931, {'compute_state': 0.6000000238418579, 'resource_state': '1.895|1432', 'nodes': 2}), (1497903921.541306, {'compute_state': 0.6000000238418579, 'resource_state': '1.91|1432', 'nodes': 2}), (1497903932.497666, {'compute_state': 0.6000000238418579, 'resource_state': '1.925|1432', 'nodes': 2}), (1497903943.458504, {'compute_state': 0.6000000238418579, 'resource_state': '1.935|1431.5', 'nodes': 2}), (1497903954.432277, {'compute_state': 0.6000000238418579, 'resource_state': '1.985|1431.5', 'nodes': 2}), (1497903965.387885, {'compute_state': 0.6000000238418579, 'resource_state': '2.035|1431.5', 'nodes': 2}), (1497903976.317651, {'compute_state': 0.6000000238418579, 'resource_state': '2.03|1262.5', 'nodes': 2}), (1497903986.843277, {'compute_state': 0.6000000238418579, 'resource_state': '1.87|776.5', 'nodes': 2}), (1497903997.353871, {'compute_state': 0.6000000238418579, 'resource_state': '1.7|776.5', 'nodes': 2}), (1497904008.282304, {'compute_state': 0.6499999761581421, 'resource_state': '1.675|1244', 'nodes': 2}), (1497904019.303939, {'compute_state': 0.6499999761581421, 'resource_state': '1.725|1431', 'nodes': 2}), (1497904030.334194, {'compute_state': 0.6499999761581421, 'resource_state': '1.77|1431', 'nodes': 2}), (1497904041.381884, {'compute_state': 0.6499999761581421, 'resource_state': '1.82|1430.5', 'nodes': 2}), (1497904052.450461, {'compute_state': 0.6499999761581421, 'resource_state': '1.845|1431', 'nodes': 2}), (1497904063.480209, {'compute_state': 0.6499999761581421, 'resource_state': '1.87|1431', 'nodes': 2}), (1497904074.501434, {'compute_state': 0.6499999761581421, 'resource_state': '1.935|1431', 'nodes': 2}), (1497904085.473809, {'compute_state': 0.6499999761581421, 'resource_state': '1.94|1431', 'nodes': 2}), (1497904096.467724, {'compute_state': 0.6499999761581421, 'resource_state': '1.955|1431', 'nodes': 2}), (1497904107.529217, {'compute_state': 0.6499999761581421, 'resource_state': '1.96|1430.5', 'nodes': 2}), (1497904118.542269, {'compute_state': 0.6499999761581421, 'resource_state': '1.97|1431', 'nodes': 2}), (1497904129.54234, {'compute_state': 0.6499999761581421, 'resource_state': '2.015|1431', 'nodes': 2}), (1497904140.165419, {'compute_state': 0.6499999761581421, 'resource_state': '1.855|776', 'nodes': 2}), (1497904150.732159, {'compute_state': 0.6499999761581421, 'resource_state': '1.74|775.5', 'nodes': 2}), (1497904161.677454, {'compute_state': 0.699999988079071, 'resource_state': '1.71|1239.5', 'nodes': 2}), (1497904172.64563, {'compute_state': 0.699999988079071, 'resource_state': '1.75|1431.5', 'nodes': 2}), (1497904183.607827, {'compute_state': 0.699999988079071, 'resource_state': '1.83|1431.5', 'nodes': 2}), (1497904194.577961, {'compute_state': 0.699999988079071, 'resource_state': '1.895|1432.5', 'nodes': 2}), (1497904205.553302, {'compute_state': 0.699999988079071, 'resource_state': '1.91|1432', 'nodes': 2}), (1497904216.530861, {'compute_state': 0.699999988079071, 'resource_state': '1.935|1432.5', 'nodes': 2}), (1497904227.532126, {'compute_state': 0.699999988079071, 'resource_state': '1.945|1432', 'nodes': 2}), (1497904238.553863, {'compute_state': 0.699999988079071, 'resource_state': '1.95|1432.5', 'nodes': 2}), (1497904249.530178, {'compute_state': 0.699999988079071, 'resource_state': '2.04|1432', 'nodes': 2}), (1497904260.496276, {'compute_state': 0.699999988079071, 'resource_state': '2.035|1432.5', 'nodes': 2}), (1497904271.486737, {'compute_state': 0.699999988079071, 'resource_state': '2.03|1432', 'nodes': 2}), (1497904282.057857, {'compute_state': 0.699999988079071, 'resource_state': '2.03|776.5', 'nodes': 2}), (1497904292.672627, {'compute_state': 0.699999988079071, 'resource_state': '1.91|776.5', 'nodes': 2}), (1497904303.177944, {'compute_state': 0.699999988079071, 'resource_state': '1.765|777', 'nodes': 2}), (1497904314.173135, {'compute_state': 0.75, 'resource_state': '1.72|1431', 'nodes': 2}), (1497904325.146069, {'compute_state': 0.75, 'resource_state': '1.81|1431', 'nodes': 2}), (1497904336.095041, {'compute_state': 0.75, 'resource_state': '1.855|1431', 'nodes': 2}), (1497904347.065645, {'compute_state': 0.75, 'resource_state': '1.91|1431', 'nodes': 2}), (1497904358.046763, {'compute_state': 0.75, 'resource_state': '1.93|1431', 'nodes': 2}), (1497904369.04188, {'compute_state': 0.75, 'resource_state': '1.935|1431', 'nodes': 2}), (1497904380.024631, {'compute_state': 0.75, 'resource_state': '2.025|1431', 'nodes': 2}), (1497904391.032596, {'compute_state': 0.75, 'resource_state': '2.065|1431', 'nodes': 2}), (1497904401.991005, {'compute_state': 0.75, 'resource_state': '2.05|1431', 'nodes': 2}), (1497904412.899649, {'compute_state': 0.75, 'resource_state': '2.045|1431', 'nodes': 2}), (1497904423.857501, {'compute_state': 0.75, 'resource_state': '2.04|1431.5', 'nodes': 2}), (1497904434.415934, {'compute_state': 0.75, 'resource_state': '1.915|775.5', 'nodes': 2}), (1497904444.957878, {'compute_state': 0.75, 'resource_state': '1.81|775.5', 'nodes': 2}), (1497904455.848489, {'compute_state': 0.800000011920929, 'resource_state': '1.83|1243', 'nodes': 2}), (1497904466.865791, {'compute_state': 0.800000011920929, 'resource_state': '1.855|1430.5', 'nodes': 2}), (1497904477.852439, {'compute_state': 0.800000011920929, 'resource_state': '1.875|1430.5', 'nodes': 2}), (1497904488.813328, {'compute_state': 0.800000011920929, 'resource_state': '1.895|1430.5', 'nodes': 2}), (1497904499.801394, {'compute_state': 0.800000011920929, 'resource_state': '1.95|1430.5', 'nodes': 2}), (1497904510.740353, {'compute_state': 0.800000011920929, 'resource_state': '1.995|1430.5', 'nodes': 2}), (1497904521.711128, {'compute_state': 0.800000011920929, 'resource_state': '2.04|1430.5', 'nodes': 2}), (1497904532.668026, {'compute_state': 0.800000011920929, 'resource_state': '2.035|1430', 'nodes': 2}), (1497904543.619547, {'compute_state': 0.800000011920929, 'resource_state': '2.03|1430.5', 'nodes': 2}), (1497904554.561178, {'compute_state': 0.800000011920929, 'resource_state': '2.025|1430.5', 'nodes': 2}), (1497904565.082283, {'compute_state': 0.800000011920929, 'resource_state': '2.015|775.5', 'nodes': 2}), (1497904575.606306, {'compute_state': 0.800000011920929, 'resource_state': '1.82|775', 'nodes': 2}), (1497904586.141824, {'compute_state': 0.800000011920929, 'resource_state': '1.6|89', 'nodes': 2}), (1497904597.093571, {'compute_state': 0.8500000238418579, 'resource_state': '1.66|1430.5', 'nodes': 2}), (1497904608.094921, {'compute_state': 0.8500000238418579, 'resource_state': '1.715|1430.5', 'nodes': 2}), (1497904619.060991, {'compute_state': 0.8500000238418579, 'resource_state': '1.76|1430.5', 'nodes': 2}), (1497904630.143258, {'compute_state': 0.8500000238418579, 'resource_state': '1.88|1430.5', 'nodes': 2}), (1497904641.170594, {'compute_state': 0.8500000238418579, 'resource_state': '1.99|1430.5', 'nodes': 2}), (1497904652.113215, {'compute_state': 0.8500000238418579, 'resource_state': '1.995|1430', 'nodes': 2}), (1497904663.047867, {'compute_state': 0.8500000238418579, 'resource_state': '1.995|1430.5', 'nodes': 2}), (1497904674.00494, {'compute_state': 0.8500000238418579, 'resource_state': '1.995|1430.5', 'nodes': 2}), (1497904684.943779, {'compute_state': 0.8500000238418579, 'resource_state': '2.035|1430.5', 'nodes': 2}), (1497904695.891697, {'compute_state': 0.8500000238418579, 'resource_state': '2.025|1430.5', 'nodes': 2}), (1497904706.443564, {'compute_state': 0.8500000238418579, 'resource_state': '1.94|775.5', 'nodes': 2}), (1497904716.959004, {'compute_state': 0.8500000238418579, 'resource_state': '1.755|776', 'nodes': 2}), (1497904728.758514, {'compute_state': 0.8999999761581421, 'resource_state': '1.565|1189', 'nodes': 2}), (1497904739.711613, {'compute_state': 0.8999999761581421, 'resource_state': '1.63|1431', 'nodes': 2}), (1497904750.661209, {'compute_state': 0.8999999761581421, 'resource_state': '1.77|1431.5', 'nodes': 2}), (1497904761.605213, {'compute_state': 0.8999999761581421, 'resource_state': '1.865|1432', 'nodes': 2}), (1497904772.573323, {'compute_state': 0.8999999761581421, 'resource_state': '1.885|1432.5', 'nodes': 2}), (1497904783.517503, {'compute_state': 0.8999999761581421, 'resource_state': '1.905|1432.5', 'nodes': 2}), (1497904794.440163, {'compute_state': 0.8999999761581421, 'resource_state': '1.92|1431.5', 'nodes': 2}), (1497904805.424361, {'compute_state': 0.8999999761581421, 'resource_state': '1.93|1432', 'nodes': 2}), (1497904816.395916, {'compute_state': 0.8999999761581421, 'resource_state': '1.945|1432', 'nodes': 2}), (1497904827.38924, {'compute_state': 0.8999999761581421, 'resource_state': '1.955|1432', 'nodes': 2}), (1497904838.33714, {'compute_state': 0.8999999761581421, 'resource_state': '1.96|1432', 'nodes': 2}), (1497904848.835722, {'compute_state': 0.8999999761581421, 'resource_state': '1.735|777', 'nodes': 2}), (1497904859.319335, {'compute_state': 0.8999999761581421, 'resource_state': '1.66|778.5', 'nodes': 2}), (1497904870.269232, {'compute_state': 0.949999988079071, 'resource_state': '1.53|1243', 'nodes': 2}), (1497904881.254657, {'compute_state': 0.949999988079071, 'resource_state': '1.675|1430', 'nodes': 2}), (1497904892.250885, {'compute_state': 0.949999988079071, 'resource_state': '1.725|1430.5', 'nodes': 2}), (1497904903.201257, {'compute_state': 0.949999988079071, 'resource_state': '1.765|1431', 'nodes': 2}), (1497904914.191031, {'compute_state': 0.949999988079071, 'resource_state': '1.805|1430.5', 'nodes': 2}), (1497904925.258252, {'compute_state': 0.949999988079071, 'resource_state': '1.875|1430.5', 'nodes': 2}), (1497904936.262527, {'compute_state': 0.949999988079071, 'resource_state': '1.945|1430.5', 'nodes': 2}), (1497904947.265444, {'compute_state': 0.949999988079071, 'resource_state': '1.955|1430.5', 'nodes': 2}), (1497904958.264086, {'compute_state': 0.949999988079071, 'resource_state': '1.96|1431', 'nodes': 2}), (1497904969.263469, {'compute_state': 0.949999988079071, 'resource_state': '1.965|1431.5', 'nodes': 2}), (1497904980.214229, {'compute_state': 0.949999988079071, 'resource_state': '2.015|1430.5', 'nodes': 2}), (1497904991.193121, {'compute_state': 0.949999988079071, 'resource_state': '2.01|1290', 'nodes': 2}), (1497905001.786984, {'compute_state': 0.949999988079071, 'resource_state': '1.82|776', 'nodes': 2}), (1497905012.347842, {'compute_state': 0.949999988079071, 'resource_state': '1.695|776.5', 'nodes': 2}), (1497905022.876875, {'compute_state': 1.0, 'resource_state': '1.47|84', 'nodes': 2})]
1497905022.892157|SYSTEM: Waiting on Computation to finish.
1497905022.892353|SYSTEM: Good bye...
